ZNUJZmQum5a5NjAQONxPLIKi6fGGD6WJCKrIJz8aA6rSr+TfmWOcG4CFv0ptcP2lAH9xjKqjopxLfREpa2ITZ+DDA2Y7LzKrEwGa18KoyGJaC/ue4K6w4YVXPRNlVGQ2r0t0hp8O5muHspvPdVpiR7tT0927xlqVr+msLMI+oLSRLO6qhUWWcH5uehEdd1Xrg66zzQ==
i483PEr0KS80Nj2oBadoAIjpKhZHqikbDjpBFRdYLg1913QcFug2IGgQtO1mgYaRn2KtOyxla2dNm+f/YxxvGfpp30/qvWYOMPDmlXsEVDhYQyk5bVmhkrwE8zVUvIv47mmLvKvlkbxaFccNEwdPEPL3w0c8pka4OMYNkg5QUfPeMjKgivs5US35v7Cz1w==
nKHZUiwDRKm6BctsKT7opQdlFazIK1y0+bCzinN2Wh3/aPSjjSv6wxgucUOpRby1rMTWrT0QGWy2Ahf0oQYzMsXhUsfkzxkg9lROHJgszFHjOPytb17Vh8xZE1u9J59DoyAXJQrVp/MKgR6ywEyeqXs4LISo/1EFjeXZLkw4iwmUAPNEHlXzgEtZ6YCqKb+xk7s3LALLu/vcmj6EyHp1Ls5sKc8ujkocasdB7d1Fx4yz6w==
JPUpPLfD8LRbol7ZKuGKUlYnX2YOVF4sIDrvWH9umWxnpM1CBs8sNQ4b5zOIhMSBkJFWoaQTZQ02znzRTPKsXClcjbDeu82Gx7zml6rl2CsFAKkVzoRlSbe6HOWfk9SLu1YI8SZzbj1PtjIdtNRH7A+kS4sJvunzHCrn/OPSqkM2AcSpu7Pe
FQUmYfc5UwuhlFizm7sQA3M6XUzTNWGYKWy+yISZ+RATUWoIzNf/QWsO7TTbdCGqkka5XWJLW+t8ZNC5jOE6iZDTkeWafuCp2FIYhNWMoZjKu9mu62waTx5FTFOZsAX9OkRRYdvKAN2LcyBTBwZkmbLz+tWjZo5FwLRT1BNUp6M9/p2bsJp7BHdyHhtKUeiBr7PK
sOP314UX/sSzLPwVOjwPSnM6XUzTNWGYKWy+yISZ+RATQGIGytj+E2sO7TTbdCGqkke5XWJLW+t8ZNC5jOE6iZDTkeWafuCp2FIYhNWMoZjKu9mu62waTx5FTFOZsAX9OkRRYdvKAN2LcyBTBwZkmbLz+tWjZo5FwLRT1BNUp6M9/p2bsJp7BHdyHhtKUeiBr7PK
i4jRbWpXPeByljeAeGZemRJoQ+bBjXPrPJNUW4JZmSbRku3EuuimGGEAjiJUzcx3MWuM9ZBiO6Odu3U01gCGWMjIZMVkrFdJPxod0+xNG1+tQ7eX4/S/QZpRL2eq1db2kKi2vXssBGD4u5lRLXFRqtxcI93U1NsgDlH7lGsNIcT6zRclEy+fyFKPc6/8jjaA2B5d+o64gau+CsKIypOJqY2h75iz/w==
zCr93UkSCptVDq3JKc6tR/T2lg2l5AZa5iFQRyhteNLBndMnDd+9wPZ0jrwYjAxx5Rg/De/+FafMudM7PcdfI6PAV0WKNeeTCqFeEkDs3ol7GGwkKF8RJY2Fmc7MWMvplGAzpJ41M2BLeSkgKol/kZOb94yCa3vb3Hr+5EiatU7OjGmvrm4KfGrnAU1d5Yess8s=
KK43f+BOEZyytyaFIrTV3pgRheAwUTdY9LKjaJja+tm0na0aPxSmwXmht6VhLhY8weihsoZv3VB25C7MWFzsQeIo392vjrU3TCmzi/0Xf1OjMHcVyoUHA4ox/uKAvL65eygMdOivsbUNFXl+jAjrGZQQE3RehVPwy+mJUGpZn6GTqxdcwhvbS1zqnlSISpU+znxJ/+7e6uzqd6G9nbXnnLP7
zT7dXSW6kzE3JrFBjFfZBCZ+bR6OK2GYIW6o2tCL+kATFCdBmJmqE2sO7TTbdCGqkkO5XWJLW+t8ZNC5jOE6iZDTkeWafuCp2FIYhNWMoZjKu9mu62waTx5FTFOZsAX9OkRRYdvKAN2LcyBTBwZkmbLz+tWjZo5FwLRT1BNUp6M9/p2bsJp7BHdyHhtKUeiBr7PK
q0r4PcWcIPIJ1yyd8oxY2McOdbDGkZT19s3XmLybmxnsyR77h65BXE/EtVIOwCUl9vvPA9DEvNE4Mc5RLJPtva6uFIH0MnSswXy1oNa7xZb/nA5nciVge21gMaVGBO25Lxq0tefTjLuTtvDhLnNmLTfWGi1sFL88pwTT+4E+YUOEyg8sW5LyM14h/Lmzs9Y=
PTkbs6xGmbGVPrEYH5ZW0GzPkqGtQBVMSgtumuoljLi2TF5U+KQ8aeQBDyUPFsWfjMGDk50vr7sjWCctKp03a8qZDnogxO6RewBcDEg3QR1NfUlmbDC7cRT4w0w+nWMYC0H5yMqhT4mTg8ekYoOr45wCrkzockXWThQZxw7G2oSq31ElPc23tLPT
rDrRzke/RzpFS3bdzFbwhfTsmgCnpU8S+TYJSmQyJ4DDhJInDd+9wPZ0jrwYjAxx4hk/De/+FafMudM7PcdfI6PAV0WKNeeTCqFeEkDs3ol7GGwkKF8RJY2Fmc7MWMvplGAzpJ41M2BLeSkgKol/kZOb94yCa3vb3Hr+5EiatU7OjGmvrm4KfGrnAU1d5Yess8s=
JFtseZtJIzPvo92Z/I3FpXgxZFDNd4K9ac7ZDKHVO1zPjmUVIksrFLWvfYDhk10Z/QsHLEFVP6B4nddch3sUAb3lV3Sl6FqAM1MdPhu4TawHprSAHtDEk03nitSmFVq5PGVWsxcJ3Gb2ha7i7siDlIfUbDt/4s10TAPo9Tp/j6hDEbwkl43dktZx/cPWXxHewhUUM9zZhb4YyTaEJfjFDCFP+56bd/YC7agBQuhXHMlOzYmz7A==
6obL4YI3bkAzRGX2CQnZMBEN6pCr+BdZlIc8VThlTU38CesFflFXBk4cn7eZ1C98+MjhdxcuMfyfBIUyHs40xMa7n6MgRCyxiPEecVyT3V1+7mQhZLLEzJG8RYDGu9W2D1xeB8Kl8NsdIOFFdgSdmf/aBNV3U3wbw/bAAT5zdk0HFsqNHJQv3BdEg9txPlEj1Ar/jMsSQtOOYYyZo7PG
4f5FYBLSa9jngKH97RfQbLlwOSpF3T74hxg7MaB3CC0EZXE1yPnfbVKxe26azMvvRRRzJCwYtd/7jl1Ua7TxiuJOSHwyC+sLzORAGVyhSqmA04GFqr4wyUjS6CSlzHF4+rvpTjssau/uxdwzSXA1nSpEQUGritB9G/OQs7dGNLlC84r1c6Y+JXA0w3RDlFeDLf6Ne4DaK+Tn8m67upG44Z+z+g==
FK5qwb2VOkP6VBqb2HMSBWsE66i60FG1Qn6QtLc984uvheX2u01lROfbCYTYF1hYfdTkxFqZ9B5FYiYy8pYQkigDLu+Sl3dQ4WW8n88xFbkb8QNW2/9y+7PxGqdieAgyOjv7roD+cDElJ73jxQQk5k97dLZ/3qY7J0Ibv9WKohfbY9Pt25aaRQ+ZLNxibuBkcRzummWV1iDenvphvaeVu+Oes/0=
I5TY0bsz1LuGNnG3H0mpQdz0khgVyWPFKNTxKM09tm8OIQJldznO4clhpIENQozU7QNjdFXICkBj842+qxg9bDfGpI4OMPTTvUc6VDa1ivnsRSazJ2kMJqZlPmIeqDNU9/R8O2/CvbT8Yxh1qp/f6JNxjCTnrQ3SBtFtQ2b/4Z7y9QQzzLm1fmhphgS1WJXMcW8LnquXpsI9yJHCmLesib7tmbP8
3/22ZuugXfj7Oz8fabuHTvT2lg2l5AZS5DdCEyVkZoDBm5pzQ4rPwPZ0jrwYjAxx7xo+De/+FafMudM7PcdfI6PAV0WKNeeTCqFeEkDs3ol7GGwkKF8RJY2Fmc7MWMvplGAzpJ41M2BLeSkgKol/kZOb94yCa3vb3Hr+5EiatU7OjGmvrm4KfGrnAU1d5Yess8s=
IpetZVsDi9ln0s5/HiMS/ToHmSo55pZjhs7pqeyktXERZvflBaNZXp9gEbzrbtAH/Zeog5G/DjRibWZJkO3yc3MBMNaKPWrC6hBfBCscSDtbKmHkkNvs1f7H8xivGdjkMwVxYuoJOSNSB83Orl3ws7gRaa5EEbLkYQD5fI3HX95/f5qyERBFYuwPQFniha2zyA==
aWS5m84awFqcnzraRkCW4BEMXzFhFNqBTN+tvktYXeyXBkSEaX9UU12HWlQWdWp5jAUGs8eprKYGpd5iPuiT1Bc0XDtPAl00XCM4dUpff2gzsWwkx+1tUuYRTUMGPwEeUrVkMyx5Ff4IKWYElRj1TJGvK57L1wZCnYjxwrh3DAnerbmz3A==
XuiJhxRdpDytMFdtJKGMmPKosPOQVTXxaQIm0jI2kPJoIyXI3ff38CGFvP+PkZVZ29EDdhsf8lvzkRpHotiIUnob+47AnvCR5ce9g4WkpAaPW3SWvz4mm2ciG18VKiJ3m0PTzZv2GuXPeSy8Is5ghLE87rqldVaAnv76gX0HFdujvrPd
OaNNpqjx24kmFw9yUURoixMMXyBjAt6BTN+tvktYXeyXBkSCaX9UU12HWlQWdWp5jAUGs8eprKYGpd5iPuiT1Bc0XDtPAl00XCM4dUpff2gzsWwkx+1tUuYRTUMGPwEeUrVkMyx5Ff4IKWYElRj1TJGvK57L1wZCnYjxwrh3DAnerbmz3A==
CVKahnWDe5rb6UKf/oWs3fKotuWMSDXxaQIm0jI2kPJoIyPI3ff38CGFvP+PkZVZ29EDdhsf8lvzkRpHotiIUnob+47AnvCR5ce9g4WkpAaPW3SWvz4mm2ciG18VKiJ3m0PTzZv2GuXPeSy8Is5ghLE87rqldVaAnv76gX0HFdujvrPd
YilpVkZ6wpGUBhWl3GOeNvKot/OeTTXxaQIm0jI2kPJoIyDI3ff38CGFvP+PkZVZ29EDdhsf8lvzkRpHotiIUnob+47AnvCR5ce9g4WkpAaPW3SWvz4mm2ciG18VKiJ3m0PTzZv2GuXPeSy8Is5ghLE87rqldVaAnv76gX0HFdujvrPd
eVf/915RUVYl8OrsYnkifBOhgKTp/Zl8uJmgsthVbCH1nv6Xl9dJlJI5haRWkGYIiPiE9W6fuHl/Sv1DbN27j+0zl2fjhJ+xWgGP9ypFtiZQmNaNexxkUDhr+cGt4fH6HKwDrdQk+1BOgVsE653BlLr99xUTH3/4Et+TP3wellCYbn0Ci8igW35aYhhKA+l5TZGPqLPP
N4Sq691amoN1Nt5Um62LE5QW6+YmGDdS6enlNM2JqYbYk+xRYlf9/zanp6RtGxY3yu+npYw7rlB25C7MWFzsQeIq0N2vjrU3TCmzi/0Xf1OjMHcVyoUHA4ox/uKAvL65eygMdOivsbUNFXl+jAjrGZQQE3RehVPwy+mJUGpZn6GTqxdcwhvbS1zqnlSISpU2y3xI/+7e6uzqd6G9nbXnnLP7
pOjVn2us1PyaiDjBBV4J4baAxhUugCN8NMbXY0wy0HXs5MWC5jA9b/omv4ysz/C5QR1kbRdEOD7XxgFaROerdY8CsmYS0Y31jok+h3jhFFosnU1lC0OvhIv1PB1jfC/5egmfr+qdJq6wUKa1eyQUmNjjaRltueHyPOSzVVRcS5huiUvcq8VRHNq1By0TJ4+wclcDZzzGhli4ps16CzAQE15SckCK23nxrVn/kLP3
pOjVn2us1PyaiDjBBV4J4baAxhUugCN8NMbXY0wy0HXs5MWC5jA9b/omv4ysz/C5QR1kbRdEOD7XxgFaROerdY8CsmYS0Y31jok+h3jhFFosnU1lC0OvhIv1PB1jfC/5egmfr+qdJq6wUKa1eyQUmNjjaRltueHyPOSzVVRcS5huiUvcq8VRHNq1By0TJ4+wclcDZzzGhli4ps16CzAQE15SckCK23nxrVn/kLP3
0JqKjN0QubIfRo+uAqOdc+M4mFy9PI8dpj+7XLQTvP0aLBt55hRN8ZTvXIpd86V1MaZ1FSQwClcKVp0KM3JZzqTxRHgxpT04ZwFk4F6Y/xPVnQ0koY7g08kUrvLZw6jB98jU2nup/QwBDUBPkPEpP0KeRLMHKeymRiUeYn5oU9RXtJw7j4IdNJyjeHWK3z9oczGsJIdtrVKmkY1DRr9BHpI1JDPs+VX+yKmmBNWYNUzRL+Gbi1bGQl0IscJ490wJHi35s5w=
3gfNwp15IAQvpD2FMFkjsfrhJv632qFGNgrfPEJkzDrlWoTe8JEIi3FL8RsaMJmT3hJFPXGvAsBBAqlAYC4lASoFUxN4vtJ+sA5iBWfP+KQPguwu/zfIY4r4a8S7NvTkdI93cJotijRhHw22Pr/6TqPieOhTc4fNA06j8xjfw+JzI2Ify316c2pEuLbiV/vaaGKgFR3rHXeN+FQi19c0gleCNl/fTvvrXTaSE4OPUxmzisrht9UMyKoSECBpOisuzEnGxKYSmrW1myU/O/KziQ==
FRiRRty6/3V2znhDyExdLqG2XuaEp+Lgi3SExqWBsgIHx9Wg06plNXPwyzQhewuBI9pHTdOtpFZsMwccKbHcg9c1BdUzBUMqYxvCdztluvs6vNgeUg/7kvjagP1tc11/XYC0CucPtEpHupY3L1Y7Yw3O8rsz11NRIzLqCcdNTMB6avAIWeKr5txxZqxWClo95WNFl4uqs8E=
JZUa5XA6Vng1IvmIBIS5rREMbyIkH5gyV8s6WuelqIkJJXk1SDk3D/V/MDNU8eUrFPVFhHsWJBPtJ6rUhtU6OdwlNrM3SXzmVsVO4o4IYxQnFEw7XyJt9KzDiPXaPy8o41GcJPfNPRK2sd3D9p+xXiLVdDM8meU+uIkWhAW4JYxBjxGbu7ZWgk1oYUIIF3xJ7o2ps8w=
OdHe7cvIEq1nNQHQlKMHV9/4242Yog+Y1FQMv6lj2N23iAxpRuYQl1yK3nQIqlWVy9wIn27+Kgzq1+HdHZUnfLMb
MpU9xe+HF8EA00uxf/p57BkJ5piuzERDmrpzRSIsLk+vM9crT0REFE1Z2aiPl2V88NzqVHp3YdqrKZ9LGJFumpq7hrJtWWq1i7cQal6T3V1+7mQhZLLEzJG8RYDGu9W2D1xeB8Kl8NsdIOFFdgSdmf/aBNV3U3wbw/bAAT5zdk0HFsqNHJQv3BdEg9t6O1Ei1Ar/jMsSQtOOYYyZo7PG
vRqoHeshB5mREygw6QO+1rSMkYeG+c9kb4jNmMSmhFQ91ipqqHiZt282pn4OEhE5HZZCHQfpGK65U4KrrIKApz/mbcnf588jBLTtIh2ohL/+8gOJ1/ow5RWsDZcXrjRFzYudNqe/CXuNC0cPY2zPibpZPx9qbUZ+8GCGpXs0NKiYMwnp7QlBovyUU0VUTCtoLlnrbCu1sUwahSc9EzevgLIH4xe8diaI+FataQsg8GOeAtLwCisZIe1p34Cz5w==
OYscqih7WjHEvuMc9a+vDh5hpJUnE6jvXt87ajVlP4YeKiey9ikh7+/oJFluRv0NpHTbBDv037MOe2WKCPoTVP+yFqviMbAxd7MS
Iy7Eez9ZDlwHK0nqNFT4nDfV4vL36NM2V8nVOpp5U2epHx8aHX/Ntemwg0BOVRSlRuRRb28l1JRBTSVcOzqu3ahyWBdPYmB6teI6BHXYVcwx70eb6xbmwn1I0cLYN2yJfm1Zszw=
QXcaBqrdyFM0Pm7ukWOowPaEJ1eNrSoBhh6IHc/VDwesVF1eWt65kPkuSkoYFZvhkQm2gJ9cU/lIlmdcdNDki7mXkHk3LESdVtL4E/xOtkDY3t02i/gA675KQsjK0wlpjWFvWLM/
rcCe/iZGom7zAjc+AIJAsRd+YCxRRiViWuLBrAkSMvb4qeNdYbXOPF9gK8W4qh9glOycN0kr6MW3kDwhpm6ALxxyznwo4qUKS0R4V072OnQqb3FVfV0XZLMD
DwB1D7iAQp2g8dVBcJsZcyppy9cvmVEZQ08tZlrmybgZBhoS2M3LiTHhBvgfpOOR6H63BDQINKPZv2BBNxS0tTb6KMu8FmaoeLZtzguAsAMeIhIQCotZQW1JH2CzBw==
kLQkMSEt2tifWsm0+oIevgNa5PIeq3ADdE8tZlrmybgZBhoS2M3LiTHhBvgfpOOR6H63BDQINKPZv2BBNxS0tTb6KMu8FmaoeLZtzguAsAMeIhIQCotZQW1JH2CzBw==
AE6f4Zien7UxflRyjW9UfXM1mRjFp93noeDaZE02kZyGhEg/f/eJC6qevwaHPwDEy7LEWmB9AfUsh/dWcHt+oPQd7CSSlgCcgehrYpRtNtguZjqZTV91QxNmswU=
8jHJbSXd2UnaPv6xWtQcrraAxhUugCN8NMbXY0wy0HXs5MWC5jA9b/omv4ysz/C5QR1kbRdEOD7XxgFaROerdY8CsmYS0Y31jok+h3jhFFosnU1lC0OvhIv1PB1jfC/5egmfr+qdJq6wUKa1eyQUmNjjaRltueHyPOSzVVRcS5huiUvcq8VRHNq1By0TJ4+wclcDZzzGhli4ps1+CzAQE15SckCK23nxrVn/kLP3
6uAcGSgwrAkG85eQ6wE10h6xsbMxk8X0llc8/2MlUXl3fXP9THkp7egC7kp9dG9cOznVK8yPX5lzbonLsdMMWMnZfux+XZT/+sapuexVir42Kr4Y44mL7ZRNJ0o2hZKmQY3X2RSG7b5PSgy2b98IG7rwRZhpnnRchMcXaIpFyszRl61ubpf6dtMqmHDDm0e1M0aDq8h3Q1qDawIH2xU6i9rMGG6yf/viGKpAjY0D3Q+98HR6B3+0OqfKVkfPJrsT7b4yy9OnUyHDQip5Jz3MsJoaMHi5lKuWPAGm3LZ62k0FE4Xna9qzsQ==
5fiSGhMvGQoxP6USSc/bRoKn4g8vV6vVee0tPEMZu7MgaueOuLGio4YRhSchn7GyarCfBEK86sC6dXue3qi9LvBcBp/3M5BEKzUSlvwSKYBfKosROBtyGrCr0bw8GiHHCFNalgdtMdHHsD31VvCsLGXxa/sPBONqWrsTINwia7cyCY3M9prZLYfEG3lyn+JF81d4egYThU3WTlwR7PLMnAncrfA+uy3G5zzGV8rleOslgElVLoTFiZc6fCX/k3TLW9bosYZzzv0vNlLdFNSnrO8ka8ulu4kyfKrHvEPSSgMWgeRp27O+
RyOOchy1J0ndYTUpAxi5Ga8aHdWM/BvwZt5G/TT4AnVRuaQkHjjb3+d+JM4ndcOV+G0qufik9tecraso5KSjuMLhRCFo8+KYD6qM1q//CDt6kM59Lr50fMQnlwhKZcrsEfctji63+laTyhgQA7tHlfMmA0uIV0N6w4uCZxs1OqsarJiO8l/7wlhKwO1NI90vfZD0mkdftBrnKtYnDwa7My3esiuTh1MBg6KqGecdzJBaerCY+bWrtnzhJrx2WtptxXMFByv6s5E=
8l8HrUr+/5OG3szoRp/72JLXMJHT68Xs3AbJP96BRj7rbVRSCknGnoEeNTJzcO7wMtSN0rS/7TfsEWfVRZbZIWCa1+TZV9cxvUPzdZ+WidniuA3MqRDWjX7Qx5sYTgJjE/h2SgsjKnsogg1tO8W1mB8QaK/4aKcw2K9lpAn+6DORpFaywdOQoX8YvNqT+XXsOR1Yj+hB8V9Kbuwz7xnkhp5VpqJmeKt032S0O6dSlZRks2C1Mq/nSHsBRKQvnaUyfiH1g16vef4aZcwzhCndnvC5vkQtKG2s2V9OG+NmzmIF+AmCYOc0qZZ90bO0
sHCvHsFoC5PKMRWn3HeNhpLXMJHT68Xs3AbJP96BRj7rbVRSCknGnoEeNTJzcO7wMtSN0rS/7TfrE2fVRZbZIWCa1uTZV9cxvUPzdZ+WidniuA3MqRDWjX7Qx5sYTgJjE/h2SgsjKnsogg1tO8W1mB8QaK/4aKcw2K9lpAn+6DORpFaywdOQoX8YvNqT+XXsOR1Yj+hB8V9Kbuwz7xnkhp5VpqJmeKt032S0O6dSlZRks2C1Mq/nSHsBRKQvnaUyfiH1g16vef4aZcwzhCndnvC5vkQtKG2s2V9OG+NmzmIF+AmCYOc0qZZ90bO0
nrgG8Fhuams+CgMANU9+R5LXMJHT68Xs3AbJP96BRj7rbVRSCknGnoEeNTJzcO7wMtSN0rS/7TfsEWfVRZbZIWCa2eTZV9cxvUPzdZ+WidniuA3MqRDWjX7Qx5sYTgJjE/h2SgsjKnsogg1tO8W1mB8QaK/4aKcw2K9lpAn+6DORpFaywdOQoX8YvNqT+XXsOR1Yj+hB8V9Kbuwz7xnkhp5VpqJmeKt032S0O6dSlZRks2C1Mq/nSHsBRKQvnaUyfiH1g16vef4aZcwzhCndnvC5vkQtKG2s2V9OG+NmzmIF+AmCYOc0qZZ90bO0
D2NbdL29KNlfUNGFyHXMBZLXMJHT68Xs3AbJP96BRj7rbVRSCknGnoEeNTJzcO7wMtSN0rS/7TfrE2fVRZbZIWCa2OTZV9cxvUPzdZ+WidniuA3MqRDWjX7Qx5sYTgJjE/h2SgsjKnsogg1tO8W1mB8QaK/4aKcw2K9lpAn+6DORpFaywdOQoX8YvNqT+XXsOR1Yj+hB8V9Kbuwz7xnkhp5VpqJmeKt032S0O6dSlZRks2C1Mq/nSHsBRKQvnaUyfiH1g16vef4aZcwzhCndnvC5vkQtKG2s2V9OG+NmzmIF+AmCYOc0qZZ90bO0
xZKpj5f3coJKQLJogqcf+JLXMJHT68Xs3AbJP96BRj7rbVRSCknGnoEeNTJzcO7wMtSN0rS/7TfsEWfVRZbZIWCa2+TZV9cxvUPzdZ+WidniuA3MqRDWjX7Qx5sYTgJjE/h2SgsjKnsogg1tO8W1mB8QaK/4aKcw2K9lpAn+6DORpFaywdOQoX8YvNqT+XXsOR1Yj+hB8V9Kbuwz7xnkhp5VpqJmeKt032S0O6dSlZRks2C1Mq/nSHsBRKQvnaUyfiH1g16vef4aZcwzhCndnvC5vkQtKG2s2V9OG+NmzmIF+AmCYOc0qZZ90bO0
W+NtgteHBAHaAMTqdwqmPpLXMJHT68Xs3AbJP96BRj7rbVRSCknGnoEeNTJzcO7wMtSN0rS/7TfrE2fVRZbZIWCa2uTZV9cxvUPzdZ+WidniuA3MqRDWjX7Qx5sYTgJjE/h2SgsjKnsogg1tO8W1mB8QaK/4aKcw2K9lpAn+6DORpFaywdOQoX8YvNqT+XXsOR1Yj+hB8V9Kbuwz7xnkhp5VpqJmeKt032S0O6dSlZRks2C1Mq/nSHsBRKQvnaUyfiH1g16vef4aZcwzhCndnvC5vkQtKG2s2V9OG+NmzmIF+AmCYOc0qZZ90bO0
c23btfMSnzG7orz0SjT9XpLXMJHT68Xs3AbJP96BRj7rbVRSCknGnoEeNTJzcO7wMtSN0rS/7TfsEWfVRZbZIWCa3eTZV9cxvUPzdZ+WidniuA3MqRDWjX7Qx5sYTgJjE/h2SgsjKnsogg1tO8W1mB8QaK/4aKcw2K9lpAn+6DORpFaywdOQoX8YvNqT+XXsOR1Yj+hB8V9Kbuwz7xnkhp5VpqJmeKt032S0O6dSlZRks2C1Mq/nSHsBRKQvnaUyfiH1g16vef4aZcwzhCndnvC5vkQtKG2s2V9OG+NmzmIF+AmCYOc0qZZ90bO0
V1hQPgbVvZLxFiq1viSM3JLXMJHT68Xs3AbJP96BRj7rbVRSCknGnoEeNTJzcO7wMtSN0rS/7TfrE2fVRZbZIWCa3OTZV9cxvUPzdZ+WidniuA3MqRDWjX7Qx5sYTgJjE/h2SgsjKnsogg1tO8W1mB8QaK/4aKcw2K9lpAn+6DORpFaywdOQoX8YvNqT+XXsOR1Yj+hB8V9Kbuwz7xnkhp5VpqJmeKt032S0O6dSlZRks2C1Mq/nSHsBRKQvnaUyfiH1g16vef4aZcwzhCndnvC5vkQtKG2s2V9OG+NmzmIF+AmCYOc0qZZ90bO0
gtrn2jjgV3+S1udz/u2huJLXMJHT68Xs3AbJP96BRj7rbVRSCknGnoEeNTJzcO7wMtSN0rS/7TfsEWfVRZbZIWCa3+TZV9cxvUPzdZ+WidniuA3MqRDWjX7Qx5sYTgJjE/h2SgsjKnsogg1tO8W1mB8QaK/4aKcw2K9lpAn+6DORpFaywdOQoX8YvNqT+XXsOR1Yj+hB8V9Kbuwz7xnkhp5VpqJmeKt032S0O6dSlZRks2C1Mq/nSHsBRKQvnaUyfiH1g16vef4aZcwzhCndnvC5vkQtKG2s2V9OG+NmzmIF+AmCYOc0qZZ90bO0
L9fAZm+Q5SPnay4uEqrDwpLXMJHT68Xs3AbJP96BRj7rbVRSCknGnoEeNTJzcO7wMtSN0rS/7TfrE2fVRZbZIWCa3uTZV9cxvUPzdZ+WidniuA3MqRDWjX7Qx5sYTgJjE/h2SgsjKnsogg1tO8W1mB8QaK/4aKcw2K9lpAn+6DORpFaywdOQoX8YvNqT+XXsOR1Yj+hB8V9Kbuwz7xnkhp5VpqJmeKt032S0O6dSlZRks2C1Mq/nSHsBRKQvnaUyfiH1g16vef4aZcwzhCndnvC5vkQtKG2s2V9OG+NmzmIF+AmCYOc0qZZ90bO0
df4u1mhICtfVvfwcmdTL+JLXMJHT68Xs3AbJP96BRj7rbVRSCknGnoEeNTJzcO7wMtSN0rS/7TfsEWfVRZbZIWCa1+XZV9cxvUPzdZ+WidniuA3MqRDWjX7Qx5sYTgJjE/h2SgsjKnsogg1tO8W1mB8QaK/4aKcw2K9lpAn+6DORpFaywdOQoX8YvNqT+XXsOR1Yj+hB8V9Kbuwz7xnkhp5VpqJmeKt032S0O6dSlZRks2C1Mq/nSHsBRKQvnaUyfiH1g16vef4aZcwzhCndnvC5vkQtKG2s2V9OG+NmzmIF+AmCYOc0qZZ90bO0
qhKMPvEbNjLtmK6KflIFA5LXMJHT68Xs3AbJP96BRj7rbVRSCknGnoEeNTJzcO7wMtSN0rS/7TfrE2fVRZbZIWCa1uXZV9cxvUPzdZ+WidniuA3MqRDWjX7Qx5sYTgJjE/h2SgsjKnsogg1tO8W1mB8QaK/4aKcw2K9lpAn+6DORpFaywdOQoX8YvNqT+XXsOR1Yj+hB8V9Kbuwz7xnkhp5VpqJmeKt032S0O6dSlZRks2C1Mq/nSHsBRKQvnaUyfiH1g16vef4aZcwzhCndnvC5vkQtKG2s2V9OG+NmzmIF+AmCYOc0qZZ90bO0
Q7F85HsyM0I2DpL/Ex2M8pLXMJHT68Xs3AbJP96BRj7rbVRSCknGnoEeNTJzcO7wMtSN0rS/7TfsEWfVRZbZIWCa2eXZV9cxvUPzdZ+WidniuA3MqRDWjX7Qx5sYTgJjE/h2SgsjKnsogg1tO8W1mB8QaK/4aKcw2K9lpAn+6DORpFaywdOQoX8YvNqT+XXsOR1Yj+hB8V9Kbuwz7xnkhp5VpqJmeKt032S0O6dSlZRks2C1Mq/nSHsBRKQvnaUyfiH1g16vef4aZcwzhCndnvC5vkQtKG2s2V9OG+NmzmIF+AmCYOc0qZZ90bO0
a8TbS+ETlS8jcNp+DZjN2ZLXMJHT68Xs3AbJP96BRj7rbVRSCknGnoEeNTJzcO7wMtSN0rS/7TfrE2fVRZbZIWCa2OXZV9cxvUPzdZ+WidniuA3MqRDWjX7Qx5sYTgJjE/h2SgsjKnsogg1tO8W1mB8QaK/4aKcw2K9lpAn+6DORpFaywdOQoX8YvNqT+XXsOR1Yj+hB8V9Kbuwz7xnkhp5VpqJmeKt032S0O6dSlZRks2C1Mq/nSHsBRKQvnaUyfiH1g16vef4aZcwzhCndnvC5vkQtKG2s2V9OG+NmzmIF+AmCYOc0qZZ90bO0
M9Ywwf0t0PZ4Xb7jVE9o7SGMYcbuM2aFkJw13G5WUo9FcfmNoTHZah0VTGCWTQnKwn4B5I/i3ZS6Qh34bnhvRirpDYVJfD15dptxpz1UzOgjVL/NFFyFvEvFOZJ9brN+Ek1AN5AZyt5hmgaXBgQrhcR1B0LGXVIO0fW3kSSe7Vaf8qw+H4dIM6oIpVDZBvQ01P83YHqdCmRB780mXo/6ngOSOPizwwedI75jY3jvwzLTUyIPK836I0q0eCaCZ/sKyBLgBf1bnSetCJSyt+c0Uvfydk8//nu7fcZSg+O/U8kT+orxV2WMmIri0LAJDSv+bDmG1EaiGuWVa+WvW8KzWQ==
dl6WGdSt1IXjBQ42/wxxEZLXMJHT68Xs3AbJP96BRj7rbVRSCknGnoEeNTJzcO7wMtSN0rS/7TfrE2fVRZbZIWCa2+XZV9cxvUPzdZ+WidniuA3MqRDWjX7Qx5sYTgJjE/h2SgsjKnsogg1tO8W1mB8QaK/4aKcw2K9lpAn+6DORpFaywdOQoX8YvNqT+XXsOR1Yj+hB8V9Kbuwz7xnkhp5VpqJmeKt032S0O6dSlZRks2C1Mq/nSHsBRKQvnaUyfiH1g16vef4aZcwzhCndnvC5vkQtKG2s2V9OG+NmzmIF+AmCYOc0qZZ90bO0
BB0kflwv2JM5lORdmW7fZFf7Z3u8Llb0R/X8ptfy8iIi0c1cLPzDQDcpKMTxALei4zsU6hn/dXYoepp++jLGpndv5XyA0QkrtcoW6edE1ZpY4Iz9yE38R5qcVbwenfrqy1cAw6/YSiMibIWzj7s4kO2keyRkhLMZ2LHebv0a5SjUJtAJ37q2I7rG1Wm1TALBuqwnhDACXx3XX5cY++kEgaNgl2UKFSczCsGecsCMHul7eKxEqD/RRY0lWe5MeAtJlMBzhB4Vc8BLmWnAqmk/cZN7t2wCizs73Nq+xMi69ePLLKiPLk7K3GqHwS3dhUfMs6s=
M9Ywwf0t0PZ4Xb7jVE9o7SGMYcbuM2aFkJw13G5WUo9FcfmNoTHZah0VTGCWTQnKwn4B5I/i3ZS6Qh34bnhvRirpDYVJfD15dptxpz1UzOgjVL/NFFyFvEvFOZJ9brN+Ek1AN5AZyt5hmgaXBgQrhcR1B0LGXVIO0fW3kSSe7Vaf8qw+H4dIM6oIpVDZBvQ01P83YHqdCmRB780mXo/6ngOSOPizwwedI75jY3jvwzLTUyIPK836I0q0eCaCZ/sKyBLgBf1bnSetCJSyt+c0Uvfydk8//nu7fcZSg+O/U8kT+orxV2WMmIri0LAJDSv+bDmG1EaiGuWVa+WvW8KzWQ==
BB0kflwv2JM5lORdmW7fZFf7Z3u8Llb0R/X8ptfy8iIi0c1cLPzDQDcpKMTxALei4zsU6hn/dXYoepp++jLGpndv5XyA0QkrtcoW6edE1ZpY4Iz9yE38R5qcVbwenfrqy1cAw6/YSiMibIWzj7s4kO2keyRkhLMZ2LHebv0a5SjUJtAJ37q2I7rG1Wm1TALBuqwnhDACXx3XX5cY++kEgaNgl2UKFSczCsGecsCMHul7eKxEqD/RRY0lWe5MeAtJlMBzhB4Vc8BLmWnAqmk/cZN7t2wCizs73Nq+xMi69ePLLKiPLk7K3GqHwS3dhUfMs6s=
M9Ywwf0t0PZ4Xb7jVE9o7SGMYcbuM2aFkJw13G5WUo9FcfmNoTHZah0VTGCWTQnKwn4B5I/i3ZS6Qh34bnhvRirpDYVJfD15dptxpz1UzOgjVL/NFFyFvEvFOZJ9brN+Ek1AN5AZyt5hmgaXBgQrhcR1B0LGXVIO0fW3kSSe7Vaf8qw+H4dIM6oIpVDZBvQ01P83YHqdCmRB780mXo/6ngOSOPizwwedI75jY3jvwzLTUyIPK836I0q0eCaCZ/sKyBLgBf1bnSetCJSyt+c0Uvfydk8//nu7fcZSg+O/U8kT+orxV2WMmIri0LAJDSv+bDmG1EaiGuWVa+WvW8KzWQ==
BB0kflwv2JM5lORdmW7fZFf7Z3u8Llb0R/X8ptfy8iIi0c1cLPzDQDcpKMTxALei4zsU6hn/dXYoepp++jLGpndv5XyA0QkrtcoW6edE1ZpY4Iz9yE38R5qcVbwenfrqy1cAw6/YSiMibIWzj7s4kO2keyRkhLMZ2LHebv0a5SjUJtAJ37q2I7rG1Wm1TALBuqwnhDACXx3XX5cY++kEgaNgl2UKFSczCsGecsCMHul7eKxEqD/RRY0lWe5MeAtJlMBzhB4Vc8BLmWnAqmk/cZN7t2wCizs73Nq+xMi69ePLLKiPLk7K3GqHwS3dhUfMs6s=
M9Ywwf0t0PZ4Xb7jVE9o7SGMYcbuM2aFkJw13G5WUo9FcfmNoTHZah0VTGCWTQnKwn4B5I/i3ZS6Qh34bnhvRirpDYVJfD15dptxpz1UzOgjVL/NFFyFvEvFOZJ9brN+Ek1AN5AZyt5hmgaXBgQrhcR1B0LGXVIO0fW3kSSe7Vaf8qw+H4dIM6oIpVDZBvQ01P83YHqdCmRB780mXo/6ngOSOPizwwedI75jY3jvwzLTUyIPK836I0q0eCaCZ/sKyBLgBf1bnSetCJSyt+c0Uvfydk8//nu7fcZSg+O/U8kT+orxV2WMmIri0LAJDSv+bDmG1EaiGuWVa+WvW8KzWQ==
BB0kflwv2JM5lORdmW7fZFf7Z3u8Llb0R/X8ptfy8iIi0c1cLPzDQDcpKMTxALei4zsU6hn/dXYoepp++jLGpndv5XyA0QkrtcoW6edE1ZpY4Iz9yE38R5qcVbwenfrqy1cAw6/YSiMibIWzj7s4kO2keyRkhLMZ2LHebv0a5SjUJtAJ37q2I7rG1Wm1TALBuqwnhDACXx3XX5cY++kEgaNgl2UKFSczCsGecsCMHul7eKxEqD/RRY0lWe5MeAtJlMBzhB4Vc8BLmWnAqmk/cZN7t2wCizs73Nq+xMi69ePLLKiPLk7K3GqHwS3dhUfMs6s=
M9Ywwf0t0PZ4Xb7jVE9o7SGMYcbuM2aFkJw13G5WUo9FcfmNoTHZah0VTGCWTQnKwn4B5I/i3ZS6Qh34bnhvRirpDYVJfD15dptxpz1UzOgjVL/NFFyFvEvFOZJ9brN+Ek1AN5AZyt5hmgaXBgQrhcR1B0LGXVIO0fW3kSSe7Vaf8qw+H4dIM6oIpVDZBvQ01P83YHqdCmRB780mXo/6ngOSOPizwwedI75jY3jvwzLTUyIPK836I0q0eCaCZ/sKyBLgBf1bnSetCJSyt+c0Uvfydk8//nu7fcZSg+O/U8kT+orxV2WMmIri0LAJDSv+bDmG1EaiGuWVa+WvW8KzWQ==
BB0kflwv2JM5lORdmW7fZFf7Z3u8Llb0R/X8ptfy8iIi0c1cLPzDQDcpKMTxALei4zsU6hn/dXYoepp++jLGpndv5XyA0QkrtcoW6edE1ZpY4Iz9yE38R5qcVbwenfrqy1cAw6/YSiMibIWzj7s4kO2keyRkhLMZ2LHebv0a5SjUJtAJ37q2I7rG1Wm1TALBuqwnhDACXx3XX5cY++kEgaNgl2UKFSczCsGecsCMHul7eKxEqD/RRY0lWe5MeAtJlMBzhB4Vc8BLmWnAqmk/cZN7t2wCizs73Nq+xMi69ePLLKiPLk7K3GqHwS3dhUfMs6s=
M9Ywwf0t0PZ4Xb7jVE9o7SGMYcbuM2aFkJw13G5WUo9FcfmNoTHZah0VTGCWTQnKwn4B5I/i3ZS6Qh34bnhvRirpDYVJfD15dptxpz1UzOgjVL/NFFyFvEvFOZJ9brN+Ek1AN5AZyt5hmgaXBgQrhcR1B0LGXVIO0fW3kSSe7Vaf8qw+H4dIM6oIpVDZBvQ01P83YHqdCmRB780mXo/6ngOSOPizwwedI75jY3jvwzLTUyIPK836I0q0eCaCZ/sKyBLgBf1bnSetCJSyt+c0Uvfydk8//nu7fcZSg+O/U8kT+orxV2WMmIri0LAJDSv+bDmG1EaiGuWVa+WvW8KzWQ==
BB0kflwv2JM5lORdmW7fZFf7Z3u8Llb0R/X8ptfy8iIi0c1cLPzDQDcpKMTxALei4zsU6hn/dXYoepp++jLGpndv5XyA0QkrtcoW6edE1ZpY4Iz9yE38R5qcVbwenfrqy1cAw6/YSiMibIWzj7s4kO2keyRkhLMZ2LHebv0a5SjUJtAJ37q2I7rG1Wm1TALBuqwnhDACXx3XX5cY++kEgaNgl2UKFSczCsGecsCMHul7eKxEqD/RRY0lWe5MeAtJlMBzhB4Vc8BLmWnAqmk/cZN7t2wCizs73Nq+xMi69ePLLKiPLk7K3GqHwS3dhUfMs6s=
M9Ywwf0t0PZ4Xb7jVE9o7SGMYcbuM2aFkJw13G5WUo9FcfmNoTHZah0VTGCWTQnKwn4B5I/i3ZS6Qh34bnhvRirpDYVJfD15dptxpz1UzOgjVL/NFFyFvEvFOZJ9brN+Ek1AN5AZyt5hmgaXBgQrhcR1B0LGXVIO0fW3kSSe7Vaf8qw+H4dIM6oIpVDZBvQ01P83YHqdCmRB780mXo/6ngOSOPizwwedI75jY3jvwzLTUyIPK836I0q0eCaCZ/sKyBLgBf1bnSetCJSyt+c0Uvfydk8//nu7fcZSg+O/U8kT+orxV2WMmIri0LAJDSv+bDmG1EaiGuWVa+WvW8KzWQ==
BB0kflwv2JM5lORdmW7fZFf7Z3u8Llb0R/X8ptfy8iIi0c1cLPzDQDcpKMTxALei4zsU6hn/dXYoepp++jLGpndv5XyA0QkrtcoW6edE1ZpY4Iz9yE38R5qcVbwenfrqy1cAw6/YSiMibIWzj7s4kO2keyRkhLMZ2LHebv0a5SjUJtAJ37q2I7rG1Wm1TALBuqwnhDACXx3XX5cY++kEgaNgl2UKFSczCsGecsCMHul7eKxEqD/RRY0lWe5MeAtJlMBzhB4Vc8BLmWnAqmk/cZN7t2wCizs73Nq+xMi69ePLLKiPLk7K3GqHwS3dhUfMs6s=
BB0kflwv2JM5lORdmW7fZFf7Z3u8Llb0R/X8ptfy8iIi0c1cLPzDQDcpKMTxALei4zsU6hn/dXYoepp++jLGpndv5XyA0QkrtcoW6edE1ZpY4Iz9yE38R5qcVbwenfrqy1cAw6/YSiMibIWzj7s4kO2keyRkhLMZ2LHebv0a5SjUJtAJ37q2I7rG1Wm1TALBuqwnhDACXx3XX5cY++kEgaNgl2UKFSczCsGecsCMHul7eKxEqD/RRY0lWe5MeAtJlMBzhB4Vc8BLmWnAqmk/cZN7t2wCizs73Nq+xMi69ePLLKiPLk7K3GqHwS3dhUfMs6s=
AmIey4bj3lYf9KNQWcGGzjT2+FW7pmre2fVRTaACL1wk9Ctky7Qv0xR5dao4uqP0TzKGC7Lx4NEHs2I=
mjSAD9uW1rmvnusNZ9tw4IYgOMJxdxrhIlhu8h+NTGC6inBoGUmpRpwR5kyWqlqdJYPF98sKs2E=
