VJX+LNIdzGWKo6jgKUFrX4Ki6fGGD6WJCKrIJz8aA6rSr+TfmWOcG4CFv0ptcP2lAH9xjKqjopxLfREpa2ITZ+DDA2Y7LzKrEwGa18KoyGJaC/ue4K6w4YVXPRNlVGQ2r0t0hp8O5muHspvPdVpiR7tT0927xlqVr+msLMI+oLSRIemqg0GWd35uehEdd1Xrg66zzQ==
PxIP3GGq85NKj+YNbF7V8IjpKhZHqikbDjpBFRdYLg1913QcFug2IGgQtO1mgYaRn2KtOyxla2dNm+f/YxxvGfpp30/qvWYOMPDmlXsEVDhYQyk5bVmhkrwE8zVUvIv47mmLvKvlkbxaFccNEwdPEPL3w0c8pka4OMYNnwlQV/feNTKgivs5US35v7Cz1w==
3ovTMQK+mB47k0hdgM2HIAdlFazIK1y0+bCzinN2Wh3/aPSjjSv6wxgucUOpRby1rMTWrT0QGWy2Ahf0oQYzMsXhUsfkzxkg9lROHJgszFHjOPytb17Vh8xZE1u9J59DoyAXJQrVp/MKgR6ywEyeqXs4LISo/1EFjeXZLkw4iwmUAPNEHlXzgEtZ6YCqKb+xk7s3LALLu/vcmj6EyHp1I8lsL8suiUocasdB7d1Fx4yz6w==
ZPi9S51zk/COqXctKJGFdlYnX2YOVF4sIDrvWH9umWxnpM1CBs8sNQ4b5zOIhMSBkJFWoaQTZQ02znzRTPKsXClcjbDeu82Gx7zml6rl2CsFAKkVzoRlSbe6HOWfk9SLu1YI8SZzbj1PtjIdtNRH7A+kS4sEuen1GCrg/OPSqkM2AcSpu7Pe
yF9nM/p/wO0Eow8U7wpk3XM6XUzTNWGYKWy+yISZ+RATUWoIzNf/QWsO7TTbdCGqkka5XWJLW+t8ZNC5jOE6iZDTkeWafuCp2FIYhNWMoZjKu9mu62waTx5FTFOZsAX9OkRRYdvKAN2LcyBTBwZkmbLz+tWjZo5FwLRT1BNUp6Mw+Z2dtJp8BHdyHhtKUeiBr7PK
0EY1OvNEkQt9K522K78cB3M6XUzTNWGYKWy+yISZ+RATQGIGytj+E2sO7TTbdCGqkke5XWJLW+t8ZNC5jOE6iZDTkeWafuCp2FIYhNWMoZjKu9mu62waTx5FTFOZsAX9OkRRYdvKAN2LcyBTBwZkmbLz+tWjZo5FwLRT1BNUp6Mw+Z2dtJp8BHdyHhtKUeiBr7PK
zMEzeB6hiaiij3SgxVyPPhJoQ+bBjXPrPJNUW4JZmSbRku3EuuimGGEAjiJUzcx3MWuM9ZBiO6Odu3U01gCGWMjIZMVkrFdJPxod0+xNG1+tQ7eX4/S/QZpRL2eq1db2kKi2vXssBGD4u5lRLXFRqtxcI93U1NsgDlH7lGsNIcT6zRclEy+fyFKPc6/8jjaA2B5d94m4h6++DcKIypOJqY2h75iz/w==
GbYB/lF2VhYQznRbIr4CB/T2lg2l5AZa5iFQRyhteNLBndMnDd+9wPZ0jrwYjAxx5Rg/De/+FafMudM7PcdfI6PAV0WKNeeTCqFeEkDs3ol7GGwkKF8RJY2Fmc7MWMvplGAzpJ41M2BLeSkgKol/kZOb94yCa3vb3Hr+5EiatUPJjG+rrmkKfGrnAU1d5Yess8s=
iaamMOAZJCH8FVHsBdxCSpgRheAwUTdY9LKjaJja+tm0na0aPxSmwXmht6VhLhY8weihsoZv3VB25C7MWFzsQeIo392vjrU3TCmzi/0Xf1OjMHcVyoUHA4ox/uKAvL65eygMdOivsbUNFXl+jAjrGZQQE3RehVPwy+mJUGpZn6GTqxdcwhvbS1zqnlSISpUzyXxP++7Z6uzqd6G9nbXnnLP7
GiFXFiZSaAniPUMk5R/TZCZ+bR6OK2GYIW6o2tCL+kATFCdBmJmqE2sO7TTbdCGqkkO5XWJLW+t8ZNC5jOE6iZDTkeWafuCp2FIYhNWMoZjKu9mu62waTx5FTFOZsAX9OkRRYdvKAN2LcyBTBwZkmbLz+tWjZo5FwLRT1BNUp6Mw+Z2dtJp8BHdyHhtKUeiBr7PK
b/SZjJHf5/RP4tnL2ygzQMcOdbDGkZT19s3XmLybmxnsyR77h65BXE/EtVIOwCUl9vvPA9DEvNE4Mc5RLJPtva6uFIH0MnSswXy1oNa7xZb/nA5nciVge21gMaVGBO25Lxq0tefTjLuTtvDhLnNmLTfWGi1sFL88pwTT+4w5YUWAyggsW5LyM14h/Lmzs9Y=
cXQNmJtTldnwWBauLxrHW2zPkqGtQBVMSgtumuoljLi2TF5U+KQ8aeQBDyUPFsWfjMGDk50vr7sjWCctKp03a8qZDnogxO6RewBcDEg3QR1NfUlmbDC7cRT4w0w+nWMYC0H5yMqhT4mTg8ekYoOr45wCrkzockXbSRQfww7B2oSq31ElPc23tLPT
e2e+yfhxcChQ2eB5L19NZ/TsmgCnpU8S+TYJSmQyJ4DDhJInDd+9wPZ0jrwYjAxx4hk/De/+FafMudM7PcdfI6PAV0WKNeeTCqFeEkDs3ol7GGwkKF8RJY2Fmc7MWMvplGAzpJ41M2BLeSkgKol/kZOb94yCa3vb3Hr+5EiatUPJjG+rrmkKfGrnAU1d5Yess8s=
5IBbUO4eT7P/dmF8ZEFWMXgxZFDNd4K9ac7ZDKHVO1zPjmUVIksrFLWvfYDhk10Z/QsHLEFVP6B4nddch3sUAb3lV3Sl6FqAM1MdPhu4TawHprSAHtDEk03nitSmFVq5PGVWsxcJ3Gb2ha7i7siDlIfUbDt/4s10TAPo9Tp/j6hDEbwkl43dktZx/cPWXxHewhUUM9zZhb4YyTaEJfjFDCFP9pmbcfIC6qgBQuhXHMlOzYmz7A==
2kGODUaeAUK4Umd1kRSfRBEN6pCr+BdZlIc8VThlTU38CesFflFXBk4cn7eZ1C98+MjhdxcuMfyfBIUyHs40xMa7n6MgRCyxiPEecVyT3V1+7mQhZLLEzJG8RYDGu9W2D1xeB8Kl8NsdIOFFdgSdmf/aBNV3U3wbw/bAAT5zdk0HFsqNHJQv3BdEg9t8OVEl0Ar4jMsSQtOOYYyZo7PG
qYYRrFmA/B8zVP4K8B6wxrlwOSpF3T74hxg7MaB3CC0EZXE1yPnfbVKxe26azMvvRRRzJCwYtd/7jl1Ua7TxiuJOSHwyC+sLzORAGVyhSqmA04GFqr4wyUjS6CSlzHF4+rvpTjssau/uxdwzSXA1nSpEQUGritB9G/OQs7dGNLlC84r1c6Y+JXA0w3RDlFeDIPmNfYTaLOTn8m67upG44Z+z+g==
PuyfSijI7ydoz366EI0poGsE66i60FG1Qn6QtLc984uvheX2u01lROfbCYTYF1hYfdTkxFqZ9B5FYiYy8pYQkigDLu+Sl3dQ4WW8n88xFbkb8QNW2/9y+7PxGqdieAgyOjv7roD+cDElJ73jxQQk5k97dLZ/3qY7J0Ibv9WKohfbY9Pt25aaRQ+ZLNxibuBkcRHpmmOR1ifenvphvaeVu+Oes/0=
NPMf+OmHN8Eu8lGp+jl4t9z0khgVyWPFKNTxKM09tm8OIQJldznO4clhpIENQozU7QNjdFXICkBj842+qxg9bDfGpI4OMPTTvUc6VDa1ivnsRSazJ2kMJqZlPmIeqDNU9/R8O2/CvbT8Yxh1qp/f6JNxjCTnrQ3SBtFtQ2b/4Z7y9QQzzLm1fmhphgS1WJXMcW8GmauRosI6yJHCmLesib7tmbP8
IekuAlbYjfp3cqwIl5JZQ/T2lg2l5AZS5DdCEyVkZoDBm5pzQ4rPwPZ0jrwYjAxx7xo+De/+FafMudM7PcdfI6PAV0WKNeeTCqFeEkDs3ol7GGwkKF8RJY2Fmc7MWMvplGAzpJ41M2BLeSkgKol/kZOb94yCa3vb3Hr+5EiatUPJjG+rrmkKfGrnAU1d5Yess8s=
WEmBj06U1aIETehb8ZY37joHmSo55pZjhs7pqeyktXERZvflBaNZXp9gEbzrbtAH/Zeog5G/DjRibWZJkO3yc3MBMNaKPWrC6hBfBCscSDtbKmHkkNvs1f7H8xivGdjkMwVxYuoJOSNSB83Orl3ws7gRaa5EEbLkYQD5fI3HUtl/eZ6yFhBFYuwPQFniha2zyA==
DQwpdI2kMhupaVRKbVRHkxEMXzFhFNqBTN+tvktYXeyXBkSEaX9UU12HWlQWdWp5jAUGs8eprKYGpd5iPuiT1Bc0XDtPAl00XCM4dUpff2gzsWwkx+1tUuYRTUMGPwEeUrVkMyx5Ff4IKWYElRj1TJGvJpnL0QJCmojxwrh3DAnerbmz3A==
OJVrM76KZJfUpOYmBJpYFPKosPOQVTXxaQIm0jI2kPJoIyXI3ff38CGFvP+PkZVZ29EDdhsf8lvzkRpHotiIUnob+47AnvCR5ce9g4WkpAaPW3SWvz4mm2ciG18VKiJ3m0PTzZv2GuXPeSy8Is5ghLEx6bqjcVaHnv76gX0HFdujvrPd
qRGqLt7fJIO/XO1OT0kz1hMMXyBjAt6BTN+tvktYXeyXBkSCaX9UU12HWlQWdWp5jAUGs8eprKYGpd5iPuiT1Bc0XDtPAl00XCM4dUpff2gzsWwkx+1tUuYRTUMGPwEeUrVkMyx5Ff4IKWYElRj1TJGvJpnL0QJCmojxwrh3DAnerbmz3A==
07BSyTWosyF4RoUsTfqqU/KotuWMSDXxaQIm0jI2kPJoIyPI3ff38CGFvP+PkZVZ29EDdhsf8lvzkRpHotiIUnob+47AnvCR5ce9g4WkpAaPW3SWvz4mm2ciG18VKiJ3m0PTzZv2GuXPeSy8Is5ghLEx6bqjcVaHnv76gX0HFdujvrPd
2+hCb7DVtzxk3xvP5CZJwfKot/OeTTXxaQIm0jI2kPJoIyDI3ff38CGFvP+PkZVZ29EDdhsf8lvzkRpHotiIUnob+47AnvCR5ce9g4WkpAaPW3SWvz4mm2ciG18VKiJ3m0PTzZv2GuXPeSy8Is5ghLEx6bqjcVaHnv76gX0HFdujvrPd
g8Z5sGQQf1h5XdkHhKWaOROhgKTp/Zl8uJmgsthVbCH1nv6Xl9dJlJI5haRWkGYIiPiE9W6fuHl/Sv1DbN27j+0zl2fjhJ+xWgGP9ypFtiZQmNaNexxkUDhr+cGt4fH6HKwDrdQk+1BOgVsE653BlLr99xUTH3/4Et+TP3wellCYbn0EicinX35dYhhKA+l5TZGPqLPP
Bt1YzLLnhIxPBBQXS3U/bZQW6+YmGDdS6enlNM2JqYbYk+xRYlf9/zanp6RtGxY3yu+npYw7rlB25C7MWFzsQeIq0N2vjrU3TCmzi/0Xf1OjMHcVyoUHA4ox/uKAvL65eygMdOivsbUNFXl+jAjrGZQQE3RehVPwy+mJUGpZn6GTqxdcwhvbS1zqnlSISpUwyXxP++7Z6uzqd6G9nbXnnLP7
//6RCRFxx7qidRXOpxuhi7aAxhUugCN8NMbXY0wy0HXs5MWC5jA9b/omv4ysz/C5QR1kbRdEOD7XxgFaROerdY8CsmYS0Y31jok+h3jhFFosnU1lC0OvhIv1PB1jfC/5egmfr+qdJq6wUKa1eyQUmNjjaRltueHyPOSzVVRcS5huiUvcq8VRHNq1By0TJ4+wclcDZzzGhli4ps18CTAXF15VckCK23nxrVn/kLP3
//6RCRFxx7qidRXOpxuhi7aAxhUugCN8NMbXY0wy0HXs5MWC5jA9b/omv4ysz/C5QR1kbRdEOD7XxgFaROerdY8CsmYS0Y31jok+h3jhFFosnU1lC0OvhIv1PB1jfC/5egmfr+qdJq6wUKa1eyQUmNjjaRltueHyPOSzVVRcS5huiUvcq8VRHNq1By0TJ4+wclcDZzzGhli4ps18CTAXF15VckCK23nxrVn/kLP3
C+XglKNJQBFtnrT0exVC+eM4mFy9PI8dpj+7XLQTvP0aLBt55hRN8ZTvXIpd86V1MaZ1FSQwClcKVp0KM3JZzqTxRHgxpT04ZwFk4F6Y/xPVnQ0koY7g08kUrvLZw6jB98jU2nup/QwBDUBPkPEpP0KeRLMHKeymRiUeYn5oU9RXtJw7j4IdNJyjeHWK3z9oczGsJIdtrVKmkY1DRr9BHpI1JDPs+VX+yKmmBNWYNUzRL+uZi1HCQloIscJ490wJHi35s5w=
OeN0M0jLiL+kQSvhzbKTDvrhJv632qFGNgrfPEJkzDrlWoTe8JEIi3FL8RsaMJmT3hJFPXGvAsBBAqlAYC4lASoFUxN4vtJ+sA5iBWfP+KQPguwu/zfIY4r4a8S7NvTkdI93cJotijRhHw22Pr/6TqPieOhTc4fNA06j8xjfw+JzI2Ify316c2pEuLbiV/vaaGKgFR3rHXeN+FQi19c0gleCNl/fTvvrXTaSE4OPUxmzisrht9UMyKoSECBpMCkuy03Gw6YSmrW1myU/O/KziQ==
oNlIypnGcZYz0IrzktHhrKG2XuaEp+Lgi3SExqWBsgIHx9Wg06plNXPwyzQhewuBI9pHTdOtpFZsMwccKbHcg9c1BdUzBUMqYxvCdztluvs6vNgeUg/7kvjagP1tc11/XYC0CucPtEpHupY3L1Y7Yw3O8rsz11NRIzLqCcdNTMB6avAIWeip5tt1ZqtWClo95WNFl4uqs8E=
sZFVSoAaKsYpfDvm4/dwvBEMbyIkH5gyV8s6WuelqIkJJXk1SDk3D/V/MDNU8eUrFPVFhHsWJBPtJ6rUhtU6OdwlNrM3SXzmVsVO4o4IYxQnFEw7XyJt9KzDiPXaPy8o41GcJPfNPRK2sd3D9p+xXiLVdDM8meU+uIkWhAW4JYxBjxuZu7FSgkpoYUIIF3xJ7o2ps8w=
n+dtY5wta2FxR9s4QIAtMt/4242Yog+Y1FQMv6lj2N23iAxpRuYQl1yK3nQIqlWeydwPm275Kgzq1+HdHZUnfLMb
FIAutzMkW3MdPMMQWgjggxkJ5piuzERDmrpzRSIsLk+vM9crT0REFE1Z2aiPl2V88NzqVHp3YdqrKZ9LGJFumpq7hrJtWWq1i7cQal6T3V1+7mQhZLLEzJG8RYDGu9W2D1xeB8Kl8NsdIOFFdgSdmf/aBNV3U3wbw/bAAT5zdk0HFsqNHJQv3BdEg9txOVEl0Ar4jMsSQtOOYYyZo7PG
7DYenOWynKqVloJqM8MxibSMkYeG+c9kb4jNmMSmhFQ91ipqqHiZt282pn4OEhE5HZZCHQfpGK65U4KrrIKApz/mbcnf588jBLTtIh2ohL/+8gOJ1/ow5RWsDZcXrjRFzYudNqe/CXuNC0cPY2zPibpZPx9qbUZ+8GCGpXs0NKiYMwnp7QlBovyUU0VUTCtoLlnrbCu1sUwahSc9EzevgLIH4xe8diaI+FatYwkg92eeBdLwCisZIe1p34Cz5w==
2tQsPpZOPVZejGCtfcqeEh5hpJUnE6jvXt87ajVlP4YeKiey9ikh7+/oJFluRv0NpHTbBDv037MEeWWNDPoUVP+yFqviMbAxd7MS
hiVslt4j8xZicI95lPM5eTfV4vL36NM2V8nVOpp5U2epHx8aHX/Ntemwg0BOVRSlRuRRb28l1JRBTSVcOzqu3ahyWBdPYmB6teI6BHXYVcwx70qZ6xHiwnpI0cLYN2yJfm1Zszw=
Nq97SnF44rmRunCNYNliRPaEJ1eNrSoBhh6IHc/VDwesVF1eWt65kPkuSkoYFZvhkQm2gJ9cU/lIlmdcdNDki7mXkHk3LESdVtL4E/xOtkDY3t07ifgH775NQsjK0wlpjWFvWLM/
9N157cAUA+as/MwZeGOf8Bd+YCxRRiViWuLBrAkSMvb4qeNdYbXOPF9gK8W4qh9glOycN0kr6MW3kDwhpm6ALxxyznwo4qUHSUR/U07xOnQqb3FVfV0XZLMD
gejOHDdJ5oum+dglSg2fDSppy9cvmVEZQ08tZlrmybgZBhoS2M3LiTHhBvgfpOOR6H63BDQINKPZv2BBNxS0tTb6KMu8FmaoeLZtwwmAtwceJRIQCotZQW1JH2CzBw==
8cuJ+aMZGluMZPBEFb7RZgNa5PIeq3ADdE8tZlrmybgZBhoS2M3LiTHhBvgfpOOR6H63BDQINKPZv2BBNxS0tTb6KMu8FmaoeLZtwwmAtwceJRIQCotZQW1JH2CzBw==
d+l9/Auhr9zR6EFm65dGJXM1mRjFp93noeDaZE02kZyGhEg/f/eJC6qevwaHPwDEy7LEWmB9AfUsh/dWcHt+oPQd7CSSlgCcgeVpYpNpNt8uZjqZTV91QxNmswU=
zeAXYan4wr7ZxY6lIQ17A7aAxhUugCN8NMbXY0wy0HXs5MWC5jA9b/omv4ysz/C5QR1kbRdEOD7XxgFaROerdY8CsmYS0Y31jok+h3jhFFosnU1lC0OvhIv1PB1jfC/5egmfr+qdJq6wUKa1eyQUmNjjaRltueHyPOSzVVRcS5huiUvcq8VRHNq1By0TJ4+wclcDZzzGhli4ps1zCTAXF15VckCK23nxrVn/kLP3
P26ipAx5DsT7svyxXTGblB6xsbMxk8X0llc8/2MlUXl3fXP9THkp7egC7kp9dG9cOznVK8yPX5lzbonLsdMMWMnZfux+XZT/+sapuexVir42Kr4Y44mL7ZRNJ0o2hZKmQY3X2RSG7b5PSgy2b98IG7rwRZhpnnRchMcXaIpFyszRl61ubpf6dtMqmHDDm0e1M0aDq8h3Q1qDawIH2xU6i9rMGG6yf/viGKpAjY0D3Q+98HR6B3+0OqfKVkfPJrsT7b4yy9OnUyHDQip5Jz3MsJoaMHi5mamWOwWm27Z62k0FE4Xna9qzsQ==
EXcH22sZvFUD2KSj+P2LxoKn4g8vV6vVee0tPEMZu7MgaueOuLGio4YRhSchn7GyarCfBEK86sC6dXue3qi9LvBcBp/3M5BEKzUSlvwSKYBfKosROBtyGrCr0bw8GiHHCFNalgdtMdHHsD31VvCsLGXxa/sPBONqWrsTINwia7cyCY3M9prZLYfEG3lyn+JF81d4egYThU3WTlwR7PLMnAncrfA+uy3G5zzGV8rleOslgElVLoTFiZc6fCX/k3TLW9bosYZzzv0vNlLdFNSnrO8ka8uouYk1eKrAvEPSSgMWgeRp27O+
91Zc17MhabqlKHthUQVNcq8aHdWM/BvwZt5G/TT4AnVRuaQkHjjb3+d+JM4ndcOV+G0qufik9tecraso5KSjuMLhRCFo8+KYD6qM1q//CDt6kM59Lr50fMQnlwhKZcrsEfctji63+laTyhgQA7tHlfMmA0uIV0N6w4uCZxs1OqsarJiO8l/7wlhKwO1NI90vfZD0mkdftBrnKtYnDwa7My3esiuTh1MBg6KqGecdzJBaerCY+bmptnvlJrt2WtptxXMFByv6s5E=
5IyRAo/FXk3MhBQVjWjq+JLXMJHT68Xs3AbJP96BRj7rbVRSCknGnoEeNTJzcO7wMtSN0rS/7TfsEWfVRZbZIWCa1+TZV9cxvUPzdZ+WidniuA3MqRDWjX7Qx5sYTgJjE/h2SgsjKnsogg1tO8W1mB8QaK/4aKcw2K9lpAn+6DORpFaywdOQoX8YvNqT+XXsOR1Yj+hB8V9Kbuwz7xnkhp5VpqJmeKt032S0O6dSlZRks2C1Mq/nSHsBRKQvnaUyfiH1g16vef4aZcwzhCndnvC5vkQtKG2s2V9CGeNhymIC+AmCYOc0qZZ90bO0
7RgK9LPMrywzGArSGzJou5LXMJHT68Xs3AbJP96BRj7rbVRSCknGnoEeNTJzcO7wMtSN0rS/7TfrE2fVRZbZIWCa1uTZV9cxvUPzdZ+WidniuA3MqRDWjX7Qx5sYTgJjE/h2SgsjKnsogg1tO8W1mB8QaK/4aKcw2K9lpAn+6DORpFaywdOQoX8YvNqT+XXsOR1Yj+hB8V9Kbuwz7xnkhp5VpqJmeKt032S0O6dSlZRks2C1Mq/nSHsBRKQvnaUyfiH1g16vef4aZcwzhCndnvC5vkQtKG2s2V9CGeNhymIC+AmCYOc0qZZ90bO0
UPmlbBIFuxgw8VP0L/9ezpLXMJHT68Xs3AbJP96BRj7rbVRSCknGnoEeNTJzcO7wMtSN0rS/7TfsEWfVRZbZIWCa2eTZV9cxvUPzdZ+WidniuA3MqRDWjX7Qx5sYTgJjE/h2SgsjKnsogg1tO8W1mB8QaK/4aKcw2K9lpAn+6DORpFaywdOQoX8YvNqT+XXsOR1Yj+hB8V9Kbuwz7xnkhp5VpqJmeKt032S0O6dSlZRks2C1Mq/nSHsBRKQvnaUyfiH1g16vef4aZcwzhCndnvC5vkQtKG2s2V9CGeNhymIC+AmCYOc0qZZ90bO0
JXthi+r8OEry6i+UR+vrvpLXMJHT68Xs3AbJP96BRj7rbVRSCknGnoEeNTJzcO7wMtSN0rS/7TfrE2fVRZbZIWCa2OTZV9cxvUPzdZ+WidniuA3MqRDWjX7Qx5sYTgJjE/h2SgsjKnsogg1tO8W1mB8QaK/4aKcw2K9lpAn+6DORpFaywdOQoX8YvNqT+XXsOR1Yj+hB8V9Kbuwz7xnkhp5VpqJmeKt032S0O6dSlZRks2C1Mq/nSHsBRKQvnaUyfiH1g16vef4aZcwzhCndnvC5vkQtKG2s2V9CGeNhymIC+AmCYOc0qZZ90bO0
fwZSp/sB2YbMwa91D+DY3JLXMJHT68Xs3AbJP96BRj7rbVRSCknGnoEeNTJzcO7wMtSN0rS/7TfsEWfVRZbZIWCa2+TZV9cxvUPzdZ+WidniuA3MqRDWjX7Qx5sYTgJjE/h2SgsjKnsogg1tO8W1mB8QaK/4aKcw2K9lpAn+6DORpFaywdOQoX8YvNqT+XXsOR1Yj+hB8V9Kbuwz7xnkhp5VpqJmeKt032S0O6dSlZRks2C1Mq/nSHsBRKQvnaUyfiH1g16vef4aZcwzhCndnvC5vkQtKG2s2V9CGeNhymIC+AmCYOc0qZZ90bO0
Rrumoo5qR1tOcxtbwzKFq5LXMJHT68Xs3AbJP96BRj7rbVRSCknGnoEeNTJzcO7wMtSN0rS/7TfrE2fVRZbZIWCa2uTZV9cxvUPzdZ+WidniuA3MqRDWjX7Qx5sYTgJjE/h2SgsjKnsogg1tO8W1mB8QaK/4aKcw2K9lpAn+6DORpFaywdOQoX8YvNqT+XXsOR1Yj+hB8V9Kbuwz7xnkhp5VpqJmeKt032S0O6dSlZRks2C1Mq/nSHsBRKQvnaUyfiH1g16vef4aZcwzhCndnvC5vkQtKG2s2V9CGeNhymIC+AmCYOc0qZZ90bO0
yjNT/zivR62fv4XpdeEoPpLXMJHT68Xs3AbJP96BRj7rbVRSCknGnoEeNTJzcO7wMtSN0rS/7TfsEWfVRZbZIWCa3eTZV9cxvUPzdZ+WidniuA3MqRDWjX7Qx5sYTgJjE/h2SgsjKnsogg1tO8W1mB8QaK/4aKcw2K9lpAn+6DORpFaywdOQoX8YvNqT+XXsOR1Yj+hB8V9Kbuwz7xnkhp5VpqJmeKt032S0O6dSlZRks2C1Mq/nSHsBRKQvnaUyfiH1g16vef4aZcwzhCndnvC5vkQtKG2s2V9CGeNhymIC+AmCYOc0qZZ90bO0
a1iVqInNiTfeJl/Lz6CEQpLXMJHT68Xs3AbJP96BRj7rbVRSCknGnoEeNTJzcO7wMtSN0rS/7TfrE2fVRZbZIWCa3OTZV9cxvUPzdZ+WidniuA3MqRDWjX7Qx5sYTgJjE/h2SgsjKnsogg1tO8W1mB8QaK/4aKcw2K9lpAn+6DORpFaywdOQoX8YvNqT+XXsOR1Yj+hB8V9Kbuwz7xnkhp5VpqJmeKt032S0O6dSlZRks2C1Mq/nSHsBRKQvnaUyfiH1g16vef4aZcwzhCndnvC5vkQtKG2s2V9CGeNhymIC+AmCYOc0qZZ90bO0
BrWmgyOtWYg8sqKYSUM85ZLXMJHT68Xs3AbJP96BRj7rbVRSCknGnoEeNTJzcO7wMtSN0rS/7TfsEWfVRZbZIWCa3+TZV9cxvUPzdZ+WidniuA3MqRDWjX7Qx5sYTgJjE/h2SgsjKnsogg1tO8W1mB8QaK/4aKcw2K9lpAn+6DORpFaywdOQoX8YvNqT+XXsOR1Yj+hB8V9Kbuwz7xnkhp5VpqJmeKt032S0O6dSlZRks2C1Mq/nSHsBRKQvnaUyfiH1g16vef4aZcwzhCndnvC5vkQtKG2s2V9CGeNhymIC+AmCYOc0qZZ90bO0
FCW8Myyl455J40Y49ZMz/ZLXMJHT68Xs3AbJP96BRj7rbVRSCknGnoEeNTJzcO7wMtSN0rS/7TfrE2fVRZbZIWCa3uTZV9cxvUPzdZ+WidniuA3MqRDWjX7Qx5sYTgJjE/h2SgsjKnsogg1tO8W1mB8QaK/4aKcw2K9lpAn+6DORpFaywdOQoX8YvNqT+XXsOR1Yj+hB8V9Kbuwz7xnkhp5VpqJmeKt032S0O6dSlZRks2C1Mq/nSHsBRKQvnaUyfiH1g16vef4aZcwzhCndnvC5vkQtKG2s2V9CGeNhymIC+AmCYOc0qZZ90bO0
o2b5CSFq7cauyOTgw7NHBJLXMJHT68Xs3AbJP96BRj7rbVRSCknGnoEeNTJzcO7wMtSN0rS/7TfsEWfVRZbZIWCa1+XZV9cxvUPzdZ+WidniuA3MqRDWjX7Qx5sYTgJjE/h2SgsjKnsogg1tO8W1mB8QaK/4aKcw2K9lpAn+6DORpFaywdOQoX8YvNqT+XXsOR1Yj+hB8V9Kbuwz7xnkhp5VpqJmeKt032S0O6dSlZRks2C1Mq/nSHsBRKQvnaUyfiH1g16vef4aZcwzhCndnvC5vkQtKG2s2V9CGeNhymIC+AmCYOc0qZZ90bO0
QAvE7CmqjZFng0dTDMKT6pLXMJHT68Xs3AbJP96BRj7rbVRSCknGnoEeNTJzcO7wMtSN0rS/7TfrE2fVRZbZIWCa1uXZV9cxvUPzdZ+WidniuA3MqRDWjX7Qx5sYTgJjE/h2SgsjKnsogg1tO8W1mB8QaK/4aKcw2K9lpAn+6DORpFaywdOQoX8YvNqT+XXsOR1Yj+hB8V9Kbuwz7xnkhp5VpqJmeKt032S0O6dSlZRks2C1Mq/nSHsBRKQvnaUyfiH1g16vef4aZcwzhCndnvC5vkQtKG2s2V9CGeNhymIC+AmCYOc0qZZ90bO0
fwcn+zSRbd7deURfRnA2HJLXMJHT68Xs3AbJP96BRj7rbVRSCknGnoEeNTJzcO7wMtSN0rS/7TfsEWfVRZbZIWCa2eXZV9cxvUPzdZ+WidniuA3MqRDWjX7Qx5sYTgJjE/h2SgsjKnsogg1tO8W1mB8QaK/4aKcw2K9lpAn+6DORpFaywdOQoX8YvNqT+XXsOR1Yj+hB8V9Kbuwz7xnkhp5VpqJmeKt032S0O6dSlZRks2C1Mq/nSHsBRKQvnaUyfiH1g16vef4aZcwzhCndnvC5vkQtKG2s2V9CGeNhymIC+AmCYOc0qZZ90bO0
p5w3qMJUXW1VQEg/UUl/g5LXMJHT68Xs3AbJP96BRj7rbVRSCknGnoEeNTJzcO7wMtSN0rS/7TfrE2fVRZbZIWCa2OXZV9cxvUPzdZ+WidniuA3MqRDWjX7Qx5sYTgJjE/h2SgsjKnsogg1tO8W1mB8QaK/4aKcw2K9lpAn+6DORpFaywdOQoX8YvNqT+XXsOR1Yj+hB8V9Kbuwz7xnkhp5VpqJmeKt032S0O6dSlZRks2C1Mq/nSHsBRKQvnaUyfiH1g16vef4aZcwzhCndnvC5vkQtKG2s2V9CGeNhymIC+AmCYOc0qZZ90bO0
nIsk4qlPpSkrxq2ogDmYaCGMYcbuM2aFkJw13G5WUo9FcfmNoTHZah0VTGCWTQnKwn4B5I/i3ZS6Qh34bnhvRirpDYVJfD15dptxpz1UzOgjVL/NFFyFvEvFOZJ9brN+Ek1AN5AZyt5hmgaXBgQrhcR1B0LGXVIO0fW3kSSe7Vaf8qw+H4dIM6oIpVDZBvQ01P83YHqdCmRB780mXo/6ngOSOPizwwedI75jY3jvwzLTUyIPK836I0q0eCaCZ/sKyBLgBf1bnSetCJSyt+c0Uvfydk8//nu7fcZSg+O/U8kT+orxV2WMmIri0LAJASn+az2G00aiGuWVa+WvW8KzWQ==
CETNw7OIWJjykaleJ+/mgpLXMJHT68Xs3AbJP96BRj7rbVRSCknGnoEeNTJzcO7wMtSN0rS/7TfrE2fVRZbZIWCa2+XZV9cxvUPzdZ+WidniuA3MqRDWjX7Qx5sYTgJjE/h2SgsjKnsogg1tO8W1mB8QaK/4aKcw2K9lpAn+6DORpFaywdOQoX8YvNqT+XXsOR1Yj+hB8V9Kbuwz7xnkhp5VpqJmeKt032S0O6dSlZRks2C1Mq/nSHsBRKQvnaUyfiH1g16vef4aZcwzhCndnvC5vkQtKG2s2V9CGeNhymIC+AmCYOc0qZZ90bO0
ITYmUqmGqTkNFSAPkFO5v1f7Z3u8Llb0R/X8ptfy8iIi0c1cLPzDQDcpKMTxALei4zsU6hn/dXYoepp++jLGpndv5XyA0QkrtcoW6edE1ZpY4Iz9yE38R5qcVbwenfrqy1cAw6/YSiMibIWzj7s4kO2keyRkhLMZ2LHebv0a5SjUJtAJ37q2I7rG1Wm1TALBuqwnhDACXx3XX5cY++kEgaNgl2UKFSczCsGecsCMHul7eKxEqD/RRY0lWe5MeAtJlMBzhB4Vc8BLmWnAqmk/cZN7t2wCizs73Nq+xMi69e/JLK+LLknK3GqHwS3dhUfMs6s=
nIsk4qlPpSkrxq2ogDmYaCGMYcbuM2aFkJw13G5WUo9FcfmNoTHZah0VTGCWTQnKwn4B5I/i3ZS6Qh34bnhvRirpDYVJfD15dptxpz1UzOgjVL/NFFyFvEvFOZJ9brN+Ek1AN5AZyt5hmgaXBgQrhcR1B0LGXVIO0fW3kSSe7Vaf8qw+H4dIM6oIpVDZBvQ01P83YHqdCmRB780mXo/6ngOSOPizwwedI75jY3jvwzLTUyIPK836I0q0eCaCZ/sKyBLgBf1bnSetCJSyt+c0Uvfydk8//nu7fcZSg+O/U8kT+orxV2WMmIri0LAJASn+az2G00aiGuWVa+WvW8KzWQ==
ITYmUqmGqTkNFSAPkFO5v1f7Z3u8Llb0R/X8ptfy8iIi0c1cLPzDQDcpKMTxALei4zsU6hn/dXYoepp++jLGpndv5XyA0QkrtcoW6edE1ZpY4Iz9yE38R5qcVbwenfrqy1cAw6/YSiMibIWzj7s4kO2keyRkhLMZ2LHebv0a5SjUJtAJ37q2I7rG1Wm1TALBuqwnhDACXx3XX5cY++kEgaNgl2UKFSczCsGecsCMHul7eKxEqD/RRY0lWe5MeAtJlMBzhB4Vc8BLmWnAqmk/cZN7t2wCizs73Nq+xMi69e/JLK+LLknK3GqHwS3dhUfMs6s=
nIsk4qlPpSkrxq2ogDmYaCGMYcbuM2aFkJw13G5WUo9FcfmNoTHZah0VTGCWTQnKwn4B5I/i3ZS6Qh34bnhvRirpDYVJfD15dptxpz1UzOgjVL/NFFyFvEvFOZJ9brN+Ek1AN5AZyt5hmgaXBgQrhcR1B0LGXVIO0fW3kSSe7Vaf8qw+H4dIM6oIpVDZBvQ01P83YHqdCmRB780mXo/6ngOSOPizwwedI75jY3jvwzLTUyIPK836I0q0eCaCZ/sKyBLgBf1bnSetCJSyt+c0Uvfydk8//nu7fcZSg+O/U8kT+orxV2WMmIri0LAJASn+az2G00aiGuWVa+WvW8KzWQ==
ITYmUqmGqTkNFSAPkFO5v1f7Z3u8Llb0R/X8ptfy8iIi0c1cLPzDQDcpKMTxALei4zsU6hn/dXYoepp++jLGpndv5XyA0QkrtcoW6edE1ZpY4Iz9yE38R5qcVbwenfrqy1cAw6/YSiMibIWzj7s4kO2keyRkhLMZ2LHebv0a5SjUJtAJ37q2I7rG1Wm1TALBuqwnhDACXx3XX5cY++kEgaNgl2UKFSczCsGecsCMHul7eKxEqD/RRY0lWe5MeAtJlMBzhB4Vc8BLmWnAqmk/cZN7t2wCizs73Nq+xMi69e/JLK+LLknK3GqHwS3dhUfMs6s=
nIsk4qlPpSkrxq2ogDmYaCGMYcbuM2aFkJw13G5WUo9FcfmNoTHZah0VTGCWTQnKwn4B5I/i3ZS6Qh34bnhvRirpDYVJfD15dptxpz1UzOgjVL/NFFyFvEvFOZJ9brN+Ek1AN5AZyt5hmgaXBgQrhcR1B0LGXVIO0fW3kSSe7Vaf8qw+H4dIM6oIpVDZBvQ01P83YHqdCmRB780mXo/6ngOSOPizwwedI75jY3jvwzLTUyIPK836I0q0eCaCZ/sKyBLgBf1bnSetCJSyt+c0Uvfydk8//nu7fcZSg+O/U8kT+orxV2WMmIri0LAJASn+az2G00aiGuWVa+WvW8KzWQ==
ITYmUqmGqTkNFSAPkFO5v1f7Z3u8Llb0R/X8ptfy8iIi0c1cLPzDQDcpKMTxALei4zsU6hn/dXYoepp++jLGpndv5XyA0QkrtcoW6edE1ZpY4Iz9yE38R5qcVbwenfrqy1cAw6/YSiMibIWzj7s4kO2keyRkhLMZ2LHebv0a5SjUJtAJ37q2I7rG1Wm1TALBuqwnhDACXx3XX5cY++kEgaNgl2UKFSczCsGecsCMHul7eKxEqD/RRY0lWe5MeAtJlMBzhB4Vc8BLmWnAqmk/cZN7t2wCizs73Nq+xMi69e/JLK+LLknK3GqHwS3dhUfMs6s=
nIsk4qlPpSkrxq2ogDmYaCGMYcbuM2aFkJw13G5WUo9FcfmNoTHZah0VTGCWTQnKwn4B5I/i3ZS6Qh34bnhvRirpDYVJfD15dptxpz1UzOgjVL/NFFyFvEvFOZJ9brN+Ek1AN5AZyt5hmgaXBgQrhcR1B0LGXVIO0fW3kSSe7Vaf8qw+H4dIM6oIpVDZBvQ01P83YHqdCmRB780mXo/6ngOSOPizwwedI75jY3jvwzLTUyIPK836I0q0eCaCZ/sKyBLgBf1bnSetCJSyt+c0Uvfydk8//nu7fcZSg+O/U8kT+orxV2WMmIri0LAJASn+az2G00aiGuWVa+WvW8KzWQ==
ITYmUqmGqTkNFSAPkFO5v1f7Z3u8Llb0R/X8ptfy8iIi0c1cLPzDQDcpKMTxALei4zsU6hn/dXYoepp++jLGpndv5XyA0QkrtcoW6edE1ZpY4Iz9yE38R5qcVbwenfrqy1cAw6/YSiMibIWzj7s4kO2keyRkhLMZ2LHebv0a5SjUJtAJ37q2I7rG1Wm1TALBuqwnhDACXx3XX5cY++kEgaNgl2UKFSczCsGecsCMHul7eKxEqD/RRY0lWe5MeAtJlMBzhB4Vc8BLmWnAqmk/cZN7t2wCizs73Nq+xMi69e/JLK+LLknK3GqHwS3dhUfMs6s=
nIsk4qlPpSkrxq2ogDmYaCGMYcbuM2aFkJw13G5WUo9FcfmNoTHZah0VTGCWTQnKwn4B5I/i3ZS6Qh34bnhvRirpDYVJfD15dptxpz1UzOgjVL/NFFyFvEvFOZJ9brN+Ek1AN5AZyt5hmgaXBgQrhcR1B0LGXVIO0fW3kSSe7Vaf8qw+H4dIM6oIpVDZBvQ01P83YHqdCmRB780mXo/6ngOSOPizwwedI75jY3jvwzLTUyIPK836I0q0eCaCZ/sKyBLgBf1bnSetCJSyt+c0Uvfydk8//nu7fcZSg+O/U8kT+orxV2WMmIri0LAJASn+az2G00aiGuWVa+WvW8KzWQ==
ITYmUqmGqTkNFSAPkFO5v1f7Z3u8Llb0R/X8ptfy8iIi0c1cLPzDQDcpKMTxALei4zsU6hn/dXYoepp++jLGpndv5XyA0QkrtcoW6edE1ZpY4Iz9yE38R5qcVbwenfrqy1cAw6/YSiMibIWzj7s4kO2keyRkhLMZ2LHebv0a5SjUJtAJ37q2I7rG1Wm1TALBuqwnhDACXx3XX5cY++kEgaNgl2UKFSczCsGecsCMHul7eKxEqD/RRY0lWe5MeAtJlMBzhB4Vc8BLmWnAqmk/cZN7t2wCizs73Nq+xMi69e/JLK+LLknK3GqHwS3dhUfMs6s=
nIsk4qlPpSkrxq2ogDmYaCGMYcbuM2aFkJw13G5WUo9FcfmNoTHZah0VTGCWTQnKwn4B5I/i3ZS6Qh34bnhvRirpDYVJfD15dptxpz1UzOgjVL/NFFyFvEvFOZJ9brN+Ek1AN5AZyt5hmgaXBgQrhcR1B0LGXVIO0fW3kSSe7Vaf8qw+H4dIM6oIpVDZBvQ01P83YHqdCmRB780mXo/6ngOSOPizwwedI75jY3jvwzLTUyIPK836I0q0eCaCZ/sKyBLgBf1bnSetCJSyt+c0Uvfydk8//nu7fcZSg+O/U8kT+orxV2WMmIri0LAJASn+az2G00aiGuWVa+WvW8KzWQ==
ITYmUqmGqTkNFSAPkFO5v1f7Z3u8Llb0R/X8ptfy8iIi0c1cLPzDQDcpKMTxALei4zsU6hn/dXYoepp++jLGpndv5XyA0QkrtcoW6edE1ZpY4Iz9yE38R5qcVbwenfrqy1cAw6/YSiMibIWzj7s4kO2keyRkhLMZ2LHebv0a5SjUJtAJ37q2I7rG1Wm1TALBuqwnhDACXx3XX5cY++kEgaNgl2UKFSczCsGecsCMHul7eKxEqD/RRY0lWe5MeAtJlMBzhB4Vc8BLmWnAqmk/cZN7t2wCizs73Nq+xMi69e/JLK+LLknK3GqHwS3dhUfMs6s=
ITYmUqmGqTkNFSAPkFO5v1f7Z3u8Llb0R/X8ptfy8iIi0c1cLPzDQDcpKMTxALei4zsU6hn/dXYoepp++jLGpndv5XyA0QkrtcoW6edE1ZpY4Iz9yE38R5qcVbwenfrqy1cAw6/YSiMibIWzj7s4kO2keyRkhLMZ2LHebv0a5SjUJtAJ37q2I7rG1Wm1TALBuqwnhDACXx3XX5cY++kEgaNgl2UKFSczCsGecsCMHul7eKxEqD/RRY0lWe5MeAtJlMBzhB4Vc8BLmWnAqmk/cZN7t2wCizs73Nq+xMi69e/JLK+LLknK3GqHwS3dhUfMs6s=
