Il0Ap1QKV61UiSmqhQnToIKi6fGGD6WJCKrIJz8aA6rSr+TfmWOcG4CFv0ptcP2lAH9xjKqjopxLfREpa2ITZ+DDA2Y7LzKrEwGa18KoyGJaC/ue4K6w4YVXPRNlVGQ2r0t0hp8O5muHspvPdVpiR7tT0927xlqVr+msLMI+oLSRJuqqjUSWc35uehEdd1Xrg66zzQ==
cg/gKzvRTVF4ro8rSBGo/YjpKhZHqikbDjpBFRdYLg1913QcFug2IGgQtO1mgYaRn2KtOyxla2dNm+f/YxxvGfpp30/qvWYOMPDmlXsEVDhYQyk5bVmhkrwE8zVUvIv47mmLvKvlkbxaFccNEwdPEPL3w0c8pka4OMYNmApQWfLeMTKgivs5US35v7Cz1w==
RmFY/7s1WCH0CxQpWzm8cgdlFazIK1y0+bCzinN2Wh3/aPSjjSv6wxgucUOpRby1rMTWrT0QGWy2Ahf0oQYzMsXhUsfkzxkg9lROHJgszFHjOPytb17Vh8xZE1u9J59DoyAXJQrVp/MKgR6ywEyeqXs4LISo/1EFjeXZLkw4iwmUAPNEHlXzgEtZ6YCqKb+xk7s3LALLu/vcmj6EyHp1JMpsIc4ujUocasdB7d1Fx4yz6w==
14OT6aKZY1JpNoxOIHNn2FYnX2YOVF4sIDrvWH9umWxnpM1CBs8sNQ4b5zOIhMSBkJFWoaQTZQ02znzRTPKsXClcjbDeu82Gx7zml6rl2CsFAKkVzoRlSbe6HOWfk9SLu1YI8SZzbj1PtjIdtNRH7A+kS4sDuun7HSrk/OPSqkM2AcSpu7Pe
8ZhhjiUT9bE+a1neUZkTbHM6XUzTNWGYKWy+yISZ+RATUWoIzNf/QWsO7TTbdCGqkka5XWJLW+t8ZNC5jOE6iZDTkeWafuCp2FIYhNWMoZjKu9mu62waTx5FTFOZsAX9OkRRYdvKAN2LcyBTBwZkmbLz+tWjZo5FwLRT1BNUp6M3+p2TsZp4BHdyHhtKUeiBr7PK
OUTYwc40EYAGG9xLQLzRB3M6XUzTNWGYKWy+yISZ+RATQGIGytj+E2sO7TTbdCGqkke5XWJLW+t8ZNC5jOE6iZDTkeWafuCp2FIYhNWMoZjKu9mu62waTx5FTFOZsAX9OkRRYdvKAN2LcyBTBwZkmbLz+tWjZo5FwLRT1BNUp6M3+p2TsZp4BHdyHhtKUeiBr7PK
6WuDqbiaqtZNJs93wzR/8xJoQ+bBjXPrPJNUW4JZmSbRku3EuuimGGEAjiJUzcx3MWuM9ZBiO6Odu3U01gCGWMjIZMVkrFdJPxod0+xNG1+tQ7eX4/S/QZpRL2eq1db2kKi2vXssBGD4u5lRLXFRqtxcI93U1NsgDlH7lGsNIcT6zRclEy+fyFKPc6/8jjaA2B5d8Iq4iaq+CcKIypOJqY2h75iz/w==
XdYSMe5eQ/pBPlhuyBZ52/T2lg2l5AZa5iFQRyhteNLBndMnDd+9wPZ0jrwYjAxx5Rg/De/+FafMudM7PcdfI6PAV0WKNeeTCqFeEkDs3ol7GGwkKF8RJY2Fmc7MWMvplGAzpJ41M2BLeSkgKol/kZOb94yCa3vb3Hr+5EiatUTKjGGurm0KfGrnAU1d5Yess8s=
85tB3tkz8IVRpE8dVWATkpgRheAwUTdY9LKjaJja+tm0na0aPxSmwXmht6VhLhY8weihsoZv3VB25C7MWFzsQeIo392vjrU3TCmzi/0Xf1OjMHcVyoUHA4ox/uKAvL65eygMdOivsbUNFXl+jAjrGZQQE3RehVPwy+mJUGpZn6GTqxdcwhvbS1zqnlSISpU0ynxB/u7d6uzqd6G9nbXnnLP7
/BxTXZTfOEmeN2CPk7lHyiZ+bR6OK2GYIW6o2tCL+kATFCdBmJmqE2sO7TTbdCGqkkO5XWJLW+t8ZNC5jOE6iZDTkeWafuCp2FIYhNWMoZjKu9mu62waTx5FTFOZsAX9OkRRYdvKAN2LcyBTBwZkmbLz+tWjZo5FwLRT1BNUp6M3+p2TsZp4BHdyHhtKUeiBr7PK
EDBIpvd8I9Esc8w/g5hEFscOdbDGkZT19s3XmLybmxnsyR77h65BXE/EtVIOwCUl9vvPA9DEvNE4Mc5RLJPtva6uFIH0MnSswXy1oNa7xZb/nA5nciVge21gMaVGBO25Lxq0tefTjLuTtvDhLnNmLTfWGi1sFL88pwTT+4s6YUuFygwsW5LyM14h/Lmzs9Y=
NOiuSKXjiNySTtThpizx+GzPkqGtQBVMSgtumuoljLi2TF5U+KQ8aeQBDyUPFsWfjMGDk50vr7sjWCctKp03a8qZDnogxO6RewBcDEg3QR1NfUlmbDC7cRT4w0w+nWMYC0H5yMqhT4mTg8ekYoOr45wCrkzockXcShQRxg7F2oSq31ElPc23tLPT
u6Ly++e9mg/p0yodSZCEBvTsmgCnpU8S+TYJSmQyJ4DDhJInDd+9wPZ0jrwYjAxx4hk/De/+FafMudM7PcdfI6PAV0WKNeeTCqFeEkDs3ol7GGwkKF8RJY2Fmc7MWMvplGAzpJ41M2BLeSkgKol/kZOb94yCa3vb3Hr+5EiatUTKjGGurm0KfGrnAU1d5Yess8s=
2EJaeo/F8GTesanAyFMRYngxZFDNd4K9ac7ZDKHVO1zPjmUVIksrFLWvfYDhk10Z/QsHLEFVP6B4nddch3sUAb3lV3Sl6FqAM1MdPhu4TawHprSAHtDEk03nitSmFVq5PGVWsxcJ3Gb2ha7i7siDlIfUbDt/4s10TAPo9Tp/j6hDEbwkl43dktZx/cPWXxHewhUUM9zZhb4YyTaEJfjFDCFP8Zqbf/cC7qgBQuhXHMlOzYmz7A==
8NP/h86jWnqiu363GVNy4BEN6pCr+BdZlIc8VThlTU38CesFflFXBk4cn7eZ1C98+MjhdxcuMfyfBIUyHs40xMa7n6MgRCyxiPEecVyT3V1+7mQhZLLEzJG8RYDGu9W2D1xeB8Kl8NsdIOFFdgSdmf/aBNV3U3wbw/bAAT5zdk0HFsqNHJQv3BdEg9t7OlEr1Qr8jMsSQtOOYYyZo7PG
sn8UQBEh88QA3pSw55HErLlwOSpF3T74hxg7MaB3CC0EZXE1yPnfbVKxe26azMvvRRRzJCwYtd/7jl1Ua7TxiuJOSHwyC+sLzORAGVyhSqmA04GFqr4wyUjS6CSlzHF4+rvpTjssau/uxdwzSXA1nSpEQUGritB9G/OQs7dGNLlC84r1c6Y+JXA0w3RDlFeDJ/qNc4HaKOTn8m67upG44Z+z+g==
KWSeu8WcmbbK98MyyZs1NmsE66i60FG1Qn6QtLc984uvheX2u01lROfbCYTYF1hYfdTkxFqZ9B5FYiYy8pYQkigDLu+Sl3dQ4WW8n88xFbkb8QNW2/9y+7PxGqdieAgyOjv7roD+cDElJ73jxQQk5k97dLZ/3qY7J0Ibv9WKohfbY9Pt25aaRQ+ZLNxibuBkcRbqmm2U1iPenvphvaeVu+Oes/0=
Woi2oOkoar/Romki9rptOtz0khgVyWPFKNTxKM09tm8OIQJldznO4clhpIENQozU7QNjdFXICkBj842+qxg9bDfGpI4OMPTTvUc6VDa1ivnsRSazJ2kMJqZlPmIeqDNU9/R8O2/CvbT8Yxh1qp/f6JNxjCTnrQ3SBtFtQ2b/4Z7y9QQzzLm1fmhphgS1WJXMcW8Bmqufp8I+yJHCmLesib7tmbP8
qTLK2cc0xEdd2SBjmsDeavT2lg2l5AZS5DdCEyVkZoDBm5pzQ4rPwPZ0jrwYjAxx7xo+De/+FafMudM7PcdfI6PAV0WKNeeTCqFeEkDs3ol7GGwkKF8RJY2Fmc7MWMvplGAzpJ41M2BLeSkgKol/kZOb94yCa3vb3Hr+5EiatUTKjGGurm0KfGrnAU1d5Yess8s=
zspEKbJJ9+2ntr6opLoRpzoHmSo55pZjhs7pqeyktXERZvflBaNZXp9gEbzrbtAH/Zeog5G/DjRibWZJkO3yc3MBMNaKPWrC6hBfBCscSDtbKmHkkNvs1f7H8xivGdjkMwVxYuoJOSNSB83Orl3ws7gRaa5EEbLkYQD5fI3HVdp/d5uyEhBFYuwPQFniha2zyA==
SEu1vvHGagKnR8RXz9wG5hEMXzFhFNqBTN+tvktYXeyXBkSEaX9UU12HWlQWdWp5jAUGs8eprKYGpd5iPuiT1Bc0XDtPAl00XCM4dUpff2gzsWwkx+1tUuYRTUMGPwEeUrVkMyx5Ff4IKWYElRj1TJGvIZrL3wdCnojxwrh3DAnerbmz3A==
D47RM7zV6OfSSF+IAvtBW/KosPOQVTXxaQIm0jI2kPJoIyXI3ff38CGFvP+PkZVZ29EDdhsf8lvzkRpHotiIUnob+47AnvCR5ce9g4WkpAaPW3SWvz4mm2ciG18VKiJ3m0PTzZv2GuXPeSy8Is5ghLE26rqtdFaDnv76gX0HFdujvrPd
TyL1yJu5nAZAPPr42wXY5BMMXyBjAt6BTN+tvktYXeyXBkSCaX9UU12HWlQWdWp5jAUGs8eprKYGpd5iPuiT1Bc0XDtPAl00XCM4dUpff2gzsWwkx+1tUuYRTUMGPwEeUrVkMyx5Ff4IKWYElRj1TJGvIZrL3wdCnojxwrh3DAnerbmz3A==
52Kur+XN5vhFlYohC9H+WfKotuWMSDXxaQIm0jI2kPJoIyPI3ff38CGFvP+PkZVZ29EDdhsf8lvzkRpHotiIUnob+47AnvCR5ce9g4WkpAaPW3SWvz4mm2ciG18VKiJ3m0PTzZv2GuXPeSy8Is5ghLE26rqtdFaDnv76gX0HFdujvrPd
UBR+i3ge9qRAq3iCIZv2C/Kot/OeTTXxaQIm0jI2kPJoIyDI3ff38CGFvP+PkZVZ29EDdhsf8lvzkRpHotiIUnob+47AnvCR5ce9g4WkpAaPW3SWvz4mm2ciG18VKiJ3m0PTzZv2GuXPeSy8Is5ghLE26rqtdFaDnv76gX0HFdujvrPd
30XTaUtnhAFPzWMEEbeX+ROhgKTp/Zl8uJmgsthVbCH1nv6Xl9dJlJI5haRWkGYIiPiE9W6fuHl/Sv1DbN27j+0zl2fjhJ+xWgGP9ypFtiZQmNaNexxkUDhr+cGt4fH6HKwDrdQk+1BOgVsE653BlLr99xUTH3/4Et+TP3wellCYbn0GisipWn5ZYhhKA+l5TZGPqLPP
rKowFPJeC3IW/ZJE+fSKdJQW6+YmGDdS6enlNM2JqYbYk+xRYlf9/zanp6RtGxY3yu+npYw7rlB25C7MWFzsQeIq0N2vjrU3TCmzi/0Xf1OjMHcVyoUHA4ox/uKAvL65eygMdOivsbUNFXl+jAjrGZQQE3RehVPwy+mJUGpZn6GTqxdcwhvbS1zqnlSISpUyynxB/u7d6uzqd6G9nbXnnLP7
w38HOkOpzf32d7Oi5sudhLaAxhUugCN8NMbXY0wy0HXs5MWC5jA9b/omv4ysz/C5QR1kbRdEOD7XxgFaROerdY8CsmYS0Y31jok+h3jhFFosnU1lC0OvhIv1PB1jfC/5egmfr+qdJq6wUKa1eyQUmNjjaRltueHyPOSzVVRcS5huiUvcq8VRHNq1By0TJ4+wclcDZzzGhli4ps1+CjAZEl5RckCK23nxrVn/kLP3
w38HOkOpzf32d7Oi5sudhLaAxhUugCN8NMbXY0wy0HXs5MWC5jA9b/omv4ysz/C5QR1kbRdEOD7XxgFaROerdY8CsmYS0Y31jok+h3jhFFosnU1lC0OvhIv1PB1jfC/5egmfr+qdJq6wUKa1eyQUmNjjaRltueHyPOSzVVRcS5huiUvcq8VRHNq1By0TJ4+wclcDZzzGhli4ps1+CjAZEl5RckCK23nxrVn/kLP3
adcnWCoMpSFwqZ7js4FmJ+M4mFy9PI8dpj+7XLQTvP0aLBt55hRN8ZTvXIpd86V1MaZ1FSQwClcKVp0KM3JZzqTxRHgxpT04ZwFk4F6Y/xPVnQ0koY7g08kUrvLZw6jB98jU2nup/QwBDUBPkPEpP0KeRLMHKeymRiUeYn5oU9RXtJw7j4IdNJyjeHWK3z9oczGsJIdtrVKmkY1DRr9BHpI1JDPs+VX+yKmmBNWYNUzRL+Wai1/HQl4IscJ490wJHi35s5w=
/pfNJm6c4vtf6Jru3gqej/rhJv632qFGNgrfPEJkzDrlWoTe8JEIi3FL8RsaMJmT3hJFPXGvAsBBAqlAYC4lASoFUxN4vtJ+sA5iBWfP+KQPguwu/zfIY4r4a8S7NvTkdI93cJotijRhHw22Pr/6TqPieOhTc4fNA06j8xjfw+JzI2Ify316c2pEuLbiV/vaaGKgFR3rHXeN+FQi19c0gleCNl/fTvvrXTaSE4OPUxmzisrht9UMyKoSECBpPiouxUjGx6YSmrW1myU/O/KziQ==
Rodd+4KoEh0879BkzeW1xqG2XuaEp+Lgi3SExqWBsgIHx9Wg06plNXPwyzQhewuBI9pHTdOtpFZsMwccKbHcg9c1BdUzBUMqYxvCdztluvs6vNgeUg/7kvjagP1tc11/XYC0CucPtEpHupY3L1Y7Yw3O8rsz11NRIzLqCcdNTMB6avAIWeaq5tVwZq9WClo95WNFl4uqs8E=
DeKRtlgOuTagskk98yptshEMbyIkH5gyV8s6WuelqIkJJXk1SDk3D/V/MDNU8eUrFPVFhHsWJBPtJ6rUhtU6OdwlNrM3SXzmVsVO4o4IYxQnFEw7XyJt9KzDiPXaPy8o41GcJPfNPRK2sd3D9p+xXiLVdDM8meU+uIkWhAW4JYxBjxWau79Xgk5oYUIIF3xJ7o2ps8w=
ki+vBMg2w0JfBsmV8+cmFt/4242Yog+Y1FQMv6lj2N23iAxpRuYQl1yK3nQIqlWRytwBnm79Kgzq1+HdHZUnfLMb
SNQ/iHfYj+EPR/uP8QUPcBkJ5piuzERDmrpzRSIsLk+vM9crT0REFE1Z2aiPl2V88NzqVHp3YdqrKZ9LGJFumpq7hrJtWWq1i7cQal6T3V1+7mQhZLLEzJG8RYDGu9W2D1xeB8Kl8NsdIOFFdgSdmf/aBNV3U3wbw/bAAT5zdk0HFsqNHJQv3BdEg9t+OlEr1Qr8jMsSQtOOYYyZo7PG
pVq5IkNc549y0q43vLl88rSMkYeG+c9kb4jNmMSmhFQ91ipqqHiZt282pn4OEhE5HZZCHQfpGK65U4KrrIKApz/mbcnf588jBLTtIh2ohL/+8gOJ1/ow5RWsDZcXrjRFzYudNqe/CXuNC0cPY2zPibpZPx9qbUZ+8GCGpXs0NKiYMwnp7QlBovyUU0VUTCtoLlnrbCu1sUwahSc9EzevgLIH4xe8diaI+FatbQog+WKeAdLwCisZIe1p34Cz5w==
pg8jPTtxqoASb+fo0hVaAB5hpJUnE6jvXt87ajVlP4YeKiey9ikh7+/oJFluRv0NpHTbBDv037MKemWDCfoQVP+yFqviMbAxd7MS
DBtu5XAWpP44dxihfzMRiTfV4vL36NM2V8nVOpp5U2epHx8aHX/Ntemwg0BOVRSlRuRRb28l1JRBTSVcOzqu3ahyWBdPYmB6teI6BHXYVcwx70ua6x/nwn5I0cLYN2yJfm1Zszw=
uW0fHBIHXeg4AkzRxPYkbPaEJ1eNrSoBhh6IHc/VDwesVF1eWt65kPkuSkoYFZvhkQm2gJ9cU/lIlmdcdNDki7mXkHk3LESdVtL4E/xOtkDY3t06ivgJ6r5JQsjK0wlpjWFvWLM/
gJTVtZhWrKYWZTo1S2AcCxd+YCxRRiViWuLBrAkSMvb4qeNdYbXOPF9gK8W4qh9glOycN0kr6MW3kDwhpm6ALxxyznwo4qUGSkRxVk71OnQqb3FVfV0XZLMD
RTZTUz/kk/lCUlcVAyJwTippy9cvmVEZQ08tZlrmybgZBhoS2M3LiTHhBvgfpOOR6H63BDQINKPZv2BBNxS0tTb6KMu8FmaoeLZtwgqAuQIeIRIQCotZQW1JH2CzBw==
t/Dm/XOk9QPXBrNLVzvo2gNa5PIeq3ADdE8tZlrmybgZBhoS2M3LiTHhBvgfpOOR6H63BDQINKPZv2BBNxS0tTb6KMu8FmaoeLZtwgqAuQIeIRIQCotZQW1JH2CzBw==
6SfsMSX16rxFkJVw5vbhrnM1mRjFp93noeDaZE02kZyGhEg/f/eJC6qevwaHPwDEy7LEWmB9AfUsh/dWcHt+oPQd7CSSlgCcgeRqYp1sNtsuZjqZTV91QxNmswU=
IlOHcnbX1sbvjGWnenlIsraAxhUugCN8NMbXY0wy0HXs5MWC5jA9b/omv4ysz/C5QR1kbRdEOD7XxgFaROerdY8CsmYS0Y31jok+h3jhFFosnU1lC0OvhIv1PB1jfC/5egmfr+qdJq6wUKa1eyQUmNjjaRltueHyPOSzVVRcS5huiUvcq8VRHNq1By0TJ4+wclcDZzzGhli4ps1yCjAZEl5RckCK23nxrVn/kLP3
boxNDARY2liEGBAWa2H8KR6xsbMxk8X0llc8/2MlUXl3fXP9THkp7egC7kp9dG9cOznVK8yPX5lzbonLsdMMWMnZfux+XZT/+sapuexVir42Kr4Y44mL7ZRNJ0o2hZKmQY3X2RSG7b5PSgy2b98IG7rwRZhpnnRchMcXaIpFyszRl61ubpf6dtMqmHDDm0e1M0aDq8h3Q1qDawIH2xU6i9rMGG6yf/viGKpAjY0D3Q+98HR6B3+0OqfKVkfPJrsT7b4yy9OnUyHDQip5Jz3MsJoaMHi5mKqWNQCm37Z62k0FE4Xna9qzsQ==
Xl1x7a7lcJbbtvRdMUf7ZYKn4g8vV6vVee0tPEMZu7MgaueOuLGio4YRhSchn7GyarCfBEK86sC6dXue3qi9LvBcBp/3M5BEKzUSlvwSKYBfKosROBtyGrCr0bw8GiHHCFNalgdtMdHHsD31VvCsLGXxa/sPBONqWrsTINwia7cyCY3M9prZLYfEG3lyn+JF81d4egYThU3WTlwR7PLMnAncrfA+uy3G5zzGV8rleOslgElVLoTFiZc6fCX/k3TLW9bosYZzzv0vNlLdFNSnrO8ka8upuok7farEvEPSSgMWgeRp27O+
OQ+4xuRkbXfJuqztYW0iBq8aHdWM/BvwZt5G/TT4AnVRuaQkHjjb3+d+JM4ndcOV+G0qufik9tecraso5KSjuMLhRCFo8+KYD6qM1q//CDt6kM59Lr50fMQnlwhKZcrsEfctji63+laTyhgQA7tHlfMmA0uIV0N6w4uCZxs1OqsarJiO8l/7wlhKwO1NI90vfZD0mkdftBrnKtYnDwa7My3esiuTh1MBg6KqGecdzJBaerCY+bCptnXgJr92WtptxXMFByv6s5E=
NwFAZHW5Nkfl3obMM0bgwZLXMJHT68Xs3AbJP96BRj7rbVRSCknGnoEeNTJzcO7wMtSN0rS/7TfsEWfVRZbZIWCa1+TZV9cxvUPzdZ+WidniuA3MqRDWjX7Qx5sYTgJjE/h2SgsjKnsogg1tO8W1mB8QaK/4aKcw2K9lpAn+6DORpFaywdOQoX8YvNqT+XXsOR1Yj+hB8V9Kbuwz7xnkhp5VpqJmeKt032S0O6dSlZRks2C1Mq/nSHsBRKQvnaUyfiH1g16vef4aZcwzhCndnvC5vkQtKG2s2V9LGeNvz2IG+AmCYOc0qZZ90bO0
o37oFfWUtWPxuedkNgenZpLXMJHT68Xs3AbJP96BRj7rbVRSCknGnoEeNTJzcO7wMtSN0rS/7TfrE2fVRZbZIWCa1uTZV9cxvUPzdZ+WidniuA3MqRDWjX7Qx5sYTgJjE/h2SgsjKnsogg1tO8W1mB8QaK/4aKcw2K9lpAn+6DORpFaywdOQoX8YvNqT+XXsOR1Yj+hB8V9Kbuwz7xnkhp5VpqJmeKt032S0O6dSlZRks2C1Mq/nSHsBRKQvnaUyfiH1g16vef4aZcwzhCndnvC5vkQtKG2s2V9LGeNvz2IG+AmCYOc0qZZ90bO0
0Jelv9JBOIIkTKl64UOZHJLXMJHT68Xs3AbJP96BRj7rbVRSCknGnoEeNTJzcO7wMtSN0rS/7TfsEWfVRZbZIWCa2eTZV9cxvUPzdZ+WidniuA3MqRDWjX7Qx5sYTgJjE/h2SgsjKnsogg1tO8W1mB8QaK/4aKcw2K9lpAn+6DORpFaywdOQoX8YvNqT+XXsOR1Yj+hB8V9Kbuwz7xnkhp5VpqJmeKt032S0O6dSlZRks2C1Mq/nSHsBRKQvnaUyfiH1g16vef4aZcwzhCndnvC5vkQtKG2s2V9LGeNvz2IG+AmCYOc0qZZ90bO0
SGu0BNeEEvYoKPDO+25fC5LXMJHT68Xs3AbJP96BRj7rbVRSCknGnoEeNTJzcO7wMtSN0rS/7TfrE2fVRZbZIWCa2OTZV9cxvUPzdZ+WidniuA3MqRDWjX7Qx5sYTgJjE/h2SgsjKnsogg1tO8W1mB8QaK/4aKcw2K9lpAn+6DORpFaywdOQoX8YvNqT+XXsOR1Yj+hB8V9Kbuwz7xnkhp5VpqJmeKt032S0O6dSlZRks2C1Mq/nSHsBRKQvnaUyfiH1g16vef4aZcwzhCndnvC5vkQtKG2s2V9LGeNvz2IG+AmCYOc0qZZ90bO0
alqozM59l7ZW74dHrPi7WpLXMJHT68Xs3AbJP96BRj7rbVRSCknGnoEeNTJzcO7wMtSN0rS/7TfsEWfVRZbZIWCa2+TZV9cxvUPzdZ+WidniuA3MqRDWjX7Qx5sYTgJjE/h2SgsjKnsogg1tO8W1mB8QaK/4aKcw2K9lpAn+6DORpFaywdOQoX8YvNqT+XXsOR1Yj+hB8V9Kbuwz7xnkhp5VpqJmeKt032S0O6dSlZRks2C1Mq/nSHsBRKQvnaUyfiH1g16vef4aZcwzhCndnvC5vkQtKG2s2V9LGeNvz2IG+AmCYOc0qZZ90bO0
OzRzpgRGObECsihc5IqfH5LXMJHT68Xs3AbJP96BRj7rbVRSCknGnoEeNTJzcO7wMtSN0rS/7TfrE2fVRZbZIWCa2uTZV9cxvUPzdZ+WidniuA3MqRDWjX7Qx5sYTgJjE/h2SgsjKnsogg1tO8W1mB8QaK/4aKcw2K9lpAn+6DORpFaywdOQoX8YvNqT+XXsOR1Yj+hB8V9Kbuwz7xnkhp5VpqJmeKt032S0O6dSlZRks2C1Mq/nSHsBRKQvnaUyfiH1g16vef4aZcwzhCndnvC5vkQtKG2s2V9LGeNvz2IG+AmCYOc0qZZ90bO0
l8bjsDk703NANTPaPkojS5LXMJHT68Xs3AbJP96BRj7rbVRSCknGnoEeNTJzcO7wMtSN0rS/7TfsEWfVRZbZIWCa3eTZV9cxvUPzdZ+WidniuA3MqRDWjX7Qx5sYTgJjE/h2SgsjKnsogg1tO8W1mB8QaK/4aKcw2K9lpAn+6DORpFaywdOQoX8YvNqT+XXsOR1Yj+hB8V9Kbuwz7xnkhp5VpqJmeKt032S0O6dSlZRks2C1Mq/nSHsBRKQvnaUyfiH1g16vef4aZcwzhCndnvC5vkQtKG2s2V9LGeNvz2IG+AmCYOc0qZZ90bO0
zorpwNHPw0odoPI3X9obYpLXMJHT68Xs3AbJP96BRj7rbVRSCknGnoEeNTJzcO7wMtSN0rS/7TfrE2fVRZbZIWCa3OTZV9cxvUPzdZ+WidniuA3MqRDWjX7Qx5sYTgJjE/h2SgsjKnsogg1tO8W1mB8QaK/4aKcw2K9lpAn+6DORpFaywdOQoX8YvNqT+XXsOR1Yj+hB8V9Kbuwz7xnkhp5VpqJmeKt032S0O6dSlZRks2C1Mq/nSHsBRKQvnaUyfiH1g16vef4aZcwzhCndnvC5vkQtKG2s2V9LGeNvz2IG+AmCYOc0qZZ90bO0
OwvVFk7TmdQ6mNT7yfI76pLXMJHT68Xs3AbJP96BRj7rbVRSCknGnoEeNTJzcO7wMtSN0rS/7TfsEWfVRZbZIWCa3+TZV9cxvUPzdZ+WidniuA3MqRDWjX7Qx5sYTgJjE/h2SgsjKnsogg1tO8W1mB8QaK/4aKcw2K9lpAn+6DORpFaywdOQoX8YvNqT+XXsOR1Yj+hB8V9Kbuwz7xnkhp5VpqJmeKt032S0O6dSlZRks2C1Mq/nSHsBRKQvnaUyfiH1g16vef4aZcwzhCndnvC5vkQtKG2s2V9LGeNvz2IG+AmCYOc0qZZ90bO0
5fsQcSwQ7ifqfDFk+oCn7ZLXMJHT68Xs3AbJP96BRj7rbVRSCknGnoEeNTJzcO7wMtSN0rS/7TfrE2fVRZbZIWCa3uTZV9cxvUPzdZ+WidniuA3MqRDWjX7Qx5sYTgJjE/h2SgsjKnsogg1tO8W1mB8QaK/4aKcw2K9lpAn+6DORpFaywdOQoX8YvNqT+XXsOR1Yj+hB8V9Kbuwz7xnkhp5VpqJmeKt032S0O6dSlZRks2C1Mq/nSHsBRKQvnaUyfiH1g16vef4aZcwzhCndnvC5vkQtKG2s2V9LGeNvz2IG+AmCYOc0qZZ90bO0
qzuFPk+fXoVWIHhHBxVYf5LXMJHT68Xs3AbJP96BRj7rbVRSCknGnoEeNTJzcO7wMtSN0rS/7TfsEWfVRZbZIWCa1+XZV9cxvUPzdZ+WidniuA3MqRDWjX7Qx5sYTgJjE/h2SgsjKnsogg1tO8W1mB8QaK/4aKcw2K9lpAn+6DORpFaywdOQoX8YvNqT+XXsOR1Yj+hB8V9Kbuwz7xnkhp5VpqJmeKt032S0O6dSlZRks2C1Mq/nSHsBRKQvnaUyfiH1g16vef4aZcwzhCndnvC5vkQtKG2s2V9LGeNvz2IG+AmCYOc0qZZ90bO0
wKBCcuIINWiD5Mmr28qW5JLXMJHT68Xs3AbJP96BRj7rbVRSCknGnoEeNTJzcO7wMtSN0rS/7TfrE2fVRZbZIWCa1uXZV9cxvUPzdZ+WidniuA3MqRDWjX7Qx5sYTgJjE/h2SgsjKnsogg1tO8W1mB8QaK/4aKcw2K9lpAn+6DORpFaywdOQoX8YvNqT+XXsOR1Yj+hB8V9Kbuwz7xnkhp5VpqJmeKt032S0O6dSlZRks2C1Mq/nSHsBRKQvnaUyfiH1g16vef4aZcwzhCndnvC5vkQtKG2s2V9LGeNvz2IG+AmCYOc0qZZ90bO0
iZTfo1aM2FJxGEQnuOjFdpLXMJHT68Xs3AbJP96BRj7rbVRSCknGnoEeNTJzcO7wMtSN0rS/7TfsEWfVRZbZIWCa2eXZV9cxvUPzdZ+WidniuA3MqRDWjX7Qx5sYTgJjE/h2SgsjKnsogg1tO8W1mB8QaK/4aKcw2K9lpAn+6DORpFaywdOQoX8YvNqT+XXsOR1Yj+hB8V9Kbuwz7xnkhp5VpqJmeKt032S0O6dSlZRks2C1Mq/nSHsBRKQvnaUyfiH1g16vef4aZcwzhCndnvC5vkQtKG2s2V9LGeNvz2IG+AmCYOc0qZZ90bO0
+g3wCF7UN/mSHOGz2O/VF5LXMJHT68Xs3AbJP96BRj7rbVRSCknGnoEeNTJzcO7wMtSN0rS/7TfrE2fVRZbZIWCa2OXZV9cxvUPzdZ+WidniuA3MqRDWjX7Qx5sYTgJjE/h2SgsjKnsogg1tO8W1mB8QaK/4aKcw2K9lpAn+6DORpFaywdOQoX8YvNqT+XXsOR1Yj+hB8V9Kbuwz7xnkhp5VpqJmeKt032S0O6dSlZRks2C1Mq/nSHsBRKQvnaUyfiH1g16vef4aZcwzhCndnvC5vkQtKG2s2V9LGeNvz2IG+AmCYOc0qZZ90bO0
wRLdkqtVjpW53GUbWElEeyGMYcbuM2aFkJw13G5WUo9FcfmNoTHZah0VTGCWTQnKwn4B5I/i3ZS6Qh34bnhvRirpDYVJfD15dptxpz1UzOgjVL/NFFyFvEvFOZJ9brN+Ek1AN5AZyt5hmgaXBgQrhcR1B0LGXVIO0fW3kSSe7Vaf8qw+H4dIM6oIpVDZBvQ01P83YHqdCmRB780mXo/6ngOSOPizwwedI75jY3jvwzLTUyIPK836I0q0eCaCZ/sKyBLgBf1bnSetCJSyt+c0Uvfydk8//nu7fcZSg+O/U8kT+orxV2WMmIri0LAJCCn+ZTiG10aiGuWVa+WvW8KzWQ==
HpAQIdmQstCynRXwnzJ105LXMJHT68Xs3AbJP96BRj7rbVRSCknGnoEeNTJzcO7wMtSN0rS/7TfrE2fVRZbZIWCa2+XZV9cxvUPzdZ+WidniuA3MqRDWjX7Qx5sYTgJjE/h2SgsjKnsogg1tO8W1mB8QaK/4aKcw2K9lpAn+6DORpFaywdOQoX8YvNqT+XXsOR1Yj+hB8V9Kbuwz7xnkhp5VpqJmeKt032S0O6dSlZRks2C1Mq/nSHsBRKQvnaUyfiH1g16vef4aZcwzhCndnvC5vkQtKG2s2V9LGeNvz2IG+AmCYOc0qZZ90bO0
YioKjUSNE1/CYnXrKEdEVlf7Z3u8Llb0R/X8ptfy8iIi0c1cLPzDQDcpKMTxALei4zsU6hn/dXYoepp++jLGpndv5XyA0QkrtcoW6edE1ZpY4Iz9yE38R5qcVbwenfrqy1cAw6/YSiMibIWzj7s4kO2keyRkhLMZ2LHebv0a5SjUJtAJ37q2I7rG1Wm1TALBuqwnhDACXx3XX5cY++kEgaNgl2UKFSczCsGecsCMHul7eKxEqD/RRY0lWe5MeAtJlMBzhB4Vc8BLmWnAqmk/cZN7t2wCizs73Nq+xMi69ebJLKGOLk3K3GqHwS3dhUfMs6s=
wRLdkqtVjpW53GUbWElEeyGMYcbuM2aFkJw13G5WUo9FcfmNoTHZah0VTGCWTQnKwn4B5I/i3ZS6Qh34bnhvRirpDYVJfD15dptxpz1UzOgjVL/NFFyFvEvFOZJ9brN+Ek1AN5AZyt5hmgaXBgQrhcR1B0LGXVIO0fW3kSSe7Vaf8qw+H4dIM6oIpVDZBvQ01P83YHqdCmRB780mXo/6ngOSOPizwwedI75jY3jvwzLTUyIPK836I0q0eCaCZ/sKyBLgBf1bnSetCJSyt+c0Uvfydk8//nu7fcZSg+O/U8kT+orxV2WMmIri0LAJCCn+ZTiG10aiGuWVa+WvW8KzWQ==
YioKjUSNE1/CYnXrKEdEVlf7Z3u8Llb0R/X8ptfy8iIi0c1cLPzDQDcpKMTxALei4zsU6hn/dXYoepp++jLGpndv5XyA0QkrtcoW6edE1ZpY4Iz9yE38R5qcVbwenfrqy1cAw6/YSiMibIWzj7s4kO2keyRkhLMZ2LHebv0a5SjUJtAJ37q2I7rG1Wm1TALBuqwnhDACXx3XX5cY++kEgaNgl2UKFSczCsGecsCMHul7eKxEqD/RRY0lWe5MeAtJlMBzhB4Vc8BLmWnAqmk/cZN7t2wCizs73Nq+xMi69ebJLKGOLk3K3GqHwS3dhUfMs6s=
wRLdkqtVjpW53GUbWElEeyGMYcbuM2aFkJw13G5WUo9FcfmNoTHZah0VTGCWTQnKwn4B5I/i3ZS6Qh34bnhvRirpDYVJfD15dptxpz1UzOgjVL/NFFyFvEvFOZJ9brN+Ek1AN5AZyt5hmgaXBgQrhcR1B0LGXVIO0fW3kSSe7Vaf8qw+H4dIM6oIpVDZBvQ01P83YHqdCmRB780mXo/6ngOSOPizwwedI75jY3jvwzLTUyIPK836I0q0eCaCZ/sKyBLgBf1bnSetCJSyt+c0Uvfydk8//nu7fcZSg+O/U8kT+orxV2WMmIri0LAJCCn+ZTiG10aiGuWVa+WvW8KzWQ==
YioKjUSNE1/CYnXrKEdEVlf7Z3u8Llb0R/X8ptfy8iIi0c1cLPzDQDcpKMTxALei4zsU6hn/dXYoepp++jLGpndv5XyA0QkrtcoW6edE1ZpY4Iz9yE38R5qcVbwenfrqy1cAw6/YSiMibIWzj7s4kO2keyRkhLMZ2LHebv0a5SjUJtAJ37q2I7rG1Wm1TALBuqwnhDACXx3XX5cY++kEgaNgl2UKFSczCsGecsCMHul7eKxEqD/RRY0lWe5MeAtJlMBzhB4Vc8BLmWnAqmk/cZN7t2wCizs73Nq+xMi69ebJLKGOLk3K3GqHwS3dhUfMs6s=
wRLdkqtVjpW53GUbWElEeyGMYcbuM2aFkJw13G5WUo9FcfmNoTHZah0VTGCWTQnKwn4B5I/i3ZS6Qh34bnhvRirpDYVJfD15dptxpz1UzOgjVL/NFFyFvEvFOZJ9brN+Ek1AN5AZyt5hmgaXBgQrhcR1B0LGXVIO0fW3kSSe7Vaf8qw+H4dIM6oIpVDZBvQ01P83YHqdCmRB780mXo/6ngOSOPizwwedI75jY3jvwzLTUyIPK836I0q0eCaCZ/sKyBLgBf1bnSetCJSyt+c0Uvfydk8//nu7fcZSg+O/U8kT+orxV2WMmIri0LAJCCn+ZTiG10aiGuWVa+WvW8KzWQ==
YioKjUSNE1/CYnXrKEdEVlf7Z3u8Llb0R/X8ptfy8iIi0c1cLPzDQDcpKMTxALei4zsU6hn/dXYoepp++jLGpndv5XyA0QkrtcoW6edE1ZpY4Iz9yE38R5qcVbwenfrqy1cAw6/YSiMibIWzj7s4kO2keyRkhLMZ2LHebv0a5SjUJtAJ37q2I7rG1Wm1TALBuqwnhDACXx3XX5cY++kEgaNgl2UKFSczCsGecsCMHul7eKxEqD/RRY0lWe5MeAtJlMBzhB4Vc8BLmWnAqmk/cZN7t2wCizs73Nq+xMi69ebJLKGOLk3K3GqHwS3dhUfMs6s=
wRLdkqtVjpW53GUbWElEeyGMYcbuM2aFkJw13G5WUo9FcfmNoTHZah0VTGCWTQnKwn4B5I/i3ZS6Qh34bnhvRirpDYVJfD15dptxpz1UzOgjVL/NFFyFvEvFOZJ9brN+Ek1AN5AZyt5hmgaXBgQrhcR1B0LGXVIO0fW3kSSe7Vaf8qw+H4dIM6oIpVDZBvQ01P83YHqdCmRB780mXo/6ngOSOPizwwedI75jY3jvwzLTUyIPK836I0q0eCaCZ/sKyBLgBf1bnSetCJSyt+c0Uvfydk8//nu7fcZSg+O/U8kT+orxV2WMmIri0LAJCCn+ZTiG10aiGuWVa+WvW8KzWQ==
YioKjUSNE1/CYnXrKEdEVlf7Z3u8Llb0R/X8ptfy8iIi0c1cLPzDQDcpKMTxALei4zsU6hn/dXYoepp++jLGpndv5XyA0QkrtcoW6edE1ZpY4Iz9yE38R5qcVbwenfrqy1cAw6/YSiMibIWzj7s4kO2keyRkhLMZ2LHebv0a5SjUJtAJ37q2I7rG1Wm1TALBuqwnhDACXx3XX5cY++kEgaNgl2UKFSczCsGecsCMHul7eKxEqD/RRY0lWe5MeAtJlMBzhB4Vc8BLmWnAqmk/cZN7t2wCizs73Nq+xMi69ebJLKGOLk3K3GqHwS3dhUfMs6s=
wRLdkqtVjpW53GUbWElEeyGMYcbuM2aFkJw13G5WUo9FcfmNoTHZah0VTGCWTQnKwn4B5I/i3ZS6Qh34bnhvRirpDYVJfD15dptxpz1UzOgjVL/NFFyFvEvFOZJ9brN+Ek1AN5AZyt5hmgaXBgQrhcR1B0LGXVIO0fW3kSSe7Vaf8qw+H4dIM6oIpVDZBvQ01P83YHqdCmRB780mXo/6ngOSOPizwwedI75jY3jvwzLTUyIPK836I0q0eCaCZ/sKyBLgBf1bnSetCJSyt+c0Uvfydk8//nu7fcZSg+O/U8kT+orxV2WMmIri0LAJCCn+ZTiG10aiGuWVa+WvW8KzWQ==
YioKjUSNE1/CYnXrKEdEVlf7Z3u8Llb0R/X8ptfy8iIi0c1cLPzDQDcpKMTxALei4zsU6hn/dXYoepp++jLGpndv5XyA0QkrtcoW6edE1ZpY4Iz9yE38R5qcVbwenfrqy1cAw6/YSiMibIWzj7s4kO2keyRkhLMZ2LHebv0a5SjUJtAJ37q2I7rG1Wm1TALBuqwnhDACXx3XX5cY++kEgaNgl2UKFSczCsGecsCMHul7eKxEqD/RRY0lWe5MeAtJlMBzhB4Vc8BLmWnAqmk/cZN7t2wCizs73Nq+xMi69ebJLKGOLk3K3GqHwS3dhUfMs6s=
wRLdkqtVjpW53GUbWElEeyGMYcbuM2aFkJw13G5WUo9FcfmNoTHZah0VTGCWTQnKwn4B5I/i3ZS6Qh34bnhvRirpDYVJfD15dptxpz1UzOgjVL/NFFyFvEvFOZJ9brN+Ek1AN5AZyt5hmgaXBgQrhcR1B0LGXVIO0fW3kSSe7Vaf8qw+H4dIM6oIpVDZBvQ01P83YHqdCmRB780mXo/6ngOSOPizwwedI75jY3jvwzLTUyIPK836I0q0eCaCZ/sKyBLgBf1bnSetCJSyt+c0Uvfydk8//nu7fcZSg+O/U8kT+orxV2WMmIri0LAJCCn+ZTiG10aiGuWVa+WvW8KzWQ==
YioKjUSNE1/CYnXrKEdEVlf7Z3u8Llb0R/X8ptfy8iIi0c1cLPzDQDcpKMTxALei4zsU6hn/dXYoepp++jLGpndv5XyA0QkrtcoW6edE1ZpY4Iz9yE38R5qcVbwenfrqy1cAw6/YSiMibIWzj7s4kO2keyRkhLMZ2LHebv0a5SjUJtAJ37q2I7rG1Wm1TALBuqwnhDACXx3XX5cY++kEgaNgl2UKFSczCsGecsCMHul7eKxEqD/RRY0lWe5MeAtJlMBzhB4Vc8BLmWnAqmk/cZN7t2wCizs73Nq+xMi69ebJLKGOLk3K3GqHwS3dhUfMs6s=
YioKjUSNE1/CYnXrKEdEVlf7Z3u8Llb0R/X8ptfy8iIi0c1cLPzDQDcpKMTxALei4zsU6hn/dXYoepp++jLGpndv5XyA0QkrtcoW6edE1ZpY4Iz9yE38R5qcVbwenfrqy1cAw6/YSiMibIWzj7s4kO2keyRkhLMZ2LHebv0a5SjUJtAJ37q2I7rG1Wm1TALBuqwnhDACXx3XX5cY++kEgaNgl2UKFSczCsGecsCMHul7eKxEqD/RRY0lWe5MeAtJlMBzhB4Vc8BLmWnAqmk/cZN7t2wCizs73Nq+xMi69ebJLKGOLk3K3GqHwS3dhUfMs6s=
cLv2EaXevQMBs08mBDu4kwrAQOizG5Pr5Re5M2uPKI/Ghd50zzJOTRVz6lwArdvzdTq7ixaVDmw65YxsbOGBWZSjkPvVkWa8+B64w4nYZCNu0AF/+VmFfNZ5ev1fS9dabL/7o5VPyQOcgXycA5ZLWf1dtbAOMo83JuMISVBtMnOzgXDWyr2qwiqQHwRrnIg7m6oh5NBbLNU+R7MY75kY5POFsWKqiXkjkocNzu7dsLN4kamuBJHy5KGAOXzNRxPbP/ZbstKQBWKsj4BZIgXts4g=
lUXOWvfgTYfa5L+hjwcC6Mrmgzagdknn82RFyFPR0nlDamTtXZXa9vBV52+gnh42HrCi17cgG4PrfBxx42JDqH5z6ku60z+FVKyKCrLLg9xmI2zUC3fzTfds5G2Q1XWvtXqO29GL/5v7U27VNlRJUokZP5n/eERmfWeUN2Lh+gnQ09Fl2n4gKRhSWASVjOEYCrsZLqtsWs9eRYzTWbBFfXpEEeEbysBdy3Ng00cGpBly87pV42ZOxQC0k1RTVOcj8ftdEnGaOIQ3ct6bilEoAe+zig==
m4uR7o6LUmev4I//B8GU5rdYHG2maDVWLZ/aXD+O3IplyiwYMmOEC6S+3Qc4thX0QsBJXg7Wcyzdp8Zbwvk+EMJ4OSVnqgvfNHOQNUcOWuWj7VaE83bTDORt5wdp6Nkm6v9Jbh8KNVCr92/ROOT06rme+xDc4Zgmz31d1T2H32OjANeFinVn0wrh3tJALF7Je1js5CifkWWNxRmOzJhLKZQgs+Se9bOgS7mpYCrJ/1GTW3fMgiv7G9y6fiRI2jUCy0zgbq4tijxqp4GNXSUH7LOL
vEL9nV6FDhSJH8xPp8nh37dYHG2maDVWLZ/aXD+O3IplyiwYMmOEDaS+3Qc+thX0QsBJXg7Wcyzdp8Zb7u4+Gd52LiVnqgvfNHOQNUcOWuWj7VaE83bTDORt5wdp6Nkm6v9Jbh8KNVCr92/ROOT06rme+xDc4Zgmz31d1T2H32OjANeFinVn0wrh3tJALF7Je1js5CifkWWNxRmOzJhLKZQgs+Se9bOgS7mpYCrJ/1GTW3fMgiv7G9y6fiRI2jUCy0zgbq4tijxqp4GNXSUH7LOL
6regWGz/4WeUP0B1vBBD5GIaPKz68U6+s7uPQiaMhHKxbcWgqfs1qy1JPQjP7GDzhekFBRC9kMvgRLkp7Ew3whrY6FXXT1+0f80kBYwPTwBe56PrWo7rSMd+1HubHUGGPQSKGWVE51QBgvvBs6vwKrAoedg3WoQfzJQ/K+EPVSl7AQOmu28y65NBmhdCaMii2kv73mBusCEFlz1T5RRkdi+LdEYfTuYrB/KbD/WaYoc7E9OdOwZaVS8prGxCfqD0EeDragwEljP+LnrRnbdVKwPus40=
MAiDLLOOLEkm+0wOaNiqd7dYHG2maDVWLZ/aXD+O3IplyiwYMmOEDaS+3Qc+thX0QsBJXg7Wcyzdp8Zbwvk+Dt95MyVnqgvfNHOQNUcOWuWj7VaE83bTDORt5wdp6Nkm6v9Jbh8KNVCr92/ROOT06rme+xDc4Zgmz31d1T2H32OjANeFinVn0wrh3tJALF7Je1js5CifkWWNxRmOzJhLKZQgs+Se9bOgS7mpYCrJ/1GTW3fMgiv7G9y6fiRI2jUCy0zgbq4tijxqp4GNXSUH7LOL
bbdzj124A3WGO5wWUcM9OmIaPKz68U6+s7uPQiaMhHKxbcWgqfs1rS1JPQjJ7GDzhekFBRC9kMvgRLkp/Uo11x7M6FXXT1+0f80kBYwPTwBe56PrWo7rSMd+1HubHUGGPQSKGWVE51QBgvvBs6vwKrAoedg3WoQfzJQ/K+EPVSl7AQOmu28y65NBmhdCaMii2kv73mBusCEFlz1T5RRkdi+LdEYfTuYrB/KbD/WaYoc7E9OdOwZaVS8prGxCfqD0EeDragwEljP+LnrRnbdVKwPus40=
fkcvZY4cz2CS+YREGVUgVwrAQOizG5Pr5Re5M2uPKI/Ghd50zzJOSwQrskwWpo+scjmuolD2SS4tvZssaNOGT4G+kPvVkWa8+B64w4nYZCNu0AF/+VmFfNZ5ev1fS9dabL/7o5VPyQOcgXycA5ZLWf1dtbAOMo83JuMISVBtMnOzgXDWyr2qwiqQHwRrnIg7m6oh5NBbLNU+R7MY75kY5POFsWKqiXkjkocNzu7dsLN4kamuBJHy5KGAOXzNRxPbP/ZbstKQBWKsj4BZIgXts4g=
p/Uf3mHhac5MjPelDyozAArAQOizG5Pr5Re5M2uPKI/Ghd50zzJOSwQrskwWpo+scjmuolD2SS4tvZssYcCMUoG8kPvVkWa8+B64w4nYZCNu0AF/+VmFfNZ5ev1fS9dabL/7o5VPyQOcgXycA5ZLWf1dtbAOMo83JuMISVBtMnOzgXDWyr2qwiqQHwRrnIg7m6oh5NBbLNU+R7MY75kY5POFsWKqiXkjkocNzu7dsLN4kamuBJHy5KGAOXzNRxPbP/ZbstKQBWKsj4BZIgXts4g=
vIjWD9IcxO+0GzFOLLrreMp5w0uvgp1AvhFly8VFMkhl9kf4bu/2+uMl4j5CfAPdmFGlvY8ZYDxM6uN7jMGzNQ39FWw+PTAE5iMT3bCMrvKe23/UYiNo3Pdn37XTTAA1vCUp53E6yhONOxPDX7MKbdrE9doNmbsRQ+go3pkHMO8OUSZBFBOVrQYODPF8cnx8uZydEA67HSbXfHa3emXoC3XAmbU+hNWpx3qshW8ThGsrlhiR9nM+3V/2on1kVDcMv+S767W7mVotahTc01L6Y6ZB1Anrs44=
v2pawg7Ov8WeMIPlIZGELCkfg7d6/hliED4MWyvL4NAOT3mBjHjJ3trEDWZhzSvPnMIuDOgyxRtLVJAGDgVaxKof0eU9jTd0sxM=
yVBEyYdFvOAlO+uAkC9JaZwFinpShUtEvq4hDSOE/4nRUkElUpK3nMVBh6C58gJnOILtBiBPQPjTQ6t6c0OPXc7Z4sQ9iL1sqX/eG3OOfyLWGBkCkEdEaUYdYbME
48V35XGw35W2lzM3Wb7THut/NMAPI4yNkm2Qz+2dheJm+TW80JiFfIRwC7/5FPipOCEFGhdAOx8d3//I3qXIohCVfCbhQpjYEvCEiMLf2Jibk0N6GxNUslJTmoTleIUM4c82m9v+NwIuKEFCKNfcyQ5NSbMs
6pUI6PpHKAVAB82uggol+kR1gdAieg7OHl66783Al+lYYG7Iqu8QOOMju3pjo6wSGmNyRI3oTSz5n+4bg64v4ma46YIApxQptj1xsxQ=
opXYGWF4bz1N5hUAJhDveBABfa3dgKOGIK9KZleW2gtyENF3cTqp9w21fJ0Y1Adsz6QLC0G5KXpdKiR8I9Lqw/YBhCl7sx4=
4LftoYVSxHOFDwHAeB2do1MnhLkPYUc1g4X7Q60BmWKsCxCDxctEBg2cmgJBjzYHBZ1stPImwOyh/GlyvBz2a072ugmt7zWzM3azFQ==
zfMQudXjIqJaoM3oqvKaMCkFhbdm5hhiED4MWyvL4NAOT3mBjHjJ3trEDWZhzSvPnMIuDOgyxRlJVJAGDgVaxKof0eU9jTd0sxM=
LnTXjpOlHtjWwKvORrT8am3JlV9kWsqqijUMB8odVLff4rRwxW+qGgBtqelsUPnG2tw9XY6h4ffcOn6kSFo1gcnM4O6urYq8aieBDV2lB2yzCw==
AtyPfVbVVK/pUhbZEPDpTCgFhbdm5hhiED4MWyvL4NAOT3mBjHjJ3trEDWZhzSvPnMIuDOgyxRdJVJAGDgVaxKof0eU9jTd0sxM=
zXCYPeNty3qdwJapl8CAFm3JlV9kWsqqijUMB8odVLff47RwxW+qGgBtqelsUPnG2tw9XY6h4ffcOn6kSFo1j8nM4O6urYq8aieBDV2lB2yzCw==
dzpzDC9l0XlS5VkcAzlJrCkfg7V99BhiED4MWyvL4NAOT3mBjHjJ3trEDWZhzSvPnMIuDOgyxRhOVJgHDgVaxKof0eU9jTd0sxM=
HEDaDENfeisNw2aB1vlsPm3JlUViWNG4ijUMB8odVLff4q52x3S4GgBtqelsUPnG2tw9XY6h4ffcOn6kSFo1gM7M6O+urYq8aieBDV2lB2yzCw==
NBZFtkBVmaSTBcLRGrWKF/XM60pNY9GJlH4s3NK8hGnsW5HvmJYTQUd04tnfXSUVwvErFXF/xOPstBNU01RnI3z+3RrwmriEt3JemwpRqAFvswo=
+hfujkIuvdBnlRKfqx+Z92qMl6cNBub1gAcVVlq5y+B1ymZ3PIrxJlyHhIh32yf6/9srrYqRHuQhgLl8TUee3r/+2rJSkIViLI8AWaIFbbMI
qqQngpvav2UEa3OzC4GSuCSwgg+X+rEdZ0tQZotOABwkPpjn9K1rbH449N4SpZT9ZWQZTqQTsOjW5zRIJ/vX+o/76OI+a45k0SDpvH0njt6v3iryAnA14rwvcJlyZV2zOA==
AKmqAZ3XcXsyOBbom4N1iKxnHn5jBp91nanyWcxCkf6a/ktl72M7xpevpgRWbXuWfJ/Q/3iKDQAxk4Ko041KzwZmWIoaLqoZ4d0uVVETcgmqpemYnfU3zn9vZJimCric3RM67a07ntEPxiABfLgcMbYXje5G9XN0gRk01NE31rwFpw5N90ecolpTWZVy3tiZQJJgVE2siQgCuxE+w0yCn2aF1GOhEO2N8sSZUXMqeC0TsxgDn2aMCXrzskXLhhaV+PTLpOs0D5N0ftVq2DpANO8y5kvSccAR57OC
nZSXkL4wZhYFjOJOSshgBmAMj8nh8euFBeI2a2OoPu9EfnlCL4xvtIllZ98A4PUt7GgRLWmNQV/QSm025qUXRheF7Ud2p4lkhvzGrgi5dwtkJdyVH5GP7jHCeW9ilKASrpArI0zBuyO4PSmmBu1a4ModwCd7ohAttTjH2XKYF++A8PMXeOEhHzpO/DP/edRGTjU2IpbY2zQPhIQ7l7JF1BQTkDWizzeIS2FUpD+91XKugWUD7k/JvkpFPDP0CQ1eQNkOxL2IPWwpf1Ib84X+IlYYmQIQR8Rpxh3hs4Q=
gVdMoNyLGVj6Kyv8jI/ZCWIH8hdbw62c5rK6+TW/8OctV/SylRAahskxqJvq4MwQWvqwGPk5qzZ/YSY/dtra7cXzBYcrerMR
1swcgRKLKobViLyZEtJ0Iw+ewy7QctQXm2e4PG6j4S089FFSWkiV6tFhsyP8LnagWH4dU4kYQ0s+KQIoyvPJyQ2BL3izHw==
NKu6LMr4cvnISM+vb6LEDU09y4BfsXEuGi5DFjGezuFAVXmBjHjJ3trEDXVuyTHPnMIuDOgyxR9JVJsHDgVaxKof0eU9jTd0sxM=
QH90aUEX8ot5ODH7a5UiTw6ewy7QctQXm2e4PG6j4S089FFSWkiV6tFhsyP8LnagWH4dUYkYQ0s+KQIoyvPJyQ2BL3izHw==
OB6ATvgYPPHDKVE2weQeZ009y4BfsXEuGi5DFjGfzuFAVXmBjHjJ3trEDXVuyTHPnMIuDOgyxR1JVJsHDgVaxKof0eU9jTd0sxM=
BFvzKMoD0Bz+Y0uX33b9kg2ewy7QctQXm2e4PG6j4S089FFSWkiV6tFhsyP8LnagWH4dVYkYQ0s+KQIoyvPJyQ2BL3izHw==
Ci0V/83wXNqA+SCYlfq2d009y4BfsXEuGi5DFjGczuFAVXmBjHjJ3trEDXVuyTHPnMIuDOgyxRlJVJsHDgVaxKof0eU9jTd0sxM=
+K8ezeD3vxbHpm17lP/+IAyewy7QctQXm2e4PG6j4S089FFSWkiV6tFhsyP8LnagWH4dVogYQ0s+KQIoyvPJyQ2BL3izHw==
IojVF3UvwX4XazNp2GIK5k09y4BfsXEuGi5DFjGdzuFAVXmBjHjJ3trEDXVuyTHPnMIuDOgyxRpIVJsHDgVaxKof0eU9jTd0sxM=
zpw1+PJPXsf4kSEvteO5Xguewy7QctQXm2e4PG6j4S089FFSWkiV6tFhsyP8LnagWH4dVIgYQ0s+KQIoyvPJyQ2BL3izHw==
zM87FYeHUzUNqQEl6gFukk09y4BfsXEuGi5DFjGazuFAVXmBjHjJ3trEDXVuyTHPnMIuDOgyxRhIVJsHDgVaxKof0eU9jTd0sxM=
4OWy1/GgCwDoXwO4Y2gJZAqewy7QctQXm2e4PG6j4S089FFSWkiV6tFhsyP8LnagWH4dUo8YQ0s+KQIoyvPJyQ2BL3izHw==
/K5A+OPo+HLffnMhsJPv4k09y4BfsXEuGi5DFjGbzuFAVXmBjHjJ3trEDXVuyTHPnMIuDOgyxR5PVJsHDgVaxKof0eU9jTd0sxM=
tDpQkTN6SgTw29W/QJ+X5wmewy7QctQXm2e4PG6j4S089FFSWkiV6tFhsyP8LnagWH4dWo4YQ0s+KQIoyvPJyQ2BL3izHw==
nz9ceCbt7TdvJTNRrg6pW009y4BfsXEuGi5DFjGYzuFAVXmBjHjJ3trEDXVuyTHPnMIuDOgyxRZOVJsHDgVaxKof0eU9jTd0sxM=
7cV4CS3RGOVdJLATUa7t8Aiewy7QctQXm2e4PG6j4S089FFSWkiV6tFhsyP8LnagWH4dW44YQ0s+KQIoyvPJyQ2BL3izHw==
V0i3S5umIPMuAHgkacQ+rk09y4BfsXEuGi5DFjGZzuFAVXmBjHjJ3trEDXVuyTHPnMIuDOgyxRdOVJsHDgVaxKof0eU9jTd0sxM=
pRmdSKU/2szwwuMR/YJCmgeewy7QctQXm2e4PG6j4S089FFSWkiV6tFhsyP8LnagWH4dU4sYQks+KQIoyvPJyQ2BL3izHw==
THwDJ2ERyoS6RkMjaSS1fU09y4BfsXEuGi5DFjGWzuFAVXmBjHjJ3trEDXVuyTHPnMIuDOgyxR9LVJoHDgVaxKof0eU9jTd0sxM=
LReHB+Lg1PHKiyHpa0+WLAaewy7QctQXm2e4PG6j4S089FFSWkiV6tFhsyP8LnagWH4dUIsYQks+KQIoyvPJyQ2BL3izHw==
LXZ/5ptIyyRgUk8ouM60v009y4BfsXEuGi5DFjGXzuFAVXmBjHjJ3trEDXVuyTHPnMIuDOgyxRxLVJoHDgVaxKof0eU9jTd0sxM=
zDlaZ+aNryrtKerow9ivbRBSS7XdgKOGIK9KZleW2gtyENF3cTqp9w21fJ0Y1Adsz6QLC0e7KXBcKiR8I9Lqw/YBhCl7sx4=
1uuLJiz7f6cGBsQ9M/9z9HoBue9EE+bxVMt0c3R1aqA6eHyj5mAl7/26JW9qSuwvpHTbBDv037MLe2WICPoQVP+yFqviMbAxd7MS
ktj2ZKyU0V+AWMY0DAsamxFSS7XdgKOGIK9KZleW2gtyENF3cTqp9w21fJ0Y1Adsz6QLC0i7KXBcKiR8I9Lqw/YBhCl7sx4=
9gWwzWbgVdB9lhCREn1Kl3oBue9EE+bxVMt0c3R0aqA6eHyj5mAl7/26JW9qSuwvpHTbBDv037MEe2WICPoQVP+yFqviMbAxd7MS
yoUMbPR+izbFosUXLbcqUBJSS7XdgKOGIK9KZleW2gtyENF3cTqp9w21fJ0Y1Adsz6QLC0O6KXBcKiR8I9Lqw/YBhCl7sx4=
VPLVtw/tO1cgtJEqiPwWi3oBue9EE+bxVMt0c3R3aqA6eHyj5mAl7/26JW9qSuwvpHTbBDv037MPemWICPoQVP+yFqviMbAxd7MS
w1xgvqdZ2G/zWpNhFwBOKxNSS7XdgKOGIK9KZleW2gtyENF3cTqp9w21fJ0Y1Adsz6QLC0W6KXBcKiR8I9Lqw/YBhCl7sx4=
LWMVwpdj49r6IsBJF/isGHoBue9EE+bxVMt0c3R2aqA6eHyj5mAl7/26JW9qSuwvpHTbBDv037MJemWICPoQVP+yFqviMbAxd7MS
9LrWm/lQJ07+l6Sa75VQrBRSS7XdgKOGIK9KZleW2gtyENF3cTqp9w21fJ0Y1Adsz6QLC0a6KXBcKiR8I9Lqw/YBhCl7sx4=
SUN/xXMeeYSALnb0VuowZHoBue9EE+bxVMt0c3RxaqA6eHyj5mAl7/26JW9qSuwvpHTbBDv037MKemWICPoQVP+yFqviMbAxd7MS
4hVoro2/jIUqCH7LAJdwDhVSS7XdgKOGIK9KZleW2gtyENF3cTqp9w21fJ0Y1Adsz6QLC0m6KXBcKiR8I9Lqw/YBhCl7sx4=
cwuyA5bOGRjVQ63Y0oYdHXoBue9EE+bxVMt0c3RwaqA6eHyj5mAl7/26JW9qSuwvpHTbBDv037MFemWICPoQVP+yFqviMbAxd7MS
24ywB/nTjpfktGo7QRqGenxx+9g0A674Rdp0THR/Po4LNmaj5mAl7/26JW95Reg1pHTbBDv037MEfmWICPoQVP+yFqviMbAxd7MS
po2G+LVCteKFV9mD4vbCvVaPs2HLJqYXm2e4PG6j4S089FFSWkiV6tFhsyP8LnagWH4dW44YQks+KQIoyvPJyQ2BL3izHw==
NAxVQP9bSkDDM/OcJEmd/SscxVtY2P+B2v3DsQyOvv0tV/SylRAahskgqZfn8cwQWvqwGPk5rjZ+YSY/dtra7cXzBYcrerMR
XQ2OZaFKP89oprSMmT79qzsntxRDjKaB2v3DsQyOvv0tV/SylRAahskgqZfn8cwQWvqwGPkwqzZ5YSY/dtra7cXzBYcrerMR
PIYWV4p4Mruxlcjw0S48sG39/Hqfb6YXm2e4PG6j4S089FFSWkiV6tFhsyP8LnagWH4dUosYRUs+KQIoyvPJyQ2BL3izHw==
mX9dEcH1EUU9SXfQXVPxN1CPs2HLJqYXm2e4PG6j4S089FFSWkiV6tFhsyP8LnagWH4dUosYRUs+KQIoyvPJyQ2BL3izHw==
CsrHrSo/FwxquxmyTR1HGycaxVtY2P+H2v3DsQyOvv0tV/SylRAahskgqZfn8cwQWvqwGPkwqzZ5YSY/dtra7cXzBYcrerMR
grhsNLkyriCtd1vClyVq7G0YiZEv/j9iCiV+WyvL4NAOT3mBjHjJ3trEDWZhzSvPnMIuDOgyxR9LVJ0HDgVaxKof0eU9jTd0sxM=
010ia/cpEV1a1cGGxTWvKGID3LQoCQh7z5TqQ5IBk2W0Il6ZxctEBg2cmgJBnDkDH51stPImwOyh/WtysR32a072ugmt7zWzM3azFQ==
eNzwFK6wp1JQBDXNYq2AUAVX77RWGy7Yq4Vm8krhNu/7vwh0rusRdRzMQVpaQIXS8TlDazxmxng4ho3bC5DVM95xsuCKO7kRLbk/cLMX
ERrbAm1khj/0yKPOTtyJ7G9x+9g0A7T+RcZsTXR/Po4LNmaj5mAl7/26JW95Reg1pHTbBDv037MMeWWPCPoQVP+yFqviMbAxd7MS
2rjx+V30Bkgk6L8x+BjM3Wxx+9g0ArT+RcZsTXR/Po4LNmaj5mAl7/26JW95Reg1pHTbBDv037MFeWWPCPoQVP+yFqviMbAxd7MS
DPmzqZZSzBD0wYP1BBzhKhFV+A8XnL2dwP3DsQyOvv0tV/SylRAahskgqZfn8cwQWvqwGPk2qDZ5YSY/dtra7cXzBYcrerMR
Bu5RsIo6Aa/+sUMTrIFt4cq0Ngs7pd6LHjk0gaXkKnuwxFk9IHGqB+Aylcb4H3gY+1OjentTpz32CbqExTjljAEPVp77M5aCjuihQkiXPEmuDWmzDA==
ggVLAtlGWHPEwFYE5RXoVDSzk1r9vS8YfZ3vnShqYzXml4h+8nYNauK1u4BeXwconrfjaF+OJK6zyRrKdahWJJnQUdzVtxlfN0pCUvrAfSJ0fyh5WhVlswA=
QBwGoNjOxj44+a5LPArDt1tyyVX/yQSq10IdILNSLWHNII1zu9CZFn1p9iCzlOXX3ZFhQAR45z1Q1K/zLxLU1PrhyjN/Z9EPwjrYjKLW5iwjtLiAlA6l8tYBZZ3DvcOCs0PifwsdehOqJDjWIjf7uqgCIHXdix0XTZjUQhe3NOKX4rY/Hy77i51WEnND71N5c+pKgXe1DKhqcpBAqV4vTggpRqdmcprVdfulX/uSs+k=
Xeoh0NWoF+t3vc9foTqXjnFhhM9+iqzyPl8aipmnhykSJWsB4+/meqk1F2VKZwaV0aqTj5jyq3NKeeGEmTCmDvIBvOlaMBX0ZcT1xlE5g6xxmgWt99QeGYT1rjOvmaSGXtVmoib463Sf5HQ7Z9LVlCQzILXyLydIO4EEpG8dZTK+obWDHi85/trlDDPEqZ2eMDl+RO2oLayZ340fI+IOYkZ4SYKgZ/SpVv2Rs/Q=
u5Uso/BNnZkTA+EITB0r6X80eXnVYJSaCoTZDaPWRlKGz2IKITd/Sbr1I8Gr3w4asQUPZVJXHvU5mttP0CIDE7LpWQThoB6uGlF0KRLAPdR9tO3GScmbjFnqze2/BHa5PGVWsxcJ3Gb2ha7i7siDlIfUbDt/4s10TAPo9Tp/j6hDEbwkl43dktZx/cPWXxHewhUUM9zZhb4YyTaEJfjFDCFP9Z+bcvYC7qgBQuhXHMlOzYmz7A==
HhSYZTv7k9JFK+JfFM77maLfxHS+IgUe63IZdJKSme+6OnyrQCoD0wWhoMER0VmrFBKLAQ1lUFMk/SPuKV/iFhn7yA17JMPE5MbAZUb5YDRnHEfwL4aLjSFEAx6/PQ2wrNHGAfQTte2mjmwxHHIcvBkcPVDuu/1md/zWdxpliMsVQDn1HoQ16Sf6DMVPE6SrSxZ4UdZzHp2/dkI9RFQXzB9k2yvXv7mWjOr0nDNSGiMGwXTJi7Pu
Pm/YJT8AJwUDi828/Do4041PJyxlk1pSxdoUO/iq+0OtAfgxWRGR++xyozEVZUhjDJ3bvuGfquZBW2Cdg6R7VIwmmNWOuahkXzwvADeGk/3JZDvO9/1FAHSxLpFMk819Di60QdQyVGxh/BVg9rvlVl8crqdSJUC7zeCRZWYEjXnPmtR1B9Pse3M2kCHOcwZt11Z6bYwU33xHhLO7bz9BBiRKrGx7ktJz/qFc+ZOz9g==
2YibEhAYqqTDKjxW1O//iBB7w1Kv3QGxzlROZ6lJOnTNII1zu9CZFn1p9iCzlOXX3ZFhQAR45z1Q1K/zLxLU1PrhyjN/Z9EPwjrYjKLW5iwjtLiAlA6l8tYBZZ3DvcOCs0PifwsdehOqJDjWIjf7uqgCIHXdix0XTZjUQhe3NOKX4rY/Hy77i51WEnND71N5c+pKgXe1DKhqcpBAqV4vTggpRqdmcprVdfulX/uSs+k=
IATkKm4rFDTupSyImtuero1POiBjgUFb9doUO/iq+0OtAfgxWRGR++xyozEVZUhjDJ3bvuGfquZBW2Cdg6R7VIwmmNWOuahkXzwvADeGk/3JZDvO9/1FAHSxLpFMk819Di60QdQyVGxh/BVg9rvlVl8crqdSJUC7zeCRZWYEjXnPmtR1B9Pse3M2kCHOcwZt11Z6bYwU33xHhLO7bz9BBiRKrGx7ktJz/qFc+ZOz9g==
4Z8h5UHIGm+XLP0NUm1gWOMeIW2ItOzkQfulSN8qeLFrs5ACUncuym3PK5mO3f+hV7caKoUdA2VeTyrFLfInLwwKN8PmERXErRjK/u45qImuaKkkCSxhRsVRb/zNQnFN4+wCaWjdmvPbcQg2wq3yApIgl6SzzGA7c/r5RFjrlBVmV7v4l2lwZFs1iUKimaFjaveFrjaNmLNQQfFOjGGKJPmQMVz197lf14qi0tqA3SIUPwj5etWFs+A=
XQrSfuOIP33MkjmgWnYg9Si6kbxY4fzZCzvqPBGKoOOEascbWVHMGTXxvdP4ArcJCWVUWxjtz5bNf8bOdQuUxb9kB4w4dmy9IhnEjMuMu3irBg8FXdSvphtd6egAYZrJsNPxpXr+gGk4UnhEdQwBWOq7+W5L7LqPfkWsk/kw5b1aRHEhe0qgnatzABPnhgTZUvOaFUPm7oXgtHMUs9QHYxP/fV7QGphEF3L+W+rRSMGPs+o=
ev97YgHiXFQG4+ErbDBQlimzjKte4rXLWzX2NhTLlK2IcM8OWVHMGTXxvdP4ArcJCWVUWxjtz5bNf8bOdQuUxb9kB4w4dmy9IhnEjMuMu3irBg8FXdSvphtd6egAYZrJsNPxpXr+gGk4UnhEdQwBWOq7+W5L7LqPfkWsk/kw5b1aRHEhe0qgnatzABPnhgTZUvOaFUPm7oXgtHMUs9QHYxP/fV7QGphEF3L+W+rRSMGPs+o=
rEJ1GP9ZBKEdo/2AEn7ARtG70I+EsA6KxURPr7Y22NeMyQs5SvgaglyK3nQIqlWQz9wMn279Kgzq1+HdHZUnfLMb
Tq3EydpDmAf1I0qB63o4iTT2+FW7pmre2fVRTaACL1wk9Ctky7Qv0xt/da44uqD0TzKGC7Lx4NEHs2I=
6bei+hQFEbIO+LtjSqOLdoYgOMJxdxrhIlhu8h+NTGC6inBoGUavRpgR5k+WqlqdJYPF98sKs2E=
anHVL4kpdzfL9ODvswgt6DSzk1r9vS8YfZ3vnShqYzXml4h+8nYNauK1u4BeXwconrfjaF+OJK6zyRrKdahWJJnQUdzVtxdfN0pCUvrAfSJ0fyh5WhVlswA=
uKJTX5H8X2EXg+CCwcniNVtyyVX/yQSq10IdILNSLWHNII1zu9CZFn1p9iCzlOXX3ZFhQAR45z1Q1K/zLxLU1PrhyjN/Z9EPwjrYjKLW5iwjtLiAlA6l8tYBZZ3DvcOCs0PifwsdehOqJDjWIjf7uqgCIHXdix0XTZjUQhe3NOKX4rY/Hy77i51WEnND71N5c+pKgXe1DKhqcpBAqVAvTggpRqdmcprVdfulX/uSs+k=
Dtrij5rcwUUWU7zIow8RIHFhhM9+iqzyPl8aipmnhykSJWsB4+/meqk1F2VKZwaV0aqTj5jyq3NKeeGEmTCmDvIBvOlaMBX0ZcT1xlE5g6xxmgWt99QeGYT1rjOvmaSGXtVmoib463Sf5HQ7Z9LVlCQzILXyLydIO4EEpG8dZTK+obWDHi85/trlDDPEqZ2eMDl+RO2oLayZ34MfI+IOYkZ4SYKgZ/SpVv2Rs/Q=
eE2Tcj9fE3LVyQVhC/tI0H80eXnVYJSaCoTZDaPWRlKGz2IKITd/Sbr1I8Gr3w4asQUPZVJXHvU5mttP0CIDE7LpWQThoB6uGlF0KRLAPdR9tO3GScmbjFnqze2/BHa5PGVWsxcJ3Gb2ha7i7siDlIfUbDt/4s10TAPo9Tp/j6hDEbwkl43dktZx/cPWXxHewhUUM9zZhb4YyTaEJfjFDCFP+5+bcvYC7qgBQuhXHMlOzYmz7A==
bKgIcxjBi12KlyeWKW8dDaLfxHS+IgUe63IZdJKSme+6OnyrQCoD0wWhoMER0VmrFBKLAQ1lUFMk/SPuKV/iFhn7yA17JMPE5MbAZUb5YDRnHEfwL4aLjSFEAx6/PQ2wrNHGAfQTte2mjmwxHHIcvBkcPVDuu/1md/zWdxpliMsVQDn1HoQ16Sf6DMVPE6SrSxZ4UdZzHp2/dkI9RFQXzB9k2yvZv7mWjOr0nDNSGiMGwXTJi7Pu
KRJCMogpPl5PiUjRfYYdJY1PJyxlk1pSxdoUO/iq+0OtAfgxWRGR++xyozEVZUhjDJ3bvuGfquZBW2Cdg6R7VIwmmNWOuahkXzwvADeGk/3JZDvO9/1FAHSxLpFMk819Di60QdQyVGxh/BVg9rvlVl8crqdSJUC7zeCRZWYEjXnPmtR1B9Pse3M2kCHOcwZt11Z6bYwU33xHhLO7YT9BBiRKrGx7ktJz/qFc+ZOz9g==
c102NAXfwB00PQLkDlv1hhB7w1Kv3QGxzlROZ6lJOnTNII1zu9CZFn1p9iCzlOXX3ZFhQAR45z1Q1K/zLxLU1PrhyjN/Z9EPwjrYjKLW5iwjtLiAlA6l8tYBZZ3DvcOCs0PifwsdehOqJDjWIjf7uqgCIHXdix0XTZjUQhe3NOKX4rY/Hy77i51WEnND71N5c+pKgXe1DKhqcpBAqVAvTggpRqdmcprVdfulX/uSs+k=
id0oCR7MepfJ7yLNwAsXMo1POiBjgUFb9doUO/iq+0OtAfgxWRGR++xyozEVZUhjDJ3bvuGfquZBW2Cdg6R7VIwmmNWOuahkXzwvADeGk/3JZDvO9/1FAHSxLpFMk819Di60QdQyVGxh/BVg9rvlVl8crqdSJUC7zeCRZWYEjXnPmtR1B9Pse3M2kCHOcwZt11Z6bYwU33xHhLO7YT9BBiRKrGx7ktJz/qFc+ZOz9g==
i11D4SUjGvrS+48mAO0AP+MeIW2ItOzkQfulSN8qeLFrs5ACUncuym3PK5mO3f+hV7caKoUdA2VeTyrFLfInLwwKN8PmERXErRjK/u45qImuaKkkCSxhRsVRb/zNQnFN4+wCaWjdmvPbcQg2wq3yApIgl6SzzGA7c/r5RFjrlBVmV7v4l2lwZFs1iUKimaFjaveFrjaNmLNQQfFOjGGKJPmQMVz197df14qi0tqA3SIUPwj5etWFs+A=
oJBnTGouJCi2no9S7Uqruyi6kbxY4fzZCzvqPBGKoOOEascbWVHMGTXxvdP4ArcJCWVUWxjtz5bNf8bOdQuUxb9kB4w4dmy9IhnEjMuMu3irBg8FXdSvphtd6egAYZrJsNPxpXr+gGk4UnhEdQwBWOq7+W5L7LqPfkWsk/kw5b1aRHEhe0qgnatzABPnhgTZUvOaFUPm7oXgtHMUs9QHYx3/fV7QGphEF3L+W+rRSMGPs+o=
Vn1Ye9169z2rU88x6QnXsSmzjKte4rXLWzX2NhTLlK2IcM8OWVHMGTXxvdP4ArcJCWVUWxjtz5bNf8bOdQuUxb9kB4w4dmy9IhnEjMuMu3irBg8FXdSvphtd6egAYZrJsNPxpXr+gGk4UnhEdQwBWOq7+W5L7LqPfkWsk/kw5b1aRHEhe0qgnatzABPnhgTZUvOaFUPm7oXgtHMUs9QHYx3/fV7QGphEF3L+W+rRSMGPs+o=
muCWB7DMcPLwwQICVPCNbTT2+FW7pmre2fVRTaACL1wk9Ctky7Qv0xV/da44uqD0TzKGC7Lx4NEHs2I=
ooc8s57KWTz9suK3u1qepYYgOMJxdxrhIlhu8h+NTGC6inBoGUivRpgR5k+WqlqdJYPF98sKs2E=
f+gyDYBn2zCS5P98bUlz6tG70I+EsA6KxURPr7Y22NeMyQs5SvgaglyK3nQIqlWez9wMn279Kgzq1+HdHZUnfLMb
xRdNrRmBgmnW8Qqyl/Xr6zSzk1r9vS8YfZ3vnShqYzXml4h+8nYNauK1u4BeXwconrfjaF+OJK6zyRrKdahWJJnQUdzVtx1eN0pCUvrAfSJ0fyh5WhVlswA=
WBwTAAbn3GOxRtoLYVxEYltyyVX/yQSq10IdILNSLWHNII1zu9CZFn1p9iCzlOXX3ZFhQAR45z1Q1K/zLxLU1PrhyjN/Z9EPwjrYjKLW5iwjtLiAlA6l8tYBZZ3DvcOCs0PifwsdehOqJDjWIjf7uqgCIHXdix0XTZjUQhe3NOKX4rY/Hy77i51WEnND71N5c+pKgXe1DKhqcpBAqVouTggpRqdmcprVdfulX/uSs+k=
eo+9hN8Biy1zd8ovJRD+nHFhhM9+iqzyPl8aipmnhykSJWsB4+/meqk1F2VKZwaV0aqTj5jyq3NKeeGEmTCmDvIBvOlaMBX0ZcT1xlE5g6xxmgWt99QeGYT1rjOvmaSGXtVmoib463Sf5HQ7Z9LVlCQzILXyLydIO4EEpG8dZTK+obWDHi85/trlDDPEqZ2eMDl+RO2oLayZ34keI+IOYkZ4SYKgZ/SpVv2Rs/Q=
CO9Rz+j2xYbrjrwfdRW7xn80eXnVYJSaCoTZDaPWRlKGz2IKITd/Sbr1I8Gr3w4asQUPZVJXHvU5mttP0CIDE7LpWQThoB6uGlF0KRLAPdR9tO3GScmbjFnqze2/BHa5PGVWsxcJ3Gb2ha7i7siDlIfUbDt/4s10TAPo9Tp/j6hDEbwkl43dktZx/cPWXxHewhUUM9zZhb4YyTaEJfjFDCFP8Z6bcvYC7qgBQuhXHMlOzYmz7A==
GDtbmK74uEIiY4OdqjScs6LfxHS+IgUe63IZdJKSme+6OnyrQCoD0wWhoMER0VmrFBKLAQ1lUFMk/SPuKV/iFhn7yA17JMPE5MbAZUb5YDRnHEfwL4aLjSFEAx6/PQ2wrNHGAfQTte2mjmwxHHIcvBkcPVDuu/1md/zWdxpliMsVQDn1HoQ16Sf6DMVPE6SrSxZ4UdZzHp2/dkI9RFQXzB9k2yvTvrmWjOr0nDNSGiMGwXTJi7Pu
WDFhnLm4mx7epH4E2IDdmI1PJyxlk1pSxdoUO/iq+0OtAfgxWRGR++xyozEVZUhjDJ3bvuGfquZBW2Cdg6R7VIwmmNWOuahkXzwvADeGk/3JZDvO9/1FAHSxLpFMk819Di60QdQyVGxh/BVg9rvlVl8crqdSJUC7zeCRZWYEjXnPmtR1B9Pse3M2kCHOcwZt11Z6bYwU33xHhLO7az5BBiRKrGx7ktJz/qFc+ZOz9g==
MWB0/SxpAW4vmarfDHTkzBB7w1Kv3QGxzlROZ6lJOnTNII1zu9CZFn1p9iCzlOXX3ZFhQAR45z1Q1K/zLxLU1PrhyjN/Z9EPwjrYjKLW5iwjtLiAlA6l8tYBZZ3DvcOCs0PifwsdehOqJDjWIjf7uqgCIHXdix0XTZjUQhe3NOKX4rY/Hy77i51WEnND71N5c+pKgXe1DKhqcpBAqVouTggpRqdmcprVdfulX/uSs+k=
vyZ6v8arSVUcrs7ezKNH5I1POiBjgUFb9doUO/iq+0OtAfgxWRGR++xyozEVZUhjDJ3bvuGfquZBW2Cdg6R7VIwmmNWOuahkXzwvADeGk/3JZDvO9/1FAHSxLpFMk819Di60QdQyVGxh/BVg9rvlVl8crqdSJUC7zeCRZWYEjXnPmtR1B9Pse3M2kCHOcwZt11Z6bYwU33xHhLO7az5BBiRKrGx7ktJz/qFc+ZOz9g==
+FRaHoQWeY66kesFaJZcfuMeIW2ItOzkQfulSN8qeLFrs5ACUncuym3PK5mO3f+hV7caKoUdA2VeTyrFLfInLwwKN8PmERXErRjK/u45qImuaKkkCSxhRsVRb/zNQnFN4+wCaWjdmvPbcQg2wq3yApIgl6SzzGA7c/r5RFjrlBVmV7v4l2lwZFs1iUKimaFjaveFrjaNmLNQQfFOjGGKJPmQMVz1971e14qi0tqA3SIUPwj5etWFs+A=
W/X6ZJ42sbiCxVmKLcESjii6kbxY4fzZCzvqPBGKoOOEascbWVHMGTXxvdP4ArcJCWVUWxjtz5bNf8bOdQuUxb9kB4w4dmy9IhnEjMuMu3irBg8FXdSvphtd6egAYZrJsNPxpXr+gGk4UnhEdQwBWOq7+W5L7LqPfkWsk/kw5b1aRHEhe0qgnatzABPnhgTZUvOaFUPm7oXgtHMUs9QHYxf+fV7QGphEF3L+W+rRSMGPs+o=
kdQucz9u5A3XzCQNaD6IHimzjKte4rXLWzX2NhTLlK2IcM8OWVHMGTXxvdP4ArcJCWVUWxjtz5bNf8bOdQuUxb9kB4w4dmy9IhnEjMuMu3irBg8FXdSvphtd6egAYZrJsNPxpXr+gGk4UnhEdQwBWOq7+W5L7LqPfkWsk/kw5b1aRHEhe0qgnatzABPnhgTZUvOaFUPm7oXgtHMUs9QHYxf+fV7QGphEF3L+W+rRSMGPs+o=
nYIjQN7+8hyPiweFxDri1DT2+FW7pmre2fVRTaACL1wk9Ctky7Qv0x9+da44uqD0TzKGC7Lx4NEHs2I=
/7p4ZhhfduiMtpNldZfk9IYgOMJxdxrhIlhu8h+NTGC6inBoGUKuRpgR5k+WqlqdJYPF98sKs2E=
yuoIGebtLtVDBplequgH8dG70I+EsA6KxURPr7Y22NeMyQs5SvgaglyK3nQIqlWUztwMn279Kgzq1+HdHZUnfLMb
4MoTmU920zuGOG0LIGg7JFFGMdc+5mDc+eRQFIbhfjcMhdtOU70ePEZFLHyijmBEMXbu+iC1VsMePvrB/ccVmyN+sx0=
h+ynUMwUgQ0naDySrE4Tnx+uc/tIdCC7oi1e1YGxc7/9P09szyysZLHgSTydZ6XezxqKcuIwFeLc79AZkiV9sxg=
nYIjQN7+8hyPiweFxDri1DT2+FW7pmre2fVRTaACL1wk9Ctky7Qv0x9+da44uqD0TzKGC7Lx4NEHs2I=
/7p4ZhhfduiMtpNldZfk9IYgOMJxdxrhIlhu8h+NTGC6inBoGUKuRpgR5k+WqlqdJYPF98sKs2E=
TIsd5AY5EjgybaZgkOKKPlqx+kifPJNZyHKlMnTwpCs591BZNwyE/dZyuDP8LnagWH4dW44YREs+KQIoyvPJyQ2BL3izHw==
6LLeH3uk4dN9iRJd7Stm22RaHnWBgX/zloMSnYMzItmbQqy5kouLS+zkoNk8IeppYNOhxco+kAlo0ohkBUyRuNq7yY7brMqvjsX88+nwVd0KRKGBCwqwvfvzsPPXxpR5ovPqtdMm3uVQNKM0oxT3w0z+rb5gWoikx/KOexoR2KG/s9o=
vor1gcIRfUMWPXmO+K4eGHM1mRjFp93noeDaZE02kZyGhEg/f/eJC6qevwaHPwDAybzEWmB9AfUsh/dWcHt+oPQd7CSSlgCcgeVuYpBtNtsuZjqZTV91QxNmswU=
t9y/PTNSAviJFtXlozrw9wNa5PIeq3ADdE8tZlrmybgZBhoS2M3LiTHhBvgfpOOR6Hq1CjQINKPZv2BBNxS0tTb6KMu8FmaoeLZtww6AtAMeIRIQCotZQW1JH2CzBw==
i3KqQoHhmWhq2n3Ruo6NJyppy9cvmVEZQ08tZlrmybgZBhoS2M3LiTHhBvgfpOOR6Hq1CjQINKPZv2BBNxS0tTb6KMu8FmaoeLZtww6AtAMeIRIQCotZQW1JH2CzBw==
jdLa1fA2Vv8WvgPnGiBQwBd+YCxRRiViWuLBrAkSMvb4qeNdYbXOPF9gK8W4rh1ulOycN0kr6MW3kDwhpm6ALxxyznwo4qUHTkR8V071OnQqb3FVfV0XZLMD
SAIQH2gxy7jDplyw6jB07PaEJ1eNrSoBhh6IHc/VDwesVF1eWt65kPkuSkoYFZvhkQm2gJ9cU/lIkmVSdNDki7mXkHk3LESdVtL4E/xOtkDY3t07jvgE675JQsjK0wlpjWFvWLM/
HiKw1ZKmfDFyR2uPkWi+4jfV4vL36NM2V8nVOpp5U2epHx8aHX/Ntemwg0BOVRSlRuRRb28l1JRFTytcOzqu3ahyWBdPYmB6teI6BHXYVcwx70qe6xLmwn5I0cLYN2yJfm1Zszw=
CuXjv+WGFtIjDAsNP9dg632EOdGJCi+1yK/v5Ih2gXPY4I5yqPKi5xZrKnEiNxCdWdfrZYum99lLIiDT56+XaJFdfCe/ifUBa0mD7qtHkkPDSdqfEkDoCkoD+5bwxpAJVR99W7W8xF4/w/QOD2ZGg1f624elskIvq1vT1auuen1/oexkEtYA3AGlbiIQLTabriY6Wc2fdYOTprPF
gVOSnCoFRP/L3QcU3VXLK8tK6g/QVeYgpugweZ6aUvm//ih5lz8UYxFgPOlxHuIN3L+0bv8OkXZUqpn73gKWeV/mdA==
DXDakB7KoJBOkyuBrXtlrMbIGDLLbcVppM2WXolF+i2DGp8+5hE=
/3+XHCdiXl81XRHnYybueepLIDvQTl3rgCwy2AsQI2xJ9BFaeALhv0fJzSkCPSrQItKsdCPP44FcaC46WUMYEmIPLU4nVBweqATY/h8q1o1iaiAqYT4QPjTUFw4nSS3QLgHyjxWUGPNIceJABxLFty8KalogiPXnBhUL5ko=
