XUa5gKjbaVYwoHD+LjtBAYKi6fGGD6WJCKrIJz8aA6rSr+TfmWOcG4CFv0ptcP2lAH9xjKqjopxLfREpa2ITZ+DDA2Y7LzKrEwGa18KoyGJaC/ue4K6w4YVXPRNlVGQ2r0t0hp8O5muHspvPdVpiR7tT0927xlqVr+msLMI+oLSRJuqqjUaWd31uehEdd1Xrg66zzQ==
ekK4X835eEm7egLe2j4EvYjpKhZHqikbDjpBFRdYLg1913QcFug2IGgQtO1mgYaRn2KtOyxla2dNm+f/YxxvGfpp30/qvWYOMPDmlXsEVDhYQyk5bVmhkrwE8zVUvIv47mmLvKvlkbxaFccNEwdPEPL3w0c8pka4OMYNmApQWfDeNTGgivs5US35v7Cz1w==
MDAfRMxX2NSMZclSortlWAdlFazIK1y0+bCzinN2Wh3/aPSjjSv6wxgucUOpRby1rMTWrT0QGWy2Ahf0oQYzMsXhUsfkzxkg9lROHJgszFHjOPytb17Vh8xZE1u9J59DoyAXJQrVp/MKgR6ywEyeqXs4LISo/1EFjeXZLkw4iwmUAPNEHlXzgEtZ6YCqKb+xk7s3LALLu/vcmj6EyHp1JMpsIcwuiUkcasdB7d1Fx4yz6w==
1ZdDVVuCamlp4f7eNHtr6VYnX2YOVF4sIDrvWH9umWxnpM1CBs8sNQ4b5zOIhMSBkJFWoaQTZQ02znzRTPKsXClcjbDeu82Gx7zml6rl2CsFAKkVzoRlSbe6HOWfk9SLu1YI8SZzbj1PtjIdtNRH7A+kS4sDuun7Hyrg/+PSqkM2AcSpu7Pe
dMCHgD52d6orl2mlnhMiDXM6XUzTNWGYKWy+yISZ+RATUWoIzNf/QWsO7TTbdCGqkka5XWJLW+t8ZNC5jOE6iZDTkeWafuCp2FIYhNWMoZjKu9mu62waTx5FTFOZsAX9OkRRYdvKAN2LcyBTBwZkmbLz+tWjZo5FwLRT1BNUp6M3+p2Ts5p8B3dyHhtKUeiBr7PK
+AgW9QKpVSxlD+esYUnaAHM6XUzTNWGYKWy+yISZ+RATQGIGytj+E2sO7TTbdCGqkke5XWJLW+t8ZNC5jOE6iZDTkeWafuCp2FIYhNWMoZjKu9mu62waTx5FTFOZsAX9OkRRYdvKAN2LcyBTBwZkmbLz+tWjZo5FwLRT1BNUp6M3+p2Ts5p8B3dyHhtKUeiBr7PK
UNyCnDhkYTea9qdt6ZWN1RJoQ+bBjXPrPJNUW4JZmSbRku3EuuimGGEAjiJUzcx3MWuM9ZBiO6Odu3U01gCGWMjIZMVkrFdJPxod0+xNG1+tQ7eX4/S/QZpRL2eq1db2kKi2vXssBGD4u5lRLXFRqtxcI93U1NsgDlH7lGsNIcT6zRclEy+fyFKPc6/8jjaA2B5d8Iq4iai+DcGIypOJqY2h75iz/w==
vwpYyrt4PPzyzqCi2Cn0hvT2lg2l5AZa5iFQRyhteNLBndMnDd+9wPZ0jrwYjAxx5Rg/De/+FafMudM7PcdfI6PAV0WKNeeTCqFeEkDs3ol7GGwkKF8RJY2Fmc7MWMvplGAzpJ41M2BLeSkgKol/kZOb94yCa3vb3Hr+5EiatUTKjGGsrmkJfGrnAU1d5Yess8s=
OjNgs01FighalwI1W58hXpgRheAwUTdY9LKjaJja+tm0na0aPxSmwXmht6VhLhY8weihsoZv3VB25C7MWFzsQeIo392vjrU3TCmzi/0Xf1OjMHcVyoUHA4ox/uKAvL65eygMdOivsbUNFXl+jAjrGZQQE3RehVPwy+mJUGpZn6GTqxdcwhvbS1zqnlSISpU0ynxB/O7Z6ezqd6G9nbXnnLP7
jDnrpWNcQZP/nQRfYKdmsSZ+bR6OK2GYIW6o2tCL+kATFCdBmJmqE2sO7TTbdCGqkkO5XWJLW+t8ZNC5jOE6iZDTkeWafuCp2FIYhNWMoZjKu9mu62waTx5FTFOZsAX9OkRRYdvKAN2LcyBTBwZkmbLz+tWjZo5FwLRT1BNUp6M3+p2Ts5p8B3dyHhtKUeiBr7PK
VbcrKCIx5TIXb2rPBqiirscOdbDGkZT19s3XmLybmxnsyR77h65BXE/EtVIOwCUl9vvPA9DEvNE4Mc5RLJPtva6uFIH0MnSswXy1oNa7xZb/nA5nciVge21gMaVGBO25Lxq0tefTjLuTtvDhLnNmLTfWGi1sFL88pwTT+4s6YUuHyggvW5LyM14h/Lmzs9Y=
JwPJPDxgjCOR0I+S0s+G52zPkqGtQBVMSgtumuoljLi2TF5U+KQ8aeQBDyUPFsWfjMGDk50vr7sjWCctKp03a8qZDnogxO6RewBcDEg3QR1NfUlmbDC7cRT4w0w+nWMYC0H5yMqhT4mTg8ekYoOr45wCrkzockXcShQRxA7B2YSq31ElPc23tLPT
ok6lQ2f2RDKYpezzTP+vF8Xqi1JB8GzFZcj4Gd8g+EgRbQdpUDnT8Mwhp8NYCpmAuV0lM0PMTgEsn42+qxg9bDfGpIIOMfTTvUc6VDa1ivnsRSazJ2kMJqZlPmIeqDNU9/R8O2/CvbT8Yxh1qp/f6JNxjCTnrQ3SBtFtQ2b/4Z7y9QQzzLm1fmhphgS1WJXMcW8BmqufpcI6y5HCmLesib7tmbP8
73yp24siE+aWrvaskspcyvTsmgCnpU8S+TYJSmQyJIDDhJInDd+9wPZ0jrwYjAxx4hk/De/+FafMudM7PcdfI6PAV0WKNeeTCqFeEkDs3ol7GGwkKF8RJY2Fmc7MWMvplGAzpJ41M2BLeSkgKol/kZOb94yCa3vb3Hr+5EiatUTKjGGsrmkJfGrnAU1d5Yess8s=
Q6uPpGqVMA2FaKQiRISfoHgxZFDNd4K9ac7ZDKHVO1zPjmUVIksrFLWvfYDhk10Z/QsHLEFVP6B4nddch3sUAb3lV3Sl6FqAM1MdPhu4TawHprSAHtDEk03nitSmFVq5PGVWsxcJ3Gb2ha7i7siDlIfUbDt/4s10TAPo9Tp/j6hDEbwkl43dktZx/cPWXxHewhUUM9zZhb4YyTaEJfjFDCFP8Zqbf/UC6qsBQuhXHMlOzYmz7A==
eUHyhMQWxiziy/ZfY6AsbREN6pCr+BdZlIc8VThlTU38CesFflFXBk4cn7eZ1C98+MjhdxcuMfyfBIUyHs40xMa7n6MgRCyxiPEecVyT3V1+7mQhZLLEzJG8RYDGu9W2D1xeB8Kl8NsdIOFFdgSdmf/aBNV3U3wbw/bAAT5zdk0HFsqNHJQv3BdEg9t7OlEr1wr4j8sSQtOOYYyZo7PG
PPJ/6646TpzhHNIvFmFvorlwOSpF3T74hxg7MaB3CC0EZXE1yPnfbVKxe26azMvvRRRzJCwYtd/7jl1Ua7TxiuJOSHwyC+sLzORAGVyhSqmA04GFqr4wyUjS6CSlzHF4+rvpTjssau/uxdwzSXA1nSpEQUGritB9G/OQs7dGNLlC84r1c6Y+JXA0w3RDlFeDJ/qNc4PaLOfn8m67upG44Z+z+g==
iPxyfpOWt9vIii3yw205q2sE66i60FG1Qn6QtLc984uvheX2u01lROfbCYTYF1hYfdTkxFqZ9B5FYiYy8pYQkigDLu+Sl3dQ4WW8n88xFbkb8QNW2/9y+7PxGqdieAgyOjv7roD+cDElJ73jxQQk5k97dLZ/3qY7J0Ibv9WKohfbY9Pt25aaRQ+ZLNxibuBkcRbqmm2W1ifdnvphvaeVu+Oes/0=
xeDi24bzQYaYX1zvNZ8bc9z0khgVyWPFKNTxKM09tm8OIQJldznO4clhpIENQozU7QNjdFXICkBj842+qxg9bDfGpI4OMPTTvUc6VDa1ivnsRSazJ2kMJqZlPmIeqDNU9/R8O2/CvbT8Yxh1qp/f6JNxjCTnrQ3SBtFtQ2b/4Z7y9QQzzLm1fmhphgS1WJXMcW8BmqufpcI6y5HCmLesib7tmbP8
+b+tdPQ4tYwHEY0hczeG4vT2lg2l5AZS5DdCEyVkZoDBm5pzQ4rPwPZ0jrwYjAxx7xo+De/+FafMudM7PcdfI6PAV0WKNeeTCqFeEkDs3ol7GGwkKF8RJY2Fmc7MWMvplGAzpJ41M2BLeSkgKol/kZOb94yCa3vb3Hr+5EiatUTKjGGsrmkJfGrnAU1d5Yess8s=
s74QdFlgEsMbGB6ZurIT3zoHmSo55pZjhs7pqeyktXERZvflBaNZXp9gEbzrbtAH/Zeog5G/DjRibWZJkO3yc3MBMNaKPWrC6hBfBCscSDtbKmHkkNvs1f7H8xivGdjkMwVxYuoJOSNSB83Orl3ws7gRaa5EEbLkYQD5fI3HVdp/d5myFhNFYuwPQFniha2zyA==
cTiuLvBjnWf/iJC6RcUNihEMXzFhFNqBTN+tvktYXeyXBkSEaX9UU12HWlQWdWp5jAUGs8eprKYGpd5iPuiT1Bc0XDtPAl00XCM4dUpff2gzsWwkx+1tUuYRTUMGPwEeUrVkMyx5Ff4IKWYElRj1TJGvIZrL3wVCmovxwrh3DAnerbmz3A==
VZUcb5+B00tEJ+fPvkB3I/KosPOQVTXxaQIm0jI2kPJoIyXI3ff38CGFvP+PkZVZ29EDdhsf8lvzkRpHotiIUnob+47AnvCR5ce9g4WkpAaPW3SWvz4mm2ciG18VKiJ3m0PTzZv2GuXPeSy8Is5ghLE26rqtdlaHnf76gX0HFdujvrPd
9iql3Bc7VOSKphkWLNvYRBMMXyBjAt6BTN+tvktYXeyXBkSCaX9UU12HWlQWdWp5jAUGs8eprKYGpd5iPuiT1Bc0XDtPAl00XCM4dUpff2gzsWwkx+1tUuYRTUMGPwEeUrVkMyx5Ff4IKWYElRj1TJGvIZrL3wVCmovxwrh3DAnerbmz3A==
yqjc0SsaXiOg1C/9tnLESvKotuWMSDXxaQIm0jI2kPJoIyPI3ff38CGFvP+PkZVZ29EDdhsf8lvzkRpHotiIUnob+47AnvCR5ce9g4WkpAaPW3SWvz4mm2ciG18VKiJ3m0PTzZv2GuXPeSy8Is5ghLE26rqtdlaHnf76gX0HFdujvrPd
QsyarlJ+bQ8aCjO4SzedS/Kot/OeTTXxaQIm0jI2kPJoIyDI3ff38CGFvP+PkZVZ29EDdhsf8lvzkRpHotiIUnob+47AnvCR5ce9g4WkpAaPW3SWvz4mm2ciG18VKiJ3m0PTzZv2GuXPeSy8Is5ghLE26rqtdlaHnf76gX0HFdujvrPd
ntzr96JaZeUlW8teaVngsROhgKTp/Zl8uJmgsthVbCH1nv6Xl9dJlJI5haRWkGYIiPiE9W6fuHl/Sv1DbN27j+0zl2fjhJ+xWgGP9ypFtiZQmNaNexxkUDhr+cGt4fH6HKwDrdQk+1BOgVsE653BlLr99xUTH3/4Et+TP3wellCYbn0GisipWH5dYRhKA+l5TZGPqLPP
T/wuuzCM9MzIMqPdm2YqkpQW6+YmGDdS6enlNM2JqYbYk+xRYlf9/zanp6RtGxY3yu+npYw7rlB25C7MWFzsQeIq0N2vjrU3TCmzi/0Xf1OjMHcVyoUHA4ox/uKAvL65eygMdOivsbUNFXl+jAjrGZQQE3RehVPwy+mJUGpZn6GTqxdcwhvbS1zqnlSISpUyynxB/O7Z6ezqd6G9nbXnnLP7
3B51yx6+vvIEMbsuXVxdTraAxhUugCN8NMbXY0wy0HXs5MWC5jA9b/omv4ysz/C5QR1kbRdEOD7XxgFaROerdY8CsmYS0Y31jok+h3jhFFosnU1lC0OvhIv1PB1jfC/5egmfr+qdJq6wUKa1eyQUmNjjaRltueHyPOSzVVRcS5huiUvcq8VRHNq1By0TJ4+wclcDZzzGhli4ps1+CjAZEF5VcUCK23nxrVn/kLP3
3B51yx6+vvIEMbsuXVxdTraAxhUugCN8NMbXY0wy0HXs5MWC5jA9b/omv4ysz/C5QR1kbRdEOD7XxgFaROerdY8CsmYS0Y31jok+h3jhFFosnU1lC0OvhIv1PB1jfC/5egmfr+qdJq6wUKa1eyQUmNjjaRltueHyPOSzVVRcS5huiUvcq8VRHNq1By0TJ4+wclcDZzzGhli4ps1+CjAZEF5VcUCK23nxrVn/kLP3
oRXg6lkHELcQVwEugxqAdOM4mFy9PI8dpj+7XLQTvP0aLBt55hRN8ZTvXIpd86V1MaZ1FSQwClcKVp0KM3JZzqTxRHgxpT04ZwFk4F6Y/xPVnQ0koY7g08kUrvLZw6jB98jU2nup/QwBDUBPkPEpP0KeRLMHKeymRiUeYn5oU9RXtJw7j4IdNJyjeHWK3z9oczGsJIdtrVKmkY1DRr9BHpI1JDPs+VX+yKmmBNWYNUzRL+Wai1/FQloLscJ490wJHi35s5w=
xqQtwffLEiMx8j5LfDnv/frhJv632qFGNgrfPEJkzDrlWoTe8JEIi3FL8RsaMJmT3hJFPXGvAsBBAqlAYC4lASoFUxN4vtJ+sA5iBWfP+KQPguwu/zfIY4r4a8S7NvTkdI93cJotijRhHw22Pr/6TqPieOhTc4fNA06j8xjfw+JzI2Ify316c2pEuLbiV/vaaGKgFR3rHXeN+FQi19c0gleCNl/fTvvrXTaSE4OPUxmzisrht9UMyKoSECBpPiouxUrGw6USmrW1myU/O/KziQ==
co+4HKkGAccc7aCgbeyxhaG2XuaEp+Lgi3SExqWBsgIHx9Wg06plNXPwyzQhewuBI9pHTdOtpFZsMwccKbHcg9c1BdUzBUMqYxvCdztluvs6vNgeUg/7kvjagP1tc11/XYC0CucPtEpHupY3L1Y7Yw3O8rsz11NRIzLqCcdNTMB6avAIWeaq5tVyZqtVClo95WNFl4uqs8E=
YWTRyHisO5jnABV6hqQgWhEMbyIkH5gyV8s6WuelqIkJJXk1SDk3D/V/MDNU8eUrFPVFhHsWJBPtJ6rUhtU6OdwlNrM3SXzmVsVO4o4IYxQnFEw7XyJt9KzDiPXaPy8o41GcJPfNPRK2sd3D9p+xXiLVdDM8meU+uIkWhAW4JYxBjxWau79VgkprYUIIF3xJ7o2ps8w=
EZdbU9lUZQqRLTcug/TNVN/4242Yog+Y1FQMv6lj2N23iAxpRuYQl1yK3nQIqlWQytwBnG75KQzq1+HdHZUnfLMb
NJ6mBk1JvgFezOAibQl4PhkJ5piuzERDmrpzRSIsLk+vM9crT0REFE1Z2aiPl2V88NzqVHp3YdqrKZ9LGJFumpq7hrJtWWq1i7cQal6T3V1+7mQhZLLEzJG8RYDGu9W2D1xeB8Kl8NsdIOFFdgSdmf/aBNV3U3wbw/bAAT5zdk0HFsqNHJQv3BdEg9t/OlEr1wr4j8sSQtOOYYyZo7PG
t1z8YzXYmfQeNwV629EKa7SMkYeG+c9kb4jNmMSmhFQ91ipqqHiZt282pn4OEhE5HZZCHQfpGK65U4KrrIKApz/mbcnf588jBLTtIh2ohL/+8gOJ1/ow5RWsDZcXrjRFzYudNqe/CXuNC0cPY2zPibpZPx9qbUZ+8GCGpXs0NKiYMwnp7QlBovyUU0VUTCtoLlnrbCu1sUwahSc9EzevgLIH4xe8diaI+FatbQog+WCeBdHwCisZIe1p34Cz5w==
kaMkwEi80FHe5qyTuWFk17irhPPdhpGcqth/WrGEkOJmk9thAja357GEfS+y4fAcrmTXdWZjtG8pRFLuo+9lQzWyeGNhbHHhV/SDR1+UoFc1iCKeFklgyWY+dQsgHFlG/WFH3JWSOY2rHHqJAE0Cc0PhoJZ6HTpCWnBPxFu8mDuLihEkgLtcVa7nA1g/+ejkw6Xhotpp6aMiJ92OHr2gs2hx2W5UMUJkMeDJPB1nINpPFwlyZjOV4lzvUBkSJf2zmA==
oXMMtvUWms/8BT/j0eXpjBmnMnvzjb8TKyCi86NCF1DgjA6gqcBJo1t6OobpEEUu+9ybm2M6upzT9ShlhFS3DD/kO+s2uhlbr2qQ31NSemMmQVQJa7MO
l3zPV95ZV2/vUpE9JLCUHZkOqKgQVugDXnQsfSpzpPS6QUqTP0fRL4KaWCzi9uYMYxQ4INQupdKWoeU9g53DovPjYt9LPXoz6oS4dmIX+5rooqDVnasdNw04VOJXlzTC10I2n18O+6vd9pLTA89TWTNKyiE3lQyIKtIQ4Ol/Km5FisYDJVKa9TVbJf+7srPJ
6g0RryKCjvV8w3rUWCmOKIKt/uqDGrS0CKrIJzwcA6rSr+Sw8g2aZ+f7sUsqNqi4WmpmiOuYqJRMUgV2fk1VafvBA2Y7LzKrEwGa18KoyGJaC/ue4K6w4YVXPRNlVGQ2r0t0hp8O5muHspvPdVpiR7tT0927xlqVr+msLMI+oLSRI+qqjUaWd31uehEdd1Xrg66zzQ==
t1z8YzXYmfQeNwV629EKa7SMkYeG+c9kb4jNmMSmhFQ91ipqqHiZt282pn4OEhE5HZZCHQfpGK65U4KrrIKApz/mbcnf588jBLTtIh2ohL/+8gOJ1/ow5RWsDZcXrjRFzYudNqe/CXuNC0cPY2zPibpZPx9qbUZ+8GCGpXs0NKiYMwnp7QlBovyUU0VUTCtoLlnrbCu1sUwahSc9EzevgLIH4xe8diaI+FatbQog+WCeBdHwCisZIe1p34Cz5w==
36ATGyzh9wuoeCakZYgXJGl/Zx2KICiCI3C4ypGX2UAeFCdMmPbMfQIZ5EyrDFu4ywbvRT1UT+Y7XcmooOE6iZDTkeWafuCp2FIYhNWMoZjKu9mu62waTx5FTFOZsAX9OkRRYdvKAN2LcyBTBwZkmbLz+tWjZo5FwLRT1BNUp6My+p2Ts5p8B3dyHhtKUeiBr7PK
U17UT0Kc9hR6CfnJA6Q9WraAyB0q3iZ7KZGDbANL8V3WzPat1Rk9bvZn8Ivp3OmuXBxkZBgNODrb+E4xROqmG5IFqxUBwY7wkMpmlCbyX24A1mBcFRy6q837Jx9jfC/5egmfr+qdJq6wUKa1eyQUmNjjaRltueHyPOSzVVRcS5huiUvcq8VRHNq1By0TJ4+wclcDZzzGhli4ps19CjAZEF5VcUCK23nxrVn/kLP3
1oQrG2OVVX9u3jXwiBdzqJ12ACxUhs8VL/bcqe/mk3GReMT0mJ3YipsobkFEGoZLUrXLhYFRLgDQmoakJsK/PkAmwMyVjNobDasH72MMDyk6uX8/ag2G3nCAxoV7FHRIGJPJie0pAUJ8NJMlVKxryK45K0wrVfHsmuXnHRMXb+Ayp6P3vFbm6Hj27Y0KQDnAHuWR0ApL2YFtiZ+gs8c=
EYUh/CFIvxzoAQfQtzi14nPZcpzAEiW4nKX+4pNylHzY4ohv7PSjwkInZDhiZTqPN7PxA/reiNBKYmaA+/CIfJwaRT6upfUBa0mD7qtHkkPDSdqfEkDoCkoD+5bwxpAJVR99W7W8xF4/w/QOD2ZGg1f624elskIvq1vT1auuen1/oexkEtYA3AGraiIdLjafrSY6Wc2fdYOTprPF
SQXRegvC0XzNLx8yj1Rm01R9+q7JK7NgzVqOF+Q6ueYUV7yon6s/+ucrQ42ywdak6TDhnCXXKFpHZ3ESDmPNouTf+DmKNXWzEA==
9kl+ggvtk+xEiZza+xh7q5wFinpShUtEvq4hDSOE/4nRUkElUpK3nMVBh6C58gJnOILtBiBPQPjTQ6t6c0OPXc7Z4sQ9iL1sqX/cGnOPfSLSGxkCkEdEaUYdYbME
Gv1pUhz1fu95eS2+QkMgtT5IcNBwqTPN5OoeUZXjZC4dlJoKUbQZK09VLHyijmBEMXPq+i22VscdPvrB/ccVmyN+sx0=
q8ruW9Lr9cpdChAXj7jgxz1IcNBwqTPN5OoeUZXjZC4dlJoKUbQZK09VLHyijmBEMXPq+i22VscdPvrB/ccVmyN+sx0=
5Q9LOLQAf+DIJj8KXobggDxIcNBwqTPN5OoeUZXjZC4dlJoKUbQZK09VLHyijmBEMXPq+i22VscdPvrB/ccVmyN+sx0=
yvEBQPA7IOPnoTJkjXh4cw+rlwUpHpLz4SMHRZ1ACvqQpvwzi2OwKE53qelsUPnG2tw9ToGl+/fcOn6kSFo1gcrM4eyuqYm8aieBDV2lB2yzCw==
qjFKDfyOvK6Yog7gWWIqEA+rlwQpHpLz4SMHRZ1ACvqQpvwzi2OwKE53qelsUPnG2tw9ToGl+/fcOn6kSFo1gcrM4eyuqYm8aieBDV2lB2yzCw==
iotucX62xwmyMU/Eu2MN1Q+rlwMpHpLz4SMHRZ1ACvqQpvwzi2OwKE53qelsUPnG2tw9ToGl+/fcOn6kSFo1gcrM4eyuqYm8aieBDV2lB2yzCw==
56BpgY5JN7A6hhO7IRhlyw+rlwIpHpLz4SMHRZ1ACvqQpvwzi2OwKE53qelsUPnG2tw9ToGl+/fcOn6kSFo1gcrM4eyuqYm8aieBDV2lB2yzCw==
Qbfc8LmXmXIE3/liI8VFRvDL90xObdvMyClqzZLhnTypQJeuzN9WXkN2rtPOQD0f5bo9H2FlwMXstBNU01RnI3L63RPzmryHt3JemwpRqAFvswo=
G2My98QR9mWXrChj44Y0BvDL901ObdvMyClqzZLhnTypQJeuzN9WXkN2rtPOQD0f5bo9H2FlwMXstBNU01RnI3L63RPzmryHt3JemwpRqAFvswo=
EDvpYgnoMfECfo13VOkqvBCpiR8nfur9unxbCsEAX/qQpvwzi2OwKE53qelsUPnG2tw9ToGl+/fcOn6kSFo1gcrM4eyuqYm8aieBDV2lB2yzCw==
cB8Y+R1Ue2M4bSGo+VJSdhCokBcnfur9unxbCsEAX/qQpvwzi2OwKE53qelsUPnG2tw9ToGl+/fcOn6kSFo1gcrM4eyuqYm8aieBDV2lB2yzCw==
DRYFWXdyCkxB7DF3qAL7a3PM2usxILTihwU3FXeNy+B1ymZ3PIrxJlyHhIh32yf6/9srrYqRHuQhgLl8TUeQ2r/32bJWk4ViLI8AWaIFbbMI
ek0AD9JNYDp17CU2Gm5F73PN2usxILTihwU3FXeNy+B1ymZ3PIrxJlyHhIh32yf6/9srrYqRHuQhgLl8TUeQ2r/32bJWk4ViLI8AWaIFbbMI
pHcHl3129i1bRUIM3lWcRHPK2usxILTihwU3FXeNy+B1ymZ3PIrxJlyHhIh32yf6/9srrYqRHuQhgLl8TUeQ2r/32bJWk4ViLI8AWaIFbbMI
56K+J/scHVxz+LpTjywCO3PL2usxILTihwU3FXeNy+B1ymZ3PIrxJlyHhIh32yf6/9srrYqRHuQhgLl8TUeQ2r/32bJWk4ViLI8AWaIFbbMI
NF0MD76dEnQi8a4+rR7A8HPI2usxILTihwU3FXeNy+B1ymZ3PIrxJlyHhIh32yf6/9srrYqRHuQhgLl8TUeQ2r/32bJWk4ViLI8AWaIFbbMI
RGl7KiyTRWmti+SsTlRptXPJ2usxILTihwU3FXeNy+B1ymZ3PIrxJlyHhIh32yf6/9srrYqRHuQhgLl8TUeQ2r/32bJWk4ViLI8AWaIFbbMI
AHJsVouYWOJADQNPpbcRO3PG2usxILTihwU3FXeNy+B1ymZ3PIrxJlyHhIh32yf6/9srrYqRHuQhgLl8TUeQ2r/32bJWk4ViLI8AWaIFbbMI
x0JbU2KfDxfiCqFEJ6eZKXPH2usxILTihwU3FXeNy+B1ymZ3PIrxJlyHhIh32yf6/9srrYqRHuQhgLl8TUeQ2r/32bJWk4ViLI8AWaIFbbMI
lA2ouvi68Be+uyYCljZXbgVX7bNcOlHnnO1HplD6RO/7vwh0rusRdRzMQVpaQIXS8TlDazxmxng4ho3dCpDZMN51seCKO7kRLbk/cLMX
LT5sbG7ZAwnP01IOpZXqxCoFhbdm5hhiED4MWyvL4NAOT3mBjHjJ3trEDWZhzSvPnMIuDOgyxRlKVJEEDgFZxKof0eU9jTd0sxM=
0KUKXcSqQ50FTWfFCNjfRVa9z6n+5p51uoP0vNhVKDL7sP7JxJIW07INu81BmR548IKWrCbKryZgXvAEVcSqo+0zl2fjhJ+xWgGP9ypFtiZQmNaNexxkUDhr+cGt4fH6HKwDrdQk+1BOgVsE653BlLr99xUTH3/4Et+TP3wellCYbn0FisipWH5dYRhKA+l5TZGPqLPP
J0La1E1wkkPmjVuLI6aJCq/2H6HQsuX7j2mEguCOqEsEyNOWmuskfCq56jtPHxHnUqI4RNLu5gRzbBgIJPblmsYZBdUzBUMqYxvCdztluvs6vNgeUg/7kvjagP1tc11/XYC0CucPtEpHupY3L1Y7Yw3O8rsz11NRIzLqCcdNTMB6avAIWeeq5tVyZqtVClo95WNFl4uqs8E=
2cZdbQaZF69ppotzRSBiWw3sZUOcoDBzb3h6A/EOylIbMOB6aTdxMJaUr/zwlnSN2lmcHHPsc6jDBudVFTQXNsOdkdgYAdI5GFMZFTLemBkAkiDUjaxJiMK70b4DTEIfJoWU4+EQrQ2yxNnRMyq4rdOz2INfZkyJuvPyxYuGVhW49IskqzTPE7p6FeMbOoS3LzImy5JxgJGns8I=
vlQQfTZQA5h/85f2fCBSFDx8faUxSShYKAv9CiBmCSDyjlNfaxR0tM3YKn5O+YiJTigJpKlsgUalkc98bYIRTcOsoukInXrz+7GotiLtkgKyYHck0wxAO1M6mcS4q7QVBhdbeDepUGS7denCAtmBYwo3JS6WTfizsAFRziwhaiTZUJHcFTfYWvfHAVK+Qz0iNP9oeZqVpbPA
FsZrOcN6CyB9YVEyPk5Gjn0pOx2/MjCr6gkJ2W9eGtDOOpOr0NiM2Aoi0PCJzyq+5fqGk8ViGqUVq+Xv2wKzGQ==
wWnj6oD7FPgSPJn7UPTifWsWx7IXWwJ7z4XtWadIz262IBCa0s1ZBQeqmlxWniMXGIxstPImwOyh+2pyvR72b032ugmt7zWzM3azFQ==
u6iR5KoKJdxflWMiGib0sa+M4hj8kiQopo2VHmMCdY27smUqNhZ4k2iPSBfjbO0tlbveFBA9FgXbumsYS5+MkgX0S6RrNI+T+npVY1s6xDdvMmZLUnFAEWezAg==
7A/ImPcGQfxquPLnAWuN3VJx9r6GWrpp0FfJROc5t+scQLq1nKEJ+rk8QZemxsek6TDhnCXXKFpHZ3ESDmPNouTf+DmKNXWzEA==
mV6pyPYjy1JsRbbNJk5PrHce2/sITBN6gJK/D+lGwGa3LFOR0s1ZBQeqmlxWniMXGIxstPImwOyh+2pyvR72b032ugmt7zWzM3azFQ==
v2df64tPscP9HSGcXuucWWMZzPtZABVqm5XwXu1GwGa3LFOR0s1ZBQeqmlxWniMXGIxstPImwOyh+2pyvR72b032ugmt7zWzM3azFQ==
wWnj6oD7FPgSPJn7UPTifWsWx7IXWwJ7z4XtWadIz262IBCa0s1ZBQeqmlxWniMXGIxstPImwOyh+2pyvR72b032ugmt7zWzM3azFQ==
u6iR5KoKJdxflWMiGib0sa+M4hj8kiQopo2VHmMCdY27smUqNhZ4k2iPSBfjbO0tlbveFBA9FgXbumsYS5+MkgX0S6RrNI+T+npVY1s6xDdvMmZLUnFAEWezAg==
7A/ImPcGQfxquPLnAWuN3VJx9r6GWrpp0FfJROc5t+scQLq1nKEJ+rk8QZemxsek6TDhnCXXKFpHZ3ESDmPNouTf+DmKNXWzEA==
/ijFyVspAiiM4DsbtyXV5q+M4xj8kiQopo2VHmMCdY27smUqNhZ4k2iPSBfjbO0tlbveFBA9FgXbumsYS5+MkgX0S6RrNI+T+npVY1s6xDdvMmZLUnFAEWezAg==
7A/ImPcGQfxquPLnAWuN3VJx9r6GWrpp0FfJROc5t+scQLq1nKEJ+rk8QZemxsek6TDhnCXXKFpHZ3ESDmPNouTf+DmKNXWzEA==
o+i5ABdmrR8ukqblL/ZTUYj+chU/n4y+DlEVwqv2eC62z0ZvZgvtVOMxm8vwCH4F+FmVeiVEpSfiDquExTjljAEPVJr7P5WCiuuhQkiXPEmuDWmzDA==
7A/ImPcGQfxquPLnAWuN3VJx9r6GWrpp0FfJROc5t+scQLq1nKEJ+rk8QZemxsek6TDhnCXXKFpHZ3ESDmPNouTf+DmKNXWzEA==
Yu6Ucju6dCPpy+8pn9lCx6+M5hj8kiQopo2VHmMCdY27smUqNhZ4k2iPSBfjbO0tlbveFBA9FgXbumsYS5+MkgX0S6RrNI+T+npVY1s6xDdvMmZLUnFAEWezAg==
7A/ImPcGQfxquPLnAWuN3VJx9r6GWrpp0FfJROc5t+scQLq1nKEJ+rk8QZemxsek6TDhnCXXKFpHZ3ESDmPNouTf+DmKNXWzEA==
u0Nf/BnQPTC9xzN+X0Dv4oj+cxU/n4y+DlEVwqv2eC62z0ZvZgvtVOMxm8vwCH4F+FmVeiVEpSfiDquExTjljAEPVJr7P5WCiuuhQkiXPEmuDWmzDA==
7A/ImPcGQfxquPLnAWuN3VJx9r6GWrpp0FfJROc5t+scQLq1nKEJ+rk8QZemxsek6TDhnCXXKFpHZ3ESDmPNouTf+DmKNXWzEA==
/ijFyVspAiiM4DsbtyXV5q+M4xj8kiQopo2VHmMCdY27smUqNhZ4k2iPSBfjbO0tlbveFBA9FgXbumsYS5+MkgX0S6RrNI+T+npVY1s6xDdvMmZLUnFAEWezAg==
7A/ImPcGQfxquPLnAWuN3VJx9r6GWrpp0FfJROc5t+scQLq1nKEJ+rk8QZemxsek6TDhnCXXKFpHZ3ESDmPNouTf+DmKNXWzEA==
Yu6Ucju6dCPpy+8pn9lCx6+M5hj8kiQopo2VHmMCdY27smUqNhZ4k2iPSBfjbO0tlbveFBA9FgXbumsYS5+MkgX0S6RrNI+T+npVY1s6xDdvMmZLUnFAEWezAg==
7A/ImPcGQfxquPLnAWuN3VJx9r6GWrpp0FfJROc5t+scQLq1nKEJ+rk8QZemxsek6TDhnCXXKFpHZ3ESDmPNouTf+DmKNXWzEA==
u6iR5KoKJdxflWMiGib0sa+M4hj8kiQopo2VHmMCdY27smUqNhZ4k2iPSBfjbO0tlbveFBA9FgXbumsYS5+MkgX0S6RrNI+T+npVY1s6xDdvMmZLUnFAEWezAg==
7A/ImPcGQfxquPLnAWuN3VJx9r6GWrpp0FfJROc5t+scQLq1nKEJ+rk8QZemxsek6TDhnCXXKFpHZ3ESDmPNouTf+DmKNXWzEA==
u6iR5KoKJdxflWMiGib0sa+M4hj8kiQopo2VHmMCdY27smUqNhZ4k2iPSBfjbO0tlbveFBA9FgXbumsYS5+MkgX0S6RrNI+T+npVY1s6xDdvMmZLUnFAEWezAg==
7A/ImPcGQfxquPLnAWuN3VJx9r6GWrpp0FfJROc5t+scQLq1nKEJ+rk8QZemxsek6TDhnCXXKFpHZ3ESDmPNouTf+DmKNXWzEA==
/ijFyVspAiiM4DsbtyXV5q+M4xj8kiQopo2VHmMCdY27smUqNhZ4k2iPSBfjbO0tlbveFBA9FgXbumsYS5+MkgX0S6RrNI+T+npVY1s6xDdvMmZLUnFAEWezAg==
7A/ImPcGQfxquPLnAWuN3VJx9r6GWrpp0FfJROc5t+scQLq1nKEJ+rk8QZemxsek6TDhnCXXKFpHZ3ESDmPNouTf+DmKNXWzEA==
/ijFyVspAiiM4DsbtyXV5q+M4xj8kiQopo2VHmMCdY27smUqNhZ4k2iPSBfjbO0tlbveFBA9FgXbumsYS5+MkgX0S6RrNI+T+npVY1s6xDdvMmZLUnFAEWezAg==
7A/ImPcGQfxquPLnAWuN3VJx9r6GWrpp0FfJROc5t+scQLq1nKEJ+rk8QZemxsek6TDhnCXXKFpHZ3ESDmPNouTf+DmKNXWzEA==
/ijFyVspAiiM4DsbtyXV5q+M4xj8kiQopo2VHmMCdY27smUqNhZ4k2iPSBfjbO0tlbveFBA9FgXbumsYS5+MkgX0S6RrNI+T+npVY1s6xDdvMmZLUnFAEWezAg==
7A/ImPcGQfxquPLnAWuN3VJx9r6GWrpp0FfJROc5t+scQLq1nKEJ+rk8QZemxsek6TDhnCXXKFpHZ3ESDmPNouTf+DmKNXWzEA==
/ijFyVspAiiM4DsbtyXV5q+M4xj8kiQopo2VHmMCdY27smUqNhZ4k2iPSBfjbO0tlbveFBA9FgXbumsYS5+MkgX0S6RrNI+T+npVY1s6xDdvMmZLUnFAEWezAg==
7A/ImPcGQfxquPLnAWuN3VJx9r6GWrpp0FfJROc5t+scQLq1nKEJ+rk8QZemxsek6TDhnCXXKFpHZ3ESDmPNouTf+DmKNXWzEA==
/ijFyVspAiiM4DsbtyXV5q+M4xj8kiQopo2VHmMCdY27smUqNhZ4k2iPSBfjbO0tlbveFBA9FgXbumsYS5+MkgX0S6RrNI+T+npVY1s6xDdvMmZLUnFAEWezAg==
7A/ImPcGQfxquPLnAWuN3VJx9r6GWrpp0FfJROc5t+scQLq1nKEJ+rk8QZemxsek6TDhnCXXKFpHZ3ESDmPNouTf+DmKNXWzEA==
/ijFyVspAiiM4DsbtyXV5q+M4xj8kiQopo2VHmMCdY27smUqNhZ4k2iPSBfjbO0tlbveFBA9FgXbumsYS5+MkgX0S6RrNI+T+npVY1s6xDdvMmZLUnFAEWezAg==
7A/ImPcGQfxquPLnAWuN3VJx9r6GWrpp0FfJROc5t+scQLq1nKEJ+rk8QZemxsek6TDhnCXXKFpHZ3ESDmPNouTf+DmKNXWzEA==
/ijFyVspAiiM4DsbtyXV5q+M4xj8kiQopo2VHmMCdY27smUqNhZ4k2iPSBfjbO0tlbveFBA9FgXbumsYS5+MkgX0S6RrNI+T+npVY1s6xDdvMmZLUnFAEWezAg==
7A/ImPcGQfxquPLnAWuN3VJx9r6GWrpp0FfJROc5t+scQLq1nKEJ+rk8QZemxsek6TDhnCXXKFpHZ3ESDmPNouTf+DmKNXWzEA==
mV6pyPYjy1JsRbbNJk5PrHce2/sITBN6gJK/D+lGwGa3LFOR0s1ZBQeqmlxWniMXGIxstPImwOyh+2pyvR72b032ugmt7zWzM3azFQ==
v2df64tPscP9HSGcXuucWWMZzPtZABVqm5XwXu1GwGa3LFOR0s1ZBQeqmlxWniMXGIxstPImwOyh+2pyvR72b032ugmt7zWzM3azFQ==
wWnj6oD7FPgSPJn7UPTifWsWx7IXWwJ7z4XtWadIz262IBCa0s1ZBQeqmlxWniMXGIxstPImwOyh+2pyvR72b032ugmt7zWzM3azFQ==
mV6pyPYjy1JsRbbNJk5PrHce2/sITBN6gJK/D+lGwGa3LFOR0s1ZBQeqmlxWniMXGIxstPImwOyh+2pyvR72b032ugmt7zWzM3azFQ==
v2df64tPscP9HSGcXuucWWMZzPtZABVqm5XwXu1GwGa3LFOR0s1ZBQeqmlxWniMXGIxstPImwOyh+2pyvR72b032ugmt7zWzM3azFQ==
wWnj6oD7FPgSPJn7UPTifWsWx7IXWwJ7z4XtWadIz262IBCa0s1ZBQeqmlxWniMXGIxstPImwOyh+2pyvR72b032ugmt7zWzM3azFQ==
u6iR5KoKJdxflWMiGib0sa+M4hj8kiQopo2VHmMCdY27smUqNhZ4k2iPSBfjbO0tlbveFBA9FgXbumsYS5+MkgX0S6RrNI+T+npVY1s6xDdvMmZLUnFAEWezAg==
7A/ImPcGQfxquPLnAWuN3VJx9r6GWrpp0FfJROc5t+scQLq1nKEJ+rk8QZemxsek6TDhnCXXKFpHZ3ESDmPNouTf+DmKNXWzEA==
Yu6Ucju6dCPpy+8pn9lCx6+M5hj8kiQopo2VHmMCdY27smUqNhZ4k2iPSBfjbO0tlbveFBA9FgXbumsYS5+MkgX0S6RrNI+T+npVY1s6xDdvMmZLUnFAEWezAg==
7A/ImPcGQfxquPLnAWuN3VJx9r6GWrpp0FfJROc5t+scQLq1nKEJ+rk8QZemxsek6TDhnCXXKFpHZ3ESDmPNouTf+DmKNXWzEA==
/ijFyVspAiiM4DsbtyXV5q+M4xj8kiQopo2VHmMCdY27smUqNhZ4k2iPSBfjbO0tlbveFBA9FgXbumsYS5+MkgX0S6RrNI+T+npVY1s6xDdvMmZLUnFAEWezAg==
7A/ImPcGQfxquPLnAWuN3VJx9r6GWrpp0FfJROc5t+scQLq1nKEJ+rk8QZemxsek6TDhnCXXKFpHZ3ESDmPNouTf+DmKNXWzEA==
u6iR5KoKJdxflWMiGib0sa+M4hj8kiQopo2VHmMCdY27smUqNhZ4k2iPSBfjbO0tlbveFBA9FgXbumsYS5+MkgX0S6RrNI+T+npVY1s6xDdvMmZLUnFAEWezAg==
7A/ImPcGQfxquPLnAWuN3VJx9r6GWrpp0FfJROc5t+scQLq1nKEJ+rk8QZemxsek6TDhnCXXKFpHZ3ESDmPNouTf+DmKNXWzEA==
/ijFyVspAiiM4DsbtyXV5q+M4xj8kiQopo2VHmMCdY27smUqNhZ4k2iPSBfjbO0tlbveFBA9FgXbumsYS5+MkgX0S6RrNI+T+npVY1s6xDdvMmZLUnFAEWezAg==
7A/ImPcGQfxquPLnAWuN3VJx9r6GWrpp0FfJROc5t+scQLq1nKEJ+rk8QZemxsek6TDhnCXXKFpHZ3ESDmPNouTf+DmKNXWzEA==
u0Nf/BnQPTC9xzN+X0Dv4oj+cxU/n4y+DlEVwqv2eC62z0ZvZgvtVOMxm8vwCH4F+FmVeiVEpSfiDquExTjljAEPVJr7P5WCiuuhQkiXPEmuDWmzDA==
7A/ImPcGQfxquPLnAWuN3VJx9r6GWrpp0FfJROc5t+scQLq1nKEJ+rk8QZemxsek6TDhnCXXKFpHZ3ESDmPNouTf+DmKNXWzEA==
Yu6Ucju6dCPpy+8pn9lCx6+M5hj8kiQopo2VHmMCdY27smUqNhZ4k2iPSBfjbO0tlbveFBA9FgXbumsYS5+MkgX0S6RrNI+T+npVY1s6xDdvMmZLUnFAEWezAg==
FsZrOcN6CyB9YVEyPk5Gjn0pOx2/MjCr6gkJ2W9eGtDOOpOr0NiM2Aoi0PCJzyq+5fqGk8ViGqUVq+Xv2wKzGQ==
wWnj6oD7FPgSPJn7UPTifWsWx7IXWwJ7z4XtWadIz262IBCa0s1ZBQeqmlxWniMXGIxstPImwOyh+2pyvR72b032ugmt7zWzM3azFQ==
/ijFyVspAiiM4DsbtyXV5q+M4xj8kiQopo2VHmMCdY27smUqNhZ4k2iPSBfjbO0tlbveFBA9FgXbumsYS5+MkgX0S6RrNI+T+npVY1s6xDdvMmZLUnFAEWezAg==
7A/ImPcGQfxquPLnAWuN3VJx9r6GWrpp0FfJROc5t+scQLq1nKEJ+rk8QZemxsek6TDhnCXXKFpHZ3ESDmPNouTf+DmKNXWzEA==
u6iR5KoKJdxflWMiGib0sa+M4hj8kiQopo2VHmMCdY27smUqNhZ4k2iPSBfjbO0tlbveFBA9FgXbumsYS5+MkgX0S6RrNI+T+npVY1s6xDdvMmZLUnFAEWezAg==
TJVTwYAMqXCD+ddQEAIjLVLG4MBbJiHUgnJZ44QNORkVEnDK38jzLUq5yYmPLhrA7grTe7AoDEiqkhCgab8qrsXKxkOlkpo1tRslvztyswk=
7A/ImPcGQfxquPLnAWuN3VJx9r6GWrpp0FfJROc5t+scQLq1nKEJ+rk8QZemxsek6TDhnCXXKFpHZ3ESDmPNouTf+DmKNXWzEA==
/ijFyVspAiiM4DsbtyXV5q+M4xj8kiQopo2VHmMCdY27smUqNhZ4k2iPSBfjbO0tlbveFBA9FgXbumsYS5+MkgX0S6RrNI+T+npVY1s6xDdvMmZLUnFAEWezAg==
TJVTwYAMqXCD+ddQEAIjLVLG4MBbJiHUgnJZ44QNORkVEnDK38jzLUq5yYmPLhrA7grTe7AoDEiqkhCgab8qrsXKxkOlkpo1tRslvztyswk=
7A/ImPcGQfxquPLnAWuN3VJx9r6GWrpp0FfJROc5t+scQLq1nKEJ+rk8QZemxsek6TDhnCXXKFpHZ3ESDmPNouTf+DmKNXWzEA==
Yu6Ucju6dCPpy+8pn9lCx6+M5hj8kiQopo2VHmMCdY27smUqNhZ4k2iPSBfjbO0tlbveFBA9FgXbumsYS5+MkgX0S6RrNI+T+npVY1s6xDdvMmZLUnFAEWezAg==
7A/ImPcGQfxquPLnAWuN3VJx9r6GWrpp0FfJROc5t+scQLq1nKEJ+rk8QZemxsek6TDhnCXXKFpHZ3ESDmPNouTf+DmKNXWzEA==
VFBmTHE5BjeMF+GmsstFJ6+M5Bj8kiQopo2VHmMCdY27smUqNhZ4k2iPSBfjbO0tlbveFBA9FgXbumsYS5+MkgX0S6RrNI+T+npVY1s6xDdvMmZLUnFAEWezAg==
TJVTwYAMqXCD+ddQEAIjLVLG4MBbJiHUgnJZ44QNORkVEnDK38jzLUq5yYmPLhrA7grTe7AoDEiqkhCgab8qrsXKxkOlkpo1tRslvztyswk=
FsZrOcN6CyB9YVEyPk5Gjn0pOx2/MjCr6gkJ2W9eGtDOOpOr0NiM2Aoi0PCJzyq+5fqGk8ViGqUVq+Xv2wKzGQ==
wWnj6oD7FPgSPJn7UPTifWsWx7IXWwJ7z4XtWadIz262IBCa0s1ZBQeqmlxWniMXGIxstPImwOyh+2pyvR72b032ugmt7zWzM3azFQ==
u6iR5KoKJdxflWMiGib0sa+M4hj8kiQopo2VHmMCdY27smUqNhZ4k2iPSBfjbO0tlbveFBA9FgXbumsYS5+MkgX0S6RrNI+T+npVY1s6xDdvMmZLUnFAEWezAg==
TJVTwYAMqXCD+ddQEAIjLVLG4MBbJiHUgnJZ44QNORkVEnDK38jzLUq5yYmPLhrA7grTe7AoDEiqkhCgab8qrsXKxkOlkpo1tRslvztyswk=
7A/ImPcGQfxquPLnAWuN3VJx9r6GWrpp0FfJROc5t+scQLq1nKEJ+rk8QZemxsek6TDhnCXXKFpHZ3ESDmPNouTf+DmKNXWzEA==
/ijFyVspAiiM4DsbtyXV5q+M4xj8kiQopo2VHmMCdY27smUqNhZ4k2iPSBfjbO0tlbveFBA9FgXbumsYS5+MkgX0S6RrNI+T+npVY1s6xDdvMmZLUnFAEWezAg==
TJVTwYAMqXCD+ddQEAIjLVLG4MBbJiHUgnJZ44QNORkVEnDK38jzLUq5yYmPLhrA7grTe7AoDEiqkhCgab8qrsXKxkOlkpo1tRslvztyswk=
7A/ImPcGQfxquPLnAWuN3VJx9r6GWrpp0FfJROc5t+scQLq1nKEJ+rk8QZemxsek6TDhnCXXKFpHZ3ESDmPNouTf+DmKNXWzEA==
zVetUCw6+Ypg6bEu6Q6AWK+M4Bj8kiQopo2VHmMCdY27smUqNhZ4k2iPSBfjbO0tlbveFBA9FgXbumsYS5+MkgX0S6RrNI+T+npVY1s6xDdvMmZLUnFAEWezAg==
TJVTwYAMqXCD+ddQEAIjLVLG4MBbJiHUgnJZ44QNORkVEnDK38jzLUq5yYmPLhrA7grTe7AoDEiqkhCgab8qrsXKxkOlkpo1tRslvztyswk=
FsZrOcN6CyB9YVEyPk5Gjn0pOx2/MjCr6gkJ2W9eGtDOOpOr0NiM2Aoi0PCJzyq+5fqGk8ViGqUVq+Xv2wKzGQ==
wWnj6oD7FPgSPJn7UPTifWsWx7IXWwJ7z4XtWadIz262IBCa0s1ZBQeqmlxWniMXGIxstPImwOyh+2pyvR72b032ugmt7zWzM3azFQ==
mV6pyPYjy1JsRbbNJk5PrHce2/sITBN6gJK/D+lGwGa3LFOR0s1ZBQeqmlxWniMXGIxstPImwOyh+2pyvR72b032ugmt7zWzM3azFQ==
v2df64tPscP9HSGcXuucWWMZzPtZABVqm5XwXu1GwGa3LFOR0s1ZBQeqmlxWniMXGIxstPImwOyh+2pyvR72b032ugmt7zWzM3azFQ==
wWnj6oD7FPgSPJn7UPTifWsWx7IXWwJ7z4XtWadIz262IBCa0s1ZBQeqmlxWniMXGIxstPImwOyh+2pyvR72b032ugmt7zWzM3azFQ==
mV6pyPYjy1JsRbbNJk5PrHce2/sITBN6gJK/D+lGwGa3LFOR0s1ZBQeqmlxWniMXGIxstPImwOyh+2pyvR72b032ugmt7zWzM3azFQ==
v2df64tPscP9HSGcXuucWWMZzPtZABVqm5XwXu1GwGa3LFOR0s1ZBQeqmlxWniMXGIxstPImwOyh+2pyvR72b032ugmt7zWzM3azFQ==
wWnj6oD7FPgSPJn7UPTifWsWx7IXWwJ7z4XtWadIz262IBCa0s1ZBQeqmlxWniMXGIxstPImwOyh+2pyvR72b032ugmt7zWzM3azFQ==
u6iR5KoKJdxflWMiGib0sa+M4hj8kiQopo2VHmMCdY27smUqNhZ4k2iPSBfjbO0tlbveFBA9FgXbumsYS5+MkgX0S6RrNI+T+npVY1s6xDdvMmZLUnFAEWezAg==
7A/ImPcGQfxquPLnAWuN3VJx9r6GWrpp0FfJROc5t+scQLq1nKEJ+rk8QZemxsek6TDhnCXXKFpHZ3ESDmPNouTf+DmKNXWzEA==
u6iR5KoKJdxflWMiGib0sa+M4hj8kiQopo2VHmMCdY27smUqNhZ4k2iPSBfjbO0tlbveFBA9FgXbumsYS5+MkgX0S6RrNI+T+npVY1s6xDdvMmZLUnFAEWezAg==
crZwE/ypAaYDjVDKuk2Zo9JmFysAiC/JPiMmFu2/E3rLuli2xgpFDwCQ6IyUw0FhfSwGE+YRqAsZw0G8+Gij/gMnLmcRGwPI2rraBPs5bL6c4m6saJKF+Uo0UaSOoZnkqv8Rhb1td1SzMw==
8cJUqkDwKXrYUq2stJ9XNOD6o9DLwajWS2uexYqMlRGHiFssJDxO9MGNgBZkdgxNNfPN2pq5jo8M6fllLeZAhndMU3GSrdmlR4qafBY+o3dYbGzUMsZATGHbalJ9vnaPjZa66e2PtRNzVrM1
8cJUqkDwKXrYUq2stJ9XNOD6o9DLwajWS2uexYqMlRGHiFssJDxO9MGNgBZkdgxNNfPN2pq5jo8M6fllLeZAhndMU3GSrdmlR4qafBY+o3dYbGzUMsZATGHbalJ9vnaPjZa66e2PtRNzVrM1
7A/ImPcGQfxquPLnAWuN3VJx9r6GWrpp0FfJROc5t+scQLq1nKEJ+rk8QZemxsek6TDhnCXXKFpHZ3ESDmPNouTf+DmKNXWzEA==
/ijFyVspAiiM4DsbtyXV5q+M4xj8kiQopo2VHmMCdY27smUqNhZ4k2iPSBfjbO0tlbveFBA9FgXbumsYS5+MkgX0S6RrNI+T+npVY1s6xDdvMmZLUnFAEWezAg==
7A/ImPcGQfxquPLnAWuN3VJx9r6GWrpp0FfJROc5t+scQLq1nKEJ+rk8QZemxsek6TDhnCXXKFpHZ3ESDmPNouTf+DmKNXWzEA==
u6iR5KoKJdxflWMiGib0sa+M4hj8kiQopo2VHmMCdY27smUqNhZ4k2iPSBfjbO0tlbveFBA9FgXbumsYS5+MkgX0S6RrNI+T+npVY1s6xDdvMmZLUnFAEWezAg==
pIh3wvFJbdSiRyIiRul2xxs214V2NQrYWhL+qZSflfRLYVOLuPgWJeApjXo9tL0HCn5jRI3oTSz5n+wag68t4mK76YIApxQptj1xsxQ=
TJVTwYAMqXCD+ddQEAIjLVLG4MBbJiHUgnJZ44QNORkVEnDK38jzLUq5yYmPLhrA7grTe7AoDEiqkhCgab8qrsXKxkOlkpo1tRslvztyswk=
Ydc1AHKhemwi+uduTuEIul1Lv1t3GXiE12fglnl86fc8knse616wgtZ+TQsAlOD4hPephV1Ibic25WBPWYeJSCjcy5qjw8bTgW+LTFo+UnBrjYRaPIYGGLhmTb0KcJlQXpXxgIob+bGtGX9Qszc=
4ceKkeL13VSnNkRf54QUBl1Lv1t3GXiE12fglnl86fc2mXse616wgtZ+TQsAlOD4hPephV1Ibic25WBPWYeJSCjcy5qjw8bTgW+LTFo+UnBrjYRaPIYGGLhmTb0KcJlQXpXxgIob+bGtGX9Qszc=
7A/ImPcGQfxquPLnAWuN3VJx9r6GWrpp0FfJROc5t+scQLq1nKEJ+rk8QZemxsek6TDhnCXXKFpHZ3ESDmPNouTf+DmKNXWzEA==
/ijFyVspAiiM4DsbtyXV5q+M4xj8kiQopo2VHmMCdY27smUqNhZ4k2iPSBfjbO0tlbveFBA9FgXbumsYS5+MkgX0S6RrNI+T+npVY1s6xDdvMmZLUnFAEWezAg==
pIh3wvFJbdSiRyIiRul2xxs214V2NQrYWhL+qZSflfRLYVOLuPgWJeApjXo9tL0HCn5jRI3oTSz5n+wag68t4mK76YIApxQptj1xsxQ=
TJVTwYAMqXCD+ddQEAIjLVLG4MBbJiHUgnJZ44QNORkVEnDK38jzLUq5yYmPLhrA7grTe7AoDEiqkhCgab8qrsXKxkOlkpo1tRslvztyswk=
CI8fk/H9rsXCOjUwE6XCj+dNndRyES0YmDU7Mi9YONNJNlej5W5HEjEPSkBXJjXIsPO8hYOgckK6Up6ptN81dOshc4uYuPalgGltel10XYdqvkNErSjtrFlfzBpjb01igvuJguDntKkWfVGzNA==
CI8fk/H9rsXCOjUwE6XCj+dNndRyES0YmDU7Mi9YONNJNlej5W5HEjEPSkBXJjXIsPO8hYOgckK6Up6ptN81dOshc4uYuPalgGltel10XYdqvkNErSjtrFlfzBpjb01igvuJguDntKkWfVGzNA==
pIh3wvFJbdSiRyIiRul2xxs214V2NQrYWhL+qZSflfRLYVOLuPgWJeApjXo9tL0HCn5jRI3oTSz5n+wag68t4mK76YIApxQptj1xsxQ=
TJVTwYAMqXCD+ddQEAIjLVLG4MBbJiHUgnJZ44QNORkVEnDK38jzLUq5yYmPLhrA7grTe7AoDEiqkhCgab8qrsXKxkOlkpo1tRslvztyswk=
7A/ImPcGQfxquPLnAWuN3VJx9r6GWrpp0FfJROc5t+scQLq1nKEJ+rk8QZemxsek6TDhnCXXKFpHZ3ESDmPNouTf+DmKNXWzEA==
zVetUCw6+Ypg6bEu6Q6AWK+M4Bj8kiQopo2VHmMCdY27smUqNhZ4k2iPSBfjbO0tlbveFBA9FgXbumsYS5+MkgX0S6RrNI+T+npVY1s6xDdvMmZLUnFAEWezAg==
8cJUqkDwKXrYUq2stJ9XNOD6o9DLwajWS2uexYqMlRGHiFssJDxO9MGNgBZkdgxNNfPN2pq5jo8M6fllLeZAhndMU3GSrdmlR4qafBY+o3dYbGzUMsZATGHbalJ9vnaPjZa66e2PtRNzVrM1
8cJUqkDwKXrYUq2stJ9XNOD6o9DLwajWS2uexYqMlRGHiFssJDxO9MGNgBZkdgxNNfPN2pq5jo8M6fllLeZAhndMU3GSrdmlR4qafBY+o3dYbGzUMsZATGHbalJ9vnaPjZa66e2PtRNzVrM1
7A/ImPcGQfxquPLnAWuN3VJx9r6GWrpp0FfJROc5t+scQLq1nKEJ+rk8QZemxsek6TDhnCXXKFpHZ3ESDmPNouTf+DmKNXWzEA==
/ijFyVspAiiM4DsbtyXV5q+M4xj8kiQopo2VHmMCdY27smUqNhZ4k2iPSBfjbO0tlbveFBA9FgXbumsYS5+MkgX0S6RrNI+T+npVY1s6xDdvMmZLUnFAEWezAg==
7A/ImPcGQfxquPLnAWuN3VJx9r6GWrpp0FfJROc5t+scQLq1nKEJ+rk8QZemxsek6TDhnCXXKFpHZ3ESDmPNouTf+DmKNXWzEA==
u6iR5KoKJdxflWMiGib0sa+M4hj8kiQopo2VHmMCdY27smUqNhZ4k2iPSBfjbO0tlbveFBA9FgXbumsYS5+MkgX0S6RrNI+T+npVY1s6xDdvMmZLUnFAEWezAg==
7A/ImPcGQfxquPLnAWuN3VJx9r6GWrpp0FfJROc5t+scQLq1nKEJ+rk8QZemxsek6TDhnCXXKFpHZ3ESDmPNouTf+DmKNXWzEA==
/ijFyVspAiiM4DsbtyXV5q+M4xj8kiQopo2VHmMCdY27smUqNhZ4k2iPSBfjbO0tlbveFBA9FgXbumsYS5+MkgX0S6RrNI+T+npVY1s6xDdvMmZLUnFAEWezAg==
7A/ImPcGQfxquPLnAWuN3VJx9r6GWrpp0FfJROc5t+scQLq1nKEJ+rk8QZemxsek6TDhnCXXKFpHZ3ESDmPNouTf+DmKNXWzEA==
zVetUCw6+Ypg6bEu6Q6AWK+M4Bj8kiQopo2VHmMCdY27smUqNhZ4k2iPSBfjbO0tlbveFBA9FgXbumsYS5+MkgX0S6RrNI+T+npVY1s6xDdvMmZLUnFAEWezAg==
7A/ImPcGQfxquPLnAWuN3VJx9r6GWrpp0FfJROc5t+scQLq1nKEJ+rk8QZemxsek6TDhnCXXKFpHZ3ESDmPNouTf+DmKNXWzEA==
zVetUCw6+Ypg6bEu6Q6AWK+M4Bj8kiQopo2VHmMCdY27smUqNhZ4k2iPSBfjbO0tlbveFBA9FgXbumsYS5+MkgX0S6RrNI+T+npVY1s6xDdvMmZLUnFAEWezAg==
FsZrOcN6CyB9YVEyPk5Gjn0pOx2/MjCr6gkJ2W9eGtDOOpOr0NiM2Aoi0PCJzyq+5fqGk8ViGqUVq+Xv2wKzGQ==
wWnj6oD7FPgSPJn7UPTifWsWx7IXWwJ7z4XtWadIz262IBCa0s1ZBQeqmlxWniMXGIxstPImwOyh+2pyvR72b032ugmt7zWzM3azFQ==
/ijFyVspAiiM4DsbtyXV5q+M4xj8kiQopo2VHmMCdY27smUqNhZ4k2iPSBfjbO0tlbveFBA9FgXbumsYS5+MkgX0S6RrNI+T+npVY1s6xDdvMmZLUnFAEWezAg==
7A/ImPcGQfxquPLnAWuN3VJx9r6GWrpp0FfJROc5t+scQLq1nKEJ+rk8QZemxsek6TDhnCXXKFpHZ3ESDmPNouTf+DmKNXWzEA==
u6iR5KoKJdxflWMiGib0sa+M4hj8kiQopo2VHmMCdY27smUqNhZ4k2iPSBfjbO0tlbveFBA9FgXbumsYS5+MkgX0S6RrNI+T+npVY1s6xDdvMmZLUnFAEWezAg==
7A/ImPcGQfxquPLnAWuN3VJx9r6GWrpp0FfJROc5t+scQLq1nKEJ+rk8QZemxsek6TDhnCXXKFpHZ3ESDmPNouTf+DmKNXWzEA==
zVetUCw6+Ypg6bEu6Q6AWK+M4Bj8kiQopo2VHmMCdY27smUqNhZ4k2iPSBfjbO0tlbveFBA9FgXbumsYS5+MkgX0S6RrNI+T+npVY1s6xDdvMmZLUnFAEWezAg==
7A/ImPcGQfxquPLnAWuN3VJx9r6GWrpp0FfJROc5t+scQLq1nKEJ+rk8QZemxsek6TDhnCXXKFpHZ3ESDmPNouTf+DmKNXWzEA==
zVetUCw6+Ypg6bEu6Q6AWK+M4Bj8kiQopo2VHmMCdY27smUqNhZ4k2iPSBfjbO0tlbveFBA9FgXbumsYS5+MkgX0S6RrNI+T+npVY1s6xDdvMmZLUnFAEWezAg==
7A/ImPcGQfxquPLnAWuN3VJx9r6GWrpp0FfJROc5t+scQLq1nKEJ+rk8QZemxsek6TDhnCXXKFpHZ3ESDmPNouTf+DmKNXWzEA==
u6iR5KoKJdxflWMiGib0sa+M4hj8kiQopo2VHmMCdY27smUqNhZ4k2iPSBfjbO0tlbveFBA9FgXbumsYS5+MkgX0S6RrNI+T+npVY1s6xDdvMmZLUnFAEWezAg==
7A/ImPcGQfxquPLnAWuN3VJx9r6GWrpp0FfJROc5t+scQLq1nKEJ+rk8QZemxsek6TDhnCXXKFpHZ3ESDmPNouTf+DmKNXWzEA==
u6iR5KoKJdxflWMiGib0sa+M4hj8kiQopo2VHmMCdY27smUqNhZ4k2iPSBfjbO0tlbveFBA9FgXbumsYS5+MkgX0S6RrNI+T+npVY1s6xDdvMmZLUnFAEWezAg==
wvz70KV+aGS7OJAL60Lddlqx+kifPJNZyHKlMnTwpCs591BZNwyE/dZyuDP8LnagWH4dVYoYSUg+LQEoyvPJyQ2BL3izHw==
V2WjoeRMa/XnPCym8gGa71qx+kifPJNZyHanPHTwpCs591BZNwyE/dZyuDP8LnagWH4dVYoYSUg+LQEoyvPJyQ2BL3izHw==
tKXcjzvw/yJCxfRYZIVDuBkJ5piuzERDmrpzRSIsLk+vM9crT0REFE1Z2aiPl2V88NzqVHp3YdqrKZ9LGJFumpq7hrJtWWq1i7cQal6T3V1+7mQhZLLEzJG8RYDGu9W2D1xeB8Kl8NsdIOFFdgSdmf/aBNV3U3wbw/bAAT5zdk0HFsqNHJQv3BdEg9t+OlEr1wr4j8sSQtOOYYyZo7PG
mZH/oN3sEnldSbDmVwyKj5dW/wLJQ/Agt/t9Y47JX////zl11i4dZHk0Y7RjFLdDgvrtM6NazCcH8s772hGYIX+zGg==
fC6gv/JNXNSwiplT5exE8RyryLPl6Zl2+Z6xq/kcKT/9uv7JxJIW07INu81BmR548IKWrCbKryZgXvAEVcSqo+0zl2fjhJ+xWgGP9ypFtiZQmNaNexxkUDhr+cGt4fH6HKwDrdQk+1BOgVsE653BlLr99xUTH3/4Et+TP3wellCYbn0FisipWH5dYRhKA+l5TZGPqLPP
mzfSSNHwh79hgFuUWpKToB5hpJUnE6jvXt87ajVlP4YeKiey9ikh7+/oJFluRv0NpHTbBDv037MKemWDC/oUV/+yFqviMbAxd7MS
7lDSaJEVs22fQpfvJTzkpjfV4vL36NM2V8nVOpp5U2epHx8aHX/Ntemwg0BOVRSlRuRRb28l1JRBTSVcOzqu3ahyWBdPYmB6teI6BHXYVcwx70Sa6x/lwnpL0cLYN2yJfm1Zszw=
PnOnxdPq1fD7WZvM3XiYRvaEJ1eNrSoBhh6IHc/VDwesVF1eWt65kPkuSkoYFZvhkQm2gJ9cU/lIlmdcdNDki7mXkHk3LESdVtL4E/xOtkDY3t01ivgJ6L5NQcjK0wlpjWFvWLM/
jjFAl8NpZIy8tE4wwEVrYxd+YCxRRiViWuLBrAkSMvb4qeNdYbXOPF9gK8W4qh9glOycN0kr6MW3kDwhpm6ALxxyznwo4qUJSkRxVE7xOXQqb3FVfV0XZLMD
mCPa4r97a2Tf0hRgAMvacippy9cvmVEZQ08tZlrmybgZBhoS2M3LiTHhBvgfpOOR6H63BDQINKPZv2BBNxS0tTb6KMu8FmaoeLZtzQqAuQAeJREQCotZQW1JH2CzBw==
uhrkP+C/zGl1Yn7kJj5TYQNa5PIeq3ADdE8tZlrmybgZBhoS2M3LiTHhBvgfpOOR6H63BDQINKPZv2BBNxS0tTb6KMu8FmaoeLZtzQqAuQAeJREQCotZQW1JH2CzBw==
t5sxZXPOqOUMv7dnWyuLHXM1mRjFp93noeDaZE02kZyGhEg/f/eJC6qevwaHPwDEy7LEWmB9AfUsh/dWcHt+oPQd7CSSlgCcgeRqYp1uNt8tZjqZTV91QxNmswU=
0tucvAIlXSaRZM2bb3NQC7aAxhUugCN8NMbXY0wy0HXs5MWC5jA9b/omv4ysz/C5QR1kbRdEOD7XxgFaROerdY8CsmYS0Y31jok+h3jhFFosnU1lC0OvhIv1PB1jfC/5egmfr+qdJq6wUKa1eyQUmNjjaRltueHyPOSzVVRcS5huiUvcq8VRHNq1By0TJ4+wclcDZzzGhli4ps1yCjAZEF5VcUCK23nxrVn/kLP3
EyOsHWgn52qtTMOpjNL+5x6xsbMxk8X0llc8/2MlUXl3fXP9THkp7egC7kp9dG9cOznVK8yPX5lzbonLsdMMWMnZfux+XZT/+sapuexVir42Kr4Y44mL7ZRNJ0o2hZKmQY3X2RSG7b5PSgy2b98IG7rwRZhpnnRchMcXaIpFyszRl61ubpf6dtMqmHDDm0e1M0aDq8h3Q1qDawIH2xU6i9rMGG6yf/viGKpAjY0D3Q+98HR6B3+0OqfKVkfPJrsT7b4yy9OnUyHDQip5Jz3MsJoaMHi5mKqWNQKm27V62k0FE4Xna9qzsQ==
GQzn/lmMkumNCmAawn4EQIKn4g8vV6vVee0tPEMZu7MgaueOuLGio4YRhSchn7GyarCfBEK86sC6dXue3qi9LvBcBp/3M5BEKzUSlvwSKYBfKosROBtyGrCr0bw8GiHHCFNalgdtMdHHsD31VvCsLGXxa/sPBONqWrsTINwia7cyCY3M9prZLYfEG3lyn+JF81d4egYThU3WTlwR7PLMnAncrfA+uy3G5zzGV8rleOslgElVLoTFiZc6fCX/k3TLW9bosYZzzv0vNlLdFNSnrO8ka8upuok7f6rAv0PSSgMWgeRp27O+
EV//9BC4Povhlb7AGbqiSq8aHdWM/BvwZt5G/TT4AnVRuaQkHjjb3+d+JM4ndcOV+G0qufik9tecraso5KSjuMLhRCFo8+KYD6qM1q//CDt6kM59Lr50fMQnlwhKZcrsEfctji63+laTyhgQA7tHlfMmA0uIV0N6w4uCZxs1OqsarJiO8l/7wlhKwO1NI90vfZD0mkdftBrnKtYnDwa7My3esiuTh1MBg6KqGecdzJBaerCY+bmqtnXiJrt1WtptxXMFByv6s5E=
tZsvTUo2z5//YNr0nxoMtJLXMJHT68Xs3AbJP96BRj7rbVRSCknGnoEeNTJzcO7wMtSN0rS/7TfsEWfVRZbZIWCa1+TZV9cxvUPzdZ+WidniuA3MqRDWjX7Qx5sYTgJjE/h2SgsjKnsogg1tO8W1mB8QaK/4aKcw2K9lpAn+6DORpFaywdOQoX8YvNqT+XXsOR1Yj+hB8V9Kbuwz7xnkhp5VpqJmeKt032S0O6dSlZRks2C1Mq/nSHsBRKQvnaUyfiH1g16vef4aZcwzhCndnvC5vkQtKG2s2V9CGuNvzWIC+wmCYOc0qZZ90bO0
00LvV1/lKMTLbJGISdj9KJLXMJHT68Xs3AbJP96BRj7rbVRSCknGnoEeNTJzcO7wMtSN0rS/7TfrE2fVRZbZIWCa1uTZV9cxvUPzdZ+WidniuA3MqRDWjX7Qx5sYTgJjE/h2SgsjKnsogg1tO8W1mB8QaK/4aKcw2K9lpAn+6DORpFaywdOQoX8YvNqT+XXsOR1Yj+hB8V9Kbuwz7xnkhp5VpqJmeKt032S0O6dSlZRks2C1Mq/nSHsBRKQvnaUyfiH1g16vef4aZcwzhCndnvC5vkQtKG2s2V9CGuNvzWIC+wmCYOc0qZZ90bO0
a228c72KnOjz8hUdKaHO9pLXMJHT68Xs3AbJP96BRj7rbVRSCknGnoEeNTJzcO7wMtSN0rS/7TfsEWfVRZbZIWCa2eTZV9cxvUPzdZ+WidniuA3MqRDWjX7Qx5sYTgJjE/h2SgsjKnsogg1tO8W1mB8QaK/4aKcw2K9lpAn+6DORpFaywdOQoX8YvNqT+XXsOR1Yj+hB8V9Kbuwz7xnkhp5VpqJmeKt032S0O6dSlZRks2C1Mq/nSHsBRKQvnaUyfiH1g16vef4aZcwzhCndnvC5vkQtKG2s2V9CGuNvzWIC+wmCYOc0qZZ90bO0
L7hGzelirxMbuLsDL84qLpLXMJHT68Xs3AbJP96BRj7rbVRSCknGnoEeNTJzcO7wMtSN0rS/7TfrE2fVRZbZIWCa2OTZV9cxvUPzdZ+WidniuA3MqRDWjX7Qx5sYTgJjE/h2SgsjKnsogg1tO8W1mB8QaK/4aKcw2K9lpAn+6DORpFaywdOQoX8YvNqT+XXsOR1Yj+hB8V9Kbuwz7xnkhp5VpqJmeKt032S0O6dSlZRks2C1Mq/nSHsBRKQvnaUyfiH1g16vef4aZcwzhCndnvC5vkQtKG2s2V9CGuNvzWIC+wmCYOc0qZZ90bO0
FQzdbfmrjF0uCT5Bc/4xU5LXMJHT68Xs3AbJP96BRj7rbVRSCknGnoEeNTJzcO7wMtSN0rS/7TfsEWfVRZbZIWCa2+TZV9cxvUPzdZ+WidniuA3MqRDWjX7Qx5sYTgJjE/h2SgsjKnsogg1tO8W1mB8QaK/4aKcw2K9lpAn+6DORpFaywdOQoX8YvNqT+XXsOR1Yj+hB8V9Kbuwz7xnkhp5VpqJmeKt032S0O6dSlZRks2C1Mq/nSHsBRKQvnaUyfiH1g16vef4aZcwzhCndnvC5vkQtKG2s2V9LGeNvzWIC+wmCYOc0qZZ90bO0
SxHev2gHXt/TuuVg35Qew5LXMJHT68Xs3AbJP96BRj7rbVRSCknGnoEeNTJzcO7wMtSN0rS/7TfrE2fVRZbZIWCa2uTZV9cxvUPzdZ+WidniuA3MqRDWjX7Qx5sYTgJjE/h2SgsjKnsogg1tO8W1mB8QaK/4aKcw2K9lpAn+6DORpFaywdOQoX8YvNqT+XXsOR1Yj+hB8V9Kbuwz7xnkhp5VpqJmeKt032S0O6dSlZRks2C1Mq/nSHsBRKQvnaUyfiH1g16vef4aZcwzhCndnvC5vkQtKG2s2V9LGeNvzWIC+wmCYOc0qZZ90bO0
cbjXyQn5gvzu5EjI9aYDd5LXMJHT68Xs3AbJP96BRj7rbVRSCknGnoEeNTJzcO7wMtSN0rS/7TfsEWfVRZbZIWCa3eTZV9cxvUPzdZ+WidniuA3MqRDWjX7Qx5sYTgJjE/h2SgsjKnsogg1tO8W1mB8QaK/4aKcw2K9lpAn+6DORpFaywdOQoX8YvNqT+XXsOR1Yj+hB8V9Kbuwz7xnkhp5VpqJmeKt032S0O6dSlZRks2C1Mq/nSHsBRKQvnaUyfiH1g16vef4aZcwzhCndnvC5vkQtKG2s2V9LGeNvzWIC+wmCYOc0qZZ90bO0
CbyoyoN0G4xGZGDpqddZeZLXMJHT68Xs3AbJP96BRj7rbVRSCknGnoEeNTJzcO7wMtSN0rS/7TfrE2fVRZbZIWCa3OTZV9cxvUPzdZ+WidniuA3MqRDWjX7Qx5sYTgJjE/h2SgsjKnsogg1tO8W1mB8QaK/4aKcw2K9lpAn+6DORpFaywdOQoX8YvNqT+XXsOR1Yj+hB8V9Kbuwz7xnkhp5VpqJmeKt032S0O6dSlZRks2C1Mq/nSHsBRKQvnaUyfiH1g16vef4aZcwzhCndnvC5vkQtKG2s2V9LGeNvzWIC+wmCYOc0qZZ90bO0
7nc/K+YIMhZs3PtC0VkAbZLXMJHT68Xs3AbJP96BRj7rbVRSCknGnoEeNTJzcO7wMtSN0rS/7TfsEWfVRZbZIWCa3+TZV9cxvUPzdZ+WidniuA3MqRDWjX7Qx5sYTgJjE/h2SgsjKnsogg1tO8W1mB8QaK/4aKcw2K9lpAn+6DORpFaywdOQoX8YvNqT+XXsOR1Yj+hB8V9Kbuwz7xnkhp5VpqJmeKt032S0O6dSlZRks2C1Mq/nSHsBRKQvnaUyfiH1g16vef4aZcwzhCndnvC5vkQtKG2s2V9LGeNvzWIC+wmCYOc0qZZ90bO0
EoW6CVYovPL6m+PSWlB5HJLXMJHT68Xs3AbJP96BRj7rbVRSCknGnoEeNTJzcO7wMtSN0rS/7TfrE2fVRZbZIWCa3uTZV9cxvUPzdZ+WidniuA3MqRDWjX7Qx5sYTgJjE/h2SgsjKnsogg1tO8W1mB8QaK/4aKcw2K9lpAn+6DORpFaywdOQoX8YvNqT+XXsOR1Yj+hB8V9Kbuwz7xnkhp5VpqJmeKt032S0O6dSlZRks2C1Mq/nSHsBRKQvnaUyfiH1g16vef4aZcwzhCndnvC5vkQtKG2s2V9LGeNvzWIC+wmCYOc0qZZ90bO0
m3HexugSWDJvjHjdyW4/z5LXMJHT68Xs3AbJP96BRj7rbVRSCknGnoEeNTJzcO7wMtSN0rS/7TfsEWfVRZbZIWCa1+XZV9cxvUPzdZ+WidniuA3MqRDWjX7Qx5sYTgJjE/h2SgsjKnsogg1tO8W1mB8QaK/4aKcw2K9lpAn+6DORpFaywdOQoX8YvNqT+XXsOR1Yj+hB8V9Kbuwz7xnkhp5VpqJmeKt032S0O6dSlZRks2C1Mq/nSHsBRKQvnaUyfiH1g16vef4aZcwzhCndnvC5vkQtKG2s2V9LGeNvzWIC+wmCYOc0qZZ90bO0
dGEibJEAISxz17Ie9i2xfJLXMJHT68Xs3AbJP96BRj7rbVRSCknGnoEeNTJzcO7wMtSN0rS/7TfrE2fVRZbZIWCa1uXZV9cxvUPzdZ+WidniuA3MqRDWjX7Qx5sYTgJjE/h2SgsjKnsogg1tO8W1mB8QaK/4aKcw2K9lpAn+6DORpFaywdOQoX8YvNqT+XXsOR1Yj+hB8V9Kbuwz7xnkhp5VpqJmeKt032S0O6dSlZRks2C1Mq/nSHsBRKQvnaUyfiH1g16vef4aZcwzhCndnvC5vkQtKG2s2V9LGeNvzWIC+wmCYOc0qZZ90bO0
I2vuY0uwQ6hvqR0OV0vnlJLXMJHT68Xs3AbJP96BRj7rbVRSCknGnoEeNTJzcO7wMtSN0rS/7TfsEWfVRZbZIWCa2eXZV9cxvUPzdZ+WidniuA3MqRDWjX7Qx5sYTgJjE/h2SgsjKnsogg1tO8W1mB8QaK/4aKcw2K9lpAn+6DORpFaywdOQoX8YvNqT+XXsOR1Yj+hB8V9Kbuwz7xnkhp5VpqJmeKt032S0O6dSlZRks2C1Mq/nSHsBRKQvnaUyfiH1g16vef4aZcwzhCndnvC5vkQtKG2s2V9LGeNvzWIC+wmCYOc0qZZ90bO0
olNqxLx/K+enXd4jFtwVeZLXMJHT68Xs3AbJP96BRj7rbVRSCknGnoEeNTJzcO7wMtSN0rS/7TfrE2fVRZbZIWCa2OXZV9cxvUPzdZ+WidniuA3MqRDWjX7Qx5sYTgJjE/h2SgsjKnsogg1tO8W1mB8QaK/4aKcw2K9lpAn+6DORpFaywdOQoX8YvNqT+XXsOR1Yj+hB8V9Kbuwz7xnkhp5VpqJmeKt032S0O6dSlZRks2C1Mq/nSHsBRKQvnaUyfiH1g16vef4aZcwzhCndnvC5vkQtKG2s2V9LGeNvzWIC+wmCYOc0qZZ90bO0
nz8e9q407jjfZaoPp4ZHy5LXMJHT68Xs3AbJP96BRj7rbVRSCknGnoEeNTJzcO7wMtSN0rS/7TfsEWfVRZbZIWCa2+XZV9cxvUPzdZ+WidniuA3MqRDWjX7Qx5sYTgJjE/h2SgsjKnsogg1tO8W1mB8QaK/4aKcw2K9lpAn+6DORpFaywdOQoX8YvNqT+XXsOR1Yj+hB8V9Kbuwz7xnkhp5VpqJmeKt032S0O6dSlZRks2C1Mq/nSHsBRKQvnaUyfiH1g16vef4aZcwzhCndnvC5vkQtKG2s2V9LGeNvzWIC+wmCYOc0qZZ90bO0
O5qumzri2gIM+t3AFg8805LXMJHT68Xs3AbJP96BRj7rbVRSCknGnoEeNTJzcO7wMtSN0rS/7TfrE2fVRZbZIWCa2uXZV9cxvUPzdZ+WidniuA3MqRDWjX7Qx5sYTgJjE/h2SgsjKnsogg1tO8W1mB8QaK/4aKcw2K9lpAn+6DORpFaywdOQoX8YvNqT+XXsOR1Yj+hB8V9Kbuwz7xnkhp5VpqJmeKt032S0O6dSlZRks2C1Mq/nSHsBRKQvnaUyfiH1g16vef4aZcwzhCndnvC5vkQtKG2s2V9LGeNvzWIC+wmCYOc0qZZ90bO0
b4534kOFsRWvCcZhw3kZwpLXMJHT68Xs3AbJP96BRj7rbVRSCknGnoEeNTJzcO7wMtSN0rS/7TfsEWfVRZbZIWCa3eXZV9cxvUPzdZ+WidniuA3MqRDWjX7Qx5sYTgJjE/h2SgsjKnsogg1tO8W1mB8QaK/4aKcw2K9lpAn+6DORpFaywdOQoX8YvNqT+XXsOR1Yj+hB8V9Kbuwz7xnkhp5VpqJmeKt032S0O6dSlZRks2C1Mq/nSHsBRKQvnaUyfiH1g16vef4aZcwzhCndnvC5vkQtKG2s2V9LGeNvzWIC+wmCYOc0qZZ90bO0
Sto6tgk3uGXkXpZjOCoOlpLXMJHT68Xs3AbJP96BRj7rbVRSCknGnoEeNTJzcO7wMtSN0rS/7TfrE2fVRZbZIWCa3OXZV9cxvUPzdZ+WidniuA3MqRDWjX7Qx5sYTgJjE/h2SgsjKnsogg1tO8W1mB8QaK/4aKcw2K9lpAn+6DORpFaywdOQoX8YvNqT+XXsOR1Yj+hB8V9Kbuwz7xnkhp5VpqJmeKt032S0O6dSlZRks2C1Mq/nSHsBRKQvnaUyfiH1g16vef4aZcwzhCndnvC5vkQtKG2s2V9LGeNvzWIC+wmCYOc0qZZ90bO0
GxzF8OaEmaxACDMe9R6+ipLXMJHT68Xs3AbJP96BRj7rbVRSCknGnoEeNTJzcO7wMtSN0rS/7TfsEWfVRZbZIWCa3+XZV9cxvUPzdZ+WidniuA3MqRDWjX7Qx5sYTgJjE/h2SgsjKnsogg1tO8W1mB8QaK/4aKcw2K9lpAn+6DORpFaywdOQoX8YvNqT+XXsOR1Yj+hB8V9Kbuwz7xnkhp5VpqJmeKt032S0O6dSlZRks2C1Mq/nSHsBRKQvnaUyfiH1g16vef4aZcwzhCndnvC5vkQtKG2s2V9LGeNvzWIC+wmCYOc0qZZ90bO0
KOuYa8huxf9Kk/EtiHNbo5LXMJHT68Xs3AbJP96BRj7rbVRSCknGnoEeNTJzcO7wMtSN0rS/7TfrE2fVRZbZIWCa3uXZV9cxvUPzdZ+WidniuA3MqRDWjX7Qx5sYTgJjE/h2SgsjKnsogg1tO8W1mB8QaK/4aKcw2K9lpAn+6DORpFaywdOQoX8YvNqT+XXsOR1Yj+hB8V9Kbuwz7xnkhp5VpqJmeKt032S0O6dSlZRks2C1Mq/nSHsBRKQvnaUyfiH1g16vef4aZcwzhCndnvC5vkQtKG2s2V9LGeNvzWIC+wmCYOc0qZZ90bO0
bGE6e3JuVXBqwN7Cpol2XSGMYcbuM2aFkJw13G5WUo9FcfmNoTHZah0VTGCWTQnKwn4B5I/i3ZS6Qh34bnhvRirpDYVJfD15dptxpz1UzOgjVL/NFFyFvEvFOZJ9brN+Ek1AN5AZyt5hmgaXBgQrhcR1B0LGXVIO0fW3kSSe7Vaf8qw+H4dIM6oIpVDZBvQ01P83YHqdCmRB780mXo/6ngOSOPizwwedI75jY3jvwzLTUyIPK836I0q0eCaCZ/sKyBLgBf1bnSetCJSyt+c0Uvfydk8//nu7fcZSg+O/U8kT+orxV2WMmIri0LAJCCn+ZTqG00WiGuWVa+WvW8KzWQ==
ZET85FNlpZoYZ53T59Kdf5LXMJHT68Xs3AbJP96BRj7rbVRSCknGnoEeNTJzcO7wMtSN0rS/7TfrE2fVRZbZIWCa1+rZV9cxvUPzdZ+WidniuA3MqRDWjX7Qx5sYTgJjE/h2SgsjKnsogg1tO8W1mB8QaK/4aKcw2K9lpAn+6DORpFaywdOQoX8YvNqT+XXsOR1Yj+hB8V9Kbuwz7xnkhp5VpqJmeKt032S0O6dSlZRks2C1Mq/nSHsBRKQvnaUyfiH1g16vef4aZcwzhCndnvC5vkQtKG2s2V9LGeNvzWIC+wmCYOc0qZZ90bO0
g7x6RMWz7in/7rz+d1ti/Vf7Z3u8Llb0R/X8ptfy8iIi0c1cLPzDQDcpKMTxALei4zsU6hn/dXYoepp++jLGpndv5XyA0QkrtcoW6edE1ZpY4Iz9yE38R5qcVbwenfrqy1cAw6/YSiMibIWzj7s4kO2keyRkhLMZ2LHebv0a5SjUJtAJ37q2I7rG1Wm1TALBuqwnhDACXx3XX5cY++kEgaNgl2UKFSczCsGecsCMHul7eKxEqD/RRY0lWe5MeAtJlMBzhB4Vc8BLmWnAqmk/cZN7t2wCizs73Nq+xMi69ebJLKGMLknJ3GqHwS3dhUfMs6s=
bGE6e3JuVXBqwN7Cpol2XSGMYcbuM2aFkJw13G5WUo9FcfmNoTHZah0VTGCWTQnKwn4B5I/i3ZS6Qh34bnhvRirpDYVJfD15dptxpz1UzOgjVL/NFFyFvEvFOZJ9brN+Ek1AN5AZyt5hmgaXBgQrhcR1B0LGXVIO0fW3kSSe7Vaf8qw+H4dIM6oIpVDZBvQ01P83YHqdCmRB780mXo/6ngOSOPizwwedI75jY3jvwzLTUyIPK836I0q0eCaCZ/sKyBLgBf1bnSetCJSyt+c0Uvfydk8//nu7fcZSg+O/U8kT+orxV2WMmIri0LAJCCn+ZTqG00WiGuWVa+WvW8KzWQ==
g7x6RMWz7in/7rz+d1ti/Vf7Z3u8Llb0R/X8ptfy8iIi0c1cLPzDQDcpKMTxALei4zsU6hn/dXYoepp++jLGpndv5XyA0QkrtcoW6edE1ZpY4Iz9yE38R5qcVbwenfrqy1cAw6/YSiMibIWzj7s4kO2keyRkhLMZ2LHebv0a5SjUJtAJ37q2I7rG1Wm1TALBuqwnhDACXx3XX5cY++kEgaNgl2UKFSczCsGecsCMHul7eKxEqD/RRY0lWe5MeAtJlMBzhB4Vc8BLmWnAqmk/cZN7t2wCizs73Nq+xMi69ebJLKGMLknJ3GqHwS3dhUfMs6s=
bGE6e3JuVXBqwN7Cpol2XSGMYcbuM2aFkJw13G5WUo9FcfmNoTHZah0VTGCWTQnKwn4B5I/i3ZS6Qh34bnhvRirpDYVJfD15dptxpz1UzOgjVL/NFFyFvEvFOZJ9brN+Ek1AN5AZyt5hmgaXBgQrhcR1B0LGXVIO0fW3kSSe7Vaf8qw+H4dIM6oIpVDZBvQ01P83YHqdCmRB780mXo/6ngOSOPizwwedI75jY3jvwzLTUyIPK836I0q0eCaCZ/sKyBLgBf1bnSetCJSyt+c0Uvfydk8//nu7fcZSg+O/U8kT+orxV2WMmIri0LAJCCn+ZTqG00WiGuWVa+WvW8KzWQ==
g7x6RMWz7in/7rz+d1ti/Vf7Z3u8Llb0R/X8ptfy8iIi0c1cLPzDQDcpKMTxALei4zsU6hn/dXYoepp++jLGpndv5XyA0QkrtcoW6edE1ZpY4Iz9yE38R5qcVbwenfrqy1cAw6/YSiMibIWzj7s4kO2keyRkhLMZ2LHebv0a5SjUJtAJ37q2I7rG1Wm1TALBuqwnhDACXx3XX5cY++kEgaNgl2UKFSczCsGecsCMHul7eKxEqD/RRY0lWe5MeAtJlMBzhB4Vc8BLmWnAqmk/cZN7t2wCizs73Nq+xMi69ebJLKGMLknJ3GqHwS3dhUfMs6s=
bGE6e3JuVXBqwN7Cpol2XSGMYcbuM2aFkJw13G5WUo9FcfmNoTHZah0VTGCWTQnKwn4B5I/i3ZS6Qh34bnhvRirpDYVJfD15dptxpz1UzOgjVL/NFFyFvEvFOZJ9brN+Ek1AN5AZyt5hmgaXBgQrhcR1B0LGXVIO0fW3kSSe7Vaf8qw+H4dIM6oIpVDZBvQ01P83YHqdCmRB780mXo/6ngOSOPizwwedI75jY3jvwzLTUyIPK836I0q0eCaCZ/sKyBLgBf1bnSetCJSyt+c0Uvfydk8//nu7fcZSg+O/U8kT+orxV2WMmIri0LAJCCn+ZTqG00WiGuWVa+WvW8KzWQ==
g7x6RMWz7in/7rz+d1ti/Vf7Z3u8Llb0R/X8ptfy8iIi0c1cLPzDQDcpKMTxALei4zsU6hn/dXYoepp++jLGpndv5XyA0QkrtcoW6edE1ZpY4Iz9yE38R5qcVbwenfrqy1cAw6/YSiMibIWzj7s4kO2keyRkhLMZ2LHebv0a5SjUJtAJ37q2I7rG1Wm1TALBuqwnhDACXx3XX5cY++kEgaNgl2UKFSczCsGecsCMHul7eKxEqD/RRY0lWe5MeAtJlMBzhB4Vc8BLmWnAqmk/cZN7t2wCizs73Nq+xMi69ebJLKGMLknJ3GqHwS3dhUfMs6s=
bGE6e3JuVXBqwN7Cpol2XSGMYcbuM2aFkJw13G5WUo9FcfmNoTHZah0VTGCWTQnKwn4B5I/i3ZS6Qh34bnhvRirpDYVJfD15dptxpz1UzOgjVL/NFFyFvEvFOZJ9brN+Ek1AN5AZyt5hmgaXBgQrhcR1B0LGXVIO0fW3kSSe7Vaf8qw+H4dIM6oIpVDZBvQ01P83YHqdCmRB780mXo/6ngOSOPizwwedI75jY3jvwzLTUyIPK836I0q0eCaCZ/sKyBLgBf1bnSetCJSyt+c0Uvfydk8//nu7fcZSg+O/U8kT+orxV2WMmIri0LAJCCn+ZTqG00WiGuWVa+WvW8KzWQ==
g7x6RMWz7in/7rz+d1ti/Vf7Z3u8Llb0R/X8ptfy8iIi0c1cLPzDQDcpKMTxALei4zsU6hn/dXYoepp++jLGpndv5XyA0QkrtcoW6edE1ZpY4Iz9yE38R5qcVbwenfrqy1cAw6/YSiMibIWzj7s4kO2keyRkhLMZ2LHebv0a5SjUJtAJ37q2I7rG1Wm1TALBuqwnhDACXx3XX5cY++kEgaNgl2UKFSczCsGecsCMHul7eKxEqD/RRY0lWe5MeAtJlMBzhB4Vc8BLmWnAqmk/cZN7t2wCizs73Nq+xMi69ebJLKGMLknJ3GqHwS3dhUfMs6s=
bGE6e3JuVXBqwN7Cpol2XSGMYcbuM2aFkJw13G5WUo9FcfmNoTHZah0VTGCWTQnKwn4B5I/i3ZS6Qh34bnhvRirpDYVJfD15dptxpz1UzOgjVL/NFFyFvEvFOZJ9brN+Ek1AN5AZyt5hmgaXBgQrhcR1B0LGXVIO0fW3kSSe7Vaf8qw+H4dIM6oIpVDZBvQ01P83YHqdCmRB780mXo/6ngOSOPizwwedI75jY3jvwzLTUyIPK836I0q0eCaCZ/sKyBLgBf1bnSetCJSyt+c0Uvfydk8//nu7fcZSg+O/U8kT+orxV2WMmIri0LAJCCn+ZTqG00WiGuWVa+WvW8KzWQ==
g7x6RMWz7in/7rz+d1ti/Vf7Z3u8Llb0R/X8ptfy8iIi0c1cLPzDQDcpKMTxALei4zsU6hn/dXYoepp++jLGpndv5XyA0QkrtcoW6edE1ZpY4Iz9yE38R5qcVbwenfrqy1cAw6/YSiMibIWzj7s4kO2keyRkhLMZ2LHebv0a5SjUJtAJ37q2I7rG1Wm1TALBuqwnhDACXx3XX5cY++kEgaNgl2UKFSczCsGecsCMHul7eKxEqD/RRY0lWe5MeAtJlMBzhB4Vc8BLmWnAqmk/cZN7t2wCizs73Nq+xMi69ebJLKGMLknJ3GqHwS3dhUfMs6s=
bGE6e3JuVXBqwN7Cpol2XSGMYcbuM2aFkJw13G5WUo9FcfmNoTHZah0VTGCWTQnKwn4B5I/i3ZS6Qh34bnhvRirpDYVJfD15dptxpz1UzOgjVL/NFFyFvEvFOZJ9brN+Ek1AN5AZyt5hmgaXBgQrhcR1B0LGXVIO0fW3kSSe7Vaf8qw+H4dIM6oIpVDZBvQ01P83YHqdCmRB780mXo/6ngOSOPizwwedI75jY3jvwzLTUyIPK836I0q0eCaCZ/sKyBLgBf1bnSetCJSyt+c0Uvfydk8//nu7fcZSg+O/U8kT+orxV2WMmIri0LAJCCn+ZTqG00WiGuWVa+WvW8KzWQ==
g7x6RMWz7in/7rz+d1ti/Vf7Z3u8Llb0R/X8ptfy8iIi0c1cLPzDQDcpKMTxALei4zsU6hn/dXYoepp++jLGpndv5XyA0QkrtcoW6edE1ZpY4Iz9yE38R5qcVbwenfrqy1cAw6/YSiMibIWzj7s4kO2keyRkhLMZ2LHebv0a5SjUJtAJ37q2I7rG1Wm1TALBuqwnhDACXx3XX5cY++kEgaNgl2UKFSczCsGecsCMHul7eKxEqD/RRY0lWe5MeAtJlMBzhB4Vc8BLmWnAqmk/cZN7t2wCizs73Nq+xMi69ebJLKGMLknJ3GqHwS3dhUfMs6s=
bGE6e3JuVXBqwN7Cpol2XSGMYcbuM2aFkJw13G5WUo9FcfmNoTHZah0VTGCWTQnKwn4B5I/i3ZS6Qh34bnhvRirpDYVJfD15dptxpz1UzOgjVL/NFFyFvEvFOZJ9brN+Ek1AN5AZyt5hmgaXBgQrhcR1B0LGXVIO0fW3kSSe7Vaf8qw+H4dIM6oIpVDZBvQ01P83YHqdCmRB780mXo/6ngOSOPizwwedI75jY3jvwzLTUyIPK836I0q0eCaCZ/sKyBLgBf1bnSetCJSyt+c0Uvfydk8//nu7fcZSg+O/U8kT+orxV2WMmIri0LAJCCn+ZTqG00WiGuWVa+WvW8KzWQ==
g7x6RMWz7in/7rz+d1ti/Vf7Z3u8Llb0R/X8ptfy8iIi0c1cLPzDQDcpKMTxALei4zsU6hn/dXYoepp++jLGpndv5XyA0QkrtcoW6edE1ZpY4Iz9yE38R5qcVbwenfrqy1cAw6/YSiMibIWzj7s4kO2keyRkhLMZ2LHebv0a5SjUJtAJ37q2I7rG1Wm1TALBuqwnhDACXx3XX5cY++kEgaNgl2UKFSczCsGecsCMHul7eKxEqD/RRY0lWe5MeAtJlMBzhB4Vc8BLmWnAqmk/cZN7t2wCizs73Nq+xMi69ebJLKGMLknJ3GqHwS3dhUfMs6s=
bGE6e3JuVXBqwN7Cpol2XSGMYcbuM2aFkJw13G5WUo9FcfmNoTHZah0VTGCWTQnKwn4B5I/i3ZS6Qh34bnhvRirpDYVJfD15dptxpz1UzOgjVL/NFFyFvEvFOZJ9brN+Ek1AN5AZyt5hmgaXBgQrhcR1B0LGXVIO0fW3kSSe7Vaf8qw+H4dIM6oIpVDZBvQ01P83YHqdCmRB780mXo/6ngOSOPizwwedI75jY3jvwzLTUyIPK836I0q0eCaCZ/sKyBLgBf1bnSetCJSyt+c0Uvfydk8//nu7fcZSg+O/U8kT+orxV2WMmIri0LAJCCn+ZTqG00WiGuWVa+WvW8KzWQ==
g7x6RMWz7in/7rz+d1ti/Vf7Z3u8Llb0R/X8ptfy8iIi0c1cLPzDQDcpKMTxALei4zsU6hn/dXYoepp++jLGpndv5XyA0QkrtcoW6edE1ZpY4Iz9yE38R5qcVbwenfrqy1cAw6/YSiMibIWzj7s4kO2keyRkhLMZ2LHebv0a5SjUJtAJ37q2I7rG1Wm1TALBuqwnhDACXx3XX5cY++kEgaNgl2UKFSczCsGecsCMHul7eKxEqD/RRY0lWe5MeAtJlMBzhB4Vc8BLmWnAqmk/cZN7t2wCizs73Nq+xMi69ebJLKGMLknJ3GqHwS3dhUfMs6s=
yH0pjjfIZD1r540nSSboEuvIokL3nT9g/42zCz8QVtu/ois4NFx6mGWABVvvKu4ulbDZRk8sDwPvujYER4WcjRj0S6RrNI+T/HhVb106xDdvMmZLUnFAEWezAg==
dbkV27wCJNoXFYiLkY30opkOqKgQVugDXnQsfSpzpPS6QUqTP0fRL4KaWCzi9uYMYxQ4INQupdKWoeU9g53DovPjYt9LPXoz6oS4dmIX+5rooqDVnasdNw04VOJXlzTC10I2n18O+6vd9pLTA89TWTNKyiE3lQyIKtIQ4Ol5KG5JjMYDJVKa9TVbJf+7srPJ
QXCWD3bpAa2huefU1FTu9IKt/uqDGrS0CKrIJzwcA6rSr+Sw8g2aZ+f7sUsqNqi4WmpmiOuYqJRMUgV2fk1VafvBA2Y7LzKrEwGa18KoyGJaC/ue4K6w4YVXPRNlVGQ2r0t0hp8O5muHspvPdVpiR7tT0927xlqVr+msLMI+oLSRJeiqgUCWd31uehEdd1Xrg66zzQ==
vtKfyM+1eekfKNmklCL9PLSMkYeG+c9kb4jNmMSmhFQ91ipqqHiZt282pn4OEhE5HZZCHQfpGK65U4KrrIKApz/mbcnf588jBLTtIh2ohL/+8gOJ1/ow5RWsDZcXrjRFzYudNqe/CXuNC0cPY2zPibpZPx9qbUZ+8GCGpXs0NKiYMwnp7QlBovyUU0VUTCtoLlnrbCu1sUwahSc9EzevgLIH4xe8diaI+Fatawgg9WaeBdHwCisZIe1p34Cz5w==
TLBXonKltmeEiQucsmUlTWl/Zx2KICiCI3C4ypGX2UAeFCdMmPbMfQIZ5EyrDFu4ywbvRT1UT+Y7XcmooOE6iZDTkeWafuCp2FIYhNWMoZjKu9mu62waTx5FTFOZsAX9OkRRYdvKAN2LcyBTBwZkmbLz+tWjZo5FwLRT1BNUp6M0+J2ftZp8B3dyHhtKUeiBr7PK
prA40uJZSHesJPQLgn2f2LaAyB0q3iZ7KZGDbANL8V3WzPat1Rk9bvZn8Ivp3OmuXBxkZBgNODrb+E4xROqmG5IFqxUBwY7wkMpmlCbyX24A1mBcFRy6q837Jx9jfC/5egmfr+qdJq6wUKa1eyQUmNjjaRltueHyPOSzVVRcS5huiUvcq8VRHNq1By0TJ4+wclcDZzzGhli4ps17CDAVFl5VcUCK23nxrVn/kLP3
PNgBqHHOiRLW2Ku8xPhdap12ACxUhs8VL/bcqe/mk3GReMT0mJ3YipsobkFEGoZLUrXLhYFRLgDQmoakJsK/PkAmwMyVjNobDasH72MMDyk6uX8/ag2G3nCAxoV7FHRIGJPJie0pAUJ8NJMlVKxryK45K0wrVfHsmuXnHRMXb+Ayp6P3vFbm6Hj27YsIQDXGHuWR0ApL2YFtiZ+gs8c=
v3Ra/61vo//czLFkmSsK73PZcpzAEiW4nKX+4pNylHzY4ohv7PSjwkInZDhiZTqPN7PxA/reiNBKYmaA+/CIfJwaRT6upfUBa0mD7qtHkkPDSdqfEkDoCkoD+5bwxpAJVR99W7W8xF4/w/QOD2ZGg1f624elskIvq1vT1auuen1/oexkEtYA3AGtaCIRKDafrSY6Wc2fdYOTprPF
r06CzEhX1dbI0Z6x0Rjrp1R9+q7JK7NgzVqOF+Q6ueYUV7yon6s/+ucrQ42ywdak6TDhnCXXLlhHa3cSDmPNouTf+DmKNXWzEA==
S5bwdoYulQ2g/cXT5h7SLZwFinpShUtEvq4hDSOE/4nRUkElUpK3nMVBh6C58gJnOILtBiBPQPjTQ6t6c0OPXc7Z4sQ9iL1sqX/aGHODeyLSGxkCkEdEaUYdYbME
RRZMOAuQiMkG5ZX90v+7xT5IcNBwqTPN5OoeUZXjZC4dlJoKUbQZK09VLHyijmBEMXXo+iGwVscdPvrB/ccVmyN+sx0=
tBFi80kzE78c5tU/4qqGRz1IcNBwqTPN5OoeUZXjZC4dlJoKUbQZK09VLHyijmBEMXXo+iGwVscdPvrB/ccVmyN+sx0=
EwItwq8rfgS3Ujf8YuYtbDxIcNBwqTPN5OoeUZXjZC4dlJoKUbQZK09VLHyijmBEMXXo+iGwVscdPvrB/ccVmyN+sx0=
qdxI/skvTUqq+kINKTD33g+rlwUpHpLz4SMHRZ1ACvqQpvwzi2OwKE53qelsUPnG2tw9ToGl+/fcOn6kSFo1h8jM7equqYm8aieBDV2lB2yzCw==
TfrZlPz1PQXR+yR4Ad/j/g+rlwQpHpLz4SMHRZ1ACvqQpvwzi2OwKE53qelsUPnG2tw9ToGl+/fcOn6kSFo1h8jM7equqYm8aieBDV2lB2yzCw==
xYp6BXukQ9VeJiPSVj/9UQ+rlwMpHpLz4SMHRZ1ACvqQpvwzi2OwKE53qelsUPnG2tw9ToGl+/fcOn6kSFo1h8jM7equqYm8aieBDV2lB2yzCw==
iB95JOzofiUKzRcB5Lxxwg+rlwIpHpLz4SMHRZ1ACvqQpvwzi2OwKE53qelsUPnG2tw9ToGl+/fcOn6kSFo1h8jM7equqYm8aieBDV2lB2yzCw==
daskeZ1wP1Ocvci23h838fDL90xObdvMyClqzZLhnTypQJeuzN9WXkN2rtPOQD0f5bo9H2FlwMXstBNU01RnI3T43R/1mryHt3JemwpRqAFvswo=
8ufRU+2TEkZQXOnA+xD0XvDL901ObdvMyClqzZLhnTypQJeuzN9WXkN2rtPOQD0f5bo9H2FlwMXstBNU01RnI3T43R/1mryHt3JemwpRqAFvswo=
UNCg5gnOnAneBXSi8eenuRCpiR8nfur9unxbCsEAX/qQpvwzi2OwKE53qelsUPnG2tw9ToGl+/fcOn6kSFo1h8jM7equqYm8aieBDV2lB2yzCw==
CToUbT8Ldj78xIu4A/mHfxCokBcnfur9unxbCsEAX/qQpvwzi2OwKE53qelsUPnG2tw9ToGl+/fcOn6kSFo1h8jM7equqYm8aieBDV2lB2yzCw==
cPyAEf9Cg71wQ4VyjPMmgnPM2usxILTihwU3FXeNy+B1ymZ3PIrxJlyHhIh32yf6/9srrYqRHuQhgLl8TUeW2L/737JWk4ViLI8AWaIFbbMI
NOVdDqN1jkRVEXxv7uaSj3PN2usxILTihwU3FXeNy+B1ymZ3PIrxJlyHhIh32yf6/9srrYqRHuQhgLl8TUeW2L/737JWk4ViLI8AWaIFbbMI
aHwkp6ClSOT+4Iep0Dd9vXPK2usxILTihwU3FXeNy+B1ymZ3PIrxJlyHhIh32yf6/9srrYqRHuQhgLl8TUeW2L/737JWk4ViLI8AWaIFbbMI
QvFcjcuPNK1TEQixP3F6P3PL2usxILTihwU3FXeNy+B1ymZ3PIrxJlyHhIh32yf6/9srrYqRHuQhgLl8TUeW2L/737JWk4ViLI8AWaIFbbMI
6krHEXnl3e5hODO2vH8WPXPI2usxILTihwU3FXeNy+B1ymZ3PIrxJlyHhIh32yf6/9srrYqRHuQhgLl8TUeW2L/737JWk4ViLI8AWaIFbbMI
kLj/aUy/Iim48zPDCzzbvHPJ2usxILTihwU3FXeNy+B1ymZ3PIrxJlyHhIh32yf6/9srrYqRHuQhgLl8TUeW2L/737JWk4ViLI8AWaIFbbMI
L5qCBsPaINZw4vpZNp3/YXPG2usxILTihwU3FXeNy+B1ymZ3PIrxJlyHhIh32yf6/9srrYqRHuQhgLl8TUeW2L/737JWk4ViLI8AWaIFbbMI
vqhO1kKa7beKOy59h+RbBXPH2usxILTihwU3FXeNy+B1ymZ3PIrxJlyHhIh32yf6/9srrYqRHuQhgLl8TUeW2L/737JWk4ViLI8AWaIFbbMI
jZC10nxV7sB/NMV6CgJULwVX7bNcOlHnnO1HplD6RO/7vwh0rusRdRzMQVpaQIXS8TlDazxmxng4ho3bCJDVNt51seCKO7kRLbk/cLMX
BK1XRcPpYv5SUCshVgSDESoFhbdm5hhiED4MWyvL4NAOT3mBjHjJ3trEDWZhzSvPnMIuDOgyxR9IVJ0CDgFZxKof0eU9jTd0sxM=
UQ6LwecoyjvzuuSqnKLxoVa9z6n+5p51uoP0vNhVKDL7sP7JxJIW07INu81BmR548IKWrCbKryZgXvAEVcSqo+0zl2fjhJ+xWgGP9ypFtiZQmNaNexxkUDhr+cGt4fH6HKwDrdQk+1BOgVsE653BlLr99xUTH3/4Et+TP3wellCYbn0DiMilXn5dYRhKA+l5TZGPqLPP
PyStAQpOCCtgU965yXHhp6/2H6HQsuX7j2mEguCOqEsEyNOWmuskfCq56jtPHxHnUqI4RNLu5gRzbBgIJPblmsYZBdUzBUMqYxvCdztluvs6vNgeUg/7kvjagP1tc11/XYC0CucPtEpHupY3L1Y7Yw3O8rsz11NRIzLqCcdNTMB6avAIWeGo5tl0ZqtVClo95WNFl4uqs8E=
oXszK5izWwWg5Chvxjuw3Q3sZUOcoDBzb3h6A/EOylIbMOB6aTdxMJaUr/zwlnSN2lmcHHPsc6jDBudVFTQXNsOdkdgYAdI5GFMZFTLemBkAkiDUjaxJiMK70b4DTEIfJoWU4+EQrQ2yxNnRMyq4rdOz2INfZkyJuvPyxYuGVhW49IskqzTPE7x4Fe8dOoS3LzImy5JxgJGns8I=
GCSMyAfSwe6AMECh+Y1CuDx8faUxSShYKAv9CiBmCSDyjlNfaxR0tM3YKn5O+YiJTigJpKlsgUalkc98bYIRTcOsoukInXrz+7GotiLtkgKyYHck0wxAO1M6mcS4q7QVBhdbeDepUGS7denCAtmBYwo3JS6WTfizsAFRziwhaiTZUJHcFTfeWPfLB1K+Qz0iNP9oeZqVpbPA
80c5EFhSG2FA/a8MeGRRXn0pOx2/MjCr6gkJ2W9eGtDOOpOr0NiM2Aoi0PCJySi+6fyGk8ViGqUVq+Xv2wKzGQ==
JybeIh6aZ5S//OWqkx2WoWsWx7IXWwJ7z4XtWadIz262IBCa0s1ZBQeqmlxWniMXGIxstPImwOyh/WhysRj2b032ugmt7zWzM3azFQ==
JHOorJQ3mFcPbZvyGBvO06+M4hj8kiQopo2VHmMCdY27smUqNhZ4k2iPSBfjbO0tlbveFBA9FgXbumsYS5+MkgX0S6RrNI+T/HhVb106xDdvMmZLUnFAEWezAg==
YNd1Kkv9Yv5Fvl0p4MobWVJx9r6GWrpp0FfJROc5t+scQLq1nKEJ+rk8QZemxsek6TDhnCXXLlhHa3cSDmPNouTf+DmKNXWzEA==
gIN0aRGG7TifvBOqwfrQBXce2/sITBN6gJK/D+lGwGa3LFOR0s1ZBQeqmlxWniMXGIxstPImwOyh/WhysRj2b032ugmt7zWzM3azFQ==
EKU8AX3gAbsM4RvTMWzv1mMZzPtZABVqm5XwXu1GwGa3LFOR0s1ZBQeqmlxWniMXGIxstPImwOyh/WhysRj2b032ugmt7zWzM3azFQ==
JybeIh6aZ5S//OWqkx2WoWsWx7IXWwJ7z4XtWadIz262IBCa0s1ZBQeqmlxWniMXGIxstPImwOyh/WhysRj2b032ugmt7zWzM3azFQ==
JHOorJQ3mFcPbZvyGBvO06+M4hj8kiQopo2VHmMCdY27smUqNhZ4k2iPSBfjbO0tlbveFBA9FgXbumsYS5+MkgX0S6RrNI+T/HhVb106xDdvMmZLUnFAEWezAg==
YNd1Kkv9Yv5Fvl0p4MobWVJx9r6GWrpp0FfJROc5t+scQLq1nKEJ+rk8QZemxsek6TDhnCXXLlhHa3cSDmPNouTf+DmKNXWzEA==
jKkDbBEH89Vq8Q+3bQFxFK+M4xj8kiQopo2VHmMCdY27smUqNhZ4k2iPSBfjbO0tlbveFBA9FgXbumsYS5+MkgX0S6RrNI+T/HhVb106xDdvMmZLUnFAEWezAg==
YNd1Kkv9Yv5Fvl0p4MobWVJx9r6GWrpp0FfJROc5t+scQLq1nKEJ+rk8QZemxsek6TDhnCXXLlhHa3cSDmPNouTf+DmKNXWzEA==
Dm7Os7Bf3wqvfAD6bQM0f4j+chU/n4y+DlEVwqv2eC62z0ZvZgvtVOMxm8vwCH4F+FmVeiVEpSfiDquExTjljAEPUpj7M5OCiuuhQkiXPEmuDWmzDA==
YNd1Kkv9Yv5Fvl0p4MobWVJx9r6GWrpp0FfJROc5t+scQLq1nKEJ+rk8QZemxsek6TDhnCXXLlhHa3cSDmPNouTf+DmKNXWzEA==
saZIrA0kspSEqO0oXjixKq+M5hj8kiQopo2VHmMCdY27smUqNhZ4k2iPSBfjbO0tlbveFBA9FgXbumsYS5+MkgX0S6RrNI+T/HhVb106xDdvMmZLUnFAEWezAg==
YNd1Kkv9Yv5Fvl0p4MobWVJx9r6GWrpp0FfJROc5t+scQLq1nKEJ+rk8QZemxsek6TDhnCXXLlhHa3cSDmPNouTf+DmKNXWzEA==
YgKWgmbci9TlgTldeMLU64j+cxU/n4y+DlEVwqv2eC62z0ZvZgvtVOMxm8vwCH4F+FmVeiVEpSfiDquExTjljAEPUpj7M5OCiuuhQkiXPEmuDWmzDA==
YNd1Kkv9Yv5Fvl0p4MobWVJx9r6GWrpp0FfJROc5t+scQLq1nKEJ+rk8QZemxsek6TDhnCXXLlhHa3cSDmPNouTf+DmKNXWzEA==
jKkDbBEH89Vq8Q+3bQFxFK+M4xj8kiQopo2VHmMCdY27smUqNhZ4k2iPSBfjbO0tlbveFBA9FgXbumsYS5+MkgX0S6RrNI+T/HhVb106xDdvMmZLUnFAEWezAg==
YNd1Kkv9Yv5Fvl0p4MobWVJx9r6GWrpp0FfJROc5t+scQLq1nKEJ+rk8QZemxsek6TDhnCXXLlhHa3cSDmPNouTf+DmKNXWzEA==
saZIrA0kspSEqO0oXjixKq+M5hj8kiQopo2VHmMCdY27smUqNhZ4k2iPSBfjbO0tlbveFBA9FgXbumsYS5+MkgX0S6RrNI+T/HhVb106xDdvMmZLUnFAEWezAg==
YNd1Kkv9Yv5Fvl0p4MobWVJx9r6GWrpp0FfJROc5t+scQLq1nKEJ+rk8QZemxsek6TDhnCXXLlhHa3cSDmPNouTf+DmKNXWzEA==
JHOorJQ3mFcPbZvyGBvO06+M4hj8kiQopo2VHmMCdY27smUqNhZ4k2iPSBfjbO0tlbveFBA9FgXbumsYS5+MkgX0S6RrNI+T/HhVb106xDdvMmZLUnFAEWezAg==
YNd1Kkv9Yv5Fvl0p4MobWVJx9r6GWrpp0FfJROc5t+scQLq1nKEJ+rk8QZemxsek6TDhnCXXLlhHa3cSDmPNouTf+DmKNXWzEA==
JHOorJQ3mFcPbZvyGBvO06+M4hj8kiQopo2VHmMCdY27smUqNhZ4k2iPSBfjbO0tlbveFBA9FgXbumsYS5+MkgX0S6RrNI+T/HhVb106xDdvMmZLUnFAEWezAg==
YNd1Kkv9Yv5Fvl0p4MobWVJx9r6GWrpp0FfJROc5t+scQLq1nKEJ+rk8QZemxsek6TDhnCXXLlhHa3cSDmPNouTf+DmKNXWzEA==
jKkDbBEH89Vq8Q+3bQFxFK+M4xj8kiQopo2VHmMCdY27smUqNhZ4k2iPSBfjbO0tlbveFBA9FgXbumsYS5+MkgX0S6RrNI+T/HhVb106xDdvMmZLUnFAEWezAg==
YNd1Kkv9Yv5Fvl0p4MobWVJx9r6GWrpp0FfJROc5t+scQLq1nKEJ+rk8QZemxsek6TDhnCXXLlhHa3cSDmPNouTf+DmKNXWzEA==
jKkDbBEH89Vq8Q+3bQFxFK+M4xj8kiQopo2VHmMCdY27smUqNhZ4k2iPSBfjbO0tlbveFBA9FgXbumsYS5+MkgX0S6RrNI+T/HhVb106xDdvMmZLUnFAEWezAg==
YNd1Kkv9Yv5Fvl0p4MobWVJx9r6GWrpp0FfJROc5t+scQLq1nKEJ+rk8QZemxsek6TDhnCXXLlhHa3cSDmPNouTf+DmKNXWzEA==
jKkDbBEH89Vq8Q+3bQFxFK+M4xj8kiQopo2VHmMCdY27smUqNhZ4k2iPSBfjbO0tlbveFBA9FgXbumsYS5+MkgX0S6RrNI+T/HhVb106xDdvMmZLUnFAEWezAg==
YNd1Kkv9Yv5Fvl0p4MobWVJx9r6GWrpp0FfJROc5t+scQLq1nKEJ+rk8QZemxsek6TDhnCXXLlhHa3cSDmPNouTf+DmKNXWzEA==
jKkDbBEH89Vq8Q+3bQFxFK+M4xj8kiQopo2VHmMCdY27smUqNhZ4k2iPSBfjbO0tlbveFBA9FgXbumsYS5+MkgX0S6RrNI+T/HhVb106xDdvMmZLUnFAEWezAg==
YNd1Kkv9Yv5Fvl0p4MobWVJx9r6GWrpp0FfJROc5t+scQLq1nKEJ+rk8QZemxsek6TDhnCXXLlhHa3cSDmPNouTf+DmKNXWzEA==
jKkDbBEH89Vq8Q+3bQFxFK+M4xj8kiQopo2VHmMCdY27smUqNhZ4k2iPSBfjbO0tlbveFBA9FgXbumsYS5+MkgX0S6RrNI+T/HhVb106xDdvMmZLUnFAEWezAg==
YNd1Kkv9Yv5Fvl0p4MobWVJx9r6GWrpp0FfJROc5t+scQLq1nKEJ+rk8QZemxsek6TDhnCXXLlhHa3cSDmPNouTf+DmKNXWzEA==
jKkDbBEH89Vq8Q+3bQFxFK+M4xj8kiQopo2VHmMCdY27smUqNhZ4k2iPSBfjbO0tlbveFBA9FgXbumsYS5+MkgX0S6RrNI+T/HhVb106xDdvMmZLUnFAEWezAg==
YNd1Kkv9Yv5Fvl0p4MobWVJx9r6GWrpp0FfJROc5t+scQLq1nKEJ+rk8QZemxsek6TDhnCXXLlhHa3cSDmPNouTf+DmKNXWzEA==
jKkDbBEH89Vq8Q+3bQFxFK+M4xj8kiQopo2VHmMCdY27smUqNhZ4k2iPSBfjbO0tlbveFBA9FgXbumsYS5+MkgX0S6RrNI+T/HhVb106xDdvMmZLUnFAEWezAg==
YNd1Kkv9Yv5Fvl0p4MobWVJx9r6GWrpp0FfJROc5t+scQLq1nKEJ+rk8QZemxsek6TDhnCXXLlhHa3cSDmPNouTf+DmKNXWzEA==
gIN0aRGG7TifvBOqwfrQBXce2/sITBN6gJK/D+lGwGa3LFOR0s1ZBQeqmlxWniMXGIxstPImwOyh/WhysRj2b032ugmt7zWzM3azFQ==
EKU8AX3gAbsM4RvTMWzv1mMZzPtZABVqm5XwXu1GwGa3LFOR0s1ZBQeqmlxWniMXGIxstPImwOyh/WhysRj2b032ugmt7zWzM3azFQ==
JybeIh6aZ5S//OWqkx2WoWsWx7IXWwJ7z4XtWadIz262IBCa0s1ZBQeqmlxWniMXGIxstPImwOyh/WhysRj2b032ugmt7zWzM3azFQ==
gIN0aRGG7TifvBOqwfrQBXce2/sITBN6gJK/D+lGwGa3LFOR0s1ZBQeqmlxWniMXGIxstPImwOyh/WhysRj2b032ugmt7zWzM3azFQ==
EKU8AX3gAbsM4RvTMWzv1mMZzPtZABVqm5XwXu1GwGa3LFOR0s1ZBQeqmlxWniMXGIxstPImwOyh/WhysRj2b032ugmt7zWzM3azFQ==
JybeIh6aZ5S//OWqkx2WoWsWx7IXWwJ7z4XtWadIz262IBCa0s1ZBQeqmlxWniMXGIxstPImwOyh/WhysRj2b032ugmt7zWzM3azFQ==
JHOorJQ3mFcPbZvyGBvO06+M4hj8kiQopo2VHmMCdY27smUqNhZ4k2iPSBfjbO0tlbveFBA9FgXbumsYS5+MkgX0S6RrNI+T/HhVb106xDdvMmZLUnFAEWezAg==
YNd1Kkv9Yv5Fvl0p4MobWVJx9r6GWrpp0FfJROc5t+scQLq1nKEJ+rk8QZemxsek6TDhnCXXLlhHa3cSDmPNouTf+DmKNXWzEA==
saZIrA0kspSEqO0oXjixKq+M5hj8kiQopo2VHmMCdY27smUqNhZ4k2iPSBfjbO0tlbveFBA9FgXbumsYS5+MkgX0S6RrNI+T/HhVb106xDdvMmZLUnFAEWezAg==
YNd1Kkv9Yv5Fvl0p4MobWVJx9r6GWrpp0FfJROc5t+scQLq1nKEJ+rk8QZemxsek6TDhnCXXLlhHa3cSDmPNouTf+DmKNXWzEA==
jKkDbBEH89Vq8Q+3bQFxFK+M4xj8kiQopo2VHmMCdY27smUqNhZ4k2iPSBfjbO0tlbveFBA9FgXbumsYS5+MkgX0S6RrNI+T/HhVb106xDdvMmZLUnFAEWezAg==
YNd1Kkv9Yv5Fvl0p4MobWVJx9r6GWrpp0FfJROc5t+scQLq1nKEJ+rk8QZemxsek6TDhnCXXLlhHa3cSDmPNouTf+DmKNXWzEA==
JHOorJQ3mFcPbZvyGBvO06+M4hj8kiQopo2VHmMCdY27smUqNhZ4k2iPSBfjbO0tlbveFBA9FgXbumsYS5+MkgX0S6RrNI+T/HhVb106xDdvMmZLUnFAEWezAg==
YNd1Kkv9Yv5Fvl0p4MobWVJx9r6GWrpp0FfJROc5t+scQLq1nKEJ+rk8QZemxsek6TDhnCXXLlhHa3cSDmPNouTf+DmKNXWzEA==
jKkDbBEH89Vq8Q+3bQFxFK+M4xj8kiQopo2VHmMCdY27smUqNhZ4k2iPSBfjbO0tlbveFBA9FgXbumsYS5+MkgX0S6RrNI+T/HhVb106xDdvMmZLUnFAEWezAg==
YNd1Kkv9Yv5Fvl0p4MobWVJx9r6GWrpp0FfJROc5t+scQLq1nKEJ+rk8QZemxsek6TDhnCXXLlhHa3cSDmPNouTf+DmKNXWzEA==
YgKWgmbci9TlgTldeMLU64j+cxU/n4y+DlEVwqv2eC62z0ZvZgvtVOMxm8vwCH4F+FmVeiVEpSfiDquExTjljAEPUpj7M5OCiuuhQkiXPEmuDWmzDA==
YNd1Kkv9Yv5Fvl0p4MobWVJx9r6GWrpp0FfJROc5t+scQLq1nKEJ+rk8QZemxsek6TDhnCXXLlhHa3cSDmPNouTf+DmKNXWzEA==
saZIrA0kspSEqO0oXjixKq+M5hj8kiQopo2VHmMCdY27smUqNhZ4k2iPSBfjbO0tlbveFBA9FgXbumsYS5+MkgX0S6RrNI+T/HhVb106xDdvMmZLUnFAEWezAg==
80c5EFhSG2FA/a8MeGRRXn0pOx2/MjCr6gkJ2W9eGtDOOpOr0NiM2Aoi0PCJySi+6fyGk8ViGqUVq+Xv2wKzGQ==
JybeIh6aZ5S//OWqkx2WoWsWx7IXWwJ7z4XtWadIz262IBCa0s1ZBQeqmlxWniMXGIxstPImwOyh/WhysRj2b032ugmt7zWzM3azFQ==
jKkDbBEH89Vq8Q+3bQFxFK+M4xj8kiQopo2VHmMCdY27smUqNhZ4k2iPSBfjbO0tlbveFBA9FgXbumsYS5+MkgX0S6RrNI+T/HhVb106xDdvMmZLUnFAEWezAg==
YNd1Kkv9Yv5Fvl0p4MobWVJx9r6GWrpp0FfJROc5t+scQLq1nKEJ+rk8QZemxsek6TDhnCXXLlhHa3cSDmPNouTf+DmKNXWzEA==
JHOorJQ3mFcPbZvyGBvO06+M4hj8kiQopo2VHmMCdY27smUqNhZ4k2iPSBfjbO0tlbveFBA9FgXbumsYS5+MkgX0S6RrNI+T/HhVb106xDdvMmZLUnFAEWezAg==
+xY+yYDC6CmuRxxJsW+qFVLG4MBbJiHUgnJZ44QNORkVEnDK38jzLUq5yYmPLhrA7grTe7AoDEiqkhCgabkorsnMxkOlkpo1tRslvztyswk=
YNd1Kkv9Yv5Fvl0p4MobWVJx9r6GWrpp0FfJROc5t+scQLq1nKEJ+rk8QZemxsek6TDhnCXXLlhHa3cSDmPNouTf+DmKNXWzEA==
jKkDbBEH89Vq8Q+3bQFxFK+M4xj8kiQopo2VHmMCdY27smUqNhZ4k2iPSBfjbO0tlbveFBA9FgXbumsYS5+MkgX0S6RrNI+T/HhVb106xDdvMmZLUnFAEWezAg==
+xY+yYDC6CmuRxxJsW+qFVLG4MBbJiHUgnJZ44QNORkVEnDK38jzLUq5yYmPLhrA7grTe7AoDEiqkhCgabkorsnMxkOlkpo1tRslvztyswk=
YNd1Kkv9Yv5Fvl0p4MobWVJx9r6GWrpp0FfJROc5t+scQLq1nKEJ+rk8QZemxsek6TDhnCXXLlhHa3cSDmPNouTf+DmKNXWzEA==
saZIrA0kspSEqO0oXjixKq+M5hj8kiQopo2VHmMCdY27smUqNhZ4k2iPSBfjbO0tlbveFBA9FgXbumsYS5+MkgX0S6RrNI+T/HhVb106xDdvMmZLUnFAEWezAg==
YNd1Kkv9Yv5Fvl0p4MobWVJx9r6GWrpp0FfJROc5t+scQLq1nKEJ+rk8QZemxsek6TDhnCXXLlhHa3cSDmPNouTf+DmKNXWzEA==
d8414GrJ/hVOxE6HsXclWK+M5Bj8kiQopo2VHmMCdY27smUqNhZ4k2iPSBfjbO0tlbveFBA9FgXbumsYS5+MkgX0S6RrNI+T/HhVb106xDdvMmZLUnFAEWezAg==
+xY+yYDC6CmuRxxJsW+qFVLG4MBbJiHUgnJZ44QNORkVEnDK38jzLUq5yYmPLhrA7grTe7AoDEiqkhCgabkorsnMxkOlkpo1tRslvztyswk=
80c5EFhSG2FA/a8MeGRRXn0pOx2/MjCr6gkJ2W9eGtDOOpOr0NiM2Aoi0PCJySi+6fyGk8ViGqUVq+Xv2wKzGQ==
JybeIh6aZ5S//OWqkx2WoWsWx7IXWwJ7z4XtWadIz262IBCa0s1ZBQeqmlxWniMXGIxstPImwOyh/WhysRj2b032ugmt7zWzM3azFQ==
JHOorJQ3mFcPbZvyGBvO06+M4hj8kiQopo2VHmMCdY27smUqNhZ4k2iPSBfjbO0tlbveFBA9FgXbumsYS5+MkgX0S6RrNI+T/HhVb106xDdvMmZLUnFAEWezAg==
+xY+yYDC6CmuRxxJsW+qFVLG4MBbJiHUgnJZ44QNORkVEnDK38jzLUq5yYmPLhrA7grTe7AoDEiqkhCgabkorsnMxkOlkpo1tRslvztyswk=
YNd1Kkv9Yv5Fvl0p4MobWVJx9r6GWrpp0FfJROc5t+scQLq1nKEJ+rk8QZemxsek6TDhnCXXLlhHa3cSDmPNouTf+DmKNXWzEA==
jKkDbBEH89Vq8Q+3bQFxFK+M4xj8kiQopo2VHmMCdY27smUqNhZ4k2iPSBfjbO0tlbveFBA9FgXbumsYS5+MkgX0S6RrNI+T/HhVb106xDdvMmZLUnFAEWezAg==
+xY+yYDC6CmuRxxJsW+qFVLG4MBbJiHUgnJZ44QNORkVEnDK38jzLUq5yYmPLhrA7grTe7AoDEiqkhCgabkorsnMxkOlkpo1tRslvztyswk=
YNd1Kkv9Yv5Fvl0p4MobWVJx9r6GWrpp0FfJROc5t+scQLq1nKEJ+rk8QZemxsek6TDhnCXXLlhHa3cSDmPNouTf+DmKNXWzEA==
UG5T0/Z9vEFfCfPlJDhWMK+M4Bj8kiQopo2VHmMCdY27smUqNhZ4k2iPSBfjbO0tlbveFBA9FgXbumsYS5+MkgX0S6RrNI+T/HhVb106xDdvMmZLUnFAEWezAg==
+xY+yYDC6CmuRxxJsW+qFVLG4MBbJiHUgnJZ44QNORkVEnDK38jzLUq5yYmPLhrA7grTe7AoDEiqkhCgabkorsnMxkOlkpo1tRslvztyswk=
80c5EFhSG2FA/a8MeGRRXn0pOx2/MjCr6gkJ2W9eGtDOOpOr0NiM2Aoi0PCJySi+6fyGk8ViGqUVq+Xv2wKzGQ==
JybeIh6aZ5S//OWqkx2WoWsWx7IXWwJ7z4XtWadIz262IBCa0s1ZBQeqmlxWniMXGIxstPImwOyh/WhysRj2b032ugmt7zWzM3azFQ==
gIN0aRGG7TifvBOqwfrQBXce2/sITBN6gJK/D+lGwGa3LFOR0s1ZBQeqmlxWniMXGIxstPImwOyh/WhysRj2b032ugmt7zWzM3azFQ==
EKU8AX3gAbsM4RvTMWzv1mMZzPtZABVqm5XwXu1GwGa3LFOR0s1ZBQeqmlxWniMXGIxstPImwOyh/WhysRj2b032ugmt7zWzM3azFQ==
JybeIh6aZ5S//OWqkx2WoWsWx7IXWwJ7z4XtWadIz262IBCa0s1ZBQeqmlxWniMXGIxstPImwOyh/WhysRj2b032ugmt7zWzM3azFQ==
gIN0aRGG7TifvBOqwfrQBXce2/sITBN6gJK/D+lGwGa3LFOR0s1ZBQeqmlxWniMXGIxstPImwOyh/WhysRj2b032ugmt7zWzM3azFQ==
EKU8AX3gAbsM4RvTMWzv1mMZzPtZABVqm5XwXu1GwGa3LFOR0s1ZBQeqmlxWniMXGIxstPImwOyh/WhysRj2b032ugmt7zWzM3azFQ==
JybeIh6aZ5S//OWqkx2WoWsWx7IXWwJ7z4XtWadIz262IBCa0s1ZBQeqmlxWniMXGIxstPImwOyh/WhysRj2b032ugmt7zWzM3azFQ==
JHOorJQ3mFcPbZvyGBvO06+M4hj8kiQopo2VHmMCdY27smUqNhZ4k2iPSBfjbO0tlbveFBA9FgXbumsYS5+MkgX0S6RrNI+T/HhVb106xDdvMmZLUnFAEWezAg==
YNd1Kkv9Yv5Fvl0p4MobWVJx9r6GWrpp0FfJROc5t+scQLq1nKEJ+rk8QZemxsek6TDhnCXXLlhHa3cSDmPNouTf+DmKNXWzEA==
JHOorJQ3mFcPbZvyGBvO06+M4hj8kiQopo2VHmMCdY27smUqNhZ4k2iPSBfjbO0tlbveFBA9FgXbumsYS5+MkgX0S6RrNI+T/HhVb106xDdvMmZLUnFAEWezAg==
6EdxsIqmreymLsTxaT5zltJmFysAiC/JPiMmFu2/E3rLuli2xgpFDwCQ6IyUw0FhfSwGE+YRqAsZw0G8+Gij/gMnLmcRGwPI2rraBPs5bL6c4m6saJKF/0g0XaKOoZnkqv8Rhb1td1SzMw==
jc9w8JpjZqqvGri/HCo/tuD6o9DLwajWS2uexYqMlRGHiFssJDxO9MGNgBZkdgxNNfPN2pq5jo8M6fllLeZAhndMU3GSrdmlR4qafBY+o3dYbGzUMsZATGHdaFJxuHaPjZa66e2PtRNzVrM1
jc9w8JpjZqqvGri/HCo/tuD6o9DLwajWS2uexYqMlRGHiFssJDxO9MGNgBZkdgxNNfPN2pq5jo8M6fllLeZAhndMU3GSrdmlR4qafBY+o3dYbGzUMsZATGHdaFJxuHaPjZa66e2PtRNzVrM1
YNd1Kkv9Yv5Fvl0p4MobWVJx9r6GWrpp0FfJROc5t+scQLq1nKEJ+rk8QZemxsek6TDhnCXXLlhHa3cSDmPNouTf+DmKNXWzEA==
jKkDbBEH89Vq8Q+3bQFxFK+M4xj8kiQopo2VHmMCdY27smUqNhZ4k2iPSBfjbO0tlbveFBA9FgXbumsYS5+MkgX0S6RrNI+T/HhVb106xDdvMmZLUnFAEWezAg==
YNd1Kkv9Yv5Fvl0p4MobWVJx9r6GWrpp0FfJROc5t+scQLq1nKEJ+rk8QZemxsek6TDhnCXXLlhHa3cSDmPNouTf+DmKNXWzEA==
JHOorJQ3mFcPbZvyGBvO06+M4hj8kiQopo2VHmMCdY27smUqNhZ4k2iPSBfjbO0tlbveFBA9FgXbumsYS5+MkgX0S6RrNI+T/HhVb106xDdvMmZLUnFAEWezAg==
S148Y1D86w/vCCBOg2RUmBs214V2NQrYWhL+qZSflfRLYVOLuPgWJeApjXo9tL0HCn5jRI3oTSz5n+oYg6Mr4mK76YIApxQptj1xsxQ=
+xY+yYDC6CmuRxxJsW+qFVLG4MBbJiHUgnJZ44QNORkVEnDK38jzLUq5yYmPLhrA7grTe7AoDEiqkhCgabkorsnMxkOlkpo1tRslvztyswk=
vTjUw2a61AK+00x80Slotl1Lv1t3GXiE12fglnl86fc8knse616wgtZ+TQsAlOD4hPephV1Ibic25WBPWYeJSCjcy5qjw8bTgW+LTFo+UnBrjYRaPIYGGLhmTbsIcJVWXpXxgIob+bGtGX9Qszc=
LbzBlcqzp9WGjDH/kqAC/V1Lv1t3GXiE12fglnl86fc2mXse616wgtZ+TQsAlOD4hPephV1Ibic25WBPWYeJSCjcy5qjw8bTgW+LTFo+UnBrjYRaPIYGGLhmTbsIcJVWXpXxgIob+bGtGX9Qszc=
YNd1Kkv9Yv5Fvl0p4MobWVJx9r6GWrpp0FfJROc5t+scQLq1nKEJ+rk8QZemxsek6TDhnCXXLlhHa3cSDmPNouTf+DmKNXWzEA==
jKkDbBEH89Vq8Q+3bQFxFK+M4xj8kiQopo2VHmMCdY27smUqNhZ4k2iPSBfjbO0tlbveFBA9FgXbumsYS5+MkgX0S6RrNI+T/HhVb106xDdvMmZLUnFAEWezAg==
S148Y1D86w/vCCBOg2RUmBs214V2NQrYWhL+qZSflfRLYVOLuPgWJeApjXo9tL0HCn5jRI3oTSz5n+oYg6Mr4mK76YIApxQptj1xsxQ=
+xY+yYDC6CmuRxxJsW+qFVLG4MBbJiHUgnJZ44QNORkVEnDK38jzLUq5yYmPLhrA7grTe7AoDEiqkhCgabkorsnMxkOlkpo1tRslvztyswk=
qA44AoFmmje3zdCfSoJLFOdNndRyES0YmDU7Mi9YONNJNlej5W5HEjEPSkBXJjXIsPO8hYOgckK6Up6ptN81dOshc4uYuPalgGltel10XYdqvkNErSjtrFlfyhhjY0tigvuJguDntKkWfVGzNA==
qA44AoFmmje3zdCfSoJLFOdNndRyES0YmDU7Mi9YONNJNlej5W5HEjEPSkBXJjXIsPO8hYOgckK6Up6ptN81dOshc4uYuPalgGltel10XYdqvkNErSjtrFlfyhhjY0tigvuJguDntKkWfVGzNA==
S148Y1D86w/vCCBOg2RUmBs214V2NQrYWhL+qZSflfRLYVOLuPgWJeApjXo9tL0HCn5jRI3oTSz5n+oYg6Mr4mK76YIApxQptj1xsxQ=
+xY+yYDC6CmuRxxJsW+qFVLG4MBbJiHUgnJZ44QNORkVEnDK38jzLUq5yYmPLhrA7grTe7AoDEiqkhCgabkorsnMxkOlkpo1tRslvztyswk=
YNd1Kkv9Yv5Fvl0p4MobWVJx9r6GWrpp0FfJROc5t+scQLq1nKEJ+rk8QZemxsek6TDhnCXXLlhHa3cSDmPNouTf+DmKNXWzEA==
UG5T0/Z9vEFfCfPlJDhWMK+M4Bj8kiQopo2VHmMCdY27smUqNhZ4k2iPSBfjbO0tlbveFBA9FgXbumsYS5+MkgX0S6RrNI+T/HhVb106xDdvMmZLUnFAEWezAg==
jc9w8JpjZqqvGri/HCo/tuD6o9DLwajWS2uexYqMlRGHiFssJDxO9MGNgBZkdgxNNfPN2pq5jo8M6fllLeZAhndMU3GSrdmlR4qafBY+o3dYbGzUMsZATGHdaFJxuHaPjZa66e2PtRNzVrM1
jc9w8JpjZqqvGri/HCo/tuD6o9DLwajWS2uexYqMlRGHiFssJDxO9MGNgBZkdgxNNfPN2pq5jo8M6fllLeZAhndMU3GSrdmlR4qafBY+o3dYbGzUMsZATGHdaFJxuHaPjZa66e2PtRNzVrM1
YNd1Kkv9Yv5Fvl0p4MobWVJx9r6GWrpp0FfJROc5t+scQLq1nKEJ+rk8QZemxsek6TDhnCXXLlhHa3cSDmPNouTf+DmKNXWzEA==
jKkDbBEH89Vq8Q+3bQFxFK+M4xj8kiQopo2VHmMCdY27smUqNhZ4k2iPSBfjbO0tlbveFBA9FgXbumsYS5+MkgX0S6RrNI+T/HhVb106xDdvMmZLUnFAEWezAg==
YNd1Kkv9Yv5Fvl0p4MobWVJx9r6GWrpp0FfJROc5t+scQLq1nKEJ+rk8QZemxsek6TDhnCXXLlhHa3cSDmPNouTf+DmKNXWzEA==
JHOorJQ3mFcPbZvyGBvO06+M4hj8kiQopo2VHmMCdY27smUqNhZ4k2iPSBfjbO0tlbveFBA9FgXbumsYS5+MkgX0S6RrNI+T/HhVb106xDdvMmZLUnFAEWezAg==
YNd1Kkv9Yv5Fvl0p4MobWVJx9r6GWrpp0FfJROc5t+scQLq1nKEJ+rk8QZemxsek6TDhnCXXLlhHa3cSDmPNouTf+DmKNXWzEA==
jKkDbBEH89Vq8Q+3bQFxFK+M4xj8kiQopo2VHmMCdY27smUqNhZ4k2iPSBfjbO0tlbveFBA9FgXbumsYS5+MkgX0S6RrNI+T/HhVb106xDdvMmZLUnFAEWezAg==
YNd1Kkv9Yv5Fvl0p4MobWVJx9r6GWrpp0FfJROc5t+scQLq1nKEJ+rk8QZemxsek6TDhnCXXLlhHa3cSDmPNouTf+DmKNXWzEA==
UG5T0/Z9vEFfCfPlJDhWMK+M4Bj8kiQopo2VHmMCdY27smUqNhZ4k2iPSBfjbO0tlbveFBA9FgXbumsYS5+MkgX0S6RrNI+T/HhVb106xDdvMmZLUnFAEWezAg==
YNd1Kkv9Yv5Fvl0p4MobWVJx9r6GWrpp0FfJROc5t+scQLq1nKEJ+rk8QZemxsek6TDhnCXXLlhHa3cSDmPNouTf+DmKNXWzEA==
UG5T0/Z9vEFfCfPlJDhWMK+M4Bj8kiQopo2VHmMCdY27smUqNhZ4k2iPSBfjbO0tlbveFBA9FgXbumsYS5+MkgX0S6RrNI+T/HhVb106xDdvMmZLUnFAEWezAg==
80c5EFhSG2FA/a8MeGRRXn0pOx2/MjCr6gkJ2W9eGtDOOpOr0NiM2Aoi0PCJySi+6fyGk8ViGqUVq+Xv2wKzGQ==
JybeIh6aZ5S//OWqkx2WoWsWx7IXWwJ7z4XtWadIz262IBCa0s1ZBQeqmlxWniMXGIxstPImwOyh/WhysRj2b032ugmt7zWzM3azFQ==
jKkDbBEH89Vq8Q+3bQFxFK+M4xj8kiQopo2VHmMCdY27smUqNhZ4k2iPSBfjbO0tlbveFBA9FgXbumsYS5+MkgX0S6RrNI+T/HhVb106xDdvMmZLUnFAEWezAg==
YNd1Kkv9Yv5Fvl0p4MobWVJx9r6GWrpp0FfJROc5t+scQLq1nKEJ+rk8QZemxsek6TDhnCXXLlhHa3cSDmPNouTf+DmKNXWzEA==
JHOorJQ3mFcPbZvyGBvO06+M4hj8kiQopo2VHmMCdY27smUqNhZ4k2iPSBfjbO0tlbveFBA9FgXbumsYS5+MkgX0S6RrNI+T/HhVb106xDdvMmZLUnFAEWezAg==
YNd1Kkv9Yv5Fvl0p4MobWVJx9r6GWrpp0FfJROc5t+scQLq1nKEJ+rk8QZemxsek6TDhnCXXLlhHa3cSDmPNouTf+DmKNXWzEA==
UG5T0/Z9vEFfCfPlJDhWMK+M4Bj8kiQopo2VHmMCdY27smUqNhZ4k2iPSBfjbO0tlbveFBA9FgXbumsYS5+MkgX0S6RrNI+T/HhVb106xDdvMmZLUnFAEWezAg==
YNd1Kkv9Yv5Fvl0p4MobWVJx9r6GWrpp0FfJROc5t+scQLq1nKEJ+rk8QZemxsek6TDhnCXXLlhHa3cSDmPNouTf+DmKNXWzEA==
UG5T0/Z9vEFfCfPlJDhWMK+M4Bj8kiQopo2VHmMCdY27smUqNhZ4k2iPSBfjbO0tlbveFBA9FgXbumsYS5+MkgX0S6RrNI+T/HhVb106xDdvMmZLUnFAEWezAg==
YNd1Kkv9Yv5Fvl0p4MobWVJx9r6GWrpp0FfJROc5t+scQLq1nKEJ+rk8QZemxsek6TDhnCXXLlhHa3cSDmPNouTf+DmKNXWzEA==
JHOorJQ3mFcPbZvyGBvO06+M4hj8kiQopo2VHmMCdY27smUqNhZ4k2iPSBfjbO0tlbveFBA9FgXbumsYS5+MkgX0S6RrNI+T/HhVb106xDdvMmZLUnFAEWezAg==
YNd1Kkv9Yv5Fvl0p4MobWVJx9r6GWrpp0FfJROc5t+scQLq1nKEJ+rk8QZemxsek6TDhnCXXLlhHa3cSDmPNouTf+DmKNXWzEA==
JHOorJQ3mFcPbZvyGBvO06+M4hj8kiQopo2VHmMCdY27smUqNhZ4k2iPSBfjbO0tlbveFBA9FgXbumsYS5+MkgX0S6RrNI+T/HhVb106xDdvMmZLUnFAEWezAg==
S8mIPxOWiwxCyrdYyoIVolqx+kifPJNZyHKlMnTwpCs591BZNwyE/dZyuDP8LnagWH4dU4gYRU4+LQEoyvPJyQ2BL3izHw==
dLNYyGO6m8+ZzBd5zsUOby0OrizDEEAWCE/bKkGmFtCY+AHUtNme90BmGDdS3tzk8JfNS6+KX5IlYfwqUNjZjoudYqYQdki26jDT3PfUJ6xvJOvLILgJN/mqQL/D0soDloFkaVuzPg==
hlz5ZSa8v/gvtX/UxEuWk9PMwr7RZHzz7tEz7SK99ce1TCBVugk9WQ16mpvWy4ikaCpLM7L8B3z4/C7fBOPN54ZSRSUs+t62huqkCB0AuaQJcIEchZcOWCcrl5Kuo+2ixB+YuWp1VbMw
sgV+bb8CUqvihCnMHf7liNJ4EyYSiiuIaWNhRrfrZyCI6jCusxsESRmRvJqJ1FZtbQhSEO53q1Aa3B6+4lGd0ihLfDgBCxj/luXMQeQiaqCc4m6saJKF/0g0XaKOoZnkqv8Rhb1td1SzMw==
B9yJi7C7Nfm0QS4Lk5A46r2z5pxai8I2Q2440V5uqUM0DNF96LBk0zwAWeffjYgVTig+JAAHabbNjMMGiXY6OAyQ7X+QwbBkWEZZOdQ5Vr+470zA9hYMaOoykAApmSiOiWxG4+WymhX1u6Ufe1KzKQ==
UBH1WwnQvT+5lBRZq2yAZL2z5pxai8NtFHQv2kR/hEMCGeQ8mKIKwX1ESPmT3tdJGXl7QRsAKMHCi4VM1CpvYVbtrz3ftakUWEZZOdQ5Vr+470zA9hYMaOoykAApmSiOiWxG4+WymhX1u6Ufe1KzKQ==
XGt5tKNWYwdLfHNZKsWMwL2z5pxai8I2Q2440V5uqUM0DNF96LBk1TwAWeffjYgVTig+JAAHabbNjsMGiXY6OAyQ7X+QwbBkWEZZOdQ5Vr+470zA9hYMaOoykAApmSiOiWxG4+WymhX1u6Ufe1KzKQ==
J7w8EGCGNdsv1vDFYFME1r2z5pxai8I2Q2440V5uqUM0DNF96LBk1DwAWeffjYgVTig+JAAHabbNi8MGiXY6OAyQ7X+QwbBkWEZZOdQ5Vr+470zA9hYMaOoykAApmSiOiWxG4+WymhX1u6Ufe1KzKQ==
UZzAgq0iASnXSndlb+3O197fEUthsDAuTiLZgzGs8CgVVHgDvhp6xY5GW+U6IVJIVAxreuHGwKH/h8ePy0e56gle47lKRjZoXgI9BQQKxraemowo5dDx5EHAWfwtB3bYn7t/MvbTpWIMz6DZAkVNsyg=
vXOwprFfrRdxbVY29/jrLd7fEUthsDAuTiLZgzGs8CgVVHgDvhp6xI5GW+U6IVJIVAxreuHGwKH/h8SPy0e56gle47lKRjZoXgI9BQQKxraemowo5dDx5EHAWfwtB3bYn7t/MvbTpWIMz6DZAkVNsyg=
LgpP8aa0RJ8P5RZEIYIDfXYhz4R25fGF6vQsKGogX3Yx22QA5eCDn49T0+h4PqOz7h43AVbJ0JC4yv+8l6P7l4voR43eMHT0iXGB5PeARGRxV6BjFnl0HZR+Unx8/lawGI69I4jo5T7+PSF4SiOp2c0xT0izLw==
McBrjbMk8797zvx0wWJ2xL4sbI5KS5yXmGqW3+eAsuJm8Te8i8/aM4QZEbD1HfaqYXVAFgoWanQNxfXP2LXCvyeVfC7jQtnVBuu936uagZWIgkI2GhIAuFlIlYTleIUM4c8ymNvzMwIqK0FCKNfcyQ5NSbMs
JS/Rt9rlJGP6B3kyjIoLYL4sbI5KS5yXmGqW3+eAsuJm8Te8i87aM4QZEbD1HfaqYXVAFgoWa3QNxfXP2LXCvyeVfC7jQtnVBuu936uagZWIgkI2GhIAuFlIlYTleIUM4c8ymNvzMwIqK0FCKNfcyQ5NSbMs
WeTC9nzMgDtVMwgjVW7lvL4sbI5KS5yXmGqW3+eAsuJm8Te8i8naM4QZEbD1HfaqYXVAFgoWaHQNxfXP2LXCvyeVfC7jQtnVBuu936uagZWIgkI2GhIAuFlIlYTleIUM4c8ymNvzMwIqK0FCKNfcyQ5NSbMs
c68cYSVWW2S05ukClzPsVb4sbI5KS5yXmGqW3+eAsuJm8Te8i8jaM4QZEbD1HfaqYXVAFgoWaXQNxfXP2LXCvyeVfC7jQtnVBuu936uagZWIgkI2GhIAuFlIlYTleIUM4c8ymNvzMwIqK0FCKNfcyQ5NSbMs
kTTBJrvvCkNZfbnlSjadPr4sbI5KS5yXmGqW3+eAsuJm8Te8i8vaM4QZEbD1HfaqYXVAFgoWZnQNxfXP2LXCvyeVfC7jQtnVBuu936uagZWIgkI2GhIAuFlIlYTleIUM4c8ymNvzMwIqK0FCKNfcyQ5NSbMs
0XTDFqkIZtX3F5g3aa4Z1r4sbI5KS5yXmGqW3+eAsuJm8Te8i8raM4QZEbD1HfaqYXVAFgoWZ3QNxfXP2LXCvyeVfC7jQtnVBuu936uagZWIgkI2GhIAuFlIlYTleIUM4c8ymNvzMwIqK0FCKNfcyQ5NSbMs
YXhFtTaU60Lcf902WSP/lHYhz4R25fGF6vQsKGogX3Yx22QA5emDn/9KuqtyOq+8+QNzTk2dwJK4yv+8l6P7l4voR43eMHT0iXGB5PeARGRxV6BjFnl0HZR+Unx8/lawGI69I4jo5T7+PSF4SiOp2c0xT0izLw==
3O6PDevL3GBjfxjrVQClaXYhz4R25fGF6vQsKGogX3Yx22QA5eiDn/9KuqtyOq+8+QNzTk2dwZK4yv+8l6P7l4voR43eMHT0iXGB5PeARGRxV6BjFnl0HZR+Unx8/lawGI69I4jo5T7+PSF4SiOp2c0xT0izLw==
oE4QjoP83hav0Uh5CyzjnnYhz4R25fGF6vQsKGogX3Yx22QA5eGal49T0+h4PqOz7h43AVbJ0JG4yv+8l6P7l4voR43eMHT0iXGB5PeARGRxV6BjFnl0HZR+Unx8/lawGI69I4jo5T7+PSF4SiOp2c0xT0izLw==
SUv+w3ilYyjmbm2pCitLwNPMwr7RZHzz7tEz7SK99ce1TCBVugk+WQ16mpvWyIikaCpLM7L8B3z4/C7fBOPN54ZSRSUs+t62huqkCB0AuaQJcIEchZcOWCcrl5Kuo+2ixB+YuWp1VbMw
cV1QOmv8z9Ws+Xhidcchv+Z9eH0/wgedx56Ak/p6LxD/9KWrDZIEnl4A+fbTGx8FVs3Ypqi+l5i3hxNjW9wPyZ50PEBZhWlAVyQsEOHjKOeW/fypBAo62NxavkTIOvVnyKytCi7JyVxqB8Gt3QVHTLMr
WX4JPV21XpeJl4HBGx4u0Fqx+kifPJNZyHanPHTwpCs591BZNwyE/dZyuDP8LnagWH4dUIgYRU4+LQEoyvPJyQ2BL3izHw==
GR/o75kp9GVrT5dGBm70VxkJ5piuzERDmrpzRSIsLk+vM9crT0REFE1Z2aiPl2V88NzqVHp3YdqrKZ9LGJFumpq7hrJtWWq1i7cQal6T3V1+7mQhZLLEzJG8RYDGu9W2D1xeB8Kl8NsdIOFFdgSdmf/aBNV3U3wbw/bAAT5zdk0HFsqNHJQv3BdEg9t7OFEn0Qr4j8sSQtOOYYyZo7PG
E4x7CzASCMILsSmlCSX82pdW/wLJQ/Agt/t9Y47JX////zl11i4dZHk0Y7RjFLdDh/jtP6VazCcH8s772hGYIX+zGg==
YSUsCAJDC4kjnPNy/+8SuxyryLPl6Zl2+Z6xq/kcKT/9uv7JxJIW07INu81BmR548IKWrCbKryZgXvAEVcSqo+0zl2fjhJ+xWgGP9ypFtiZQmNaNexxkUDhr+cGt4fH6HKwDrdQk+1BOgVsE653BlLr99xUTH3/4Et+TP3wellCYbn0AiMilXn5dYRhKA+l5TZGPqLPP
FfFD0P+CEkLk0qfPWnpX+zT2+FW7pmre2fVRTaACL1wk9Ctky7Qv0x94da89uqT3TzKGC7Lx4NEHs2I=
HdoQ0Cyo87EA7a5bCb6+z4YgOMJxdxrhIlhu8h+NTGC6inBoGUKoRpkU5kuVqlqdJYPF98sKs2E=
DHSa7Rq1GX9OkyDC/YPIulOXRF9lp/1uMpf089yxX8mVmMfpTXV6LrnlvLOadvBC90qYgXnIDPuduAQzcQD9ep7uiT04omesTDSD9AOUFwNh+83zxdpsZyfyrjt6kXhhX7M6
6Y99ugFn0CznEFgQ1NyBxltyyVX/yQSq10IdILNSLWHNII1zu9CZFn1p9iCzlOXX3ZFhQAR45z1Q1K/zLxLU1PrhyjN/Z9EPwjrYjKLW5iwjtLiAlA6l8tYBZZ3DvcOCs0PifwsdehOqJDjWIjf7uqgCIHXdix0XTZjUQhe3NOKX4rY/Hy77i51WEnND71N5c+pKgXe1DKhqcpBAqVwrTgUsRqNlcprVdfulX/uSs+k=
8aF3+NFPwpRZvCLDtLUZ2XFhhM9+iqzyPl8aipmnhykSJWsB4+/meqk1F2VKZwaV0aqTj5jyq3NKeeGEmTCmDvIBvOlaMBX0ZcT1xlE5g6xxmgWt99QeGYT1rjOvmaSGXtVmoib463Sf5HQ7Z9LVlCQzILXyLydIO4EEpG8dZTK+obWDHi85/trlDDPEqZ2eMDl+RO2oLayZ348bI+8LYkJ7SYKgZ/SpVv2Rs/Q=
zSs15aErRysdxO8UD1tuxX80eXnVYJSaCoTZDaPWRlKGz2IKITd/Sbr1I8Gr3w4asQUPZVJXHvU5mttP0CIDE7LpWQThoB6uGlF0KRLAPdR9tO3GScmbjFnqze2/BHa5PGVWsxcJ3Gb2ha7i7siDlIfUbDt/4s10TAPo9Tp/j6hDEbwkl43dktZx/cPWXxHewhUUM9zZhb4YyTaEJfjFDCFP95ubf/MC6qsBQuhXHMlOzYmz7A==
+Lmf1w4dtOuqNTtVfWwNHqLfxHS+IgUe63IZdJKSme+6OnyrQCoD0wWhoMER0VmrFBKLAQ1lUFMk/SPuKV/iFhn7yA17JMPE5MbAZUb5YDRnHEfwL4aLjSFEAx6/PQ2wrNHGAfQTte2mjmwxHHIcvBkcPVDuu/1md/zWdxpliMsVQDn1HoQ16Sf6DMVPE6SrSxZ4UdZzHp2/dkI9RFQXzB9k2yvVu7mbierwnzNSGiMGwXTJi7Pu
FyjOy8qeKndiH9BmbY9rfo1PJyxlk1pSxdoUO/iq+0OtAfgxWRGR++xyozEVZUhjDJ3bvuGfquZBW2Cdg6R7VIwmmNWOuahkXzwvADeGk/3JZDvO9/1FAHSxLpFMk819Di60QdQyVGxh/BVg9rvlVl8crqdSJUC7zeCRZWYEjXnPmtR1B9Pse3M2kCHOcwZt11Z6bYwU33xHhLO7bTtBCyFKqG97ktJz/qFc+ZOz9g==
th9IqaCws5vKH+Fm//uuERB7w1Kv3QGxzlROZ6lJOnTNII1zu9CZFn1p9iCzlOXX3ZFhQAR45z1Q1K/zLxLU1PrhyjN/Z9EPwjrYjKLW5iwjtLiAlA6l8tYBZZ3DvcOCs0PifwsdehOqJDjWIjf7uqgCIHXdix0XTZjUQhe3NOKX4rY/Hy77i51WEnND71N5c+pKgXe1DKhqcpBAqVwrTgUsRqNlcprVdfulX/uSs+k=
CE807Jxd3oBgJxkWxC+fDY1POiBjgUFb9doUO/iq+0OtAfgxWRGR++xyozEVZUhjDJ3bvuGfquZBW2Cdg6R7VIwmmNWOuahkXzwvADeGk/3JZDvO9/1FAHSxLpFMk819Di60QdQyVGxh/BVg9rvlVl8crqdSJUC7zeCRZWYEjXnPmtR1B9Pse3M2kCHOcwZt11Z6bYwU33xHhLO7bTtBCyFKqG97ktJz/qFc+ZOz9g==
0zPBVZewQNXKlIPTBnkCTeMeIW2ItOzkQfulSN8qeLFrs5ACUncuym3PK5mO3f+hV7caKoUdA2VeTyrFLfInLwwKN8PmERXErRjK/u45qImuaKkkCSxhRsVRb/zNQnFN4+wCaWjdmvPbcQg2wq3yApIgl6SzzGA7c/r5RFjrlBVmV7v4l2lwZFs1iUKimaFjaveFrjaNmLNQQfFOjGGKJPmQMVz197tb14en0t6D3SIUPwj5etWFs+A=
h3tyQz5WxD9qiCUr8ET0oCi6kbxY4fzZCzvqPBGKoOOEascbWVHMGTXxvdP4ArcJCWVUWxjtz5bNf8bOdQuUxb9kB4w4dmy9IhnEjMuMu3irBg8FXdSvphtd6egAYZrJsNPxpXr+gGk4UnhEdQwBWOq7+W5L7LqPfkWsk/kw5b1aRHEhe0qgnatzABPnhgTZUvOaFUPm7oXgtHMUs9QHYxH7fVPVGpxHF3L+W+rRSMGPs+o=
xgAX+0IMyJ5+HCBoNSZtsymzjKte4rXLWzX2NhTLlK2IcM8OWVHMGTXxvdP4ArcJCWVUWxjtz5bNf8bOdQuUxb9kB4w4dmy9IhnEjMuMu3irBg8FXdSvphtd6egAYZrJsNPxpXr+gGk4UnhEdQwBWOq7+W5L7LqPfkWsk/kw5b1aRHEhe0qgnatzABPnhgTZUvOaFUPm7oXgtHMUs9QHYxH7fVPVGpxHF3L+W+rRSMGPs+o=
9QZercD9Xd2bEaXhpAc+tNG70I+EsA6KxURPr7Y22NeMyQs5SvgaglyK3nQIqlWSy9wBmm75KQzq1+HdHZUnfLMb
0tMH9RvFk0h2/xQSp68qZTT2+FW7pmre2fVRTaACL1wk9Ctky7Qv0xl7daM9uqT3TzKGC7Lx4NEHs2I=
DeoMERgbzpno3Ntm2ODxxIYgOMJxdxrhIlhu8h+NTGC6inBoGUSrRpUU5kuVqlqdJYPF98sKs2E=
Y87YR0k78V6+2cn7af1+qfaBMh6try4MihfXHfjOCw7tBgdSWIKjlqErWAYNEdH52hn8gNoNG/JMjX0SIJmhgryE1HkOLFeDVtb6E/xOtkDY3t06j/gA775NQcjK0wlpjWFvWLM/
WKh1A7GI6pQ9M0HHgMT3R1tyyVX/yQSq10IdILNSLWHNII1zu9CZFn1p9iCzlOXX3ZFhQAR45z1Q1K/zLxLU1PrhyjN/Z9EPwjrYjKLW5iwjtLiAlA6l8tYBZZ3DvcOCs0PifwsdehOqJDjWIjf7uqgCIHXdix0XTZjUQhe3NOKX4rY/Hy77i51WEnND71N5c+pKgXe1DKhqcpBAqVAvTgwtRqNlcprVdfulX/uSs+k=
DuhaaawNgpue+UXbpKGVIXFhhM9+iqzyPl8aipmnhykSJWsB4+/meqk1F2VKZwaV0aqTj5jyq3NKeeGEmTCmDvIBvOlaMBX0ZcT1xlE5g6xxmgWt99QeGYT1rjOvmaSGXtVmoib463Sf5HQ7Z9LVlCQzILXyLydIO4EEpG8dZTK+obWDHi85/trlDDPEqZ2eMDl+RO2oLayZ34MfI+YKYkJ7SYKgZ/SpVv2Rs/Q=
81iotqfC4XLnyYnDLN/sK380eXnVYJSaCoTZDaPWRlKGz2IKITd/Sbr1I8Gr3w4asQUPZVJXHvU5mttP0CIDE7LpWQThoB6uGlF0KRLAPdR9tO3GScmbjFnqze2/BHa5PGVWsxcJ3Gb2ha7i7siDlIfUbDt/4s10TAPo9Tp/j6hDEbwkl43dktZx/cPWXxHewhUUM9zZhb4YyTaEJfjFDCFP+5+bdvIC6qsBQuhXHMlOzYmz7A==
NZcAF0REpNJ44HebO5tZg6LfxHS+IgUe63IZdJKSme+6OnyrQCoD0wWhoMER0VmrFBKLAQ1lUFMk/SPuKV/iFhn7yA17JMPE5MbAZUb5YDRnHEfwL4aLjSFEAx6/PQ2wrNHGAfQTte2mjmwxHHIcvBkcPVDuu/1md/zWdxpliMsVQDn1HoQ16Sf6DMVPE6SrSxZ4UdZzHp2/dkI9RFQXzB9k2yvZv7mSiOrwnzNSGiMGwXTJi7Pu
0uu3mHaB3dsVvxy3vyBFFY1PJyxlk1pSxdoUO/iq+0OtAfgxWRGR++xyozEVZUhjDJ3bvuGfquZBW2Cdg6R7VIwmmNWOuahkXzwvADeGk/3JZDvO9/1FAHSxLpFMk819Di60QdQyVGxh/BVg9rvlVl8crqdSJUC7zeCRZWYEjXnPmtR1B9Pse3M2kCHOcwZt11Z6bYwU33xHhLO7YT9BAiBKqG97ktJz/qFc+ZOz9g==
fcsdxHHyorpBRUnZFAGzjRB7w1Kv3QGxzlROZ6lJOnTNII1zu9CZFn1p9iCzlOXX3ZFhQAR45z1Q1K/zLxLU1PrhyjN/Z9EPwjrYjKLW5iwjtLiAlA6l8tYBZZ3DvcOCs0PifwsdehOqJDjWIjf7uqgCIHXdix0XTZjUQhe3NOKX4rY/Hy77i51WEnND71N5c+pKgXe1DKhqcpBAqVAvTgwtRqNlcprVdfulX/uSs+k=
Lu3ZOa7qH+O0Tz/to/GHa41POiBjgUFb9doUO/iq+0OtAfgxWRGR++xyozEVZUhjDJ3bvuGfquZBW2Cdg6R7VIwmmNWOuahkXzwvADeGk/3JZDvO9/1FAHSxLpFMk819Di60QdQyVGxh/BVg9rvlVl8crqdSJUC7zeCRZWYEjXnPmtR1B9Pse3M2kCHOcwZt11Z6bYwU33xHhLO7YT9BAiBKqG97ktJz/qFc+ZOz9g==
7xqObGV5zQmrPHKORaf0huMeIW2ItOzkQfulSN8qeLFrs5ACUncuym3PK5mO3f+hV7caKoUdA2VeTyrFLfInLwwKN8PmERXErRjK/u45qImuaKkkCSxhRsVRb/zNQnFN4+wCaWjdmvPbcQg2wq3yApIgl6SzzGA7c/r5RFjrlBVmV7v4l2lwZFs1iUKimaFjaveFrjaNmLNQQfFOjGGKJPmQMVz197df146m0t6D3SIUPwj5etWFs+A=
8jBrd/HRp6BMnCeNRDjz6Ci6kbxY4fzZCzvqPBGKoOOEascbWVHMGTXxvdP4ArcJCWVUWxjtz5bNf8bOdQuUxb9kB4w4dmy9IhnEjMuMu3irBg8FXdSvphtd6egAYZrJsNPxpXr+gGk4UnhEdQwBWOq7+W5L7LqPfkWsk/kw5b1aRHEhe0qgnatzABPnhgTZUvOaFUPm7oXgtHMUs9QHYx3/fVrUGpxHF3L+W+rRSMGPs+o=
vSVtJLYRt/wgoIdu4ld9IymzjKte4rXLWzX2NhTLlK2IcM8OWVHMGTXxvdP4ArcJCWVUWxjtz5bNf8bOdQuUxb9kB4w4dmy9IhnEjMuMu3irBg8FXdSvphtd6egAYZrJsNPxpXr+gGk4UnhEdQwBWOq7+W5L7LqPfkWsk/kw5b1aRHEhe0qgnatzABPnhgTZUvOaFUPm7oXgtHMUs9QHYx3/fVrUGpxHF3L+W+rRSMGPs+o=
p9W2sGF3bzX/Qc/otGwBLNG70I+EsA6KxURPr7Y22NeMyQs5SvgaglyK3nQIqlWez9wIm275KQzq1+HdHZUnfLMb
KMKT70V6sTFgM58vwsWfaDT2+FW7pmre2fVRTaACL1wk9Ctky7Qv0xV/dao8uqT3TzKGC7Lx4NEHs2I=
VY9yDuVeiP9FrEZ2rjjOcoYgOMJxdxrhIlhu8h+NTGC6inBoGUivRpwV5kuVqlqdJYPF98sKs2E=
xl10JT70CdDuwuDUfCHV9VFGMdc+5mDc+eRQFIbhfjcMhdtOU70ePEZFLHyijmBEMXLu+iexVscdPvrB/ccVmyN+sx0=
UQkMwasHhtcJvlLXMNedxx+uc/tIdCC7oi1e1YGxc7/9P09szyysZLHgSTydZ6Hezx2OcuYzFeLc79AZkiV9sxg=
HGPe5IEC9rcjo4HHj38noTT2+FW7pmre2fVRTaACL1wk9Ctky7Qv0xt+dak8uqT3TzKGC7Lx4NEHs2I=
Zwu4vGryyjLrOZAMyX3GfoYgOMJxdxrhIlhu8h+NTGC6inBoGUauRp8V5kuVqlqdJYPF98sKs2E=
nnRmuL0YIu61CHDVh13dB1qx+kifPJNZyHKlMnTwpCs591BZNwyE/dZyuDP8LnagWH4dUIsYQk8+LQEoyvPJyQ2BL3izHw==
c+wuDcqg5kvujxD5fcS/52RaHnWBgX/zloMSnYMzItmbQqy5kouLS+zkoNk8IeppYNOhxco+kAlo0ohkBUyRuNq7yY7brMqvjsX88+nwVd0KRKGBCwqwvfvzsPPXxpR5ovPqtdMm3uVQNKM0oxT3w0f7rbhkWoynx/KOexoR2KG/s9o=
ipWc08s7jT2Hs/eaRA1oPXM1mRjFp93noeDaZE02kZyGhEg/f/eJC6qevwaHPwDAybzEWmB9AfUsh/dWcHt+oPQd7CSSlgCcge5rYpZpNt8tZjqZTV91QxNmswU=
mnm21EY/3cCk+7UsHHtpeQNa5PIeq3ADdE8tZlrmybgZBhoS2M3LiTHhBvgfpOOR6Hq1CjQINKPZv2BBNxS0tTb6KMu8FmaoeLZtyAuAsgceJREQCotZQW1JH2CzBw==
PJY2ofaHDm/iTeinKMI8fSppy9cvmVEZQ08tZlrmybgZBhoS2M3LiTHhBvgfpOOR6Hq1CjQINKPZv2BBNxS0tTb6KMu8FmaoeLZtyAuAsgceJREQCotZQW1JH2CzBw==
4l4RmiZhv1YlZJmMiM+2zBd+YCxRRiViWuLBrAkSMvb4qeNdYbXOPF9gK8W4rh1ulOycN0kr6MW3kDwhpm6ALxxyznwo4qUMS0R6U07xOXQqb3FVfV0XZLMD
W0vGi5lkqRWRu2wIqaJyDfaEJ1eNrSoBhh6IHc/VDwesVF1eWt65kPkuSkoYFZvhkQm2gJ9cU/lIkmVSdNDki7mXkHk3LESdVtL4E/xOtkDY3t0wi/gC775NQcjK0wlpjWFvWLM/
BiqsXjG5ryDE3Vo9sgy+VDfV4vL36NM2V8nVOpp5U2epHx8aHX/Ntemwg0BOVRSlRuRRb28l1JRFTytcOzqu3ahyWBdPYmB6teI6BHXYVcwx70Gb6xTiwnpL0cLYN2yJfm1Zszw=
jmDODKRcfinCuBGE2dQ3x32EOdGJCi+1yK/v5Ih2gXPY4I5yqPKi5xZrKnEiNxCdWdfrZYum99lLIiDT56+XaJFdfCe/ifUBa0mD7qtHkkPDSdqfEkDoCkoD+5bwxpAJVR99W7W8xF4/w/QOD2ZGg1f624elskIvq1vT1auuen1/oexkEtYA3AGuayIWKTafrSY6Wc2fdYOTprPF
0Oj+2CeigqtWZy5sDZ3Q0O3Gqw31jDM+uon+BXMQWs7wtWUvJQdpky/bDlCkP+wtk6yVAxsnDAn68zVKXpu4hRL0S6RrNI+T/ntVaFw6xDdvMmZLUnFAEWezAg==
BHgZoXcPuO84ardjxHAx+S/O4PUwNKDVFRghuAix0xWynNv7vPYmCPjWrekLoPLnnoXRcAqrGaHt6d8As2c=
/3+XHCdiXl81XRHnYybueepLIDvQTl3rgCwy2AsQI2xJ9BFaeALhv0fJzSkCPSrQItKsdCPP44FcaC46WUMYEmIPLU4nVBweqATY/h8q1o1iaiAqYT4QPjTUFw4nSS3QLgHyjxWUGPNIceJABxLFty8KalogiPXnBhUL5ko=
