+c5yd8GrjH/S1ujkpnCCyYKi6fGGD6WJCKrIJz8aA6rSr+TfmWOcG4CFv0ptcP2lAH9xjKqjopxLfREpa2ITZ+DDA2Y7LzKrEwGa18KoyGJaC/ue4K6w4YVXPRNlVGQ2r0t0hp8O5muHspvPdVpiR7tT0927xlqVr+msLMI+oLSRJ+qqjUSWc35uehEdd1Xrg66zzQ==
DUKOJaZmH5bH8uw3ffTfbIjpKhZHqikbDjpBFRdYLg1913QcFug2IGgQtO1mgYaRn2KtOyxla2dNm+f/YxxvGfpp30/qvWYOMPDmlXsEVDhYQyk5bVmhkrwE8zVUvIv47mmLvKvlkbxaFccNEwdPEPL3w0c8pka4OMYNmQpQWfLeMTKgivs5US35v7Cz1w==
i9FjBgmK/UfiZz3m5Jx47QdlFazIK1y0+bCzinN2Wh3/aPSjjSv6wxgucUOpRby1rMTWrT0QGWy2Ahf0oQYzMsXhUsfkzxkg9lROHJgszFHjOPytb17Vh8xZE1u9J59DoyAXJQrVp/MKgR6ywEyeqXs4LISo/1EFjeXZLkw4iwmUAPNEHlXzgEtZ6YCqKb+xk7s3LALLu/vcmj6EyHp1JcpsIc4ujUocasdB7d1Fx4yz6w==
TMvOHIOoWyS4Gj0o/lJiMlYnX2YOVF4sIDrvWH9umWxnpM1CBs8sNQ4b5zOIhMSBkJFWoaQTZQ02znzRTPKsXClcjbDeu82Gx7zml6rl2CsFAKkVzoRlSbe6HOWfk9SLu1YI8SZzbj1PtjIdtNRH7A+kS4sCuun7HSrk/OPSqkM2AcSpu7Pe
oe43Bt1RlMn9wEBkAp95knM6XUzTNWGYKWy+yISZ+RATUWoIzNf/QWsO7TTbdCGqkka5XWJLW+t8ZNC5jOE6iZDTkeWafuCp2FIYhNWMoZjKu9mu62waTx5FTFOZsAX9OkRRYdvKAN2LcyBTBwZkmbLz+tWjZo5FwLRT1BNUp6M2+p2TsZp4BHdyHhtKUeiBr7PK
9j5KjWM5UvNP+h/Ihx2vwXM6XUzTNWGYKWy+yISZ+RATQGIGytj+E2sO7TTbdCGqkke5XWJLW+t8ZNC5jOE6iZDTkeWafuCp2FIYhNWMoZjKu9mu62waTx5FTFOZsAX9OkRRYdvKAN2LcyBTBwZkmbLz+tWjZo5FwLRT1BNUp6M2+p2TsZp4BHdyHhtKUeiBr7PK
RlnYFYWp8VFS67pJtQBqhhJoQ+bBjXPrPJNUW4JZmSbRku3EuuimGGEAjiJUzcx3MWuM9ZBiO6Odu3U01gCGWMjIZMVkrFdJPxod0+xNG1+tQ7eX4/S/QZpRL2eq1db2kKi2vXssBGD4u5lRLXFRqtxcI93U1NsgDlH7lGsNIcT6zRclEy+fyFKPc6/8jjaA2B5d8Yq4iaq+CcKIypOJqY2h75iz/w==
BpBmSbd4cMLK6kIqJgbQofT2lg2l5AZa5iFQRyhteNLBndMnDd+9wPZ0jrwYjAxx5Rg/De/+FafMudM7PcdfI6PAV0WKNeeTCqFeEkDs3ol7GGwkKF8RJY2Fmc7MWMvplGAzpJ41M2BLeSkgKol/kZOb94yCa3vb3Hr+5EiatUXKjGGurm0KfGrnAU1d5Yess8s=
J9hF34F5RXOsOQ3on28jVJgRheAwUTdY9LKjaJja+tm0na0aPxSmwXmht6VhLhY8weihsoZv3VB25C7MWFzsQeIo392vjrU3TCmzi/0Xf1OjMHcVyoUHA4ox/uKAvL65eygMdOivsbUNFXl+jAjrGZQQE3RehVPwy+mJUGpZn6GTqxdcwhvbS1zqnlSISpU1ynxB/u7d6uzqd6G9nbXnnLP7
Cl98PH03Ij4z0P1UYt8YKyZ+bR6OK2GYIW6o2tCL+kATFCdBmJmqE2sO7TTbdCGqkkO5XWJLW+t8ZNC5jOE6iZDTkeWafuCp2FIYhNWMoZjKu9mu62waTx5FTFOZsAX9OkRRYdvKAN2LcyBTBwZkmbLz+tWjZo5FwLRT1BNUp6M2+p2TsZp4BHdyHhtKUeiBr7PK
6Ija1ClTR3UYESxGyO8FZccOdbDGkZT19s3XmLybmxnsyR77h65BXE/EtVIOwCUl9vvPA9DEvNE4Mc5RLJPtva6uFIH0MnSswXy1oNa7xZb/nA5nciVge21gMaVGBO25Lxq0tefTjLuTtvDhLnNmLTfWGi1sFL88pwTT+4o6YUuFygwsW5LyM14h/Lmzs9Y=
HE03A3WvyRRW3EsF1lshGGzPkqGtQBVMSgtumuoljLi2TF5U+KQ8aeQBDyUPFsWfjMGDk50vr7sjWCctKp03a8qZDnogxO6RewBcDEg3QR1NfUlmbDC7cRT4w0w+nWMYC0H5yMqhT4mTg8ekYoOr45wCrkzockXdShQRxg7F2oSq31ElPc23tLPT
ydJsZ0HWeiCykT4S6vzUDFH6dl2Mt3JMLm4nGfAI6xUTLPkzJXgHIZvT/bDw+RLjs06VZAOUCbqaQrBNSisDO4SkiMk0AdI5GFMZFTLemBkAkiDUjaxJiMK70b4DTEIfJoWU4+EQrQ2yxNnRMyq4rdOz2INfZkyJuvPyxYuGVhW49IskqzTPE756FeMZOoC0LzImy5JxgJGns8I=
vjmDfsqqeWnJdRNDkj9SUvTsmgCnpU8S+TYJSmQyJIDDhJInDd+9wPZ0jrwYjAxx4hk/De/+FafMudM7PcdfI6PAV0WKNeeTCqFeEkDs3ol7GGwkKF8RJY2Fmc7MWMvplGAzpJ41M2BLeSkgKol/kZOb94yCa3vb3Hr+5EiatUXKjGGurm0KfGrnAU1d5Yess8s=
vzdu0drzZsMQJjAVvpkxL3gxZFDNd4K9ac7ZDKHVO1zPjmUVIksrFLWvfYDhk10Z/QsHLEFVP6B4nddch3sUAb3lV3Sl6FqAM1MdPhu4TawHprSAHtDEk03nitSmFVq5PGVWsxcJ3Gb2ha7i7siDlIfUbDt/4s10TAPo9Tp/j6hDEbwkl43dktZx/cPWXxHewhUUM9zZhb4YyTaEJfjFDCFP8Jqbf/cC7qgBQuhXHMlOzYmz7A==
Wt1JqiBgpTaGp138Rs/TvxEN6pCr+BdZlIc8VThlTU38CesFflFXBk4cn7eZ1C98+MjhdxcuMfyfBIUyHs40xMa7n6MgRCyxiPEecVyT3V1+7mQhZLLEzJG8RYDGu9W2D1xeB8Kl8NsdIOFFdgSdmf/aBNV3U3wbw/bAAT5zdk0HFsqNHJQv3BdEg9t6OlEr1Qr8jMsSQtOOYYyZo7PG
LzWbXQWl1BWpUFMNop5MC/T2lg2l5AZS5DdCEyVkZoDBm5pzQ4rPwPZ0jrwYjAxx7xo+De/+FafMudM7PcdfI6PAV0WKNeeTCqFeEkDs3ol7GGwkKF8RJY2Fmc7MWMvplGAzpJ41M2BLeSkgKol/kZOb94yCa3vb3Hr+5EiatUXKjGGurm0KfGrnAU1d5Yess8s=
NGxPDlNQniYx6pE60IoMYToHmSo55pZjhs7pqeyktXERZvflBaNZXp9gEbzrbtAH/Zeog5G/DjRibWZJkO3yc3MBMNaKPWrC6hBfBCscSDtbKmHkkNvs1f7H8xivGdjkMwVxYuoJOSNSB83Orl3ws7gRaa5EEbLkYQD5fI3HVNp/d5uyEhBFYuwPQFniha2zyA==
8S8uffgVEAoebUeTEyL64REMXzFhFNqBTN+tvktYXeyXBkSEaX9UU12HWlQWdWp5jAUGs8eprKYGpd5iPuiT1Bc0XDtPAl00XCM4dUpff2gzsWwkx+1tUuYRTUMGPwEeUrVkMyx5Ff4IKWYElRj1TJGvIJrL3wdCnojxwrh3DAnerbmz3A==
XmJ4kFTLvYpoptKJ74fruvKosPOQVTXxaQIm0jI2kPJoIyXI3ff38CGFvP+PkZVZ29EDdhsf8lvzkRpHotiIUnob+47AnvCR5ce9g4WkpAaPW3SWvz4mm2ciG18VKiJ3m0PTzZv2GuXPeSy8Is5ghLE36rqtdFaDnv76gX0HFdujvrPd
ouyC8kh5Oa8ry4bdGm/cpxMMXyBjAt6BTN+tvktYXeyXBkSCaX9UU12HWlQWdWp5jAUGs8eprKYGpd5iPuiT1Bc0XDtPAl00XCM4dUpff2gzsWwkx+1tUuYRTUMGPwEeUrVkMyx5Ff4IKWYElRj1TJGvIJrL3wdCnojxwrh3DAnerbmz3A==
YXrWauBW8kSstc0dH1/BlfKotuWMSDXxaQIm0jI2kPJoIyPI3ff38CGFvP+PkZVZ29EDdhsf8lvzkRpHotiIUnob+47AnvCR5ce9g4WkpAaPW3SWvz4mm2ciG18VKiJ3m0PTzZv2GuXPeSy8Is5ghLE36rqtdFaDnv76gX0HFdujvrPd
1MU/jd5Wqwp6z9ZzCsEjZfKot/OeTTXxaQIm0jI2kPJoIyDI3ff38CGFvP+PkZVZ29EDdhsf8lvzkRpHotiIUnob+47AnvCR5ce9g4WkpAaPW3SWvz4mm2ciG18VKiJ3m0PTzZv2GuXPeSy8Is5ghLE36rqtdFaDnv76gX0HFdujvrPd
8D1H3FsqDZnuVmWeF7wTKomE9csTWZawOFs9ZWIPpQfqCHgLDBJsIXnc7qfMT5HuFp9FfuMo1UxP9lyFdg4M89V38hR+ZWJZdNW+M7/5lEYOtfYiVlgbNM8ERDtXMoXU1JNQNWJPd4gL4RSkfz2Vcu4BJQOuz4m+CsV8MzSJzV6AWc7EfQj9bOn/mBozDz8ilpjZAlDHhGmGnaGzxA==
/5xAv1e14ccMst7/oOEWm3Pn8AckoZi76eXIeIx4qJb2PbTw4v7PEg1HVodl111LNW7Q4AVOQyKxSmuN/Plorg91bU1df8+rI0jH/WrtV9tKaa7KYJTOgXsQfFwIh+Htzc0pFizgW2EU6KMc/m2DqIsxWXgKcW+Zk5PndKIzC5Mcsk68KCIlzUoE8RZOtbo0Ki/xlX2dl6Szww==
1lggYU/xRK4OiYpwNaF53XPn8AckoZi76eXIeIx4qJb2PbTw4v7PEg1HVodl111LNW7Q4AVOQyKxSmuN/Plorg91bU1df8+rI0jH/WrtV9tKaa7KYJTOgXsQfFwIh+Htzc0pFizgW2EU6KMc/m2DqIsxWXgKcW+Zk5PndKIzC5Mcsk68KCIlzU4E/BdOtbo0Ki/xlX2dl6Szww==
