l/I5Mdr/AJF5ww14FxLMaIKi6fGGD6WJCKrIJz8aA6rSr+TfmWOcG4CFv0ptcP2lAH9xjKqjopxLfREpa2ITZ+DDA2Y7LzKrEwGa18KoyGJaC/ue4K6w4YVXPRNlVGQ2r0t0hp8O5muHspvPdVpiR7tT0927xlqVr+msLMI+oLSRLe6qhUWWcH5uehEdd1Xrg66zzQ==
XpvVPzaV1W/JD3UiPQnQ6IjpKhZHqikbDjpBFRdYLg1913QcFug2IGgQtO1mgYaRn2KtOyxla2dNm+f/YxxvGfpp30/qvWYOMPDmlXsEVDhYQyk5bVmhkrwE8zVUvIv47mmLvKvlkbxaFccNEwdPEPL3w0c8pka4OMYNkw5QUfPeMjKgivs5US35v7Cz1w==
A6e9a1vfaTPgumdawxNgOAdlFazIK1y0+bCzinN2Wh3/aPSjjSv6wxgucUOpRby1rMTWrT0QGWy2Ahf0oQYzMsXhUsfkzxkg9lROHJgszFHjOPytb17Vh8xZE1u9J59DoyAXJQrVp/MKgR6ywEyeqXs4LISo/1EFjeXZLkw4iwmUAPNEHlXzgEtZ6YCqKb+xk7s3LALLu/vcmj6EyHp1L85sKc8ujkocasdB7d1Fx4yz6w==
CBzIRRvdmdjjJNmTVSWsNFYnX2YOVF4sIDrvWH9umWxnpM1CBs8sNQ4b5zOIhMSBkJFWoaQTZQ02znzRTPKsXClcjbDeu82Gx7zml6rl2CsFAKkVzoRlSbe6HOWfk9SLu1YI8SZzbj1PtjIdtNRH7A+kS4sIvunzHCrn/OPSqkM2AcSpu7Pe
G1f4sZGsLkdcXoiMDt5IwXM6XUzTNWGYKWy+yISZ+RATUWoIzNf/QWsO7TTbdCGqkka5XWJLW+t8ZNC5jOE6iZDTkeWafuCp2FIYhNWMoZjKu9mu62waTx5FTFOZsAX9OkRRYdvKAN2LcyBTBwZkmbLz+tWjZo5FwLRT1BNUp6M8/p2bsJp7BHdyHhtKUeiBr7PK
4JqyUjv45+BBzRpYzapDQXM6XUzTNWGYKWy+yISZ+RATQGIGytj+E2sO7TTbdCGqkke5XWJLW+t8ZNC5jOE6iZDTkeWafuCp2FIYhNWMoZjKu9mu62waTx5FTFOZsAX9OkRRYdvKAN2LcyBTBwZkmbLz+tWjZo5FwLRT1BNUp6M8/p2bsJp7BHdyHhtKUeiBr7PK
C0mYw3AIKkMtqDsGgq+dtBJoQ+bBjXPrPJNUW4JZmSbRku3EuuimGGEAjiJUzcx3MWuM9ZBiO6Odu3U01gCGWMjIZMVkrFdJPxod0+xNG1+tQ7eX4/S/QZpRL2eq1db2kKi2vXssBGD4u5lRLXFRqtxcI93U1NsgDlH7lGsNIcT6zRclEy+fyFKPc6/8jjaA2B5d+464gau+CsKIypOJqY2h75iz/w==
AV0CMtLTZFltcrX3H96z4/T2lg2l5AZa5iFQRyhteNLBndMnDd+9wPZ0jrwYjAxx5Rg/De/+FafMudM7PcdfI6PAV0WKNeeTCqFeEkDs3ol7GGwkKF8RJY2Fmc7MWMvplGAzpJ41M2BLeSkgKol/kZOb94yCa3vb3Hr+5EiatU/OjGmvrm4KfGrnAU1d5Yess8s=
zcUSz3H9bo7usaJzOxZ82JgRheAwUTdY9LKjaJja+tm0na0aPxSmwXmht6VhLhY8weihsoZv3VB25C7MWFzsQeIo392vjrU3TCmzi/0Xf1OjMHcVyoUHA4ox/uKAvL65eygMdOivsbUNFXl+jAjrGZQQE3RehVPwy+mJUGpZn6GTqxdcwhvbS1zqnlSISpU/znxJ/+7e6uzqd6G9nbXnnLP7
dyRl5+yvQOYR5iiDB93uCCZ+bR6OK2GYIW6o2tCL+kATFCdBmJmqE2sO7TTbdCGqkkO5XWJLW+t8ZNC5jOE6iZDTkeWafuCp2FIYhNWMoZjKu9mu62waTx5FTFOZsAX9OkRRYdvKAN2LcyBTBwZkmbLz+tWjZo5FwLRT1BNUp6M8/p2bsJp7BHdyHhtKUeiBr7PK
wNEVL65q58cfCGRL6JCHnccOdbDGkZT19s3XmLybmxnsyR77h65BXE/EtVIOwCUl9vvPA9DEvNE4Mc5RLJPtva6uFIH0MnSswXy1oNa7xZb/nA5nciVge21gMaVGBO25Lxq0tefTjLuTtvDhLnNmLTfWGi1sFL88pwTT+4A+YUOEyg8sW5LyM14h/Lmzs9Y=
cwhfZkMICHhBoNk49TYLPmzPkqGtQBVMSgtumuoljLi2TF5U+KQ8aeQBDyUPFsWfjMGDk50vr7sjWCctKp03a8qZDnogxO6RewBcDEg3QR1NfUlmbDC7cRT4w0w+nWMYC0H5yMqhT4mTg8ekYoOr45wCrkzockXXThQZxw7G2oSq31ElPc23tLPT
iK11d86kuqwmGHyZbM33qFH6dl2Mt3JMLm4nGfAI6xUTLPkzJXgHIZvT/bDw+RLjs06VZAOUCbqaQrBNSisDO4SkiMk0AdI5GFMZFTLemBkAkiDUjaxJiMK70b4DTEIfJoWU4+EQrQ2yxNnRMyq4rdOz2INfZkyJuvPyxYuGVhW49IskqzTPE7R+FesYOoO0LzImy5JxgJGns8I=
0YFIr2hr1eg53iG9zO8c8/TsmgCnpU8S+TYJSmQyJIDDhJInDd+9wPZ0jrwYjAxx4hk/De/+FafMudM7PcdfI6PAV0WKNeeTCqFeEkDs3ol7GGwkKF8RJY2Fmc7MWMvplGAzpJ41M2BLeSkgKol/kZOb94yCa3vb3Hr+5EiatU/OjGmvrm4KfGrnAU1d5Yess8s=
nKgx8EyBLxZvcHEMalz9J3gxZFDNd4K9ac7ZDKHVO1zPjmUVIksrFLWvfYDhk10Z/QsHLEFVP6B4nddch3sUAb3lV3Sl6FqAM1MdPhu4TawHprSAHtDEk03nitSmFVq5PGVWsxcJ3Gb2ha7i7siDlIfUbDt/4s10TAPo9Tp/j6hDEbwkl43dktZx/cPWXxHewhUUM9zZhb4YyTaEJfjFDCFP+p6bd/YC7agBQuhXHMlOzYmz7A==
BP/ESqEgORRMpNOBP3KufBEN6pCr+BdZlIc8VThlTU38CesFflFXBk4cn7eZ1C98+MjhdxcuMfyfBIUyHs40xMa7n6MgRCyxiPEecVyT3V1+7mQhZLLEzJG8RYDGu9W2D1xeB8Kl8NsdIOFFdgSdmf/aBNV3U3wbw/bAAT5zdk0HFsqNHJQv3BdEg9twPlEj1Ar/jMsSQtOOYYyZo7PG
6A258HWmAk7cb1M9i7epDPT2lg2l5AZS5DdCEyVkZoDBm5pzQ4rPwPZ0jrwYjAxx7xo+De/+FafMudM7PcdfI6PAV0WKNeeTCqFeEkDs3ol7GGwkKF8RJY2Fmc7MWMvplGAzpJ41M2BLeSkgKol/kZOb94yCa3vb3Hr+5EiatU/OjGmvrm4KfGrnAU1d5Yess8s=
94rSWTFsASDUsVhWOz0xeToHmSo55pZjhs7pqeyktXERZvflBaNZXp9gEbzrbtAH/Zeog5G/DjRibWZJkO3yc3MBMNaKPWrC6hBfBCscSDtbKmHkkNvs1f7H8xivGdjkMwVxYuoJOSNSB83Orl3ws7gRaa5EEbLkYQD5fI3HXt5/f5qyERBFYuwPQFniha2zyA==
EagCMqUIt39zrOfUvyrLiBEMXzFhFNqBTN+tvktYXeyXBkSEaX9UU12HWlQWdWp5jAUGs8eprKYGpd5iPuiT1Bc0XDtPAl00XCM4dUpff2gzsWwkx+1tUuYRTUMGPwEeUrVkMyx5Ff4IKWYElRj1TJGvKp7L1wZCnYjxwrh3DAnerbmz3A==
AmzrJ05bSpANn+oqZFvCMvKosPOQVTXxaQIm0jI2kPJoIyXI3ff38CGFvP+PkZVZ29EDdhsf8lvzkRpHotiIUnob+47AnvCR5ce9g4WkpAaPW3SWvz4mm2ciG18VKiJ3m0PTzZv2GuXPeSy8Is5ghLE97rqldVaAnv76gX0HFdujvrPd
dvNPl9jPHMKwAyOPYlQKKxMMXyBjAt6BTN+tvktYXeyXBkSCaX9UU12HWlQWdWp5jAUGs8eprKYGpd5iPuiT1Bc0XDtPAl00XCM4dUpff2gzsWwkx+1tUuYRTUMGPwEeUrVkMyx5Ff4IKWYElRj1TJGvKp7L1wZCnYjxwrh3DAnerbmz3A==
3B09FkSF/VYrc9fr10AFifKotuWMSDXxaQIm0jI2kPJoIyPI3ff38CGFvP+PkZVZ29EDdhsf8lvzkRpHotiIUnob+47AnvCR5ce9g4WkpAaPW3SWvz4mm2ciG18VKiJ3m0PTzZv2GuXPeSy8Is5ghLE97rqldVaAnv76gX0HFdujvrPd
0eGjnWXF2efHoNDCn4OeAvKot/OeTTXxaQIm0jI2kPJoIyDI3ff38CGFvP+PkZVZ29EDdhsf8lvzkRpHotiIUnob+47AnvCR5ce9g4WkpAaPW3SWvz4mm2ciG18VKiJ3m0PTzZv2GuXPeSy8Is5ghLE97rqldVaAnv76gX0HFdujvrPd
FqyfgziL52VFNw9iSX0z2YmE9csTWZawOFs9ZWIPpQfqCHgLDBJsIXnc7qfMT5HuFp9FfuMo1UxP9lyFdg4M89V38hR+ZWJZdNW+M7/5lEYOtfYiVlgbNM8ERDtXMoXU1JNQNWJPd4gL4RSkfz2Vcu4BJQOuz4m+CsV8MzSJzV6AWc7EfQj9bOn/kh4zBz4ilZjZAlDHhGmGnaGzxA==
qAUUXHXZSqSdSCh5CBjyyXPn8AckoZi76eXIeIx4qJb2PbTw4v7PEg1HVodl111LNW7Q4AVOQyKxSmuN/Plorg91bU1df8+rI0jH/WrtV9tKaa7KYJTOgXsQfFwIh+Htzc0pFizgW2EU6KMc/m2DqIsxWXgKcW+Zk5PndKIzC5Mcsk68KCIlx04E+RdOtro0Ki/xlX2dl6Szww==
