cy1V+NMOqLPHz4dD9LubioKi6fGGD6WJCKrIJz8aA6rSr+TfmWOcG4CFv0ptcP2lAH9xjKqjopxLfREpa2ITZ+DDA2Y7LzKrEwGa18KoyGJaC/ue4K6w4YVXPRNlVGQ2r0t0hp8O5muHspvPdVpiR7tT0927xlqVr+msLMI+oLSRLOqqjEaWdH1uehEdd1Xrg66zzQ==
kb6Vm8BdAgovOPO4PYEDmYjpKhZHqikbDjpBFRdYLg1913QcFug2IGgQtO1mgYaRn2KtOyxla2dNm+f/YxxvGfpp30/qvWYOMPDmlXsEVDhYQyk5bVmhkrwE8zVUvIv47mmLvKvlkbxaFccNEwdPEPL3w0c8pka4OMYNkgpQWPDeNjGgivs5US35v7Cz1w==
bVIGySI84wh0o3W0DBE/GgdlFazIK1y0+bCzinN2Wh3/aPSjjSv6wxgucUOpRby1rMTWrT0QGWy2Ahf0oQYzMsXhUsfkzxkg9lROHJgszFHjOPytb17Vh8xZE1u9J59DoyAXJQrVp/MKgR6ywEyeqXs4LISo/1EFjeXZLkw4iwmUAPNEHlXzgEtZ6YCqKb+xk7s3LALLu/vcmj6EyHp1LspsIMwuikkcasdB7d1Fx4yz6w==
81hNJiAU253U/15SHswiG1YnX2YOVF4sIDrvWH9umWxnpM1CBs8sNQ4b5zOIhMSBkJFWoaQTZQ02znzRTPKsXClcjbDeu82Gx7zml6rl2CsFAKkVzoRlSbe6HOWfk9SLu1YI8SZzbj1PtjIdtNRH7A+kS4sJuun6Hyrj/+PSqkM2AcSpu7Pe
ggp2Kd5q/sPrznnGP638YHM6XUzTNWGYKWy+yISZ+RATUWoIzNf/QWsO7TTbdCGqkka5XWJLW+t8ZNC5jOE6iZDTkeWafuCp2FIYhNWMoZjKu9mu62waTx5FTFOZsAX9OkRRYdvKAN2LcyBTBwZkmbLz+tWjZo5FwLRT1BNUp6M9+p2Ss5p/B3dyHhtKUeiBr7PK
wJP8DKXMod2eSe2xUbvB4XM6XUzTNWGYKWy+yISZ+RATQGIGytj+E2sO7TTbdCGqkke5XWJLW+t8ZNC5jOE6iZDTkeWafuCp2FIYhNWMoZjKu9mu62waTx5FTFOZsAX9OkRRYdvKAN2LcyBTBwZkmbLz+tWjZo5FwLRT1BNUp6M9+p2Ss5p/B3dyHhtKUeiBr7PK
fYOfBKEeYw6TflATqnJ5ThJoQ+bBjXPrPJNUW4JZmSbRku3EuuimGGEAjiJUzcx3MWuM9ZBiO6Odu3U01gCGWMjIZMVkrFdJPxod0+xNG1+tQ7eX4/S/QZpRL2eq1db2kKi2vXssBGD4u5lRLXFRqtxcI93U1NsgDlH7lGsNIcT6zRclEy+fyFKPc6/8jjaA2B5d+oq4iKi+DsGIypOJqY2h75iz/w==
qdStB1n4k1sQ/z9yFKwh+PT2lg2l5AZa5iFQRyhteNLBndMnDd+9wPZ0jrwYjAxx5Rg/De/+FafMudM7PcdfI6PAV0WKNeeTCqFeEkDs3ol7GGwkKF8RJY2Fmc7MWMvplGAzpJ41M2BLeSkgKol/kZOb94yCa3vb3Hr+5EiatU7KjGCsrmoJfGrnAU1d5Yess8s=
SP53qGamc7dx2mxiZawL4ZgRheAwUTdY9LKjaJja+tm0na0aPxSmwXmht6VhLhY8weihsoZv3VB25C7MWFzsQeIo392vjrU3TCmzi/0Xf1OjMHcVyoUHA4ox/uKAvL65eygMdOivsbUNFXl+jAjrGZQQE3RehVPwy+mJUGpZn6GTqxdcwhvbS1zqnlSISpU+ynxA/O7a6ezqd6G9nbXnnLP7
VWNPrgh6fQXS8iv54xjJUyZ+bR6OK2GYIW6o2tCL+kATFCdBmJmqE2sO7TTbdCGqkkO5XWJLW+t8ZNC5jOE6iZDTkeWafuCp2FIYhNWMoZjKu9mu62waTx5FTFOZsAX9OkRRYdvKAN2LcyBTBwZkmbLz+tWjZo5FwLRT1BNUp6M9+p2Ss5p/B3dyHhtKUeiBr7PK
TlvRd9c/dxLacKf1NDZ4u8cOdbDGkZT19s3XmLybmxnsyR77h65BXE/EtVIOwCUl9vvPA9DEvNE4Mc5RLJPtva6uFIH0MnSswXy1oNa7xZb/nA5nciVge21gMaVGBO25Lxq0tefTjLuTtvDhLnNmLTfWGi1sFL88pwTT+4E6YUqHygsvW5LyM14h/Lmzs9Y=
NT4wfVfM1JEFK3pMefIorWzPkqGtQBVMSgtumuoljLi2TF5U+KQ8aeQBDyUPFsWfjMGDk50vr7sjWCctKp03a8qZDnogxO6RewBcDEg3QR1NfUlmbDC7cRT4w0w+nWMYC0H5yMqhT4mTg8ekYoOr45wCrkzockXWShQQxA7C2YSq31ElPc23tLPT
trpuGww4tDShooR5bW8UNvTsmgCnpU8S+TYJSmQyJ4DDhJInDd+9wPZ0jrwYjAxx4hk/De/+FafMudM7PcdfI6PAV0WKNeeTCqFeEkDs3ol7GGwkKF8RJY2Fmc7MWMvplGAzpJ41M2BLeSkgKol/kZOb94yCa3vb3Hr+5EiatU7KjGCsrmoJfGrnAU1d5Yess8s=
EcWOu8DgVx7X+9xJYc6KtHgxZFDNd4K9ac7ZDKHVO1zPjmUVIksrFLWvfYDhk10Z/QsHLEFVP6B4nddch3sUAb3lV3Sl6FqAM1MdPhu4TawHprSAHtDEk03nitSmFVq5PGVWsxcJ3Gb2ha7i7siDlIfUbDt/4s10TAPo9Tp/j6hDEbwkl43dktZx/cPWXxHewhUUM9zZhb4YyTaEJfjFDCFP+5qbfvUC6asBQuhXHMlOzYmz7A==
oMjWrUp9czUR5L6idG6FUhEN6pCr+BdZlIc8VThlTU38CesFflFXBk4cn7eZ1C98+MjhdxcuMfyfBIUyHs40xMa7n6MgRCyxiPEecVyT3V1+7mQhZLLEzJG8RYDGu9W2D1xeB8Kl8NsdIOFFdgSdmf/aBNV3U3wbw/bAAT5zdk0HFsqNHJQv3BdEg9txOlEq1wr7j8sSQtOOYYyZo7PG
0qQcCDkCeETUoXabydZ9W7lwOSpF3T74hxg7MaB3CC0EZXE1yPnfbVKxe26azMvvRRRzJCwYtd/7jl1Ua7TxiuJOSHwyC+sLzORAGVyhSqmA04GFqr4wyUjS6CSlzHF4+rvpTjssau/uxdwzSXA1nSpEQUGritB9G/OQs7dGNLlC84r1c6Y+JXA0w3RDlFeDLfqNcoPaL+fn8m67upG44Z+z+g==
ymFTfokwjCLqEwot6x9C52sE66i60FG1Qn6QtLc984uvheX2u01lROfbCYTYF1hYfdTkxFqZ9B5FYiYy8pYQkigDLu+Sl3dQ4WW8n88xFbkb8QNW2/9y+7PxGqdieAgyOjv7roD+cDElJ73jxQQk5k97dLZ/3qY7J0Ibv9WKohfbY9Pt25aaRQ+ZLNxibuBkcRzqmmyW1iTdnvphvaeVu+Oes/0=
V46xPOql2Wbv+DohyMEK6Nz0khgVyWPFKNTxKM09tm8OIQJldznO4clhpIENQozU7QNjdFXICkBj842+qxg9bDfGpI4OMPTTvUc6VDa1ivnsRSazJ2kMJqZlPmIeqDNU9/R8O2/CvbT8Yxh1qp/f6JNxjCTnrQ3SBtFtQ2b/4Z7y9QQzzLm1fmhphgS1WJXMcW8LmquepcI5y5HCmLesib7tmbP8
WAnKgmVjwa+EV+anlomTQPT2lg2l5AZS5DdCEyVkZoDBm5pzQ4rPwPZ0jrwYjAxx7xo+De/+FafMudM7PcdfI6PAV0WKNeeTCqFeEkDs3ol7GGwkKF8RJY2Fmc7MWMvplGAzpJ41M2BLeSkgKol/kZOb94yCa3vb3Hr+5EiatU7KjGCsrmoJfGrnAU1d5Yess8s=
/AKkvHYCGFrnlxbK/3n/ozoHmSo55pZjhs7pqeyktXERZvflBaNZXp9gEbzrbtAH/Zeog5G/DjRibWZJkO3yc3MBMNaKPWrC6hBfBCscSDtbKmHkkNvs1f7H8xivGdjkMwVxYuoJOSNSB83Orl3ws7gRaa5EEbLkYQD5fI3HX9p/dpmyFRNFYuwPQFniha2zyA==
iCt4JuKrXrfxd97dKNpWoBEMXzFhFNqBTN+tvktYXeyXBkSEaX9UU12HWlQWdWp5jAUGs8eprKYGpd5iPuiT1Bc0XDtPAl00XCM4dUpff2gzsWwkx+1tUuYRTUMGPwEeUrVkMyx5Ff4IKWYElRj1TJGvK5rL3gVCmYvxwrh3DAnerbmz3A==
hthBVgGjDbIE5LIrt78Oo/KosPOQVTXxaQIm0jI2kPJoIyXI3ff38CGFvP+PkZVZ29EDdhsf8lvzkRpHotiIUnob+47AnvCR5ce9g4WkpAaPW3SWvz4mm2ciG18VKiJ3m0PTzZv2GuXPeSy8Is5ghLE86rqsdlaEnf76gX0HFdujvrPd
X2xhRxsOAeI+M/mO7gu03RMMXyBjAt6BTN+tvktYXeyXBkSCaX9UU12HWlQWdWp5jAUGs8eprKYGpd5iPuiT1Bc0XDtPAl00XCM4dUpff2gzsWwkx+1tUuYRTUMGPwEeUrVkMyx5Ff4IKWYElRj1TJGvK5rL3gVCmYvxwrh3DAnerbmz3A==
dYbM+zAat3q5ACGVimfUl/KotuWMSDXxaQIm0jI2kPJoIyPI3ff38CGFvP+PkZVZ29EDdhsf8lvzkRpHotiIUnob+47AnvCR5ce9g4WkpAaPW3SWvz4mm2ciG18VKiJ3m0PTzZv2GuXPeSy8Is5ghLE86rqsdlaEnf76gX0HFdujvrPd
+lnC3i++TDH0f5SVRZpqB/Kot/OeTTXxaQIm0jI2kPJoIyDI3ff38CGFvP+PkZVZ29EDdhsf8lvzkRpHotiIUnob+47AnvCR5ce9g4WkpAaPW3SWvz4mm2ciG18VKiJ3m0PTzZv2GuXPeSy8Is5ghLE86rqsdlaEnf76gX0HFdujvrPd
FUFFqCobRsNb8t6s4Ejp/BOhgKTp/Zl8uJmgsthVbCH1nv6Xl9dJlJI5haRWkGYIiPiE9W6fuHl/Sv1DbN27j+0zl2fjhJ+xWgGP9ypFtiZQmNaNexxkUDhr+cGt4fH6HKwDrdQk+1BOgVsE653BlLr99xUTH3/4Et+TP3wellCYbn0CicioWH5eYRhKA+l5TZGPqLPP
9x9zFE8ik1ZxwtoXUHjXMZQW6+YmGDdS6enlNM2JqYbYk+xRYlf9/zanp6RtGxY3yu+npYw7rlB25C7MWFzsQeIq0N2vjrU3TCmzi/0Xf1OjMHcVyoUHA4ox/uKAvL65eygMdOivsbUNFXl+jAjrGZQQE3RehVPwy+mJUGpZn6GTqxdcwhvbS1zqnlSISpU2yXxA/O7a6ezqd6G9nbXnnLP7
pQs/j+JIulTQvZ+DZOltqLaAxhUugCN8NMbXY0wy0HXs5MWC5jA9b/omv4ysz/C5QR1kbRdEOD7XxgFaROerdY8CsmYS0Y31jok+h3jhFFosnU1lC0OvhIv1PB1jfC/5egmfr+qdJq6wUKa1eyQUmNjjaRltueHyPOSzVVRcS5huiUvcq8VRHNq1By0TJ4+wclcDZzzGhli4ps16CTAYEF5WcUCK23nxrVn/kLP3
pQs/j+JIulTQvZ+DZOltqLaAxhUugCN8NMbXY0wy0HXs5MWC5jA9b/omv4ysz/C5QR1kbRdEOD7XxgFaROerdY8CsmYS0Y31jok+h3jhFFosnU1lC0OvhIv1PB1jfC/5egmfr+qdJq6wUKa1eyQUmNjjaRltueHyPOSzVVRcS5huiUvcq8VRHNq1By0TJ4+wclcDZzzGhli4ps16CTAYEF5WcUCK23nxrVn/kLP3
ZcBfs9pu8dd2PLiMK5PIOOM4mFy9PI8dpj+7XLQTvP0aLBt55hRN8ZTvXIpd86V1MaZ1FSQwClcKVp0KM3JZzqTxRHgxpT04ZwFk4F6Y/xPVnQ0koY7g08kUrvLZw6jB98jU2nup/QwBDUBPkPEpP0KeRLMHKeymRiUeYn5oU9RXtJw7j4IdNJyjeHWK3z9oczGsJIdtrVKmkY1DRr9BHpI1JDPs+VX+yKmmBNWYNUzRL+GZi17FQlkLscJ490wJHi35s5w=
GE/6MSA7qzOXpwZFL91q7vrhJv632qFGNgrfPEJkzDrlWoTe8JEIi3FL8RsaMJmT3hJFPXGvAsBBAqlAYC4lASoFUxN4vtJ+sA5iBWfP+KQPguwu/zfIY4r4a8S7NvTkdI93cJotijRhHw22Pr/6TqPieOhTc4fNA06j8xjfw+JzI2Ify316c2pEuLbiV/vaaGKgFR3rHXeN+FQi19c0gleCNl/fTvvrXTaSE4OPUxmzisrht9UMyKoSECBpOikuxErGwKUSmrW1myU/O/KziQ==
5u8EL9PxFVx3bWol8r3ASKG2XuaEp+Lgi3SExqWBsgIHx9Wg06plNXPwyzQhewuBI9pHTdOtpFZsMwccKbHcg9c1BdUzBUMqYxvCdztluvs6vNgeUg/7kvjagP1tc11/XYC0CucPtEpHupY3L1Y7Yw3O8rsz11NRIzLqCcdNTMB6avAIWeKp5tRyZqhVClo95WNFl4uqs8E=
F72SIDq8MDn38vKOOPCzZBEMbyIkH5gyV8s6WuelqIkJJXk1SDk3D/V/MDNU8eUrFPVFhHsWJBPtJ6rUhtU6OdwlNrM3SXzmVsVO4o4IYxQnFEw7XyJt9KzDiPXaPy8o41GcJPfNPRK2sd3D9p+xXiLVdDM8meU+uIkWhAW4JYxBjxGZu75VgklrYUIIF3xJ7o2ps8w=
KyNi7dGSskNK1mipot721N/4242Yog+Y1FQMv6lj2N23iAxpRuYQl1yK3nQIqlWVydwAnG76KQzq1+HdHZUnfLMb
+sLGnl0svJrU9mUopCQMpxkJ5piuzERDmrpzRSIsLk+vM9crT0REFE1Z2aiPl2V88NzqVHp3YdqrKZ9LGJFumpq7hrJtWWq1i7cQal6T3V1+7mQhZLLEzJG8RYDGu9W2D1xeB8Kl8NsdIOFFdgSdmf/aBNV3U3wbw/bAAT5zdk0HFsqNHJQv3BdEg9t6OVEq1wr7j8sSQtOOYYyZo7PG
KCyLYuFA6XNIs+LEk/xo9rSMkYeG+c9kb4jNmMSmhFQ91ipqqHiZt282pn4OEhE5HZZCHQfpGK65U4KrrIKApz/mbcnf588jBLTtIh2ohL/+8gOJ1/ow5RWsDZcXrjRFzYudNqe/CXuNC0cPY2zPibpZPx9qbUZ+8GCGpXs0NKiYMwnp7QlBovyUU0VUTCtoLlnrbCu1sUwahSc9EzevgLIH4xe8diaI+FataQkg+GCeBtHwCisZIe1p34Cz5w==
gXLNgzD7NLkHiCIKW+W7TR5hpJUnE6jvXt87ajVlP4YeKiey9ikh7+/oJFluRv0NpHTbBDv037MOeWWCC/oXV/+yFqviMbAxd7MS
p8xyBotwfvFj8sAMm/sBKjfV4vL36NM2V8nVOpp5U2epHx8aHX/Ntemwg0BOVRSlRuRRb28l1JRBTSVcOzqu3ahyWBdPYmB6teI6BHXYVcwx70CZ6x7lwnlL0cLYN2yJfm1Zszw=
9tc3z2bdq3LOTm/zdqFQ1faEJ1eNrSoBhh6IHc/VDwesVF1eWt65kPkuSkoYFZvhkQm2gJ9cU/lIlmdcdNDki7mXkHk3LESdVtL4E/xOtkDY3t0xifgI6L5OQcjK0wlpjWFvWLM/
kUrgBrTswOuNQPr7dU9YGxd+YCxRRiViWuLBrAkSMvb4qeNdYbXOPF9gK8W4qh9glOycN0kr6MW3kDwhpm6ALxxyznwo4qUNSURwVE7yOXQqb3FVfV0XZLMD
TbxpK/fjYFaQqqsXE8bXcippy9cvmVEZQ08tZlrmybgZBhoS2M3LiTHhBvgfpOOR6H63BDQINKPZv2BBNxS0tTb6KMu8FmaoeLZtyQmAuAAeJhEQCotZQW1JH2CzBw==
u04TIvU98p/d+IaOHkqW6gNa5PIeq3ADdE8tZlrmybgZBhoS2M3LiTHhBvgfpOOR6H63BDQINKPZv2BBNxS0tTb6KMu8FmaoeLZtyQmAuAAeJhEQCotZQW1JH2CzBw==
UNF7GerXxRMeXXrUT5bx53M1mRjFp93noeDaZE02kZyGhEg/f/eJC6qevwaHPwDEy7LEWmB9AfUsh/dWcHt+oPQd7CSSlgCcge9pYpxuNtwtZjqZTV91QxNmswU=
IyB1aR430wNDPnqudH4jNbaAxhUugCN8NMbXY0wy0HXs5MWC5jA9b/omv4ysz/C5QR1kbRdEOD7XxgFaROerdY8CsmYS0Y31jok+h3jhFFosnU1lC0OvhIv1PB1jfC/5egmfr+qdJq6wUKa1eyQUmNjjaRltueHyPOSzVVRcS5huiUvcq8VRHNq1By0TJ4+wclcDZzzGhli4ps15CTAYEF5WcUCK23nxrVn/kLP3
kHYX82y1ZCbyaSi3R1FP/B6xsbMxk8X0llc8/2MlUXl3fXP9THkp7egC7kp9dG9cOznVK8yPX5lzbonLsdMMWMnZfux+XZT/+sapuexVir42Kr4Y44mL7ZRNJ0o2hZKmQY3X2RSG7b5PSgy2b98IG7rwRZhpnnRchMcXaIpFyszRl61ubpf6dtMqmHDDm0e1M0aDq8h3Q1qDawIH2xU6i9rMGG6yf/viGKpAjY0D3Q+98HR6B3+0OqfKVkfPJrsT7b4yy9OnUyHDQip5Jz3MsJoaMHi5k6mWNAKm2LV62k0FE4Xna9qzsQ==
pDypicIkHugsr2hvaJHnDoKn4g8vV6vVee0tPEMZu7MgaueOuLGio4YRhSchn7GyarCfBEK86sC6dXue3qi9LvBcBp/3M5BEKzUSlvwSKYBfKosROBtyGrCr0bw8GiHHCFNalgdtMdHHsD31VvCsLGXxa/sPBONqWrsTINwia7cyCY3M9prZLYfEG3lyn+JF81d4egYThU3WTlwR7PLMnAncrfA+uy3G5zzGV8rleOslgElVLoTFiZc6fCX/k3TLW9bosYZzzv0vNlLdFNSnrO8ka8uiuYk6f6rDv0PSSgMWgeRp27O+
aZlfPFH3cBk4gXfljQqawq8aHdWM/BvwZt5G/TT4AnVRuaQkHjjb3+d+JM4ndcOV+G0qufik9tecraso5KSjuMLhRCFo8+KYD6qM1q//CDt6kM59Lr50fMQnlwhKZcrsEfctji63+laTyhgQA7tHlfMmA0uIV0N6w4uCZxs1OqsarJiO8l/7wlhKwO1NI90vfZD0mkdftBrnKtYnDwa7My3esiuTh1MBg6KqGecdzJBaerCY+bWptnTiJrh1WtptxXMFByv6s5E=
22eLUuegdtKXYlXQJGpBNZLXMJHT68Xs3AbJP96BRj7rbVRSCknGnoEeNTJzcO7wMtSN0rS/7TfsEWfVRZbZIWCa1+TZV9cxvUPzdZ+WidniuA3MqRDWjX7Qx5sYTgJjE/h2SgsjKnsogg1tO8W1mB8QaK/4aKcw2K9lpAn+6DORpFaywdOQoX8YvNqT+XXsOR1Yj+hB8V9Kbuwz7xnkhp5VpqJmeKt032S0O6dSlZRks2C1Mq/nSHsBRKQvnaUyfiH1g16vef4aZcwzhCndnvC5vkQtKG2s2V9OGeNuzWIB+wmCYOc0qZZ90bO0
p2iOQFGzxS3bVDNQMnr+WpLXMJHT68Xs3AbJP96BRj7rbVRSCknGnoEeNTJzcO7wMtSN0rS/7TfrE2fVRZbZIWCa1uTZV9cxvUPzdZ+WidniuA3MqRDWjX7Qx5sYTgJjE/h2SgsjKnsogg1tO8W1mB8QaK/4aKcw2K9lpAn+6DORpFaywdOQoX8YvNqT+XXsOR1Yj+hB8V9Kbuwz7xnkhp5VpqJmeKt032S0O6dSlZRks2C1Mq/nSHsBRKQvnaUyfiH1g16vef4aZcwzhCndnvC5vkQtKG2s2V9OGeNuzWIB+wmCYOc0qZZ90bO0
7BbuXVRru6KGCzoPbqEJF5LXMJHT68Xs3AbJP96BRj7rbVRSCknGnoEeNTJzcO7wMtSN0rS/7TfsEWfVRZbZIWCa2eTZV9cxvUPzdZ+WidniuA3MqRDWjX7Qx5sYTgJjE/h2SgsjKnsogg1tO8W1mB8QaK/4aKcw2K9lpAn+6DORpFaywdOQoX8YvNqT+XXsOR1Yj+hB8V9Kbuwz7xnkhp5VpqJmeKt032S0O6dSlZRks2C1Mq/nSHsBRKQvnaUyfiH1g16vef4aZcwzhCndnvC5vkQtKG2s2V9OGeNuzWIB+wmCYOc0qZZ90bO0
pFOwyH55qWZ+ThLkgnHgeJLXMJHT68Xs3AbJP96BRj7rbVRSCknGnoEeNTJzcO7wMtSN0rS/7TfrE2fVRZbZIWCa2OTZV9cxvUPzdZ+WidniuA3MqRDWjX7Qx5sYTgJjE/h2SgsjKnsogg1tO8W1mB8QaK/4aKcw2K9lpAn+6DORpFaywdOQoX8YvNqT+XXsOR1Yj+hB8V9Kbuwz7xnkhp5VpqJmeKt032S0O6dSlZRks2C1Mq/nSHsBRKQvnaUyfiH1g16vef4aZcwzhCndnvC5vkQtKG2s2V9OGeNuzWIB+wmCYOc0qZZ90bO0
KHv5TxgOGvXGIlsqceG6IJLXMJHT68Xs3AbJP96BRj7rbVRSCknGnoEeNTJzcO7wMtSN0rS/7TfsEWfVRZbZIWCa2+TZV9cxvUPzdZ+WidniuA3MqRDWjX7Qx5sYTgJjE/h2SgsjKnsogg1tO8W1mB8QaK/4aKcw2K9lpAn+6DORpFaywdOQoX8YvNqT+XXsOR1Yj+hB8V9Kbuwz7xnkhp5VpqJmeKt032S0O6dSlZRks2C1Mq/nSHsBRKQvnaUyfiH1g16vef4aZcwzhCndnvC5vkQtKG2s2V9OGeNuzWIB+wmCYOc0qZZ90bO0
Xw7mEqZM1huYhyRCSSx3tpLXMJHT68Xs3AbJP96BRj7rbVRSCknGnoEeNTJzcO7wMtSN0rS/7TfrE2fVRZbZIWCa2uTZV9cxvUPzdZ+WidniuA3MqRDWjX7Qx5sYTgJjE/h2SgsjKnsogg1tO8W1mB8QaK/4aKcw2K9lpAn+6DORpFaywdOQoX8YvNqT+XXsOR1Yj+hB8V9Kbuwz7xnkhp5VpqJmeKt032S0O6dSlZRks2C1Mq/nSHsBRKQvnaUyfiH1g16vef4aZcwzhCndnvC5vkQtKG2s2V9OGeNuzWIB+wmCYOc0qZZ90bO0
B2hWGj3R6zuurbO27RVVLJLXMJHT68Xs3AbJP96BRj7rbVRSCknGnoEeNTJzcO7wMtSN0rS/7TfsEWfVRZbZIWCa3eTZV9cxvUPzdZ+WidniuA3MqRDWjX7Qx5sYTgJjE/h2SgsjKnsogg1tO8W1mB8QaK/4aKcw2K9lpAn+6DORpFaywdOQoX8YvNqT+XXsOR1Yj+hB8V9Kbuwz7xnkhp5VpqJmeKt032S0O6dSlZRks2C1Mq/nSHsBRKQvnaUyfiH1g16vef4aZcwzhCndnvC5vkQtKG2s2V9OGeNuzWIB+wmCYOc0qZZ90bO0
g+Ng03+TBTqTQ08y006X/JLXMJHT68Xs3AbJP96BRj7rbVRSCknGnoEeNTJzcO7wMtSN0rS/7TfrE2fVRZbZIWCa3OTZV9cxvUPzdZ+WidniuA3MqRDWjX7Qx5sYTgJjE/h2SgsjKnsogg1tO8W1mB8QaK/4aKcw2K9lpAn+6DORpFaywdOQoX8YvNqT+XXsOR1Yj+hB8V9Kbuwz7xnkhp5VpqJmeKt032S0O6dSlZRks2C1Mq/nSHsBRKQvnaUyfiH1g16vef4aZcwzhCndnvC5vkQtKG2s2V9OGeNuzWIB+wmCYOc0qZZ90bO0
+XaKiFhww6hwdEy/ZBobPJLXMJHT68Xs3AbJP96BRj7rbVRSCknGnoEeNTJzcO7wMtSN0rS/7TfsEWfVRZbZIWCa3+TZV9cxvUPzdZ+WidniuA3MqRDWjX7Qx5sYTgJjE/h2SgsjKnsogg1tO8W1mB8QaK/4aKcw2K9lpAn+6DORpFaywdOQoX8YvNqT+XXsOR1Yj+hB8V9Kbuwz7xnkhp5VpqJmeKt032S0O6dSlZRks2C1Mq/nSHsBRKQvnaUyfiH1g16vef4aZcwzhCndnvC5vkQtKG2s2V9OGeNuzWIB+wmCYOc0qZZ90bO0
VjG63jMrlYq1lgwaRnJ7EZLXMJHT68Xs3AbJP96BRj7rbVRSCknGnoEeNTJzcO7wMtSN0rS/7TfrE2fVRZbZIWCa3uTZV9cxvUPzdZ+WidniuA3MqRDWjX7Qx5sYTgJjE/h2SgsjKnsogg1tO8W1mB8QaK/4aKcw2K9lpAn+6DORpFaywdOQoX8YvNqT+XXsOR1Yj+hB8V9Kbuwz7xnkhp5VpqJmeKt032S0O6dSlZRks2C1Mq/nSHsBRKQvnaUyfiH1g16vef4aZcwzhCndnvC5vkQtKG2s2V9OGeNuzWIB+wmCYOc0qZZ90bO0
kBuEuIZmMadLBarunRqxW5LXMJHT68Xs3AbJP96BRj7rbVRSCknGnoEeNTJzcO7wMtSN0rS/7TfsEWfVRZbZIWCa1+XZV9cxvUPzdZ+WidniuA3MqRDWjX7Qx5sYTgJjE/h2SgsjKnsogg1tO8W1mB8QaK/4aKcw2K9lpAn+6DORpFaywdOQoX8YvNqT+XXsOR1Yj+hB8V9Kbuwz7xnkhp5VpqJmeKt032S0O6dSlZRks2C1Mq/nSHsBRKQvnaUyfiH1g16vef4aZcwzhCndnvC5vkQtKG2s2V9OGeNuzWIB+wmCYOc0qZZ90bO0
XqoKwRbKqFexe76w+KOiKJLXMJHT68Xs3AbJP96BRj7rbVRSCknGnoEeNTJzcO7wMtSN0rS/7TfrE2fVRZbZIWCa1uXZV9cxvUPzdZ+WidniuA3MqRDWjX7Qx5sYTgJjE/h2SgsjKnsogg1tO8W1mB8QaK/4aKcw2K9lpAn+6DORpFaywdOQoX8YvNqT+XXsOR1Yj+hB8V9Kbuwz7xnkhp5VpqJmeKt032S0O6dSlZRks2C1Mq/nSHsBRKQvnaUyfiH1g16vef4aZcwzhCndnvC5vkQtKG2s2V9OGeNuzWIB+wmCYOc0qZZ90bO0
uFurAOPQ+e6+Pj/PSNQJcZLXMJHT68Xs3AbJP96BRj7rbVRSCknGnoEeNTJzcO7wMtSN0rS/7TfsEWfVRZbZIWCa2eXZV9cxvUPzdZ+WidniuA3MqRDWjX7Qx5sYTgJjE/h2SgsjKnsogg1tO8W1mB8QaK/4aKcw2K9lpAn+6DORpFaywdOQoX8YvNqT+XXsOR1Yj+hB8V9Kbuwz7xnkhp5VpqJmeKt032S0O6dSlZRks2C1Mq/nSHsBRKQvnaUyfiH1g16vef4aZcwzhCndnvC5vkQtKG2s2V9OGeNuzWIB+wmCYOc0qZZ90bO0
0gVHxyr5kLzQSjqAhSHpSpLXMJHT68Xs3AbJP96BRj7rbVRSCknGnoEeNTJzcO7wMtSN0rS/7TfrE2fVRZbZIWCa2OXZV9cxvUPzdZ+WidniuA3MqRDWjX7Qx5sYTgJjE/h2SgsjKnsogg1tO8W1mB8QaK/4aKcw2K9lpAn+6DORpFaywdOQoX8YvNqT+XXsOR1Yj+hB8V9Kbuwz7xnkhp5VpqJmeKt032S0O6dSlZRks2C1Mq/nSHsBRKQvnaUyfiH1g16vef4aZcwzhCndnvC5vkQtKG2s2V9OGeNuzWIB+wmCYOc0qZZ90bO0
9evS2eQf0dLc2jnvrHmKvCGMYcbuM2aFkJw13G5WUo9FcfmNoTHZah0VTGCWTQnKwn4B5I/i3ZS6Qh34bnhvRirpDYVJfD15dptxpz1UzOgjVL/NFFyFvEvFOZJ9brN+Ek1AN5AZyt5hmgaXBgQrhcR1B0LGXVIO0fW3kSSe7Vaf8qw+H4dIM6oIpVDZBvQ01P83YHqdCmRB780mXo/6ngOSOPizwwedI75jY3jvwzLTUyIPK836I0q0eCaCZ/sKyBLgBf1bnSetCJSyt+c0Uvfydk8//nu7fcZSg+O/U8kT+orxV2WMmIri0LAJDSn+ZDqG0EWiGuWVa+WvW8KzWQ==
nORYRg5Ey3+bBRqi29mzJ5LXMJHT68Xs3AbJP96BRj7rbVRSCknGnoEeNTJzcO7wMtSN0rS/7TfrE2fVRZbZIWCa2+XZV9cxvUPzdZ+WidniuA3MqRDWjX7Qx5sYTgJjE/h2SgsjKnsogg1tO8W1mB8QaK/4aKcw2K9lpAn+6DORpFaywdOQoX8YvNqT+XXsOR1Yj+hB8V9Kbuwz7xnkhp5VpqJmeKt032S0O6dSlZRks2C1Mq/nSHsBRKQvnaUyfiH1g16vef4aZcwzhCndnvC5vkQtKG2s2V9OGeNuzWIB+wmCYOc0qZZ90bO0
KH9cjeadPPQ749LDDruu2Vf7Z3u8Llb0R/X8ptfy8iIi0c1cLPzDQDcpKMTxALei4zsU6hn/dXYoepp++jLGpndv5XyA0QkrtcoW6edE1ZpY4Iz9yE38R5qcVbwenfrqy1cAw6/YSiMibIWzj7s4kO2keyRkhLMZ2LHebv0a5SjUJtAJ37q2I7rG1Wm1TALBuqwnhDACXx3XX5cY++kEgaNgl2UKFSczCsGecsCMHul7eKxEqD/RRY0lWe5MeAtJlMBzhB4Vc8BLmWnAqmk/cZN7t2wCizs73Nq+xMi69ePJLKCMLkrJ3GqHwS3dhUfMs6s=
9evS2eQf0dLc2jnvrHmKvCGMYcbuM2aFkJw13G5WUo9FcfmNoTHZah0VTGCWTQnKwn4B5I/i3ZS6Qh34bnhvRirpDYVJfD15dptxpz1UzOgjVL/NFFyFvEvFOZJ9brN+Ek1AN5AZyt5hmgaXBgQrhcR1B0LGXVIO0fW3kSSe7Vaf8qw+H4dIM6oIpVDZBvQ01P83YHqdCmRB780mXo/6ngOSOPizwwedI75jY3jvwzLTUyIPK836I0q0eCaCZ/sKyBLgBf1bnSetCJSyt+c0Uvfydk8//nu7fcZSg+O/U8kT+orxV2WMmIri0LAJDSn+ZDqG0EWiGuWVa+WvW8KzWQ==
KH9cjeadPPQ749LDDruu2Vf7Z3u8Llb0R/X8ptfy8iIi0c1cLPzDQDcpKMTxALei4zsU6hn/dXYoepp++jLGpndv5XyA0QkrtcoW6edE1ZpY4Iz9yE38R5qcVbwenfrqy1cAw6/YSiMibIWzj7s4kO2keyRkhLMZ2LHebv0a5SjUJtAJ37q2I7rG1Wm1TALBuqwnhDACXx3XX5cY++kEgaNgl2UKFSczCsGecsCMHul7eKxEqD/RRY0lWe5MeAtJlMBzhB4Vc8BLmWnAqmk/cZN7t2wCizs73Nq+xMi69ePJLKCMLkrJ3GqHwS3dhUfMs6s=
9evS2eQf0dLc2jnvrHmKvCGMYcbuM2aFkJw13G5WUo9FcfmNoTHZah0VTGCWTQnKwn4B5I/i3ZS6Qh34bnhvRirpDYVJfD15dptxpz1UzOgjVL/NFFyFvEvFOZJ9brN+Ek1AN5AZyt5hmgaXBgQrhcR1B0LGXVIO0fW3kSSe7Vaf8qw+H4dIM6oIpVDZBvQ01P83YHqdCmRB780mXo/6ngOSOPizwwedI75jY3jvwzLTUyIPK836I0q0eCaCZ/sKyBLgBf1bnSetCJSyt+c0Uvfydk8//nu7fcZSg+O/U8kT+orxV2WMmIri0LAJDSn+ZDqG0EWiGuWVa+WvW8KzWQ==
KH9cjeadPPQ749LDDruu2Vf7Z3u8Llb0R/X8ptfy8iIi0c1cLPzDQDcpKMTxALei4zsU6hn/dXYoepp++jLGpndv5XyA0QkrtcoW6edE1ZpY4Iz9yE38R5qcVbwenfrqy1cAw6/YSiMibIWzj7s4kO2keyRkhLMZ2LHebv0a5SjUJtAJ37q2I7rG1Wm1TALBuqwnhDACXx3XX5cY++kEgaNgl2UKFSczCsGecsCMHul7eKxEqD/RRY0lWe5MeAtJlMBzhB4Vc8BLmWnAqmk/cZN7t2wCizs73Nq+xMi69ePJLKCMLkrJ3GqHwS3dhUfMs6s=
9evS2eQf0dLc2jnvrHmKvCGMYcbuM2aFkJw13G5WUo9FcfmNoTHZah0VTGCWTQnKwn4B5I/i3ZS6Qh34bnhvRirpDYVJfD15dptxpz1UzOgjVL/NFFyFvEvFOZJ9brN+Ek1AN5AZyt5hmgaXBgQrhcR1B0LGXVIO0fW3kSSe7Vaf8qw+H4dIM6oIpVDZBvQ01P83YHqdCmRB780mXo/6ngOSOPizwwedI75jY3jvwzLTUyIPK836I0q0eCaCZ/sKyBLgBf1bnSetCJSyt+c0Uvfydk8//nu7fcZSg+O/U8kT+orxV2WMmIri0LAJDSn+ZDqG0EWiGuWVa+WvW8KzWQ==
KH9cjeadPPQ749LDDruu2Vf7Z3u8Llb0R/X8ptfy8iIi0c1cLPzDQDcpKMTxALei4zsU6hn/dXYoepp++jLGpndv5XyA0QkrtcoW6edE1ZpY4Iz9yE38R5qcVbwenfrqy1cAw6/YSiMibIWzj7s4kO2keyRkhLMZ2LHebv0a5SjUJtAJ37q2I7rG1Wm1TALBuqwnhDACXx3XX5cY++kEgaNgl2UKFSczCsGecsCMHul7eKxEqD/RRY0lWe5MeAtJlMBzhB4Vc8BLmWnAqmk/cZN7t2wCizs73Nq+xMi69ePJLKCMLkrJ3GqHwS3dhUfMs6s=
9evS2eQf0dLc2jnvrHmKvCGMYcbuM2aFkJw13G5WUo9FcfmNoTHZah0VTGCWTQnKwn4B5I/i3ZS6Qh34bnhvRirpDYVJfD15dptxpz1UzOgjVL/NFFyFvEvFOZJ9brN+Ek1AN5AZyt5hmgaXBgQrhcR1B0LGXVIO0fW3kSSe7Vaf8qw+H4dIM6oIpVDZBvQ01P83YHqdCmRB780mXo/6ngOSOPizwwedI75jY3jvwzLTUyIPK836I0q0eCaCZ/sKyBLgBf1bnSetCJSyt+c0Uvfydk8//nu7fcZSg+O/U8kT+orxV2WMmIri0LAJDSn+ZDqG0EWiGuWVa+WvW8KzWQ==
KH9cjeadPPQ749LDDruu2Vf7Z3u8Llb0R/X8ptfy8iIi0c1cLPzDQDcpKMTxALei4zsU6hn/dXYoepp++jLGpndv5XyA0QkrtcoW6edE1ZpY4Iz9yE38R5qcVbwenfrqy1cAw6/YSiMibIWzj7s4kO2keyRkhLMZ2LHebv0a5SjUJtAJ37q2I7rG1Wm1TALBuqwnhDACXx3XX5cY++kEgaNgl2UKFSczCsGecsCMHul7eKxEqD/RRY0lWe5MeAtJlMBzhB4Vc8BLmWnAqmk/cZN7t2wCizs73Nq+xMi69ePJLKCMLkrJ3GqHwS3dhUfMs6s=
9evS2eQf0dLc2jnvrHmKvCGMYcbuM2aFkJw13G5WUo9FcfmNoTHZah0VTGCWTQnKwn4B5I/i3ZS6Qh34bnhvRirpDYVJfD15dptxpz1UzOgjVL/NFFyFvEvFOZJ9brN+Ek1AN5AZyt5hmgaXBgQrhcR1B0LGXVIO0fW3kSSe7Vaf8qw+H4dIM6oIpVDZBvQ01P83YHqdCmRB780mXo/6ngOSOPizwwedI75jY3jvwzLTUyIPK836I0q0eCaCZ/sKyBLgBf1bnSetCJSyt+c0Uvfydk8//nu7fcZSg+O/U8kT+orxV2WMmIri0LAJDSn+ZDqG0EWiGuWVa+WvW8KzWQ==
KH9cjeadPPQ749LDDruu2Vf7Z3u8Llb0R/X8ptfy8iIi0c1cLPzDQDcpKMTxALei4zsU6hn/dXYoepp++jLGpndv5XyA0QkrtcoW6edE1ZpY4Iz9yE38R5qcVbwenfrqy1cAw6/YSiMibIWzj7s4kO2keyRkhLMZ2LHebv0a5SjUJtAJ37q2I7rG1Wm1TALBuqwnhDACXx3XX5cY++kEgaNgl2UKFSczCsGecsCMHul7eKxEqD/RRY0lWe5MeAtJlMBzhB4Vc8BLmWnAqmk/cZN7t2wCizs73Nq+xMi69ePJLKCMLkrJ3GqHwS3dhUfMs6s=
9evS2eQf0dLc2jnvrHmKvCGMYcbuM2aFkJw13G5WUo9FcfmNoTHZah0VTGCWTQnKwn4B5I/i3ZS6Qh34bnhvRirpDYVJfD15dptxpz1UzOgjVL/NFFyFvEvFOZJ9brN+Ek1AN5AZyt5hmgaXBgQrhcR1B0LGXVIO0fW3kSSe7Vaf8qw+H4dIM6oIpVDZBvQ01P83YHqdCmRB780mXo/6ngOSOPizwwedI75jY3jvwzLTUyIPK836I0q0eCaCZ/sKyBLgBf1bnSetCJSyt+c0Uvfydk8//nu7fcZSg+O/U8kT+orxV2WMmIri0LAJDSn+ZDqG0EWiGuWVa+WvW8KzWQ==
KH9cjeadPPQ749LDDruu2Vf7Z3u8Llb0R/X8ptfy8iIi0c1cLPzDQDcpKMTxALei4zsU6hn/dXYoepp++jLGpndv5XyA0QkrtcoW6edE1ZpY4Iz9yE38R5qcVbwenfrqy1cAw6/YSiMibIWzj7s4kO2keyRkhLMZ2LHebv0a5SjUJtAJ37q2I7rG1Wm1TALBuqwnhDACXx3XX5cY++kEgaNgl2UKFSczCsGecsCMHul7eKxEqD/RRY0lWe5MeAtJlMBzhB4Vc8BLmWnAqmk/cZN7t2wCizs73Nq+xMi69ePJLKCMLkrJ3GqHwS3dhUfMs6s=
KH9cjeadPPQ749LDDruu2Vf7Z3u8Llb0R/X8ptfy8iIi0c1cLPzDQDcpKMTxALei4zsU6hn/dXYoepp++jLGpndv5XyA0QkrtcoW6edE1ZpY4Iz9yE38R5qcVbwenfrqy1cAw6/YSiMibIWzj7s4kO2keyRkhLMZ2LHebv0a5SjUJtAJ37q2I7rG1Wm1TALBuqwnhDACXx3XX5cY++kEgaNgl2UKFSczCsGecsCMHul7eKxEqD/RRY0lWe5MeAtJlMBzhB4Vc8BLmWnAqmk/cZN7t2wCizs73Nq+xMi69ePJLKCMLkrJ3GqHwS3dhUfMs6s=
LZ3HzQ2OLxPHf9TRSg+zhBmnMnvzjb8TKyCi86NCF1DgjA6gqcBJo1t6OobpEEUu+9ybm2M6upzT9ShlhFS3DD/kO+s2vxlar2qT31NSemMmQVQJa7MO
5gPTP3v3fKxJ7n+401WsqpkOqKgQVugDXnQsfSpzpPS6QUqTP0fRL4KaWCzi9uYMYxQ4INQupdKWoeU9g53DovPjYt9LPXoz6oS4dmIX+5rooqDVnasdNw04VOJXlzTC10I2n18O+6vd9pLTA89TWTNKyiE3lQyIKtIQ4Ol/L25EisYAJVKa9TVbJf+7srPJ
/57o/TYDFSGXHIb9fjlUA4Kt/uqDGrS0CKrIJzwcA6rSr+Sw8g2aZ+f7sUsqNqi4WmpmiOuYqJRMUgV2fk1VafvBA2Y7LzKrEwGa18KoyGJaC/ue4K6w4YVXPRNlVGQ2r0t0hp8O5muHspvPdVpiR7tT0927xlqVr+msLMI+oLSRI++qjEaWdH1uehEdd1Xrg66zzQ==
9In2CuWHfDikCoxMqQwV+rSMkYeG+c9kb4jNmMSmhFQ91ipqqHiZt282pn4OEhE5HZZCHQfpGK65U4KrrIKApz/mbcnf588jBLTtIh2ohL/+8gOJ1/ow5RWsDZcXrjRFzYudNqe/CXuNC0cPY2zPibpZPx9qbUZ+8GCGpXs0NKiYMwnp7QlBovyUU0VUTCtoLlnrbCu1sUwahSc9EzevgLIH4xe8diaI+FatbQ8g+GCeBtHwCisZIe1p34Cz5w==
WNtOaH7fSK4e0kHhixXyYml/Zx2KICiCI3C4ypGX2UAeFCdMmPbMfQIZ5EyrDFu4ywbvRT1UT+Y7XcmooOE6iZDTkeWafuCp2FIYhNWMoZjKu9mu62waTx5FTFOZsAX9OkRRYdvKAN2LcyBTBwZkmbLz+tWjZo5FwLRT1BNUp6My/52Ss5p/B3dyHhtKUeiBr7PK
+bznaR8Q3RkHqG5fBIxugLaAyB0q3iZ7KZGDbANL8V3WzPat1Rk9bvZn8Ivp3OmuXBxkZBgNODrb+E4xROqmG5IFqxUBwY7wkMpmlCbyX24A1mBcFRy6q837Jx9jfC/5egmfr+qdJq6wUKa1eyQUmNjjaRltueHyPOSzVVRcS5huiUvcq8VRHNq1By0TJ4+wclcDZzzGhli4ps19DzAYEF5WcUCK23nxrVn/kLP3
mGYWphRaH/50h/NbKUTRRJ12ACxUhs8VL/bcqe/mk3GReMT0mJ3YipsobkFEGoZLUrXLhYFRLgDQmoakJsK/PkAmwMyVjNobDasH72MMDyk6uX8/ag2G3nCAxoV7FHRIGJPJie0pAUJ8NJMlVKxryK45K0wrVfHsmuXnHRMXb+Ayp6P3vFbm6Hj27Y0PQDjAHuaR0ApL2YFtiZ+gs8c=
EvcQBmvxLkFl9T9YzP2AyXPZcpzAEiW4nKX+4pNylHzY4ohv7PSjwkInZDhiZTqPN7PxA/reiNBKYmaA+/CIfJwaRT6upfUBa0mD7qtHkkPDSdqfEkDoCkoD+5bwxpAJVR99W7W8xF4/w/QOD2ZGg1f624elskIvq1vT1auuen1/oexkEtYA3AGrbyIcLjacrSY6Wc2fdYOTprPF
P3vIGYfJMcCGQ12VgmTzq1R9+q7JK7NgzVqOF+Q6ueYUV7yon6s/+ucrQ42ywdak6TDhnCXXKF9HZnESDWPNouTf+DmKNXWzEA==
is26s+Gw8Dek7gFGKEFgFpwFinpShUtEvq4hDSOE/4nRUkElUpK3nMVBh6C58gJnOILtBiBPQPjTQ6t6c0OPXc7Z4sQ9iL1sqX/cH3OOfSLRGxkCkEdEaUYdYbME
VhqJ6vkIIuoe496hRPUXwD5IcNBwqTPN5OoeUZXjZC4dlJoKUbQZK09VLHyijmBEMXPv+iy2VsQdPvrB/ccVmyN+sx0=
XvjRgwTWZMPsAs53BSOC4j1IcNBwqTPN5OoeUZXjZC4dlJoKUbQZK09VLHyijmBEMXPv+iy2VsQdPvrB/ccVmyN+sx0=
W/v0RYzdUOIJ4iHbxlNu7jxIcNBwqTPN5OoeUZXjZC4dlJoKUbQZK09VLHyijmBEMXPv+iy2VsQdPvrB/ccVmyN+sx0=
xfQMfS35rypHNVoDJcqhQg+rlwUpHpLz4SMHRZ1ACvqQpvwzi2OwKE53qelsUPnG2tw9ToGl+/fcOn6kSFo1gc/M4Oyuqom8aieBDV2lB2yzCw==
HRhEzvWOKFkDx4HaBUENlg+rlwQpHpLz4SMHRZ1ACvqQpvwzi2OwKE53qelsUPnG2tw9ToGl+/fcOn6kSFo1gc/M4Oyuqom8aieBDV2lB2yzCw==
gBS1jCvkg8UBPmpEIqTT7w+rlwMpHpLz4SMHRZ1ACvqQpvwzi2OwKE53qelsUPnG2tw9ToGl+/fcOn6kSFo1gc/M4Oyuqom8aieBDV2lB2yzCw==
y0STphxN1Bz4BTaXWeO/Rg+rlwIpHpLz4SMHRZ1ACvqQpvwzi2OwKE53qelsUPnG2tw9ToGl+/fcOn6kSFo1gc/M4Oyuqom8aieBDV2lB2yzCw==
DIZn+tCIQZxXlGOy79E+7vDL90xObdvMyClqzZLhnTypQJeuzN9WXkN2rtPOQD0f5bo9H2FlwMXstBNU01RnI3L/3RLzmr+Ht3JemwpRqAFvswo=
HFTn3sORagzKXIqYxXc+7PDL901ObdvMyClqzZLhnTypQJeuzN9WXkN2rtPOQD0f5bo9H2FlwMXstBNU01RnI3L/3RLzmr+Ht3JemwpRqAFvswo=
ulsaxk6ZGFGN5gUF2GS3E6m1li8AjLGgBgFRtfvfNa5uWHDAUJnzvQR6nsH1EyQePYSaGnGEWdsvxazsQv6gdBFj7+oMhpa0/a56UZ03VasDbrMN
5shlnRturrP8ExN9D0n81am1li4HjLGgBgFRtfvfNa5uWHDAUJnzvQR6nsH1EyQePYSaGnGEWdsvxazsQv6gdBFj7+oMhpa0/a56UZ03VasDbrMN
OsfV1no56B4j/HMLOeibgam1li0HjLGgBgFRtfvfNa5uWHDAUJnzvQR6nsH1EyQePYSaGnGEWdsvxazsQv6gdBFj7+oMhpa0/a56UZ03VasDbrMN
BFXol15Pg98VpQyO9fO5nKm1liwHjLGgBgFRtfvfNa5uWHDAUJnzvQR6nsH1EyQePYSaGnGEWdsvxazsQv6gdBFj7+oMhpa0/a56UZ03VasDbrMN
YTsTSBqcBI1moW5Lv+kdG6m1lisHjLGgBgFRtfvfNa5uWHDAUJnzvQR6nsH1EyQePYSaGnGEWdsvxazsQv6gdBFj7+oMhpa0/a56UZ03VasDbrMN
GgkwN8l0SAJ8ZLovwobesam1lioHjLGgBgFRtfvfNa5uWHDAUJnzvQR6nsH1EyQePYSaGnGEWdsvxazsQv6gdBFj7+oMhpa0/a56UZ03VasDbrMN
OrsLmh/1dNN5ON3SXsPDLam1likHjLGgBgFRtfvfNa5uWHDAUJnzvQR6nsH1EyQePYSaGnGEWdsvxazsQv6gdBFj7+oMhpa0/a56UZ03VasDbrMN
/cNR5DV9uM0M+FHn1mS3bam1ligHjLGgBgFRtfvfNa5uWHDAUJnzvQR6nsH1EyQePYSaGnGEWdsvxazsQv6gdBFj7+oMhpa0/a56UZ03VasDbrMN
USqgjzgpHPhSnn36MOYU86m1licHjLGgBgFRtfvfNa5uWHDAUJnzvQR6nsH1EyQePYSaGnGEWdsvxazsQv6gdBFj7+oMhpa0/a56UZ03VasDbrMN
aNr8amziTfgOclezJWVifam1liYHjLGgBgFRtfvfNa5uWHDAUJnzvQR6nsH1EyQePYSaGnGEWdsvxazsQv6gdBFj7+oMhpa0/a56UZ03VasDbrMN
flPN3Hc6AsoafdyzrIa30QVX7bNcOlHnnO1HplD6RO/7vwh0rusRdRzMQVpaQIXS8TlDazxmxng4ho3dD5DYMN52seCKO7kRLbk/cLMX
kp79liRCpe4E+cCYXHaTbyoFhbdm5hhiED4MWyvL4NAOT3mBjHjJ3trEDWZhzSvPnMIuDOgyxRlPVJAEDgJZxKof0eU9jTd0sxM=
79Rw1EV4cLZyG6TQj+xpVVa9z6n+5p51uoP0vNhVKDL7sP7JxJIW07INu81BmR548IKWrCbKryZgXvAEVcSqo+0zl2fjhJ+xWgGP9ypFtiZQmNaNexxkUDhr+cGt4fH6HKwDrdQk+1BOgVsE653BlLr99xUTH3/4Et+TP3wellCYbn0Fj8ioWH5eYRhKA+l5TZGPqLPP
Oq2vF0C6CRzpIHmJFz41uq/2H6HQsuX7j2mEguCOqEsEyNOWmuskfCq56jtPHxHnUqI4RNLu5gRzbBgIJPblmsYZBdUzBUMqYxvCdztluvs6vNgeUg/7kvjagP1tc11/XYC0CucPtEpHupY3L1Y7Yw3O8rsz11NRIzLqCcdNTMB6avAIWeev5tRyZqhVClo95WNFl4uqs8E=
DQjjhMWhEAtCA1lCmX1xaQ3sZUOcoDBzb3h6A/EOylIbMOB6aTdxMJaUr/zwlnSN2lmcHHPsc6jDBudVFTQXNsOdkdgYAdI5GFMZFTLemBkAkiDUjaxJiMK70b4DTEIfJoWU4+EQrQ2yxNnRMyq4rdOz2INfZkyJuvPyxYuGVhW49IskqzTPE7p/FeIbOoe3LzImy5JxgJGns8I=
wUC8AqhrZG5fZZfD72Y7Ejx8faUxSShYKAv9CiBmCSDyjlNfaxR0tM3YKn5O+YiJTigJpKlsgUalkc98bYIRTcOsoukInXrz+7GotiLtkgKyYHck0wxAO1M6mcS4q7QVBhdbeDepUGS7denCAtmBYwo3JS6WTfizsAFRziwhaiTZUJHcFTfYX/fGAVK9Qz0iNP9oeZqVpbPA
RYNbJ2ZCimPdAr4F7cBwan0pOx2/MjCr6gkJ2W9eGtDOOpOr0NiM2Aoi0PCJzy++5PqGkMViGqUVq+Xv2wKzGQ==
J3yoLsUNkVncFOiaWJjQcGsWx7IXWwJ7z4XtWadIz262IBCa0s1ZBQeqmlxWniMXGIxstPImwOyh+29yvB72bE32ugmt7zWzM3azFQ==
jrz0WD8LlXRevDYLKNtLGa+M4hj8kiQopo2VHmMCdY27smUqNhZ4k2iPSBfjbO0tlbveFBA9FgXbumsYS5+MkgX0S6RrNI+T+n9VYls6xzdvMmZLUnFAEWezAg==
+3NdCxAakteuV3R/Z9HIV1Jx9r6GWrpp0FfJROc5t+scQLq1nKEJ+rk8QZemxsek6TDhnCXXKF9HZnESDWPNouTf+DmKNXWzEA==
yE139szW1HJ4mBtVHvS7dXce2/sITBN6gJK/D+lGwGa3LFOR0s1ZBQeqmlxWniMXGIxstPImwOyh+29yvB72bE32ugmt7zWzM3azFQ==
3VnxpwwaONi5c1cyqiUB3WMZzPtZABVqm5XwXu1GwGa3LFOR0s1ZBQeqmlxWniMXGIxstPImwOyh+29yvB72bE32ugmt7zWzM3azFQ==
J3yoLsUNkVncFOiaWJjQcGsWx7IXWwJ7z4XtWadIz262IBCa0s1ZBQeqmlxWniMXGIxstPImwOyh+29yvB72bE32ugmt7zWzM3azFQ==
jrz0WD8LlXRevDYLKNtLGa+M4hj8kiQopo2VHmMCdY27smUqNhZ4k2iPSBfjbO0tlbveFBA9FgXbumsYS5+MkgX0S6RrNI+T+n9VYls6xzdvMmZLUnFAEWezAg==
+3NdCxAakteuV3R/Z9HIV1Jx9r6GWrpp0FfJROc5t+scQLq1nKEJ+rk8QZemxsek6TDhnCXXKF9HZnESDWPNouTf+DmKNXWzEA==
nKG8lSLLYj2UHxGyLv329a+M4xj8kiQopo2VHmMCdY27smUqNhZ4k2iPSBfjbO0tlbveFBA9FgXbumsYS5+MkgX0S6RrNI+T+n9VYls6xzdvMmZLUnFAEWezAg==
+3NdCxAakteuV3R/Z9HIV1Jx9r6GWrpp0FfJROc5t+scQLq1nKEJ+rk8QZemxsek6TDhnCXXKF9HZnESDWPNouTf+DmKNXWzEA==
s991vSr65EOLA7EA5kmVAoj+chU/n4y+DlEVwqv2eC62z0ZvZgvtVOMxm8vwCH4F+FmVeiVEpSfiDquExTjljAEPVJ/7PpWCieuhQkiXPEmuDWmzDA==
+3NdCxAakteuV3R/Z9HIV1Jx9r6GWrpp0FfJROc5t+scQLq1nKEJ+rk8QZemxsek6TDhnCXXKF9HZnESDWPNouTf+DmKNXWzEA==
daci7h/gg8jM4jNZzuekL6+M5hj8kiQopo2VHmMCdY27smUqNhZ4k2iPSBfjbO0tlbveFBA9FgXbumsYS5+MkgX0S6RrNI+T+n9VYls6xzdvMmZLUnFAEWezAg==
+3NdCxAakteuV3R/Z9HIV1Jx9r6GWrpp0FfJROc5t+scQLq1nKEJ+rk8QZemxsek6TDhnCXXKF9HZnESDWPNouTf+DmKNXWzEA==
8XTBOmmhgSpDQsTYzQlIp4j+cxU/n4y+DlEVwqv2eC62z0ZvZgvtVOMxm8vwCH4F+FmVeiVEpSfiDquExTjljAEPVJ/7PpWCieuhQkiXPEmuDWmzDA==
+3NdCxAakteuV3R/Z9HIV1Jx9r6GWrpp0FfJROc5t+scQLq1nKEJ+rk8QZemxsek6TDhnCXXKF9HZnESDWPNouTf+DmKNXWzEA==
nKG8lSLLYj2UHxGyLv329a+M4xj8kiQopo2VHmMCdY27smUqNhZ4k2iPSBfjbO0tlbveFBA9FgXbumsYS5+MkgX0S6RrNI+T+n9VYls6xzdvMmZLUnFAEWezAg==
+3NdCxAakteuV3R/Z9HIV1Jx9r6GWrpp0FfJROc5t+scQLq1nKEJ+rk8QZemxsek6TDhnCXXKF9HZnESDWPNouTf+DmKNXWzEA==
daci7h/gg8jM4jNZzuekL6+M5hj8kiQopo2VHmMCdY27smUqNhZ4k2iPSBfjbO0tlbveFBA9FgXbumsYS5+MkgX0S6RrNI+T+n9VYls6xzdvMmZLUnFAEWezAg==
+3NdCxAakteuV3R/Z9HIV1Jx9r6GWrpp0FfJROc5t+scQLq1nKEJ+rk8QZemxsek6TDhnCXXKF9HZnESDWPNouTf+DmKNXWzEA==
jrz0WD8LlXRevDYLKNtLGa+M4hj8kiQopo2VHmMCdY27smUqNhZ4k2iPSBfjbO0tlbveFBA9FgXbumsYS5+MkgX0S6RrNI+T+n9VYls6xzdvMmZLUnFAEWezAg==
+3NdCxAakteuV3R/Z9HIV1Jx9r6GWrpp0FfJROc5t+scQLq1nKEJ+rk8QZemxsek6TDhnCXXKF9HZnESDWPNouTf+DmKNXWzEA==
jrz0WD8LlXRevDYLKNtLGa+M4hj8kiQopo2VHmMCdY27smUqNhZ4k2iPSBfjbO0tlbveFBA9FgXbumsYS5+MkgX0S6RrNI+T+n9VYls6xzdvMmZLUnFAEWezAg==
+3NdCxAakteuV3R/Z9HIV1Jx9r6GWrpp0FfJROc5t+scQLq1nKEJ+rk8QZemxsek6TDhnCXXKF9HZnESDWPNouTf+DmKNXWzEA==
nKG8lSLLYj2UHxGyLv329a+M4xj8kiQopo2VHmMCdY27smUqNhZ4k2iPSBfjbO0tlbveFBA9FgXbumsYS5+MkgX0S6RrNI+T+n9VYls6xzdvMmZLUnFAEWezAg==
+3NdCxAakteuV3R/Z9HIV1Jx9r6GWrpp0FfJROc5t+scQLq1nKEJ+rk8QZemxsek6TDhnCXXKF9HZnESDWPNouTf+DmKNXWzEA==
nKG8lSLLYj2UHxGyLv329a+M4xj8kiQopo2VHmMCdY27smUqNhZ4k2iPSBfjbO0tlbveFBA9FgXbumsYS5+MkgX0S6RrNI+T+n9VYls6xzdvMmZLUnFAEWezAg==
+3NdCxAakteuV3R/Z9HIV1Jx9r6GWrpp0FfJROc5t+scQLq1nKEJ+rk8QZemxsek6TDhnCXXKF9HZnESDWPNouTf+DmKNXWzEA==
nKG8lSLLYj2UHxGyLv329a+M4xj8kiQopo2VHmMCdY27smUqNhZ4k2iPSBfjbO0tlbveFBA9FgXbumsYS5+MkgX0S6RrNI+T+n9VYls6xzdvMmZLUnFAEWezAg==
+3NdCxAakteuV3R/Z9HIV1Jx9r6GWrpp0FfJROc5t+scQLq1nKEJ+rk8QZemxsek6TDhnCXXKF9HZnESDWPNouTf+DmKNXWzEA==
nKG8lSLLYj2UHxGyLv329a+M4xj8kiQopo2VHmMCdY27smUqNhZ4k2iPSBfjbO0tlbveFBA9FgXbumsYS5+MkgX0S6RrNI+T+n9VYls6xzdvMmZLUnFAEWezAg==
+3NdCxAakteuV3R/Z9HIV1Jx9r6GWrpp0FfJROc5t+scQLq1nKEJ+rk8QZemxsek6TDhnCXXKF9HZnESDWPNouTf+DmKNXWzEA==
nKG8lSLLYj2UHxGyLv329a+M4xj8kiQopo2VHmMCdY27smUqNhZ4k2iPSBfjbO0tlbveFBA9FgXbumsYS5+MkgX0S6RrNI+T+n9VYls6xzdvMmZLUnFAEWezAg==
+3NdCxAakteuV3R/Z9HIV1Jx9r6GWrpp0FfJROc5t+scQLq1nKEJ+rk8QZemxsek6TDhnCXXKF9HZnESDWPNouTf+DmKNXWzEA==
nKG8lSLLYj2UHxGyLv329a+M4xj8kiQopo2VHmMCdY27smUqNhZ4k2iPSBfjbO0tlbveFBA9FgXbumsYS5+MkgX0S6RrNI+T+n9VYls6xzdvMmZLUnFAEWezAg==
+3NdCxAakteuV3R/Z9HIV1Jx9r6GWrpp0FfJROc5t+scQLq1nKEJ+rk8QZemxsek6TDhnCXXKF9HZnESDWPNouTf+DmKNXWzEA==
nKG8lSLLYj2UHxGyLv329a+M4xj8kiQopo2VHmMCdY27smUqNhZ4k2iPSBfjbO0tlbveFBA9FgXbumsYS5+MkgX0S6RrNI+T+n9VYls6xzdvMmZLUnFAEWezAg==
+3NdCxAakteuV3R/Z9HIV1Jx9r6GWrpp0FfJROc5t+scQLq1nKEJ+rk8QZemxsek6TDhnCXXKF9HZnESDWPNouTf+DmKNXWzEA==
yE139szW1HJ4mBtVHvS7dXce2/sITBN6gJK/D+lGwGa3LFOR0s1ZBQeqmlxWniMXGIxstPImwOyh+29yvB72bE32ugmt7zWzM3azFQ==
3VnxpwwaONi5c1cyqiUB3WMZzPtZABVqm5XwXu1GwGa3LFOR0s1ZBQeqmlxWniMXGIxstPImwOyh+29yvB72bE32ugmt7zWzM3azFQ==
J3yoLsUNkVncFOiaWJjQcGsWx7IXWwJ7z4XtWadIz262IBCa0s1ZBQeqmlxWniMXGIxstPImwOyh+29yvB72bE32ugmt7zWzM3azFQ==
yE139szW1HJ4mBtVHvS7dXce2/sITBN6gJK/D+lGwGa3LFOR0s1ZBQeqmlxWniMXGIxstPImwOyh+29yvB72bE32ugmt7zWzM3azFQ==
3VnxpwwaONi5c1cyqiUB3WMZzPtZABVqm5XwXu1GwGa3LFOR0s1ZBQeqmlxWniMXGIxstPImwOyh+29yvB72bE32ugmt7zWzM3azFQ==
J3yoLsUNkVncFOiaWJjQcGsWx7IXWwJ7z4XtWadIz262IBCa0s1ZBQeqmlxWniMXGIxstPImwOyh+29yvB72bE32ugmt7zWzM3azFQ==
jrz0WD8LlXRevDYLKNtLGa+M4hj8kiQopo2VHmMCdY27smUqNhZ4k2iPSBfjbO0tlbveFBA9FgXbumsYS5+MkgX0S6RrNI+T+n9VYls6xzdvMmZLUnFAEWezAg==
+3NdCxAakteuV3R/Z9HIV1Jx9r6GWrpp0FfJROc5t+scQLq1nKEJ+rk8QZemxsek6TDhnCXXKF9HZnESDWPNouTf+DmKNXWzEA==
daci7h/gg8jM4jNZzuekL6+M5hj8kiQopo2VHmMCdY27smUqNhZ4k2iPSBfjbO0tlbveFBA9FgXbumsYS5+MkgX0S6RrNI+T+n9VYls6xzdvMmZLUnFAEWezAg==
+3NdCxAakteuV3R/Z9HIV1Jx9r6GWrpp0FfJROc5t+scQLq1nKEJ+rk8QZemxsek6TDhnCXXKF9HZnESDWPNouTf+DmKNXWzEA==
nKG8lSLLYj2UHxGyLv329a+M4xj8kiQopo2VHmMCdY27smUqNhZ4k2iPSBfjbO0tlbveFBA9FgXbumsYS5+MkgX0S6RrNI+T+n9VYls6xzdvMmZLUnFAEWezAg==
+3NdCxAakteuV3R/Z9HIV1Jx9r6GWrpp0FfJROc5t+scQLq1nKEJ+rk8QZemxsek6TDhnCXXKF9HZnESDWPNouTf+DmKNXWzEA==
jrz0WD8LlXRevDYLKNtLGa+M4hj8kiQopo2VHmMCdY27smUqNhZ4k2iPSBfjbO0tlbveFBA9FgXbumsYS5+MkgX0S6RrNI+T+n9VYls6xzdvMmZLUnFAEWezAg==
+3NdCxAakteuV3R/Z9HIV1Jx9r6GWrpp0FfJROc5t+scQLq1nKEJ+rk8QZemxsek6TDhnCXXKF9HZnESDWPNouTf+DmKNXWzEA==
nKG8lSLLYj2UHxGyLv329a+M4xj8kiQopo2VHmMCdY27smUqNhZ4k2iPSBfjbO0tlbveFBA9FgXbumsYS5+MkgX0S6RrNI+T+n9VYls6xzdvMmZLUnFAEWezAg==
+3NdCxAakteuV3R/Z9HIV1Jx9r6GWrpp0FfJROc5t+scQLq1nKEJ+rk8QZemxsek6TDhnCXXKF9HZnESDWPNouTf+DmKNXWzEA==
8XTBOmmhgSpDQsTYzQlIp4j+cxU/n4y+DlEVwqv2eC62z0ZvZgvtVOMxm8vwCH4F+FmVeiVEpSfiDquExTjljAEPVJ/7PpWCieuhQkiXPEmuDWmzDA==
+3NdCxAakteuV3R/Z9HIV1Jx9r6GWrpp0FfJROc5t+scQLq1nKEJ+rk8QZemxsek6TDhnCXXKF9HZnESDWPNouTf+DmKNXWzEA==
daci7h/gg8jM4jNZzuekL6+M5hj8kiQopo2VHmMCdY27smUqNhZ4k2iPSBfjbO0tlbveFBA9FgXbumsYS5+MkgX0S6RrNI+T+n9VYls6xzdvMmZLUnFAEWezAg==
RYNbJ2ZCimPdAr4F7cBwan0pOx2/MjCr6gkJ2W9eGtDOOpOr0NiM2Aoi0PCJzy++5PqGkMViGqUVq+Xv2wKzGQ==
J3yoLsUNkVncFOiaWJjQcGsWx7IXWwJ7z4XtWadIz262IBCa0s1ZBQeqmlxWniMXGIxstPImwOyh+29yvB72bE32ugmt7zWzM3azFQ==
nKG8lSLLYj2UHxGyLv329a+M4xj8kiQopo2VHmMCdY27smUqNhZ4k2iPSBfjbO0tlbveFBA9FgXbumsYS5+MkgX0S6RrNI+T+n9VYls6xzdvMmZLUnFAEWezAg==
+3NdCxAakteuV3R/Z9HIV1Jx9r6GWrpp0FfJROc5t+scQLq1nKEJ+rk8QZemxsek6TDhnCXXKF9HZnESDWPNouTf+DmKNXWzEA==
jrz0WD8LlXRevDYLKNtLGa+M4hj8kiQopo2VHmMCdY27smUqNhZ4k2iPSBfjbO0tlbveFBA9FgXbumsYS5+MkgX0S6RrNI+T+n9VYls6xzdvMmZLUnFAEWezAg==
TajIZ1ubeRkvdJKfKMSDbFLG4MBbJiHUgnJZ44QNORkVEnDK38jzLUq5yYmPLhrA7grTe7AoDEiqkhCgab8vrsTKxkClkpo1tRslvztyswk=
+3NdCxAakteuV3R/Z9HIV1Jx9r6GWrpp0FfJROc5t+scQLq1nKEJ+rk8QZemxsek6TDhnCXXKF9HZnESDWPNouTf+DmKNXWzEA==
nKG8lSLLYj2UHxGyLv329a+M4xj8kiQopo2VHmMCdY27smUqNhZ4k2iPSBfjbO0tlbveFBA9FgXbumsYS5+MkgX0S6RrNI+T+n9VYls6xzdvMmZLUnFAEWezAg==
TajIZ1ubeRkvdJKfKMSDbFLG4MBbJiHUgnJZ44QNORkVEnDK38jzLUq5yYmPLhrA7grTe7AoDEiqkhCgab8vrsTKxkClkpo1tRslvztyswk=
+3NdCxAakteuV3R/Z9HIV1Jx9r6GWrpp0FfJROc5t+scQLq1nKEJ+rk8QZemxsek6TDhnCXXKF9HZnESDWPNouTf+DmKNXWzEA==
daci7h/gg8jM4jNZzuekL6+M5hj8kiQopo2VHmMCdY27smUqNhZ4k2iPSBfjbO0tlbveFBA9FgXbumsYS5+MkgX0S6RrNI+T+n9VYls6xzdvMmZLUnFAEWezAg==
+3NdCxAakteuV3R/Z9HIV1Jx9r6GWrpp0FfJROc5t+scQLq1nKEJ+rk8QZemxsek6TDhnCXXKF9HZnESDWPNouTf+DmKNXWzEA==
RN83+KJJGYDnlE4x3zEJIq+M5Bj8kiQopo2VHmMCdY27smUqNhZ4k2iPSBfjbO0tlbveFBA9FgXbumsYS5+MkgX0S6RrNI+T+n9VYls6xzdvMmZLUnFAEWezAg==
TajIZ1ubeRkvdJKfKMSDbFLG4MBbJiHUgnJZ44QNORkVEnDK38jzLUq5yYmPLhrA7grTe7AoDEiqkhCgab8vrsTKxkClkpo1tRslvztyswk=
RYNbJ2ZCimPdAr4F7cBwan0pOx2/MjCr6gkJ2W9eGtDOOpOr0NiM2Aoi0PCJzy++5PqGkMViGqUVq+Xv2wKzGQ==
J3yoLsUNkVncFOiaWJjQcGsWx7IXWwJ7z4XtWadIz262IBCa0s1ZBQeqmlxWniMXGIxstPImwOyh+29yvB72bE32ugmt7zWzM3azFQ==
jrz0WD8LlXRevDYLKNtLGa+M4hj8kiQopo2VHmMCdY27smUqNhZ4k2iPSBfjbO0tlbveFBA9FgXbumsYS5+MkgX0S6RrNI+T+n9VYls6xzdvMmZLUnFAEWezAg==
TajIZ1ubeRkvdJKfKMSDbFLG4MBbJiHUgnJZ44QNORkVEnDK38jzLUq5yYmPLhrA7grTe7AoDEiqkhCgab8vrsTKxkClkpo1tRslvztyswk=
+3NdCxAakteuV3R/Z9HIV1Jx9r6GWrpp0FfJROc5t+scQLq1nKEJ+rk8QZemxsek6TDhnCXXKF9HZnESDWPNouTf+DmKNXWzEA==
nKG8lSLLYj2UHxGyLv329a+M4xj8kiQopo2VHmMCdY27smUqNhZ4k2iPSBfjbO0tlbveFBA9FgXbumsYS5+MkgX0S6RrNI+T+n9VYls6xzdvMmZLUnFAEWezAg==
TajIZ1ubeRkvdJKfKMSDbFLG4MBbJiHUgnJZ44QNORkVEnDK38jzLUq5yYmPLhrA7grTe7AoDEiqkhCgab8vrsTKxkClkpo1tRslvztyswk=
+3NdCxAakteuV3R/Z9HIV1Jx9r6GWrpp0FfJROc5t+scQLq1nKEJ+rk8QZemxsek6TDhnCXXKF9HZnESDWPNouTf+DmKNXWzEA==
99/rK1LHrZZ2oBuh0LvIZa+M4Bj8kiQopo2VHmMCdY27smUqNhZ4k2iPSBfjbO0tlbveFBA9FgXbumsYS5+MkgX0S6RrNI+T+n9VYls6xzdvMmZLUnFAEWezAg==
TajIZ1ubeRkvdJKfKMSDbFLG4MBbJiHUgnJZ44QNORkVEnDK38jzLUq5yYmPLhrA7grTe7AoDEiqkhCgab8vrsTKxkClkpo1tRslvztyswk=
fldk1/jnds2CICDJwkWHhVqx+kifPJNZyHKlMnTwpCs591BZNwyE/dZyuDP8LnagWH4dVY8YSEg+LgEoyvPJyQ2BL3izHw==
qx9r6HuofDldmMJ3JtdAIVqx+kifPJNZyHanPHTwpCs591BZNwyE/dZyuDP8LnagWH4dVY8YSEg+LgEoyvPJyQ2BL3izHw==
XM852vZqyZLa1HufTnS+SBkJ5piuzERDmrpzRSIsLk+vM9crT0REFE1Z2aiPl2V88NzqVHp3YdqrKZ9LGJFumpq7hrJtWWq1i7cQal6T3V1+7mQhZLLEzJG8RYDGu9W2D1xeB8Kl8NsdIOFFdgSdmf/aBNV3U3wbw/bAAT5zdk0HFsqNHJQv3BdEg9t+P1Eq1wr7j8sSQtOOYYyZo7PG
CVgO2NRnapq/Ba44uggdTZdW/wLJQ/Agt/t9Y47JX////zl11i4dZHk0Y7RjFLdDgv/tMqNazycH8s772hGYIX+zGg==
Ld9wbULzfFO5hSg+GTVzLByryLPl6Zl2+Z6xq/kcKT/9uv7JxJIW07INu81BmR548IKWrCbKryZgXvAEVcSqo+0zl2fjhJ+xWgGP9ypFtiZQmNaNexxkUDhr+cGt4fH6HKwDrdQk+1BOgVsE653BlLr99xUTH3/4Et+TP3wellCYbn0Fj8ioWH5eYRhKA+l5TZGPqLPP
1/XxRI+Y1aVaM/8VFuIlzDT2+FW7pmre2fVRTaACL1wk9Ctky7Qv0xp/daI7uqf3TzKGC7Lx4NEHs2I=
BLa5RZBeO9r7gdMEulWwM4YgOMJxdxrhIlhu8h+NTGC6inBoGUevRpQS5kiVqlqdJYPF98sKs2E=
FDnBHqRscXOLEYLvQrkX1n0pOx2/MjCr6gkJ2W9eGtDOOpOr0NiM2Aoi0PCJwCq+7fuGkMViGqUVq+Xv2wKzGQ==
3oh7Vv6P+A+KtyqgcyayG2sWx7IXWwJ7z4XtWadIz262IBCa0s1ZBQeqmlxWniMXGIxstPImwOyh9GpytR/2bE32ugmt7zWzM3azFQ==
iLen6v4Y5c0SQlpWIBrntXce2/sITBN6gJK/D+lGwGa3LFOR0s1ZBQeqmlxWniMXGIxstPImwOyh9GpytR/2bE32ugmt7zWzM3azFQ==
uYQK4GnRu4cyLeQpmO+FAGMZzPtZABVqm5XwXu1GwGa3LFOR0s1ZBQeqmlxWniMXGIxstPImwOyh9WpytR/2bE32ugmt7zWzM3azFQ==
A88mgVp2TjHfFPp9PZJdxWsWx7IXWwJ7z4XtWadIz262IBCa0s1ZBQeqmlxWniMXGIxstPImwOyh9WpytR/2bE32ugmt7zWzM3azFQ==
7TuWkOyOas7ik/lWHQifhnce2/sITBN6gJK/D+lGwGa3LFOR0s1ZBQeqmlxWniMXGIxstPImwOyh/GlytR/2bE32ugmt7zWzM3azFQ==
I+496MbaeMP7J2uHscEiAWMZzPtZABVqm5XwXu1GwGa3LFOR0s1ZBQeqmlxWniMXGIxstPImwOyh/WlytR/2bE32ugmt7zWzM3azFQ==
dHNcTTWs3OvtBDBJKfaRm2sWx7IXWwJ7z4XtWadIz262IBCa0s1ZBQeqmlxWniMXGIxstPImwOyh/WlytR/2bE32ugmt7zWzM3azFQ==
XznmDbKfTfK4TVF9GRo4S6+M4hj8kiQopo2VHmMCdY27smUqNhZ4k2iPSBfjbO0tlbveFBA9FgXbumsYS5+MkgX0S6RrNI+T/HlVa1o6xzdvMmZLUnFAEWezAg==
tSZwzgTQgyYoJVNi9mGUaFJx9r6GWrpp0FfJROc5t+scQLq1nKEJ+rk8QZemxsek6TDhnCXXLVlHb3ASDWPNouTf+DmKNXWzEA==
SCNiCI3f9YGD2vn4fqAAUK+M4hj8kiQopo2VHmMCdY27smUqNhZ4k2iPSBfjbO0tlbveFBA9FgXbumsYS5+MkgX0S6RrNI+T/HhVa1o6xzdvMmZLUnFAEWezAg==
tDJI44ikQtipQP4fnsINjNJmFysAiC/JPiMmFu2/E3rLuli2xgpFDwCQ6IyUw0FhfSwGE+YRqAsZw0G8+Gij/gMnLmcRGwPI2rraBPs5bL6c4m6saJKF+080WaWOopnkqv8Rhb1td1SzMw==
hu4IdbeP0TgCqgzdGBm+k+D6o9DLwajWS2uexYqMlRGHiFssJDxO9MGNgBZkdgxNNfPN2pq5jo8M6fllLeZAhndMU3GSrdmlR4qafBY+o3dYbGzUMsZATGHVb1J1v3aMjZa66e2PtRNzVrM1
3NX3focwxnbNJLDzFfOlnOD6o9DLwajWS2uexYqMlRGHiFssJDxO9MGNgBZkdgxNNfPN2pq5jo8M6fllLeZAhndMU3GSrdmlR4qafBY+o3dYbGzUMsZATGHablJ1v3aMjZa66e2PtRNzVrM1
tJAbHrvKAODdBrOqOy4IElJx9r6GWrpp0FfJROc5t+scQLq1nKEJ+rk8QZemxsek6TDhnCXXJ15Hb3ASDWPNouTf+DmKNXWzEA==
4bb9QNBHySBxVtmjw3ENgq+M4xj8kiQopo2VHmMCdY27smUqNhZ4k2iPSBfjbO0tlbveFBA9FgXbumsYS5+MkgX0S6RrNI+T9X5Va1o6xzdvMmZLUnFAEWezAg==
wIl8r6MLBBKv4xVqwmO6jlJx9r6GWrpp0FfJROc5t+scQLq1nKEJ+rk8QZemxsek6TDhnCXXJl5Hb3ASDWPNouTf+DmKNXWzEA==
Rz/NO1CNA2Pws4nxF5BPYq+M4hj8kiQopo2VHmMCdY27smUqNhZ4k2iPSBfjbO0tlbveFBA9FgXbumsYS5+MkgX0S6RrNI+T9H5Va1o6xzdvMmZLUnFAEWezAg==
JC5pIzD65iOcgYHGGujTLhs214V2NQrYWhL+qZSflfRLYVOLuPgWJeApjXo9tL0HCn5jRI3oTSz5n+4bg6Ys4mG76YIApxQptj1xsxQ=
/V9a3+Pgzf8JCidaZaWxB1LG4MBbJiHUgnJZ44QNORkVEnDK38jzLUq5yYmPLhrA7grTe7AoDEiqkhCgabArrszLxkClkpo1tRslvztyswk=
n4f/ir78WQ0WiNq/oo4E5F1Lv1t3GXiE12fglnl86fc8knse616wgtZ+TQsAlOD4hPephV1Ibic25WBPWYeJSCjcy5qjw8bTgW+LTFo+UnBrjYRaPIYGGLhmTb8KcJBRXpbxgIob+bGtGX9Qszc=
T0gBx5HQkBBFR0Y6UWGvLl1Lv1t3GXiE12fglnl86fc2mXse616wgtZ+TQsAlOD4hPephV1Ibic25WBPWYeJSCjcy5qjw8bTgW+LTFo+UnBrjYRaPIYGGLhmTbMKcJBRXpbxgIob+bGtGX9Qszc=
3oDW9p1pWzcouOQpR9i/0lJx9r6GWrpp0FfJROc5t+scQLq1nKEJ+rk8QZemxsek6TDhnCXXKFlHbnASDWPNouTf+DmKNXWzEA==
1azGFel5OorH+OEqCmTNa6+M4xj8kiQopo2VHmMCdY27smUqNhZ4k2iPSBfjbO0tlbveFBA9FgXbumsYS5+MkgX0S6RrNI+T+nlValo6xzdvMmZLUnFAEWezAg==
Df8Uu/ta3PUF0V/4SVcAnhs214V2NQrYWhL+qZSflfRLYVOLuPgWJeApjXo9tL0HCn5jRI3oTSz5n+MZg6Ys4mG76YIApxQptj1xsxQ=
Id4KBvUukHpinO/YhWFYg1LG4MBbJiHUgnJZ44QNORkVEnDK38jzLUq5yYmPLhrA7grTe7AoDEiqkhCgabEprszLxkClkpo1tRslvztyswk=
mgZJxdsRKEsA8hOnebFKj+dNndRyES0YmDU7Mi9YONNJNlej5W5HEjEPSkBXJjXIsPO8hYOgckK6Up6ptN81dOshc4uYuPalgGltel10XYdqvkNErSjtrFlfzx9jZkxigfuJguDntKkWfVGzNA==
mIc4fRm0ugVq9c66gwvMpOdNndRyES0YmDU7Mi9YONNJNlej5W5HEjEPSkBXJjXIsPO8hYOgckK6Up6ptN81dOshc4uYuPalgGltel10XYdqvkNErSjtrFlfzR9jZkxigfuJguDntKkWfVGzNA==
TuujIFUBx8usd4djTZ1CZRs214V2NQrYWhL+qZSflfRLYVOLuPgWJeApjXo9tL0HCn5jRI3oTSz5n+Mfg6Ys4mG76YIApxQptj1xsxQ=
q6I4NVtk4ojYz9+9JKq2e1LG4MBbJiHUgnJZ44QNORkVEnDK38jzLUq5yYmPLhrA7grTe7AoDEiqkhCgabEvrszLxkClkpo1tRslvztyswk=
BjzQ5Ie0BN9cSrAP7pp2QFJx9r6GWrpp0FfJROc5t+scQLq1nKEJ+rk8QZemxsek6TDhnCXXL15HbnASDWPNouTf+DmKNXWzEA==
mr52+wHdzaMfNBS9uXupE6+M4Bj8kiQopo2VHmMCdY27smUqNhZ4k2iPSBfjbO0tlbveFBA9FgXbumsYS5+MkgX0S6RrNI+T/X5Valo6xzdvMmZLUnFAEWezAg==
kQ8lcGgf/wroPBvvSqt5OuD6o9DLwajWS2uexYqMlRGHiFssJDxO9MGNgBZkdgxNNfPN2pq5jo8M6fllLeZAhndMU3GSrdmlR4qafBY+o3dYbGzUMsZATGHablJ0v3aMjZa66e2PtRNzVrM1
07Qrh82x/1E5/sOs5BEWXuD6o9DLwajWS2uexYqMlRGHiFssJDxO9MGNgBZkdgxNNfPN2pq5jo8M6fllLeZAhndMU3GSrdmlR4qafBY+o3dYbGzUMsZATGHbblJ0v3aMjZa66e2PtRNzVrM1
rws1L0lq6lqjx66icPKBwlJx9r6GWrpp0FfJROc5t+scQLq1nKEJ+rk8QZemxsek6TDhnCXXL1pHbXASDWPNouTf+DmKNXWzEA==
AAralNth21zo4qTgCtoPOK+M4xj8kiQopo2VHmMCdY27smUqNhZ4k2iPSBfjbO0tlbveFBA9FgXbumsYS5+MkgX0S6RrNI+T/XpVaVo6xzdvMmZLUnFAEWezAg==
rws1L0lq6lqjx66icPKBwlJx9r6GWrpp0FfJROc5t+scQLq1nKEJ+rk8QZemxsek6TDhnCXXL1pHbXASDWPNouTf+DmKNXWzEA==
PfS+FkVz3xRHw8Mt+U7OnK+M4hj8kiQopo2VHmMCdY27smUqNhZ4k2iPSBfjbO0tlbveFBA9FgXbumsYS5+MkgX0S6RrNI+T/XpVaVo6xzdvMmZLUnFAEWezAg==
XlTZAzmdQm6d2buHwceFTFJx9r6GWrpp0FfJROc5t+scQLq1nKEJ+rk8QZemxsek6TDhnCXXK1pHbXASDWPNouTf+DmKNXWzEA==
cHAr736A05XsMkXK3ziCo6+M4xj8kiQopo2VHmMCdY27smUqNhZ4k2iPSBfjbO0tlbveFBA9FgXbumsYS5+MkgX0S6RrNI+T+XpVaVo6xzdvMmZLUnFAEWezAg==
XlTZAzmdQm6d2buHwceFTFJx9r6GWrpp0FfJROc5t+scQLq1nKEJ+rk8QZemxsek6TDhnCXXK1pHbXASDWPNouTf+DmKNXWzEA==
8/CpcOB1yhlJWXeFsml/N6+M4Bj8kiQopo2VHmMCdY27smUqNhZ4k2iPSBfjbO0tlbveFBA9FgXbumsYS5+MkgX0S6RrNI+T+XpVaVo6xzdvMmZLUnFAEWezAg==
3QjYjD9FM2Z0TmtNdUkNYFJx9r6GWrpp0FfJROc5t+scQLq1nKEJ+rk8QZemxsek6TDhnCXXKlpHbXASDWPNouTf+DmKNXWzEA==
EZbwYNrutPvi+EV8zVaY0q+M4Bj8kiQopo2VHmMCdY27smUqNhZ4k2iPSBfjbO0tlbveFBA9FgXbumsYS5+MkgX0S6RrNI+T9HpVaVo6xzdvMmZLUnFAEWezAg==
jzbwdzyRLEUGmlBEPmhkr9PMwr7RZHzz7tEz7SK99ce1TCBVugk+WQ16mpvWyIikaCpLM7L8B3z4/C7fBOPN54ZSRSUs+t62huqkCB0AuaQJcIEchZcHWSctkJKto+2ixB+YuWp1VbMw
PzNafVlcwSmGkXe1c6Zd/ArAQOizG5Pr5Re5M2uPKI/Ghd50zzJOTRVz6lwArdvzdTq7ixaVDmw65YxsbOGBWZSjkPvVkWa8+B64w4nYZCNu0AF/+VmFfNZ5ev1fS9dabL/7o5VPyQOcgXycA5ZLWf1dtbAOMo83JuMISVBtMnOzgXDWyr2qwiqQHwRrnIg7m6oh5NBbLNU+R7MY75kY5POFsWKqiXkjkocNzu7dsLN4kamuBJHy5KGAOXzNRx/ZP/1YstWTBWKsj4BZIgXts4g=
nOZUBgn+lUmY9reGDJuVGcrmgzagdknn82RFyFPR0nlDamTtXZXa9vBV52+gnh42HrCi17cgG4PrfBxx42JDqH5z6ku60z+FVKyKCrLLg9xmI2zUC3fzTfds5G2Q1XWvtXqO29GL/5v7U27VNlRJUokZP5n/eERmfWeUN2Lh+gnQ09Fl2n4gKRhSWASVjOEYCrsZLqtsWs9eRYzTWbBFfXpEEeEbysBdy3Ng00cGpBly87pV42ZOxQC0k1RTVOcj/fldGXKaP4c3ct6bilEoAe+zig==
3HtyQ/R3fBNvNc5+59gbh7dYHG2maDVWLZ/aXD+O3IplyiwYMmOEC6S+3Qc4thX0QsBJXg7Wcyzdp8Zbwvk+EMJ4OSVnqgvfNHOQNUcOWuWj7VaE83bTDORt5wdp6Nkm6v9Jbh8KNVCr92/ROOT06rme+xDc4Zgmz31d1T2H32OjANeFinVn0wrh3tJALF7Je1js5CifkWWNxRmOzJhLKZQgs+Se9bOgS7mpYCrJ/1GTW3fMgiv7G9y6fiRI2jUOyUzrba4qiTxqp4GNXSUH7LOL
KI/NbbQ9WHij3795oIpT2rdYHG2maDVWLZ/aXD+O3IplyiwYMmOEDaS+3Qc+thX0QsBJXg7Wcyzdp8Zb7u4+Gd52LiVnqgvfNHOQNUcOWuWj7VaE83bTDORt5wdp6Nkm6v9Jbh8KNVCr92/ROOT06rme+xDc4Zgmz31d1T2H32OjANeFinVn0wrh3tJALF7Je1js5CifkWWNxRmOzJhLKZQgs+Se9bOgS7mpYCrJ/1GTW3fMgiv7G9y6fiRI2jUOyUzrba4qiTxqp4GNXSUH7LOL
W9ImVuI7kJqnsJF3yuYMj2IaPKz68U6+s7uPQiaMhHKxbcWgqfs1qy1JPQjP7GDzhekFBRC9kMvgRLkp7Ew3whrY6FXXT1+0f80kBYwPTwBe56PrWo7rSMd+1HubHUGGPQSKGWVE51QBgvvBs6vwKrAoedg3WoQfzJQ/K+EPVSl7AQOmu28y65NBmhdCaMii2kv73mBusCEFlz1T5RRkdi+LdEYfTuYrB/KbD/WaYoc7E9OdOwZaVS8prGxCfqD0EezpagcHljT9LnrRnbdVKwPus40=
TrLE/KXi/Vfu4WGhm0BdqbdYHG2maDVWLZ/aXD+O3IplyiwYMmOEDaS+3Qc+thX0QsBJXg7Wcyzdp8Zbwvk+Dt95MyVnqgvfNHOQNUcOWuWj7VaE83bTDORt5wdp6Nkm6v9Jbh8KNVCr92/ROOT06rme+xDc4Zgmz31d1T2H32OjANeFinVn0wrh3tJALF7Je1js5CifkWWNxRmOzJhLKZQgs+Se9bOgS7mpYCrJ/1GTW3fMgiv7G9y6fiRI2jUOyUzrba4qiTxqp4GNXSUH7LOL
GC42dZ4NFkkJttu+vJhCa2IaPKz68U6+s7uPQiaMhHKxbcWgqfs1rS1JPQjJ7GDzhekFBRC9kMvgRLkp/Uo11x7M6FXXT1+0f80kBYwPTwBe56PrWo7rSMd+1HubHUGGPQSKGWVE51QBgvvBs6vwKrAoedg3WoQfzJQ/K+EPVSl7AQOmu28y65NBmhdCaMii2kv73mBusCEFlz1T5RRkdi+LdEYfTuYrB/KbD/WaYoc7E9OdOwZaVS8prGxCfqD0EezpagcHljT9LnrRnbdVKwPus40=
RSXVMpAonj8ZflhxBG2chQrAQOizG5Pr5Re5M2uPKI/Ghd50zzJOSwQrskwWpo+scjmuolD2SS4tvZssaNOGT4G+kPvVkWa8+B64w4nYZCNu0AF/+VmFfNZ5ev1fS9dabL/7o5VPyQOcgXycA5ZLWf1dtbAOMo83JuMISVBtMnOzgXDWyr2qwiqQHwRrnIg7m6oh5NBbLNU+R7MY75kY5POFsWKqiXkjkocNzu7dsLN4kamuBJHy5KGAOXzNRx/ZP/1YstWTBWKsj4BZIgXts4g=
d8s6uMyiLnHETolhCoyIUwrAQOizG5Pr5Re5M2uPKI/Ghd50zzJOSwQrskwWpo+scjmuolD2SS4tvZssYcCMUoG8kPvVkWa8+B64w4nYZCNu0AF/+VmFfNZ5ev1fS9dabL/7o5VPyQOcgXycA5ZLWf1dtbAOMo83JuMISVBtMnOzgXDWyr2qwiqQHwRrnIg7m6oh5NBbLNU+R7MY75kY5POFsWKqiXkjkocNzu7dsLN4kamuBJHy5KGAOXzNRx/ZP/1YstWTBWKsj4BZIgXts4g=
9o8Pico126RNsdhlo9R0n8p5w0uvgp1AvhFly8VFMkhl9kf4bu/2+uMl4j5CfAPdmFGlvY8ZYDxM6uN7jMGzNQ39FWw+PTAE5iMT3bCMrvKe23/UYiNo3Pdn37XTTAA1vCUp53E6yhONOxPDX7MKbdrE9doNmbsRQ+go3pkHMO8OUSZBFBOVrQYODPF8cnx8uZydEA67HSbXfHa3emXoC3XAmbU+hNWpx3qshW8ThGsrlhiR9nM+3V/2on1kVDcMv+S767m5mVEuahPf01L6Y6ZB1Anrs44=
MU2PvMEo3HT3LLZmYt2jN30pOx2/MjCr6gkJ2W9eGtDOOpOr0NiM2Aoi0PCJyy++6P2GkMViGqUVq+Xv2wKzGQ==
rgOHyKBFx+ozfy5ZSn5W32sWx7IXWwJ7z4XtWadIz262IBCa0s1ZBQeqmlxWniMXGIxstPImwOyh/29ysBn2bE32ugmt7zWzM3azFQ==
ST6o8IaA52Qwd+crzQUl8q+M4xj8kiQopo2VHmMCdY27smUqNhZ4k2iPSBfjbO0tlbveFBA9FgXbumsYS5+MkgX0S6RrNI+T/n9Vblw6xzdvMmZLUnFAEWezAg==
n1O3GmldASImezNO6h3ujFJx9r6GWrpp0FfJROc5t+scQLq1nKEJ+rk8QZemxsek6TDhnCXXK19HanYSDWPNouTf+DmKNXWzEA==
/7oZjIKm5yMglOBzJKehn6+M4hj8kiQopo2VHmMCdY27smUqNhZ4k2iPSBfjbO0tlbveFBA9FgXbumsYS5+MkgX0S6RrNI+T+X9Vblw6xzdvMmZLUnFAEWezAg==
UIjdXhXN7R4/wvI2DPukj1Jx9r6GWrpp0FfJROc5t+scQLq1nKEJ+rk8QZemxsek6TDhnCXXKl9HanYSDWPNouTf+DmKNXWzEA==
aP+XPqqB24Mh255oKb50rK+M4Bj8kiQopo2VHmMCdY27smUqNhZ4k2iPSBfjbO0tlbveFBA9FgXbumsYS5+MkgX0S6RrNI+T+H9Vblw6xzdvMmZLUnFAEWezAg==
48dvPHXVa9TyIxogcMRcmFJx9r6GWrpp0FfJROc5t+scQLq1nKEJ+rk8QZemxsek6TDhnCXXKV9HanYSDWPNouTf+DmKNXWzEA==
OKBbxPEmCZG3W7sBGt8BJq+M4Bj8kiQopo2VHmMCdY27smUqNhZ4k2iPSBfjbO0tlbveFBA9FgXbumsYS5+MkgX0S6RrNI+T+39Vblw6xzdvMmZLUnFAEWezAg==
48dvPHXVa9TyIxogcMRcmFJx9r6GWrpp0FfJROc5t+scQLq1nKEJ+rk8QZemxsek6TDhnCXXKV9HanYSDWPNouTf+DmKNXWzEA==
g/CAv/ahdxF0vbvjDjpdvK+M4hj8kiQopo2VHmMCdY27smUqNhZ4k2iPSBfjbO0tlbveFBA9FgXbumsYS5+MkgX0S6RrNI+T+39Vblw6xzdvMmZLUnFAEWezAg==
de85CFo3Ijt9JCq5kqrw51Jx9r6GWrpp0FfJROc5t+scQLq1nKEJ+rk8QZemxsek6TDhnCXXKF9HanYSDWPNouTf+DmKNXWzEA==
wAnIBdrqsUZiHNF+AVG1qK+M4hj8kiQopo2VHmMCdY27smUqNhZ4k2iPSBfjbO0tlbveFBA9FgXbumsYS5+MkgX0S6RrNI+T+n9Vblw6xzdvMmZLUnFAEWezAg==
BQh+n3lhYyoMzSJITZ9f9eZ9eH0/wgedx56Ak/p6LxD/9KWrDZIEnl4A+fbTGx8FVs3Ypqi+l5i3hxNjW9wPyZ50PEBZhWlAVyQsEOHjKOeW/fypBAo62NxavkTIOvVjyayoDi7JyVxqB8Gt3QVHTLMr
3/vKE9VrG8D9APSyiQCZeOZ9eH0/wgedx56Ak/p6LxD/9KWrDZIEnl4A+fbTGx8FVs3Ypqi+l5i3hxNjW9wPyZ50PEBZhWlAVyQsEOHjKOOf6vupBAo62NxavkTIOvVuyayoDi7JyVxqB8Gt3QVHTLMr
mjlCA3cLMdiSS4MGy/tnYvzKvw33hTJtoY3wXCJMAp7v/zR9aks6zC+dUg+kP+4um7bWAxYgFQ/tujUPSYWYlRT0S6RrNI+T+3lVaVk6xDdvMmZLUnFAEWezAg==
L7b/baP9Ru1i+e1TLA9JQyQ1ggDLusHxr+DNNxJnkMrU1gd7K7efSf7erQXRcVPV1LLeCSV7BPYtjJoSYWx5s/8N7CSSlgCcge5vYpdsNt8tZjqZTV91QxNmswU=
Yvsus2SFwk5GhJTb+Y2jlJHgaFk9n5O6MwgUgaXkKiirzE4hPEaqB+Aylcb4H3gY+1OjentTpz32CbqExTjljAEPWp/7NZeCiuuhQkiXPEmuDWmzDA==
b73zdJcsF9Or0InJf85GVik1OyFa9N2ieWMvmZaFfm0cZJ5/0W9wR1vX2MzuE0Fd/KRxQlpYtboREROTfN4WEJgu/UeOCCOafp3hWEpDaTlNUQ9osw8=
jHBuC8m/UMvIKlX8RaEqPnmobtQY6tsV65U+ZaWN9FQuXByGi9/QRRZ79oRrXZZH6M9SVj9WcpuKsJmHaTqxh8UVBA2wlO9c10RDW7g7kaAVCjgPCxKCU05hTBljswY=
ystZ+FOCuw2SKYjkf5LIoHmvbtQY6tsV65U+ZaWN9FQuXBuGi9/QRRZ79oRrXZZH6M9SVj9WcpuKsJmHaTqxh8UVBA2wlO9c10RDW7A7kaAVCjgPCxKCU05hTBljswY=
0zjfri8cVkxNTstFf23uI3mubtQY6tsV65U+ZaWN9FQuXBqGi9/QRRZ79oRrXZZH6M9SVj9WcpuKsJmHaTqxh8UVBA2wlO9c10RDW7E6kaAVCjgPCxKCU05hTBljswY=
vbQtk5IZpr3dL3NdZOQ0CzQPtzSTXxhdGFzQLUC2XvSUrBHcn5iC61AzGBFSmJns4IDBSLyBToJAL+omd5a6y9KQcbcROkm3rTXc3fjUJ6xvJOvLJr8JMP2qQL/D0soDloFkaVuzPg==
aqIZAQNyqGkSMDkrAyCzajQMtzSTVVBJW1PaZFStF9eorBHcn5iC61AzGBFSmJrs4IDBSLyBToJAL+omd5a6y9KQcbcROkm3rTXc3fjUJ6xvJOvLKbsJN/2qQL/D0soDloFkaVuzPg==
aNH9JVyoEUNtPMY+Q0QXH6ctdZY6LoyTnmyAmuianuVgsBL1z5ycarBwXqe8WabsOGEDERoWOTVUwuWB+pmKqAuMbiHcBsqHAPK1xtjf2Jibk0N6GxNHvVZJmoTleIUM4c8zmdvzNwIqK0FCKNfcyQ5NSbMs
xN1QvEGBl1ewQMDLgY8Mfz9kw03avZjl7OfdN0M71ouSx0oid/jJBqvQ8EjAcVPV1LLeCSV7BPYtjJoSYWx5s/8N7CSSlgCcgeVvYpFsNt8tZjqZTV91QxNmswU=
ksjSr5VbomZ851uhaPpfdQwFpv4IVrb39JuHr2Kbku2YkdlppuEF0ra7TtEONf+Ja3ogwafKmUMPQUtMeEVgPEdlNKI6/bGhjE0DgWw+Pk1NZzQC9SAatqmQaaeHQUygOspwqJkJrwYZ0OYLFWpaXaXDxTdLSrMh
CGiZJldv32y2AuSQrt2vd3OsGTJU66hwMof18ZG1X5Xfy8C6WGo7LfX5qLyLff0e7A+Qx3HEDerWuAQzfgDtP5W6zT8iqnS/XDSD9AOUFwNs/83/wdpsZyfyrjt6kXhhX7M6
2OEnpaYyQ62uvrWHhMYKjSk2OygLtZCzfjo72pGVfjgRZIBrn3V9CgDczMmgCUFd/KRxQlpYtasQHR6CfN4WEJgu/UKOCCWafp3hWEpDaTlNUQ9osw8=
1sxadMpdv8kOnMvoYXVVrKvZamCF4RsspzfaH/XOHRfgVBpcWMOpl/clXwlQUtav3BS+j9EfULcbh3hcboOhjbyUkXJaaFWKUcHzA/xOtkDY3t0zivgE6r5NQcjK0wlpjWFvWLM/
1fdLPQ3LML87+LSbMSV8S28g1px2uaKZ67o5I2snbyIS8wJDpbzK0dZnuqdvd+fjqEcDaBnNk8vz2uy3kKLr35zEXp/RDzDn23eY7O7zAT18RLFiWnh1WpFxU3N8/lawGI69IIjo6Tr+PSF4SiOp2c0xT0izLw==
1u7d1YIqgStRzL+a1LnGAKcudZY6JOSn3WOK0/yB18ZcsBL1z5ycarBwXqe8WaXsOGEJWQ5VNj8d1v7I2aWKqAuMbiHcBsqHAPK1xtjf2Jibk0N6GxNHvVZJmoTleIUM4c81n9v/NwIqK0FCKNfcyQ5NSbMs
B10rW4UypA9jhZAFltgdzpvJPitVTA8Uwnw8Tz3Z2jCH5k8aYkCpEGJexLEadSv1j+6ZbzdVW1AQIQAQf7HkXvI5ce3UOXPdxJqeobXzpL59pJo6MSTZO2+lrAyCniDU0ULuys0kFtc9Tnox3dfVC0NOsy0=
iu6iltE8vCeS+yKXmD224zQKtzSzfzh9GFzQLUC2XvSUrBHcn5iC61AzGBFSmJzs4IDBSLyBToJAL+omd5a6y9KQcbcROkm3rTXc3fjUJ6xvJOvLJ7sJOv2qQL/D0soDloFkaVuzPg==
tQsZ4zRkE7jdO/siX55XqzQLtzSzfzh9GFzQLUC2XvSUrBHcn5iC61AzGBFSmJ3s4IDBSLyBToJAL+omd5a6y9KQcbcROkm3rTXc3fjUJ6xvJOvLJ78JOv2qQL/D0soDloFkaVuzPg==
CSYBSuWL2YvSqPyidWNbZ8t+Cj5i5VK4LGp9SqzqAjeS5hfgiV9LUk2B/s3IkAA0N30XTbcHugxNk137q2ug8A4vOWEMGAn+2uTNBuEta6+c4m6saJKF+Es0WaeOoZnkqv8Rhb1td1SzMw==
Gtum87/O3cLZ1I9VYxElq/94YWVPrX6tgpecn+F7Sgfl+ILlBpNSg09Tj5O4cwtmcf3Y8OnnkIj5pT8rTPAW25FLeFMLg3BITldpSezwOeba/P3uAQU719xavkTIOvVjyqypDy7JyVxqB8Gt3QVHTLMr
W15GeBJmXwxNtjX2xm0P5/vyut7epNPYHTfBitHAwxHZ0ks0OyxY5Z/c0UNkYhFBNOKJ6/PphMZCofF1ZKEThXRCXnmFq8SmTbyaIgE8uWNffWzUMsZATGHdaFJ1vXaPjZa66e2PtRNzVrM1
WQOQGaFb9TLeBRKKZQZnrct6Cj5i7zqfZWByTab7AjuPq1+82Bs7fnHl6JiJz0BwOR1vQ+xY5kMR0wj7q2ug8A4vOWEMGAn+2uTNBuEta6+c4m6saJKF90g0WaeOoZnkqv8Rhb1td1SzMw==
t4BtbPap2E/4sCLuCbwjO8t7Cj5i7zqfZWByTab7AjuPq1+92Bs7fnHl6JiJz0BwOR1vQ+xY5kMR0wj7q2ug8A4vOWEMGAn+2uTNBuEta6+c4m6saJKF+k80WaeOoZnkqv8Rhb1td1SzMw==
cve0/BSPd58T1S1Zc8nG5Mt8Cj5i7zqfZWByTab7AjuPq1+62Bs7fnHl6JiJz0BwOR1vQ+xY5kMR0wj7q2ug8A4vOWEMGAn+2uTNBuEta6+c4m6saJKF+040WaeOoZnkqv8Rhb1td1SzMw==
kD434Gue8QCwuU+CD91SNTQLtzSzdVBaUVbfKkqnXsuprFuA2tm80XxXVwIc2Nux4IDBSLyBToJAL+omd5a6y9KQcbcROkm3rTXc3fjUJ6xvJOvLI7sJMvyqQL/D0soDloFkaVuzPg==
SKw/epJAXCdeB8nqy4WlnDQItzSzdVBaUVbfKkqnXsuprFuD2tm80XxXVwIc2Nux4IDBSLyBToJAL+omd5a6y9KQcbcROkm3rTXc3fjUJ6xvJOvLILoJMvyqQL/D0soDloFkaVuzPg==
YoZhe2sM571OiNe0YqpH9R9SisMykl8kWXsjZk21lukYVUhAl4mfySejUrgNp7Xfu2+oBC5bcaXcvGFKWlClojHpI9u8FmaoeLZtzQqAsAMeJREQCotZQW1JH2CzBw==
IfJPGxrvqv1nTUHp/hEonLaU+kzJtXYup5SxBGkHE8Kq8VQFZBBlkGDBElqkP+4um7bWAxYgFQ/tujUPSYWYlRT0S6RrNI+T/3lValg6xDdvMmZLUnFAEWezAg==
E0SnNYfZwl4zFeuN3yuHnKW9q5vvbvL/0q4nGKlHW1pNie7V6GYwfHe15/XXnyqEzRvNY0vT0LjO5wkZLAAZ9trs3R7BVVtnXKoeFIgKFXXIvMg/7hlpLOq3IX2ddWdcszs=
mpQLgksQyPEQqtteEyXIyk89h8QeUaIc067R/afkzQtqU2DtvPLnJ3NjTwW2Gm15aYXjuXxWfpW975R6pQgarpnYCR8XqYz4SsJQUEmrL56sGQYzBQIahVVLZU8bYrM5
EcVOhtQEfQ+s1cJ+8MXcDIVZwTN0qS8HuawpFy+CtpTRAQBBIqnyiMN8xqG0tgJnOILtBiBPQPjTQ6t6c0OPXc7Z4sQ9iL1sqX/TH3OGfiLSGxkCkEdEaUYdYbME
JR2xWEpUZjS3InMwdVeocA7MBVkkm9s8NIr3/d/lCp2ZjcisGiwraae//K3CK6Jctx3KnzyfBv7T9h4zfgDtP5W6zT8xpXClXDSD9AOUFwNg/s36wNpsZyfyrjt6kXhhX7M6
/Wa7I9SGs0sMYpUYbTjn1jSzk1r9vS8YfZ3vnShqYzXml4h+8nYNauK1u4BeXwconrfjaF+OJK6zyRrKdahWJJnQUdzVtx9eN01CUv7DfSJ0fyh5WhVlswA=
PKm42D+OnjH8rtNvEqz39FtyyVX/yQSq10IdILNSLWHNII1zu9CZFn1p9iCzlOXX3ZFhQAR45z1Q1K/zLxLU1PrhyjN/Z9EPwjrYjKLW5iwjtLiAlA6l8tYBZZ3DvcOCs0PifwsdehOqJDjWIjf7uqgCIHXdix0XTZjUQhe3NOKX4rY/Hy77i51WEnND71N5c+pKgXe1DKhqcpBAqVguTg8pRqNlcprVdfulX/uSs+k=
4wS0LV23xG20bS5x8ZjXE3FhhM9+iqzyPl8aipmnhykSJWsB4+/meqk1F2VKZwaV0aqTj5jyq3NKeeGEmTCmDvIBvOlaMBX0ZcT1xlE5g6xxmgWt99QeGYT1rjOvmaSGXtVmoib463Sf5HQ7Z9LVlCQzILXyLydIO4EEpG8dZTK+obWDHi85/trlDDPEqZ2eMDl+RO2oLayZ34seI+UOYkJ7SYKgZ/SpVv2Rs/Q=
C6EsMZvbGSePL1CkoGIPzX80eXnVYJSaCoTZDaPWRlKGz2IKITd/Sbr1I8Gr3w4asQUPZVJXHvU5mttP0CIDE7LpWQThoB6uGlF0KRLAPdR9tO3GScmbjFnqze2/BHa5PGVWsxcJ3Gb2ha7i7siDlIfUbDt/4s10TAPo9Tp/j6hDEbwkl43dktZx/cPWXxHewhUUM9zZhb4YyTaEJfjFDCFP8p6bdfYC6qsBQuhXHMlOzYmz7A==
nEwliqFcb0ZFGrPVD0dSkaLfxHS+IgUe63IZdJKSme+6OnyrQCoD0wWhoMER0VmrFBKLAQ1lUFMk/SPuKV/iFhn7yA17JMPE5MbAZUb5YDRnHEfwL4aLjSFEAx6/PQ2wrNHGAfQTte2mjmwxHHIcvBkcPVDuu/1md/zWdxpliMsVQDn1HoQ16Sf6DMVPE6SrSxZ4UdZzHp2/dkI9RFQXzB9k2yvQvrmRjOrwnzNSGiMGwXTJi7Pu
5eB3orsk+9/4Xt0fDrb3Mo1PJyxlk1pSxdoUO/iq+0OtAfgxWRGR++xyozEVZUhjDJ3bvuGfquZBW2Cdg6R7VIwmmNWOuahkXzwvADeGk/3JZDvO9/1FAHSxLpFMk819Di60QdQyVGxh/BVg9rvlVl8crqdSJUC7zeCRZWYEjXnPmtR1B9Pse3M2kCHOcwZt11Z6bYwU33xHhLO7aD5BASRKqG97ktJz/qFc+ZOz9g==
ux/S8QEwfPFLpjxMjJ0GfBB7w1Kv3QGxzlROZ6lJOnTNII1zu9CZFn1p9iCzlOXX3ZFhQAR45z1Q1K/zLxLU1PrhyjN/Z9EPwjrYjKLW5iwjtLiAlA6l8tYBZZ3DvcOCs0PifwsdehOqJDjWIjf7uqgCIHXdix0XTZjUQhe3NOKX4rY/Hy77i51WEnND71N5c+pKgXe1DKhqcpBAqVkuTg8pRqNlcprVdfulX/uSs+k=
yLKGOvy+8GZf6qMh5oxi3o1POiBjgUFb9doUO/iq+0OtAfgxWRGR++xyozEVZUhjDJ3bvuGfquZBW2Cdg6R7VIwmmNWOuahkXzwvADeGk/3JZDvO9/1FAHSxLpFMk819Di60QdQyVGxh/BVg9rvlVl8crqdSJUC7zeCRZWYEjXnPmtR1B9Pse3M2kCHOcwZt11Z6bYwU33xHhLO7aD5BASRKqG97ktJz/qFc+ZOz9g==
zPrmMEjXgmcT4JzDQDtEJOMeIW2ItOzkQfulSN8qeLFrs5ACUncuym3PK5mO3f+hV7caKoUdA2VeTyrFLfInLwwKN8PmERXErRjK/u45qImuaKkkCSxhRsVRb/zNQnFN4+wCaWjdmvPbcQg2wq3yApIgl6SzzGA7c/r5RFjrlBVmV7v4l2lwZFs1iUKimaFjaveFrjaNmLNQQfFOjGGKJPmQMVz1975e142i0t6D3SIUPwj5etWFs+A=
Cs7acUaajHLS+6+cClFk0yi6kbxY4fzZCzvqPBGKoOOEascbWVHMGTXxvdP4ArcJCWVUWxjtz5bNf8bOdQuUxb9kB4w4dmy9IhnEjMuMu3irBg8FXdSvphtd6egAYZrJsNPxpXr+gGk4UnhEdQwBWOq7+W5L7LqPfkWsk/kw5b1aRHEhe0qgnatzABPnhgTZUvOaFUPm7oXgtHMUs9QHYxT+fVnQGpxHF3L+W+rRSMGPs+o=
FALEiK2F9HVn3JNhd0if5imzjKte4rXLWzX2NhTLlK2IcM8OWVHMGTXxvdP4ArcJCWVUWxjtz5bNf8bOdQuUxb9kB4w4dmy9IhnEjMuMu3irBg8FXdSvphtd6egAYZrJsNPxpXr+gGk4UnhEdQwBWOq7+W5L7LqPfkWsk/kw5b1aRHEhe0qgnatzABPnhgTZUvOaFUPm7oXgtHMUs9QHYxT+fVnQGpxHF3L+W+rRSMGPs+o=
rG6FBLVcK/9ewQKgh48yPjT2+FW7pmre2fVRTaACL1wk9Ctky7Qv0xx+dak4uqT3TzKGC7Lx4NEHs2I=
uVJGZKEsBDu2H9IAoejsDIYgOMJxdxrhIlhu8h+NTGC6inBoGUGuRp8R5kuVqlqdJYPF98sKs2E=
k2E0WHAKz8x4FRFEl6STJdG70I+EsA6KxURPr7Y22NeMyQs5SvgaglyK3nQIqlWXztwLn275KQzq1+HdHZUnfLMb
bt4POlYxVFb0L5T+KddkCDSzk1r9vS8YfZ3vnShqYzXml4h+8nYNauK1u4BeXwconrfjaF+OJK6zyRrKdahWJJnQUdzVtxlYN09BUv7DfSJ0fyh5WhVlswA=
vTwiuYmOGe4KKa5V/Swo0FtyyVX/yQSq10IdILNSLWHNII1zu9CZFn1p9iCzlOXX3ZFhQAR45z1Q1K/zLxLU1PrhyjN/Z9EPwjrYjKLW5iwjtLiAlA6l8tYBZZ3DvcOCs0PifwsdehOqJDjWIjf7uqgCIHXdix0XTZjUQhe3NOKX4rY/Hy77i51WEnND71N5c+pKgXe1DKhqcpBAqV4oTg0qRqNlcprVdfulX/uSs+k=
Ybn1Ry+ViEM1KhtlN5V60nFhhM9+iqzyPl8aipmnhykSJWsB4+/meqk1F2VKZwaV0aqTj5jyq3NKeeGEmTCmDvIBvOlaMBX0ZcT1xlE5g6xxmgWt99QeGYT1rjOvmaSGXtVmoib463Sf5HQ7Z9LVlCQzILXyLydIO4EEpG8dZTK+obWDHi85/trlDDPEqZ2eMDl+RO2oLayZ340YI+cNYkJ7SYKgZ/SpVv2Rs/Q=
Hzm61Y7QFbPTArA2RdeGon80eXnVYJSaCoTZDaPWRlKGz2IKITd/Sbr1I8Gr3w4asQUPZVJXHvU5mttP0CIDE7LpWQThoB6uGlF0KRLAPdR9tO3GScmbjFnqze2/BHa5PGVWsxcJ3Gb2ha7i7siDlIfUbDt/4s10TAPo9Tp/j6hDEbwkl43dktZx/cPWXxHewhUUM9zZhb4YyTaEJfjFDCFP9Zibd/UC6qsBQuhXHMlOzYmz7A==
6OtptAH8HPUGidJZiNEbfaLfxHS+IgUe63IZdJKSme+6OnyrQCoD0wWhoMER0VmrFBKLAQ1lUFMk/SPuKV/iFhn7yA17JMPE5MbAZUb5YDRnHEfwL4aLjSFEAx6/PQ2wrNHGAfQTte2mjmwxHHIcvBkcPVDuu/1md/zWdxpliMsVQDn1HoQ16Sf6DMVPE6SrSxZ4UdZzHp2/dkI9RFQXzB9k2yvXuLmTj+rwnzNSGiMGwXTJi7Pu
1Y7OIj2ymxRolmN7i2h0S41PJyxlk1pSxdoUO/iq+0OtAfgxWRGR++xyozEVZUhjDJ3bvuGfquZBW2Cdg6R7VIwmmNWOuahkXzwvADeGk/3JZDvO9/1FAHSxLpFMk819Di60QdQyVGxh/BVg9rvlVl8crqdSJUC7zeCRZWYEjXnPmtR1B9Pse3M2kCHOcwZt11Z6bYwU33xHhLO7bzhBAydKqG97ktJz/qFc+ZOz9g==
76nMmtJ6FM8G468HvgcwOBB7w1Kv3QGxzlROZ6lJOnTNII1zu9CZFn1p9iCzlOXX3ZFhQAR45z1Q1K/zLxLU1PrhyjN/Z9EPwjrYjKLW5iwjtLiAlA6l8tYBZZ3DvcOCs0PifwsdehOqJDjWIjf7uqgCIHXdix0XTZjUQhe3NOKX4rY/Hy77i51WEnND71N5c+pKgXe1DKhqcpBAqV4oTg0qRqNlcprVdfulX/uSs+k=
4/1LnRBAg6GojC26UTyTNY1POiBjgUFb9doUO/iq+0OtAfgxWRGR++xyozEVZUhjDJ3bvuGfquZBW2Cdg6R7VIwmmNWOuahkXzwvADeGk/3JZDvO9/1FAHSxLpFMk819Di60QdQyVGxh/BVg9rvlVl8crqdSJUC7zeCRZWYEjXnPmtR1B9Pse3M2kCHOcwZt11Z6bYwU33xHhLO7bzhBAydKqG97ktJz/qFc+ZOz9g==
1cQ4WdAYZ+10aPVsQzpEseMeIW2ItOzkQfulSN8qeLFrs5ACUncuym3PK5mO3f+hV7caKoUdA2VeTyrFLfInLwwKN8PmERXErRjK/u45qImuaKkkCSxhRsVRb/zNQnFN4+wCaWjdmvPbcQg2wq3yApIgl6SzzGA7c/r5RFjrlBVmV7v4l2lwZFs1iUKimaFjaveFrjaNmLNQQfFOjGGKJPmQMVz197lY14+h0t6D3SIUPwj5etWFs+A=
0Xg+ttio1GVbhe075FrFEii6kbxY4fzZCzvqPBGKoOOEascbWVHMGTXxvdP4ArcJCWVUWxjtz5bNf8bOdQuUxb9kB4w4dmy9IhnEjMuMu3irBg8FXdSvphtd6egAYZrJsNPxpXr+gGk4UnhEdQwBWOq7+W5L7LqPfkWsk/kw5b1aRHEhe0qgnatzABPnhgTZUvOaFUPm7oXgtHMUs9QHYxP4fVvTGpxHF3L+W+rRSMGPs+o=
WJI/j8F76m75LnCLtL+wICmzjKte4rXLWzX2NhTLlK2IcM8OWVHMGTXxvdP4ArcJCWVUWxjtz5bNf8bOdQuUxb9kB4w4dmy9IhnEjMuMu3irBg8FXdSvphtd6egAYZrJsNPxpXr+gGk4UnhEdQwBWOq7+W5L7LqPfkWsk/kw5b1aRHEhe0qgnatzABPnhgTZUvOaFUPm7oXgtHMUs9QHYxP4fVvTGpxHF3L+W+rRSMGPs+o=
aaH7k9CTyAGCSeyws6nvWDT2+FW7pmre2fVRTaACL1wk9Ctky7Qv0xt4das7uqT3TzKGC7Lx4NEHs2I=
pYMvddWsJH2xPSv6c7TGkIYgOMJxdxrhIlhu8h+NTGC6inBoGUaoRp0S5kuVqlqdJYPF98sKs2E=
0y/K0VYYhV/Ke/dTHta109G70I+EsA6KxURPr7Y22NeMyQs5SvgaglyK3nQIqlWQyNwJnG75KQzq1+HdHZUnfLMb
aW5hJavPWK+sKXNeuYIW7jSzk1r9vS8YfZ3vnShqYzXml4h+8nYNauK1u4BeXwconrfjaF+OJK6zyRrKdahWJJnQUdzVtx1YN01BUv7DfSJ0fyh5WhVlswA=
uj06Y3XNFR6v/RskfTdLVFtyyVX/yQSq10IdILNSLWHNII1zu9CZFn1p9iCzlOXX3ZFhQAR45z1Q1K/zLxLU1PrhyjN/Z9EPwjrYjKLW5iwjtLiAlA6l8tYBZZ3DvcOCs0PifwsdehOqJDjWIjf7uqgCIHXdix0XTZjUQhe3NOKX4rY/Hy77i51WEnND71N5c+pKgXe1DKhqcpBAqVooTg8qRqNlcprVdfulX/uSs+k=
bizVzdmlzcaSl+NhvL/cUHFhhM9+iqzyPl8aipmnhykSJWsB4+/meqk1F2VKZwaV0aqTj5jyq3NKeeGEmTCmDvIBvOlaMBX0ZcT1xlE5g6xxmgWt99QeGYT1rjOvmaSGXtVmoib463Sf5HQ7Z9LVlCQzILXyLydIO4EEpG8dZTK+obWDHi85/trlDDPEqZ2eMDl+RO2oLayZ34kYI+UNYkJ7SYKgZ/SpVv2Rs/Q=
5QDB7HNvHiWfK4kMFwPVqn80eXnVYJSaCoTZDaPWRlKGz2IKITd/Sbr1I8Gr3w4asQUPZVJXHvU5mttP0CIDE7LpWQThoB6uGlF0KRLAPdR9tO3GScmbjFnqze2/BHa5PGVWsxcJ3Gb2ha7i7siDlIfUbDt/4s10TAPo9Tp/j6hDEbwkl43dktZx/cPWXxHewhUUM9zZhb4YyTaEJfjFDCFP8ZibdfUC6qsBQuhXHMlOzYmz7A==
7QOoHuH/WErSN4KLSGgR5qLfxHS+IgUe63IZdJKSme+6OnyrQCoD0wWhoMER0VmrFBKLAQ1lUFMk/SPuKV/iFhn7yA17JMPE5MbAZUb5YDRnHEfwL4aLjSFEAx6/PQ2wrNHGAfQTte2mjmwxHHIcvBkcPVDuu/1md/zWdxpliMsVQDn1HoQ16Sf6DMVPE6SrSxZ4UdZzHp2/dkI9RFQXzB9k2yvTuLmRj+rwnzNSGiMGwXTJi7Pu
hIX+AUTFe6VZlr+ezYk8zY1PJyxlk1pSxdoUO/iq+0OtAfgxWRGR++xyozEVZUhjDJ3bvuGfquZBW2Cdg6R7VIwmmNWOuahkXzwvADeGk/3JZDvO9/1FAHSxLpFMk819Di60QdQyVGxh/BVg9rvlVl8crqdSJUC7zeCRZWYEjXnPmtR1B9Pse3M2kCHOcwZt11Z6bYwU33xHhLO7azhBASdKqG97ktJz/qFc+ZOz9g==
+YQ8+geDM2I1xS7bwOfitRB7w1Kv3QGxzlROZ6lJOnTNII1zu9CZFn1p9iCzlOXX3ZFhQAR45z1Q1K/zLxLU1PrhyjN/Z9EPwjrYjKLW5iwjtLiAlA6l8tYBZZ3DvcOCs0PifwsdehOqJDjWIjf7uqgCIHXdix0XTZjUQhe3NOKX4rY/Hy77i51WEnND71N5c+pKgXe1DKhqcpBAqVooTg8qRqNlcprVdfulX/uSs+k=
rJvvxCj7qQnVITVGuzztz41POiBjgUFb9doUO/iq+0OtAfgxWRGR++xyozEVZUhjDJ3bvuGfquZBW2Cdg6R7VIwmmNWOuahkXzwvADeGk/3JZDvO9/1FAHSxLpFMk819Di60QdQyVGxh/BVg9rvlVl8crqdSJUC7zeCRZWYEjXnPmtR1B9Pse3M2kCHOcwZt11Z6bYwU33xHhLO7azhBASdKqG97ktJz/qFc+ZOz9g==
KhwgeCUyKFg30m/GCqozWuMeIW2ItOzkQfulSN8qeLFrs5ACUncuym3PK5mO3f+hV7caKoUdA2VeTyrFLfInLwwKN8PmERXErRjK/u45qImuaKkkCSxhRsVRb/zNQnFN4+wCaWjdmvPbcQg2wq3yApIgl6SzzGA7c/r5RFjrlBVmV7v4l2lwZFs1iUKimaFjaveFrjaNmLNQQfFOjGGKJPmQMVz1971Y142h0t6D3SIUPwj5etWFs+A=
2KhqZg7yzRM2+6WtaHrtRSi6kbxY4fzZCzvqPBGKoOOEascbWVHMGTXxvdP4ArcJCWVUWxjtz5bNf8bOdQuUxb9kB4w4dmy9IhnEjMuMu3irBg8FXdSvphtd6egAYZrJsNPxpXr+gGk4UnhEdQwBWOq7+W5L7LqPfkWsk/kw5b1aRHEhe0qgnatzABPnhgTZUvOaFUPm7oXgtHMUs9QHYxf4fVnTGpxHF3L+W+rRSMGPs+o=
YGK8QVn410wSS9UFTeVpNCmzjKte4rXLWzX2NhTLlK2IcM8OWVHMGTXxvdP4ArcJCWVUWxjtz5bNf8bOdQuUxb9kB4w4dmy9IhnEjMuMu3irBg8FXdSvphtd6egAYZrJsNPxpXr+gGk4UnhEdQwBWOq7+W5L7LqPfkWsk/kw5b1aRHEhe0qgnatzABPnhgTZUvOaFUPm7oXgtHMUs9QHYxf4fVnTGpxHF3L+W+rRSMGPs+o=
nzZ22vec0dgnm0WmYc/gzzT2+FW7pmre2fVRTaACL1wk9Ctky7Qv0x94dak7uqT3TzKGC7Lx4NEHs2I=
HImZNmwiCl27/2yxEMa6BYYgOMJxdxrhIlhu8h+NTGC6inBoGUKoRp8S5kuVqlqdJYPF98sKs2E=
UemPK/tq5HnslAlPscAG/tG70I+EsA6KxURPr7Y22NeMyQs5SvgaglyK3nQIqlWUyNwLnG75KQzq1+HdHZUnfLMb
MMIEqs9lsqs6iaSVuvEnR9gLmT1KgWZJ4bUrGHmV843EUgcVAs+kjs4+yaqm/UcwMoejSDpPT/jDBqAuN0GGWtnQ8sQ9iL1sqX/eG3OBfSLSGxkCkEdEaUYdYbME
A2bfpaEKRVFnrtw6rbm49VtyyVX/yQSq10IdILNSLWHNII1zu9CZFn1p9iCzlOXX3ZFhQAR45z1Q1K/zLxLU1PrhyjN/Z9EPwjrYjKLW5iwjtLiAlA6l8tYBZZ3DvcOCs0PifwsdehOqJDjWIjf7uqgCIHXdix0XTZjUQhe3NOKX4rY/Hy77i51WEnND71N5c+pKgXe1DKhqcpBAqV0rTgsqRqNlcprVdfulX/uSs+k=
ThROSWkyZfGpQRuXetgWpHFhhM9+iqzyPl8aipmnhykSJWsB4+/meqk1F2VKZwaV0aqTj5jyq3NKeeGEmTCmDvIBvOlaMBX0ZcT1xlE5g6xxmgWt99QeGYT1rjOvmaSGXtVmoib463Sf5HQ7Z9LVlCQzILXyLydIO4EEpG8dZTK+obWDHi85/trlDDPEqZ2eMDl+RO2oLayZ344bI+ENYkJ7SYKgZ/SpVv2Rs/Q=
F0WliXY1CorzJJ/sjLFVV380eXnVYJSaCoTZDaPWRlKGz2IKITd/Sbr1I8Gr3w4asQUPZVJXHvU5mttP0CIDE7LpWQThoB6uGlF0KRLAPdR9tO3GScmbjFnqze2/BHa5PGVWsxcJ3Gb2ha7i7siDlIfUbDt/4s10TAPo9Tp/j6hDEbwkl43dktZx/cPWXxHewhUUM9zZhb4YyTaEJfjFDCFP9pubcfUC6qsBQuhXHMlOzYmz7A==
eeNabi8J5E2Lbl2g/IhTd6LfxHS+IgUe63IZdJKSme+6OnyrQCoD0wWhoMER0VmrFBKLAQ1lUFMk/SPuKV/iFhn7yA17JMPE5MbAZUb5YDRnHEfwL4aLjSFEAx6/PQ2wrNHGAfQTte2mjmwxHHIcvBkcPVDuu/1md/zWdxpliMsVQDn1HoQ16Sf6DMVPE6SrSxZ4UdZzHp2/dkI9RFQXzB9k2yvUu7mVj+rwnzNSGiMGwXTJi7Pu
lrxnfmKK5iWk+1GuJCFTY41PJyxlk1pSxdoUO/iq+0OtAfgxWRGR++xyozEVZUhjDJ3bvuGfquZBW2Cdg6R7VIwmmNWOuahkXzwvADeGk/3JZDvO9/1FAHSxLpFMk819Di60QdQyVGxh/BVg9rvlVl8crqdSJUC7zeCRZWYEjXnPmtR1B9Pse3M2kCHOcwZt11Z6bYwU33xHhLO7bDtBBSdKqG97ktJz/qFc+ZOz9g==
eV3GgCx33Jcs+alPVFW6eBB7w1Kv3QGxzlROZ6lJOnTNII1zu9CZFn1p9iCzlOXX3ZFhQAR45z1Q1K/zLxLU1PrhyjN/Z9EPwjrYjKLW5iwjtLiAlA6l8tYBZZ3DvcOCs0PifwsdehOqJDjWIjf7uqgCIHXdix0XTZjUQhe3NOKX4rY/Hy77i51WEnND71N5c+pKgXe1DKhqcpBAqV0rTgsqRqNlcprVdfulX/uSs+k=
vrzfKYTcLNR2DB22cICPkI1POiBjgUFb9doUO/iq+0OtAfgxWRGR++xyozEVZUhjDJ3bvuGfquZBW2Cdg6R7VIwmmNWOuahkXzwvADeGk/3JZDvO9/1FAHSxLpFMk819Di60QdQyVGxh/BVg9rvlVl8crqdSJUC7zeCRZWYEjXnPmtR1B9Pse3M2kCHOcwZt11Z6bYwU33xHhLO7bDtBBSdKqG97ktJz/qFc+ZOz9g==
Vkmkv63FTcWy9ylYPQ16GeMeIW2ItOzkQfulSN8qeLFrs5ACUncuym3PK5mO3f+hV7caKoUdA2VeTyrFLfInLwwKN8PmERXErRjK/u45qImuaKkkCSxhRsVRb/zNQnFN4+wCaWjdmvPbcQg2wq3yApIgl6SzzGA7c/r5RFjrlBVmV7v4l2lwZFs1iUKimaFjaveFrjaNmLNQQfFOjGGKJPmQMVz197pb14mh0t6D3SIUPwj5etWFs+A=
H3MbAHe47cJqIIWb/AZzwCi6kbxY4fzZCzvqPBGKoOOEascbWVHMGTXxvdP4ArcJCWVUWxjtz5bNf8bOdQuUxb9kB4w4dmy9IhnEjMuMu3irBg8FXdSvphtd6egAYZrJsNPxpXr+gGk4UnhEdQwBWOq7+W5L7LqPfkWsk/kw5b1aRHEhe0qgnatzABPnhgTZUvOaFUPm7oXgtHMUs9QHYxD7fV3TGpxHF3L+W+rRSMGPs+o=
dzX45ntWNyifXSOpCRqlPSmzjKte4rXLWzX2NhTLlK2IcM8OWVHMGTXxvdP4ArcJCWVUWxjtz5bNf8bOdQuUxb9kB4w4dmy9IhnEjMuMu3irBg8FXdSvphtd6egAYZrJsNPxpXr+gGk4UnhEdQwBWOq7+W5L7LqPfkWsk/kw5b1aRHEhe0qgnatzABPnhgTZUvOaFUPm7oXgtHMUs9QHYxD7fV3TGpxHF3L+W+rRSMGPs+o=
JyJspmntAlk8eIhr0kyRPNG70I+EsA6KxURPr7Y22NeMyQs5SvgaglyK3nQIqlWTy9wPnG75KQzq1+HdHZUnfLMb
VrsmiR9eq6K/5Qdm/KnUEDT2+FW7pmre2fVRTaACL1wk9Ctky7Qv0xh7da07uqT3TzKGC7Lx4NEHs2I=
V5v0CdQdcg3o+k2i4GTey4YgOMJxdxrhIlhu8h+NTGC6inBoGUWrRpsS5kuVqlqdJYPF98sKs2E=
HUZ+u/ZeCi1KQN8y0JuzSlFGMdc+5mDc+eRQFIbhfjcMhdtOU70ePEZFLHyijmBEMXzr+iO2VscdPvrB/ccVmyN+sx0=
iVYz/WMeEB7XIa+Zl/OhuB+uc/tIdCC7oi1e1YGxc7/9P09szyysZLHgSTydZ6/bzxmJcuYzFeLc79AZkiV9sxg=
lqLFKmVAyg/1HMutPm1WWDT2+FW7pmre2fVRTaACL1wk9Ctky7Qv0xV7da07uqT3TzKGC7Lx4NEHs2I=
eXdkGD/3wK2xtD+stzupdIYgOMJxdxrhIlhu8h+NTGC6inBoGUirRpsS5kuVqlqdJYPF98sKs2E=
hP6Wo+Ot8pr7vUXWxM2CBlqx+kifPJNZyHKlMnTwpCs591BZNwyE/dZyuDP8LnagWH4dV4oYR0g+LQEoyvPJyQ2BL3izHw==
YlKU2TfRXgU6+0+vaiL9QGRaHnWBgX/zloMSnYMzItmbQqy5kouLS+zkoNk8IeppYNOhxco+kAlo0ohkBUyRuNq7yY7brMqvjsX88+nwVd0KRKGBCwqwvfvzsPPXxpR5ovPqtdMm3uVQNKM0oxT3w0D6rb1jWoynx/KOexoR2KG/s9o=
Hk+mhio7kcpeNKCBKyqbqnM1mRjFp93noeDaZE02kZyGhEg/f/eJC6qevwaHPwDAybzEWmB9AfUsh/dWcHt+oPQd7CSSlgCcgelqYpNuNt8tZjqZTV91QxNmswU=
chy8Qw2O77EJbmUxRgm1fQNa5PIeq3ADdE8tZlrmybgZBhoS2M3LiTHhBvgfpOOR6Hq1CjQINKPZv2BBNxS0tTb6KMu8FmaoeLZtzwqAtwAeJREQCotZQW1JH2CzBw==
Wldt40wMkT91rM0kKaA7iSppy9cvmVEZQ08tZlrmybgZBhoS2M3LiTHhBvgfpOOR6Hq1CjQINKPZv2BBNxS0tTb6KMu8FmaoeLZtzwqAtwAeJREQCotZQW1JH2CzBw==
sEGG3XxK2qCswgZo63t7ERd+YCxRRiViWuLBrAkSMvb4qeNdYbXOPF9gK8W4rh1ulOycN0kr6MW3kDwhpm6ALxxyznwo4qULSkR/VE7xOXQqb3FVfV0XZLMD
pusOi02TkFF13PZ2UAWmWfaEJ1eNrSoBhh6IHc/VDwesVF1eWt65kPkuSkoYFZvhkQm2gJ9cU/lIkmVSdNDki7mXkHk3LESdVtL4E/xOtkDY3t03ivgH6L5NQcjK0wlpjWFvWLM/
6We4kcjonoiWzlBTzI/CEDfV4vL36NM2V8nVOpp5U2epHx8aHX/Ntemwg0BOVRSlRuRRb28l1JRFTytcOzqu3ahyWBdPYmB6teI6BHXYVcwx70aa6xHlwnpL0cLYN2yJfm1Zszw=
kLCeCTkIda5S3iIWogJVL32EOdGJCi+1yK/v5Ih2gXPY4I5yqPKi5xZrKnEiNxCdWdfrZYum99lLIiDT56+XaJFdfCe/ifUBa0mD7qtHkkPDSdqfEkDoCkoD+5bwxpAJVR99W7W8xF4/w/QOD2ZGg1f624elskIvq1vT1auuen1/oexkEtYA3AGpaiITLjafrSY6Wc2fdYOTprPF
d90WlR5XGOLRTNDj/v0tE+3Gqw31jDM+uon+BXMQWs7wtWUvJQdpky/bDlCkP+wtk6yVAxsnDAn68zVKXpu4hRL0S6RrNI+T+HpVbVs6xDdvMmZLUnFAEWezAg==
JugiyThBGPoA9+d2BJHQTi/O4PUwNKDVFRghuAix0xWynNv7vPYmCPjWre8KoPfgnoXRcAqrGaHt6d8As2c=
/3+XHCdiXl81XRHnYybueepLIDvQTl3rgCwy2AsQI2xJ9BFaeALhv0fJzSkCPSrQItKsdCPP44FcaC46WUMYEmIPLU4nVBweqATY/h8q1o1iaiAqYT4QPjTUFw4nSS3QLgHyjxWUGPNIceJABxLFty8KalogiPXnBhUL5ko=
