FX418xErmENxd7ufooTkXzT2+FW7pmre2fVRTaACL1wk9Ctky7Qv0xl/dao4uqP0TzKGC7Lx4NEHs2I=
2O2Y53KTCcLLuhEi6LuOiYYgOMJxdxrhIlhu8h+NTGC6inBoGUSvRpwR5kyWqlqdJYPF98sKs2E=
kEurg6xFDfkdBXtTCgR2fTT2+FW7pmre2fVRTaACL1wk9Ctky7Qv0xh/dao4uqP0TzKGC7Lx4NEHs2I=
/FqudFCAonfdRrK9aaISiYYgOMJxdxrhIlhu8h+NTGC6inBoGUWvRpwR5kyWqlqdJYPF98sKs2E=
hlYIiws9uV6X6it0hkTpylFGMdc+5mDc+eRQFIbhfjcMhdtOU70ePEZFLHyijmBEMXPv+iS1VsAePvrB/ccVmyN+sx0=
EwAvnxNG5Cx3EeWC7Bf9zx+uc/tIdCC7oi1e1YGxc7/9P09szyysZLHgSTydZ6Dfzx6KcuEwFeLc79AZkiV9sxg=
IXR2qmcAGTvoIPhri8XnSTT2+FW7pmre2fVRTaACL1wk9Ctky7Qv0xp/dao4uqP0TzKGC7Lx4NEHs2I=
RESVLn3RYcRpC2wA24+3WIYgOMJxdxrhIlhu8h+NTGC6inBoGUevRpwR5kyWqlqdJYPF98sKs2E=
vXcItkPLdrBiPKICEP+V/Vqx+kifPJNZyHKlMnTwpCs591BZNwyE/dZyuDP8LnagWH4dVo4YQEs+KgIoyvPJyQ2BL3izHw==
fim35IsG/x2oKixJFXBQVGRaHnWBgX/zloMSnYMzItmbQqy5kouLS+zkoNk8IeppYNOhxco+kAlo0ohkBUyRuNq7yY7brMqvjsX88+nwVd0KRKGBCwqwvfvzsPPXxpR5ovPqtdMm3uVQNKM0oxT3w0H+rbpgWoukx/KOexoR2KG/s9o=
FANQMYMXhjKkbDjUvz0izXM1mRjFp93noeDaZE02kZyGhEg/f/eJC6qevwaHPwDAybzEWmB9AfUsh/dWcHt+oPQd7CSSlgCcgehuYpRtNtguZjqZTV91QxNmswU=
jhadVnd9q7UX83E6CHQiagNa5PIeq3ADdE8tZlrmybgZBhoS2M3LiTHhBvgfpOOR6Hq1CjQINKPZv2BBNxS0tTb6KMu8FmaoeLZtzg6AsAMeIhIQCotZQW1JH2CzBw==
G5btjWLmBoP1HxKYT8LHkCppy9cvmVEZQ08tZlrmybgZBhoS2M3LiTHhBvgfpOOR6Hq1CjQINKPZv2BBNxS0tTb6KMu8FmaoeLZtzg6AsAMeIhIQCotZQW1JH2CzBw==
nyx5jQ/Oxe08pnUc3x8N3Bd+YCxRRiViWuLBrAkSMvb4qeNdYbXOPF9gK8W4rh1ulOycN0kr6MW3kDwhpm6ALxxyznwo4qUKTkR4V072OnQqb3FVfV0XZLMD
3a8RelmF2H4MZ0CBoj7BV/aEJ1eNrSoBhh6IHc/VDwesVF1eWt65kPkuSkoYFZvhkQm2gJ9cU/lIkmVSdNDki7mXkHk3LESdVtL4E/xOtkDY3t02jvgA675KQsjK0wlpjWFvWLM/
CisOExJPpUq9YdzVU6+rDjfV4vL36NM2V8nVOpp5U2epHx8aHX/Ntemwg0BOVRSlRuRRb28l1JRFTytcOzqu3ahyWBdPYmB6teI6BHXYVcwx70ee6xbmwn1I0cLYN2yJfm1Zszw=
PZPcp3scNaO+4KTm4wNG3n2EOdGJCi+1yK/v5Ih2gXPY4I5yqPKi5xZrKnEiNxCdWdfrZYum99lLIiDT56+XaJFdfCe/ifUBa0mD7qtHkkPDSdqfEkDoCkoD+5bwxpAJVR99W7W8xF4/w/QOD2ZGg1f624elskIvq1vT1auuen1/oexkEtYA3AGobiIULTaYriY6Wc2fdYOTprPF
vMYs8bNqJ2B9BUjSTu+3vu3Gqw31jDM+uon+BXMQWs7wtWUvJQdpky/bDlCkP+wtk6yVAxsnDAn68zVKXpu4hRL0S6RrNI+T+X5Valg6wzRvMmZLUnFAEWezAg==
DXDakB7KoJBOkyuBrXtlrMbIGDLLbcVppM2WXolF+i2DGp8+5hE=
/3+XHCdiXl81XRHnYybueepLIDvQTl3rgCwy2AsQI2xJ9BFaeALhv0fJzSkCPSrQItKsdCPP44FcaC46WUMYEmIPLU4nVBweqATY/h8q1o1iaiAqYT4QPjTUFw4nSS3QLgHyjxWUGPNIceJABxLFty8KalogiPXnBhUL5ko=
