vEKknBGIVdyydqpWGsl/WoKi6fGGD6WJCKrIJz8aA6rSr+TfmWOcG4CFv0ptcP2lAH9xjKqjopxLfREpa2ITZ+DDA2Y7LzKrEwGa18KoyGJaC/ue4K6w4YVXPRNlVGQ2r0t0hp8O5muHspvPdVpiR7tT0927xlqVr+msLMI+oLSRIO6qhEWWcH5uehEdd1Xrg66zzQ==
2TqEHy0UJnlQjxpYFtvuZojpKhZHqikbDjpBFRdYLg1913QcFug2IGgQtO1mgYaRn2KtOyxla2dNm+f/YxxvGfpp30/qvWYOMPDmlXsEVDhYQyk5bVmhkrwE8zVUvIv47mmLvKvlkbxaFccNEwdPEPL3w0c8pka4OMYNng5QUPPeMjKgivs5US35v7Cz1w==
dhdFo6w1Mhe2ezdOUpfWSAdlFazIK1y0+bCzinN2Wh3/aPSjjSv6wxgucUOpRby1rMTWrT0QGWy2Ahf0oQYzMsXhUsfkzxkg9lROHJgszFHjOPytb17Vh8xZE1u9J59DoyAXJQrVp/MKgR6ywEyeqXs4LISo/1EFjeXZLkw4iwmUAPNEHlXzgEtZ6YCqKb+xk7s3LALLu/vcmj6EyHp1Is5sKM8ujkocasdB7d1Fx4yz6w==
hN0Vdn5RG+uVCP6wWY2cLFYnX2YOVF4sIDrvWH9umWxnpM1CBs8sNQ4b5zOIhMSBkJFWoaQTZQ02znzRTPKsXClcjbDeu82Gx7zml6rl2CsFAKkVzoRlSbe6HOWfk9SLu1YI8SZzbj1PtjIdtNRH7A+kS4sFvunyHCrn/OPSqkM2AcSpu7Pe
y4wu0OoHWi6j1KBOFRaioXM6XUzTNWGYKWy+yISZ+RATUWoIzNf/QWsO7TTbdCGqkka5XWJLW+t8ZNC5jOE6iZDTkeWafuCp2FIYhNWMoZjKu9mu62waTx5FTFOZsAX9OkRRYdvKAN2LcyBTBwZkmbLz+tWjZo5FwLRT1BNUp6Mx/p2asJp7BHdyHhtKUeiBr7PK
M/70T1DO8ALwzsOLTSTEr3M6XUzTNWGYKWy+yISZ+RATQGIGytj+E2sO7TTbdCGqkke5XWJLW+t8ZNC5jOE6iZDTkeWafuCp2FIYhNWMoZjKu9mu62waTx5FTFOZsAX9OkRRYdvKAN2LcyBTBwZkmbLz+tWjZo5FwLRT1BNUp6Mx/p2asJp7BHdyHhtKUeiBr7PK
ohoxmYHfHlNEOw3vOeUO9BJoQ+bBjXPrPJNUW4JZmSbRku3EuuimGGEAjiJUzcx3MWuM9ZBiO6Odu3U01gCGWMjIZMVkrFdJPxod0+xNG1+tQ7eX4/S/QZpRL2eq1db2kKi2vXssBGD4u5lRLXFRqtxcI93U1NsgDlH7lGsNIcT6zRclEy+fyFKPc6/8jjaA2B5d9o64gKu+CsKIypOJqY2h75iz/w==
wVkq5qAs1QTEuM1RBcKvYfT2lg2l5AZa5iFQRyhteNLBndMnDd+9wPZ0jrwYjAxx5Rg/De/+FafMudM7PcdfI6PAV0WKNeeTCqFeEkDs3ol7GGwkKF8RJY2Fmc7MWMvplGAzpJ41M2BLeSkgKol/kZOb94yCa3vb3Hr+5EiatULOjGivrm4KfGrnAU1d5Yess8s=
5/Y8xI9wLsZSjjQ5JbBY4pgRheAwUTdY9LKjaJja+tm0na0aPxSmwXmht6VhLhY8weihsoZv3VB25C7MWFzsQeIo392vjrU3TCmzi/0Xf1OjMHcVyoUHA4ox/uKAvL65eygMdOivsbUNFXl+jAjrGZQQE3RehVPwy+mJUGpZn6GTqxdcwhvbS1zqnlSISpUyznxI/+7e6uzqd6G9nbXnnLP7
iBnym+XNOkU7nBQlHixabSZ+bR6OK2GYIW6o2tCL+kATFCdBmJmqE2sO7TTbdCGqkkO5XWJLW+t8ZNC5jOE6iZDTkeWafuCp2FIYhNWMoZjKu9mu62waTx5FTFOZsAX9OkRRYdvKAN2LcyBTBwZkmbLz+tWjZo5FwLRT1BNUp6Mx/p2asJp7BHdyHhtKUeiBr7PK
PwbunL+xkx91p07AdDlk58cOdbDGkZT19s3XmLybmxnsyR77h65BXE/EtVIOwCUl9vvPA9DEvNE4Mc5RLJPtva6uFIH0MnSswXy1oNa7xZb/nA5nciVge21gMaVGBO25Lxq0tefTjLuTtvDhLnNmLTfWGi1sFL88pwTT+40+YUKEyg8sW5LyM14h/Lmzs9Y=
Rgc5NJBFClusaZ2SyNvW92zPkqGtQBVMSgtumuoljLi2TF5U+KQ8aeQBDyUPFsWfjMGDk50vr7sjWCctKp03a8qZDnogxO6RewBcDEg3QR1NfUlmbDC7cRT4w0w+nWMYC0H5yMqhT4mTg8ekYoOr45wCrkzockXaThQYxw7G2oSq31ElPc23tLPT
TDM0RZZ+GI4TfD+wA0GBDvTsmgCnpU8S+TYJSmQyJ4DDhJInDd+9wPZ0jrwYjAxx4hk/De/+FafMudM7PcdfI6PAV0WKNeeTCqFeEkDs3ol7GGwkKF8RJY2Fmc7MWMvplGAzpJ41M2BLeSkgKol/kZOb94yCa3vb3Hr+5EiatULOjGivrm4KfGrnAU1d5Yess8s=
zfRY9KeeFyPt2bi3Hoq+mHgxZFDNd4K9ac7ZDKHVO1zPjmUVIksrFLWvfYDhk10Z/QsHLEFVP6B4nddch3sUAb3lV3Sl6FqAM1MdPhu4TawHprSAHtDEk03nitSmFVq5PGVWsxcJ3Gb2ha7i7siDlIfUbDt/4s10TAPo9Tp/j6hDEbwkl43dktZx/cPWXxHewhUUM9zZhb4YyTaEJfjFDCFP956bdvYC7agBQuhXHMlOzYmz7A==
cHBOkRheXVaI6idZbAv3WREN6pCr+BdZlIc8VThlTU38CesFflFXBk4cn7eZ1C98+MjhdxcuMfyfBIUyHs40xMa7n6MgRCyxiPEecVyT3V1+7mQhZLLEzJG8RYDGu9W2D1xeB8Kl8NsdIOFFdgSdmf/aBNV3U3wbw/bAAT5zdk0HFsqNHJQv3BdEg9t9PlEi1Ar/jMsSQtOOYYyZo7PG
ijrshGVwbcS1CkNhMnhN3rlwOSpF3T74hxg7MaB3CC0EZXE1yPnfbVKxe26azMvvRRRzJCwYtd/7jl1Ua7TxiuJOSHwyC+sLzORAGVyhSqmA04GFqr4wyUjS6CSlzHF4+rvpTjssau/uxdwzSXA1nSpEQUGritB9G/OQs7dGNLlC84r1c6Y+JXA0w3RDlFeDIf6NeoDaK+Tn8m67upG44Z+z+g==
5vO7fy+cygH4+pnkNfyrn2sE66i60FG1Qn6QtLc984uvheX2u01lROfbCYTYF1hYfdTkxFqZ9B5FYiYy8pYQkigDLu+Sl3dQ4WW8n88xFbkb8QNW2/9y+7PxGqdieAgyOjv7roD+cDElJ73jxQQk5k97dLZ/3qY7J0Ibv9WKohfbY9Pt25aaRQ+ZLNxibuBkcRDummSV1iDenvphvaeVu+Oes/0=
8T39tnkd3JOAVEK/GILF6tz0khgVyWPFKNTxKM09tm8OIQJldznO4clhpIENQozU7QNjdFXICkBj842+qxg9bDfGpI4OMPTTvUc6VDa1ivnsRSazJ2kMJqZlPmIeqDNU9/R8O2/CvbT8Yxh1qp/f6JNxjCTnrQ3SBtFtQ2b/4Z7y9QQzzLm1fmhphgS1WJXMcW8HnquWpsI9yJHCmLesib7tmbP8
GJC8nNXSQ6sVDnw7iMKehPT2lg2l5AZS5DdCEyVkZoDBm5pzQ4rPwPZ0jrwYjAxx7xo+De/+FafMudM7PcdfI6PAV0WKNeeTCqFeEkDs3ol7GGwkKF8RJY2Fmc7MWMvplGAzpJ41M2BLeSkgKol/kZOb94yCa3vb3Hr+5EiatULOjGivrm4KfGrnAU1d5Yess8s=
qYQIx/cHGWiBopNJbuJJODoHmSo55pZjhs7pqeyktXERZvflBaNZXp9gEbzrbtAH/Zeog5G/DjRibWZJkO3yc3MBMNaKPWrC6hBfBCscSDtbKmHkkNvs1f7H8xivGdjkMwVxYuoJOSNSB83Orl3ws7gRaa5EEbLkYQD5fI3HU95/fpqyERBFYuwPQFniha2zyA==
tQw36yqx3/2iOlxDPzbmEhEMXzFhFNqBTN+tvktYXeyXBkSEaX9UU12HWlQWdWp5jAUGs8eprKYGpd5iPuiT1Bc0XDtPAl00XCM4dUpff2gzsWwkx+1tUuYRTUMGPwEeUrVkMyx5Ff4IKWYElRj1TJGvJ57L1gZCnYjxwrh3DAnerbmz3A==
vrv8etaEFsljlUNVJ0/cE/KosPOQVTXxaQIm0jI2kPJoIyXI3ff38CGFvP+PkZVZ29EDdhsf8lvzkRpHotiIUnob+47AnvCR5ce9g4WkpAaPW3SWvz4mm2ciG18VKiJ3m0PTzZv2GuXPeSy8Is5ghLEw7rqkdVaAnv76gX0HFdujvrPd
W+qYCOkMEmNXXi1x9YtRwhMMXyBjAt6BTN+tvktYXeyXBkSCaX9UU12HWlQWdWp5jAUGs8eprKYGpd5iPuiT1Bc0XDtPAl00XCM4dUpff2gzsWwkx+1tUuYRTUMGPwEeUrVkMyx5Ff4IKWYElRj1TJGvJ57L1gZCnYjxwrh3DAnerbmz3A==
bCwi68R5/vmac/3lr5tXKfKotuWMSDXxaQIm0jI2kPJoIyPI3ff38CGFvP+PkZVZ29EDdhsf8lvzkRpHotiIUnob+47AnvCR5ce9g4WkpAaPW3SWvz4mm2ciG18VKiJ3m0PTzZv2GuXPeSy8Is5ghLEw7rqkdVaAnv76gX0HFdujvrPd
rTp37CWa1xJbLz7daKeFCvKot/OeTTXxaQIm0jI2kPJoIyDI3ff38CGFvP+PkZVZ29EDdhsf8lvzkRpHotiIUnob+47AnvCR5ce9g4WkpAaPW3SWvz4mm2ciG18VKiJ3m0PTzZv2GuXPeSy8Is5ghLEw7rqkdVaAnv76gX0HFdujvrPd
VgF3SRSz2APSSkwSu4cWchOhgKTp/Zl8uJmgsthVbCH1nv6Xl9dJlJI5haRWkGYIiPiE9W6fuHl/Sv1DbN27j+0zl2fjhJ+xWgGP9ypFtiZQmNaNexxkUDhr+cGt4fH6HKwDrdQk+1BOgVsE653BlLr99xUTH3/4Et+TP3wellCYbn0HjsigW35aYhhKA+l5TZGPqLPP
6eIYM0eoc2N8wPesYJnF/ZQW6+YmGDdS6enlNM2JqYbYk+xRYlf9/zanp6RtGxY3yu+npYw7rlB25C7MWFzsQeIq0N2vjrU3TCmzi/0Xf1OjMHcVyoUHA4ox/uKAvL65eygMdOivsbUNFXl+jAjrGZQQE3RehVPwy+mJUGpZn6GTqxdcwhvbS1zqnlSISpUzznxI/+7e6uzqd6G9nbXnnLP7
pDMoKr0aB6M8DBppbLyXSLaAxhUugCN8NMbXY0wy0HXs5MWC5jA9b/omv4ysz/C5QR1kbRdEOD7XxgFaROerdY8CsmYS0Y31jok+h3jhFFosnU1lC0OvhIv1PB1jfC/5egmfr+qdJq6wUKa1eyQUmNjjaRltueHyPOSzVVRcS5huiUvcq8VRHNq1By0TJ4+wclcDZzzGhli4ps1/DjAQE15SckCK23nxrVn/kLP3
pDMoKr0aB6M8DBppbLyXSLaAxhUugCN8NMbXY0wy0HXs5MWC5jA9b/omv4ysz/C5QR1kbRdEOD7XxgFaROerdY8CsmYS0Y31jok+h3jhFFosnU1lC0OvhIv1PB1jfC/5egmfr+qdJq6wUKa1eyQUmNjjaRltueHyPOSzVVRcS5huiUvcq8VRHNq1By0TJ4+wclcDZzzGhli4ps1/DjAQE15SckCK23nxrVn/kLP3
/ezxT66VB0Wv+PLXA+pIReM4mFy9PI8dpj+7XLQTvP0aLBt55hRN8ZTvXIpd86V1MaZ1FSQwClcKVp0KM3JZzqTxRHgxpT04ZwFk4F6Y/xPVnQ0koY7g08kUrvLZw6jB98jU2nup/QwBDUBPkPEpP0KeRLMHKeymRiUeYn5oU9RXtJw7j4IdNJyjeHWK3z9oczGsJIdtrVKmkY1DRr9BHpI1JDPs+VX+yKmmBNWYNUzRL+Sei1bGQl0IscJ490wJHi35s5w=
I6if6V6tW9jdEJbHaH7HvfrhJv632qFGNgrfPEJkzDrlWoTe8JEIi3FL8RsaMJmT3hJFPXGvAsBBAqlAYC4lASoFUxN4vtJ+sA5iBWfP+KQPguwu/zfIY4r4a8S7NvTkdI93cJotijRhHw22Pr/6TqPieOhTc4fNA06j8xjfw+JzI2Ify316c2pEuLbiV/vaaGKgFR3rHXeN+FQi19c0gleCNl/fTvvrXTaSE4OPUxmzisrht9UMyKoSECBpPy4uzEnGxKYSmrW1myU/O/KziQ==
j4EOzuL3RV96t8VszB+pLaG2XuaEp+Lgi3SExqWBsgIHx9Wg06plNXPwyzQhewuBI9pHTdOtpFZsMwccKbHcg9c1BdUzBUMqYxvCdztluvs6vNgeUg/7kvjagP1tc11/XYC0CucPtEpHupY3L1Y7Yw3O8rsz11NRIzLqCcdNTMB6avAIWeeu5txxZqxWClo95WNFl4uqs8E=
A769zwESdj7ebavrfWMNIhEMbyIkH5gyV8s6WuelqIkJJXk1SDk3D/V/MDNU8eUrFPVFhHsWJBPtJ6rUhtU6OdwlNrM3SXzmVsVO4o4IYxQnFEw7XyJt9KzDiPXaPy8o41GcJPfNPRK2sd3D9p+xXiLVdDM8meU+uIkWhAW4JYxBjxSeu7ZWgk1oYUIIF3xJ7o2ps8w=
9SynfKCyXUUC5U4FD6/bdN/4242Yog+Y1FQMv6lj2N23iAxpRuYQl1yK3nQIqlWRztwIn27+Kgzq1+HdHZUnfLMb
ByquWOXfs1Bd5iyUADQfnRkJ5piuzERDmrpzRSIsLk+vM9crT0REFE1Z2aiPl2V88NzqVHp3YdqrKZ9LGJFumpq7hrJtWWq1i7cQal6T3V1+7mQhZLLEzJG8RYDGu9W2D1xeB8Kl8NsdIOFFdgSdmf/aBNV3U3wbw/bAAT5zdk0HFsqNHJQv3BdEg9t+PlEi1Ar/jMsSQtOOYYyZo7PG
8P8167auNhaOrt7OEQ7ntbSMkYeG+c9kb4jNmMSmhFQ91ipqqHiZt282pn4OEhE5HZZCHQfpGK65U4KrrIKApz/mbcnf588jBLTtIh2ohL/+8gOJ1/ow5RWsDZcXrjRFzYudNqe/CXuNC0cPY2zPibpZPx9qbUZ+8GCGpXs0NKiYMwnp7QlBovyUU0VUTCtoLlnrbCu1sUwahSc9EzevgLIH4xe8diaI+FatbQ4g8GOeAtLwCisZIe1p34Cz5w==
vrM7b8YGyyW602ZFCpL97R5hpJUnE6jvXt87ajVlP4YeKiey9ikh7+/oJFluRv0NpHTbBDv037MKfmWKCPoTVP+yFqviMbAxd7MS
w0BnEEzXhXXdwQm25yHdpzfV4vL36NM2V8nVOpp5U2epHx8aHX/Ntemwg0BOVRSlRuRRb28l1JRBTSVcOzqu3ahyWBdPYmB6teI6BHXYVcwx70Se6xbmwn1I0cLYN2yJfm1Zszw=
zSACsxYuLfClf0Kkn8Bjz/aEJ1eNrSoBhh6IHc/VDwesVF1eWt65kPkuSkoYFZvhkQm2gJ9cU/lIlmdcdNDki7mXkHk3LESdVtL4E/xOtkDY3t01jvgA675KQsjK0wlpjWFvWLM/
oSJ+gTpHVXIndJgAgdHfGhd+YCxRRiViWuLBrAkSMvb4qeNdYbXOPF9gK8W4qh9glOycN0kr6MW3kDwhpm6ALxxyznwo4qUJTkR4V072OnQqb3FVfV0XZLMD
KQW3JKrl/PoIZzqNHZ51jSppy9cvmVEZQ08tZlrmybgZBhoS2M3LiTHhBvgfpOOR6H63BDQINKPZv2BBNxS0tTb6KMu8FmaoeLZtzQ6AsAMeIhIQCotZQW1JH2CzBw==
uQLKOcNa+tG3PKPRM55E5ANa5PIeq3ADdE8tZlrmybgZBhoS2M3LiTHhBvgfpOOR6H63BDQINKPZv2BBNxS0tTb6KMu8FmaoeLZtzQ6AsAMeIhIQCotZQW1JH2CzBw==
9yvcL7V5y45lNqX3JPlhkHM1mRjFp93noeDaZE02kZyGhEg/f/eJC6qevwaHPwDEy7LEWmB9AfUsh/dWcHt+oPQd7CSSlgCcgeRuYpRtNtguZjqZTV91QxNmswU=
kQ/x7jxU0TK4WyLg5XCAi7aAxhUugCN8NMbXY0wy0HXs5MWC5jA9b/omv4ysz/C5QR1kbRdEOD7XxgFaROerdY8CsmYS0Y31jok+h3jhFFosnU1lC0OvhIv1PB1jfC/5egmfr+qdJq6wUKa1eyQUmNjjaRltueHyPOSzVVRcS5huiUvcq8VRHNq1By0TJ4+wclcDZzzGhli4ps1yDjAQE15SckCK23nxrVn/kLP3
yB6QNe+ajWOEgJzPTXzYcB6xsbMxk8X0llc8/2MlUXl3fXP9THkp7egC7kp9dG9cOznVK8yPX5lzbonLsdMMWMnZfux+XZT/+sapuexVir42Kr4Y44mL7ZRNJ0o2hZKmQY3X2RSG7b5PSgy2b98IG7rwRZhpnnRchMcXaIpFyszRl61ubpf6dtMqmHDDm0e1M0aDq8h3Q1qDawIH2xU6i9rMGG6yf/viGKpAjY0D3Q+98HR6B3+0OqfKVkfPJrsT7b4yy9OnUyHDQip5Jz3MsJoaMHi5mK6WPAGm3LZ62k0FE4Xna9qzsQ==
PurKjrNob60EX33ndQ5qD4Kn4g8vV6vVee0tPEMZu7MgaueOuLGio4YRhSchn7GyarCfBEK86sC6dXue3qi9LvBcBp/3M5BEKzUSlvwSKYBfKosROBtyGrCr0bw8GiHHCFNalgdtMdHHsD31VvCsLGXxa/sPBONqWrsTINwia7cyCY3M9prZLYfEG3lyn+JF81d4egYThU3WTlwR7PLMnAncrfA+uy3G5zzGV8rleOslgElVLoTFiZc6fCX/k3TLW9bosYZzzv0vNlLdFNSnrO8ka8upvokyfKrHvEPSSgMWgeRp27O+
GXV3moFqc1QezaoBRifLEa8aHdWM/BvwZt5G/TT4AnVRuaQkHjjb3+d+JM4ndcOV+G0qufik9tecraso5KSjuMLhRCFo8+KYD6qM1q//CDt6kM59Lr50fMQnlwhKZcrsEfctji63+laTyhgQA7tHlfMmA0uIV0N6w4uCZxs1OqsarJiO8l/7wlhKwO1NI90vfZD0mkdftBrnKtYnDwa7My3esiuTh1MBg6KqGecdzJBaerCY+biutnzhJrx2WtptxXMFByv6s5E=
Zi5DkmZ77BjRrjfr6wbkYJLXMJHT68Xs3AbJP96BRj7rbVRSCknGnoEeNTJzcO7wMtSN0rS/7TfsEWfVRZbZIWCa1+TZV9cxvUPzdZ+WidniuA3MqRDWjX7Qx5sYTgJjE/h2SgsjKnsogg1tO8W1mB8QaK/4aKcw2K9lpAn+6DORpFaywdOQoX8YvNqT+XXsOR1Yj+hB8V9Kbuwz7xnkhp5VpqJmeKt032S0O6dSlZRks2C1Mq/nSHsBRKQvnaUyfiH1g16vef4aZcwzhCndnvC5vkQtKG2s2V9DHuNmzmIF+AmCYOc0qZZ90bO0
uZHO+64xb9W7MLPWoJC0s5LXMJHT68Xs3AbJP96BRj7rbVRSCknGnoEeNTJzcO7wMtSN0rS/7TfrE2fVRZbZIWCa1uTZV9cxvUPzdZ+WidniuA3MqRDWjX7Qx5sYTgJjE/h2SgsjKnsogg1tO8W1mB8QaK/4aKcw2K9lpAn+6DORpFaywdOQoX8YvNqT+XXsOR1Yj+hB8V9Kbuwz7xnkhp5VpqJmeKt032S0O6dSlZRks2C1Mq/nSHsBRKQvnaUyfiH1g16vef4aZcwzhCndnvC5vkQtKG2s2V9DHuNmzmIF+AmCYOc0qZZ90bO0
OaCZ7f6JPTGbFIs/3PqLv5LXMJHT68Xs3AbJP96BRj7rbVRSCknGnoEeNTJzcO7wMtSN0rS/7TfsEWfVRZbZIWCa2eTZV9cxvUPzdZ+WidniuA3MqRDWjX7Qx5sYTgJjE/h2SgsjKnsogg1tO8W1mB8QaK/4aKcw2K9lpAn+6DORpFaywdOQoX8YvNqT+XXsOR1Yj+hB8V9Kbuwz7xnkhp5VpqJmeKt032S0O6dSlZRks2C1Mq/nSHsBRKQvnaUyfiH1g16vef4aZcwzhCndnvC5vkQtKG2s2V9DHuNmzmIF+AmCYOc0qZZ90bO0
kWRvQKX15DCUBqJlyXmEmpLXMJHT68Xs3AbJP96BRj7rbVRSCknGnoEeNTJzcO7wMtSN0rS/7TfrE2fVRZbZIWCa2OTZV9cxvUPzdZ+WidniuA3MqRDWjX7Qx5sYTgJjE/h2SgsjKnsogg1tO8W1mB8QaK/4aKcw2K9lpAn+6DORpFaywdOQoX8YvNqT+XXsOR1Yj+hB8V9Kbuwz7xnkhp5VpqJmeKt032S0O6dSlZRks2C1Mq/nSHsBRKQvnaUyfiH1g16vef4aZcwzhCndnvC5vkQtKG2s2V9DHuNmzmIF+AmCYOc0qZZ90bO0
I0Ebf5K9EYtQm/kL6bTZ25LXMJHT68Xs3AbJP96BRj7rbVRSCknGnoEeNTJzcO7wMtSN0rS/7TfsEWfVRZbZIWCa2+TZV9cxvUPzdZ+WidniuA3MqRDWjX7Qx5sYTgJjE/h2SgsjKnsogg1tO8W1mB8QaK/4aKcw2K9lpAn+6DORpFaywdOQoX8YvNqT+XXsOR1Yj+hB8V9Kbuwz7xnkhp5VpqJmeKt032S0O6dSlZRks2C1Mq/nSHsBRKQvnaUyfiH1g16vef4aZcwzhCndnvC5vkQtKG2s2V9DHuNmzmIF+AmCYOc0qZZ90bO0
jMN0xeSkw0+1h/l+EOzilpLXMJHT68Xs3AbJP96BRj7rbVRSCknGnoEeNTJzcO7wMtSN0rS/7TfrE2fVRZbZIWCa2uTZV9cxvUPzdZ+WidniuA3MqRDWjX7Qx5sYTgJjE/h2SgsjKnsogg1tO8W1mB8QaK/4aKcw2K9lpAn+6DORpFaywdOQoX8YvNqT+XXsOR1Yj+hB8V9Kbuwz7xnkhp5VpqJmeKt032S0O6dSlZRks2C1Mq/nSHsBRKQvnaUyfiH1g16vef4aZcwzhCndnvC5vkQtKG2s2V9DHuNmzmIF+AmCYOc0qZZ90bO0
UPE7dSl+nztJkClA7ZrirpLXMJHT68Xs3AbJP96BRj7rbVRSCknGnoEeNTJzcO7wMtSN0rS/7TfsEWfVRZbZIWCa3eTZV9cxvUPzdZ+WidniuA3MqRDWjX7Qx5sYTgJjE/h2SgsjKnsogg1tO8W1mB8QaK/4aKcw2K9lpAn+6DORpFaywdOQoX8YvNqT+XXsOR1Yj+hB8V9Kbuwz7xnkhp5VpqJmeKt032S0O6dSlZRks2C1Mq/nSHsBRKQvnaUyfiH1g16vef4aZcwzhCndnvC5vkQtKG2s2V9DHuNmzmIF+AmCYOc0qZZ90bO0
91Sazsa6uufdAXRaWT8RaZLXMJHT68Xs3AbJP96BRj7rbVRSCknGnoEeNTJzcO7wMtSN0rS/7TfrE2fVRZbZIWCa3OTZV9cxvUPzdZ+WidniuA3MqRDWjX7Qx5sYTgJjE/h2SgsjKnsogg1tO8W1mB8QaK/4aKcw2K9lpAn+6DORpFaywdOQoX8YvNqT+XXsOR1Yj+hB8V9Kbuwz7xnkhp5VpqJmeKt032S0O6dSlZRks2C1Mq/nSHsBRKQvnaUyfiH1g16vef4aZcwzhCndnvC5vkQtKG2s2V9DHuNmzmIF+AmCYOc0qZZ90bO0
UsmLxzUqTa7N7sPw7UUbNZLXMJHT68Xs3AbJP96BRj7rbVRSCknGnoEeNTJzcO7wMtSN0rS/7TfsEWfVRZbZIWCa3+TZV9cxvUPzdZ+WidniuA3MqRDWjX7Qx5sYTgJjE/h2SgsjKnsogg1tO8W1mB8QaK/4aKcw2K9lpAn+6DORpFaywdOQoX8YvNqT+XXsOR1Yj+hB8V9Kbuwz7xnkhp5VpqJmeKt032S0O6dSlZRks2C1Mq/nSHsBRKQvnaUyfiH1g16vef4aZcwzhCndnvC5vkQtKG2s2V9DHuNmzmIF+AmCYOc0qZZ90bO0
TSetvghIyh7EOTb/7Zc5pZLXMJHT68Xs3AbJP96BRj7rbVRSCknGnoEeNTJzcO7wMtSN0rS/7TfrE2fVRZbZIWCa3uTZV9cxvUPzdZ+WidniuA3MqRDWjX7Qx5sYTgJjE/h2SgsjKnsogg1tO8W1mB8QaK/4aKcw2K9lpAn+6DORpFaywdOQoX8YvNqT+XXsOR1Yj+hB8V9Kbuwz7xnkhp5VpqJmeKt032S0O6dSlZRks2C1Mq/nSHsBRKQvnaUyfiH1g16vef4aZcwzhCndnvC5vkQtKG2s2V9DHuNmzmIF+AmCYOc0qZZ90bO0
MUkOjEsIPMR7dr0trECQL5LXMJHT68Xs3AbJP96BRj7rbVRSCknGnoEeNTJzcO7wMtSN0rS/7TfsEWfVRZbZIWCa1+XZV9cxvUPzdZ+WidniuA3MqRDWjX7Qx5sYTgJjE/h2SgsjKnsogg1tO8W1mB8QaK/4aKcw2K9lpAn+6DORpFaywdOQoX8YvNqT+XXsOR1Yj+hB8V9Kbuwz7xnkhp5VpqJmeKt032S0O6dSlZRks2C1Mq/nSHsBRKQvnaUyfiH1g16vef4aZcwzhCndnvC5vkQtKG2s2V9DHuNmzmIF+AmCYOc0qZZ90bO0
wmRz83aRf1vwATDMSIbIg5LXMJHT68Xs3AbJP96BRj7rbVRSCknGnoEeNTJzcO7wMtSN0rS/7TfrE2fVRZbZIWCa1uXZV9cxvUPzdZ+WidniuA3MqRDWjX7Qx5sYTgJjE/h2SgsjKnsogg1tO8W1mB8QaK/4aKcw2K9lpAn+6DORpFaywdOQoX8YvNqT+XXsOR1Yj+hB8V9Kbuwz7xnkhp5VpqJmeKt032S0O6dSlZRks2C1Mq/nSHsBRKQvnaUyfiH1g16vef4aZcwzhCndnvC5vkQtKG2s2V9DHuNmzmIF+AmCYOc0qZZ90bO0
vQrHHw1qzyOwLiVfROzxRpLXMJHT68Xs3AbJP96BRj7rbVRSCknGnoEeNTJzcO7wMtSN0rS/7TfsEWfVRZbZIWCa2eXZV9cxvUPzdZ+WidniuA3MqRDWjX7Qx5sYTgJjE/h2SgsjKnsogg1tO8W1mB8QaK/4aKcw2K9lpAn+6DORpFaywdOQoX8YvNqT+XXsOR1Yj+hB8V9Kbuwz7xnkhp5VpqJmeKt032S0O6dSlZRks2C1Mq/nSHsBRKQvnaUyfiH1g16vef4aZcwzhCndnvC5vkQtKG2s2V9DHuNmzmIF+AmCYOc0qZZ90bO0
/3RJYwLGcInkr8Pq3zOclJLXMJHT68Xs3AbJP96BRj7rbVRSCknGnoEeNTJzcO7wMtSN0rS/7TfrE2fVRZbZIWCa2OXZV9cxvUPzdZ+WidniuA3MqRDWjX7Qx5sYTgJjE/h2SgsjKnsogg1tO8W1mB8QaK/4aKcw2K9lpAn+6DORpFaywdOQoX8YvNqT+XXsOR1Yj+hB8V9Kbuwz7xnkhp5VpqJmeKt032S0O6dSlZRks2C1Mq/nSHsBRKQvnaUyfiH1g16vef4aZcwzhCndnvC5vkQtKG2s2V9DHuNmzmIF+AmCYOc0qZZ90bO0
uICzyTA6CkHU6oxShL7JHiGMYcbuM2aFkJw13G5WUo9FcfmNoTHZah0VTGCWTQnKwn4B5I/i3ZS6Qh34bnhvRirpDYVJfD15dptxpz1UzOgjVL/NFFyFvEvFOZJ9brN+Ek1AN5AZyt5hmgaXBgQrhcR1B0LGXVIO0fW3kSSe7Vaf8qw+H4dIM6oIpVDZBvQ01P83YHqdCmRB780mXo/6ngOSOPizwwedI75jY3jvwzLTUyIPK836I0q0eCaCZ/sKyBLgBf1bnSetCJSyt+c0Uvfydk8//nu7fcZSg+O/U8kT+orxV2WMmIri0LAJAC7+bDmG1EaiGuWVa+WvW8KzWQ==
pa0tDf7BvwTs7dUboYoo6JLXMJHT68Xs3AbJP96BRj7rbVRSCknGnoEeNTJzcO7wMtSN0rS/7TfrE2fVRZbZIWCa2+XZV9cxvUPzdZ+WidniuA3MqRDWjX7Qx5sYTgJjE/h2SgsjKnsogg1tO8W1mB8QaK/4aKcw2K9lpAn+6DORpFaywdOQoX8YvNqT+XXsOR1Yj+hB8V9Kbuwz7xnkhp5VpqJmeKt032S0O6dSlZRks2C1Mq/nSHsBRKQvnaUyfiH1g16vef4aZcwzhCndnvC5vkQtKG2s2V9DHuNmzmIF+AmCYOc0qZZ90bO0
Fpw3w9C1jvqPGuEJCpm9fVf7Z3u8Llb0R/X8ptfy8iIi0c1cLPzDQDcpKMTxALei4zsU6hn/dXYoepp++jLGpndv5XyA0QkrtcoW6edE1ZpY4Iz9yE38R5qcVbwenfrqy1cAw6/YSiMibIWzj7s4kO2keyRkhLMZ2LHebv0a5SjUJtAJ37q2I7rG1Wm1TALBuqwnhDACXx3XX5cY++kEgaNgl2UKFSczCsGecsCMHul7eKxEqD/RRY0lWe5MeAtJlMBzhB4Vc8BLmWnAqmk/cZN7t2wCizs73Nq+xMi69e7OLKiPLk7K3GqHwS3dhUfMs6s=
uICzyTA6CkHU6oxShL7JHiGMYcbuM2aFkJw13G5WUo9FcfmNoTHZah0VTGCWTQnKwn4B5I/i3ZS6Qh34bnhvRirpDYVJfD15dptxpz1UzOgjVL/NFFyFvEvFOZJ9brN+Ek1AN5AZyt5hmgaXBgQrhcR1B0LGXVIO0fW3kSSe7Vaf8qw+H4dIM6oIpVDZBvQ01P83YHqdCmRB780mXo/6ngOSOPizwwedI75jY3jvwzLTUyIPK836I0q0eCaCZ/sKyBLgBf1bnSetCJSyt+c0Uvfydk8//nu7fcZSg+O/U8kT+orxV2WMmIri0LAJAC7+bDmG1EaiGuWVa+WvW8KzWQ==
Fpw3w9C1jvqPGuEJCpm9fVf7Z3u8Llb0R/X8ptfy8iIi0c1cLPzDQDcpKMTxALei4zsU6hn/dXYoepp++jLGpndv5XyA0QkrtcoW6edE1ZpY4Iz9yE38R5qcVbwenfrqy1cAw6/YSiMibIWzj7s4kO2keyRkhLMZ2LHebv0a5SjUJtAJ37q2I7rG1Wm1TALBuqwnhDACXx3XX5cY++kEgaNgl2UKFSczCsGecsCMHul7eKxEqD/RRY0lWe5MeAtJlMBzhB4Vc8BLmWnAqmk/cZN7t2wCizs73Nq+xMi69e7OLKiPLk7K3GqHwS3dhUfMs6s=
uICzyTA6CkHU6oxShL7JHiGMYcbuM2aFkJw13G5WUo9FcfmNoTHZah0VTGCWTQnKwn4B5I/i3ZS6Qh34bnhvRirpDYVJfD15dptxpz1UzOgjVL/NFFyFvEvFOZJ9brN+Ek1AN5AZyt5hmgaXBgQrhcR1B0LGXVIO0fW3kSSe7Vaf8qw+H4dIM6oIpVDZBvQ01P83YHqdCmRB780mXo/6ngOSOPizwwedI75jY3jvwzLTUyIPK836I0q0eCaCZ/sKyBLgBf1bnSetCJSyt+c0Uvfydk8//nu7fcZSg+O/U8kT+orxV2WMmIri0LAJAC7+bDmG1EaiGuWVa+WvW8KzWQ==
Fpw3w9C1jvqPGuEJCpm9fVf7Z3u8Llb0R/X8ptfy8iIi0c1cLPzDQDcpKMTxALei4zsU6hn/dXYoepp++jLGpndv5XyA0QkrtcoW6edE1ZpY4Iz9yE38R5qcVbwenfrqy1cAw6/YSiMibIWzj7s4kO2keyRkhLMZ2LHebv0a5SjUJtAJ37q2I7rG1Wm1TALBuqwnhDACXx3XX5cY++kEgaNgl2UKFSczCsGecsCMHul7eKxEqD/RRY0lWe5MeAtJlMBzhB4Vc8BLmWnAqmk/cZN7t2wCizs73Nq+xMi69e7OLKiPLk7K3GqHwS3dhUfMs6s=
uICzyTA6CkHU6oxShL7JHiGMYcbuM2aFkJw13G5WUo9FcfmNoTHZah0VTGCWTQnKwn4B5I/i3ZS6Qh34bnhvRirpDYVJfD15dptxpz1UzOgjVL/NFFyFvEvFOZJ9brN+Ek1AN5AZyt5hmgaXBgQrhcR1B0LGXVIO0fW3kSSe7Vaf8qw+H4dIM6oIpVDZBvQ01P83YHqdCmRB780mXo/6ngOSOPizwwedI75jY3jvwzLTUyIPK836I0q0eCaCZ/sKyBLgBf1bnSetCJSyt+c0Uvfydk8//nu7fcZSg+O/U8kT+orxV2WMmIri0LAJAC7+bDmG1EaiGuWVa+WvW8KzWQ==
Fpw3w9C1jvqPGuEJCpm9fVf7Z3u8Llb0R/X8ptfy8iIi0c1cLPzDQDcpKMTxALei4zsU6hn/dXYoepp++jLGpndv5XyA0QkrtcoW6edE1ZpY4Iz9yE38R5qcVbwenfrqy1cAw6/YSiMibIWzj7s4kO2keyRkhLMZ2LHebv0a5SjUJtAJ37q2I7rG1Wm1TALBuqwnhDACXx3XX5cY++kEgaNgl2UKFSczCsGecsCMHul7eKxEqD/RRY0lWe5MeAtJlMBzhB4Vc8BLmWnAqmk/cZN7t2wCizs73Nq+xMi69e7OLKiPLk7K3GqHwS3dhUfMs6s=
uICzyTA6CkHU6oxShL7JHiGMYcbuM2aFkJw13G5WUo9FcfmNoTHZah0VTGCWTQnKwn4B5I/i3ZS6Qh34bnhvRirpDYVJfD15dptxpz1UzOgjVL/NFFyFvEvFOZJ9brN+Ek1AN5AZyt5hmgaXBgQrhcR1B0LGXVIO0fW3kSSe7Vaf8qw+H4dIM6oIpVDZBvQ01P83YHqdCmRB780mXo/6ngOSOPizwwedI75jY3jvwzLTUyIPK836I0q0eCaCZ/sKyBLgBf1bnSetCJSyt+c0Uvfydk8//nu7fcZSg+O/U8kT+orxV2WMmIri0LAJAC7+bDmG1EaiGuWVa+WvW8KzWQ==
Fpw3w9C1jvqPGuEJCpm9fVf7Z3u8Llb0R/X8ptfy8iIi0c1cLPzDQDcpKMTxALei4zsU6hn/dXYoepp++jLGpndv5XyA0QkrtcoW6edE1ZpY4Iz9yE38R5qcVbwenfrqy1cAw6/YSiMibIWzj7s4kO2keyRkhLMZ2LHebv0a5SjUJtAJ37q2I7rG1Wm1TALBuqwnhDACXx3XX5cY++kEgaNgl2UKFSczCsGecsCMHul7eKxEqD/RRY0lWe5MeAtJlMBzhB4Vc8BLmWnAqmk/cZN7t2wCizs73Nq+xMi69e7OLKiPLk7K3GqHwS3dhUfMs6s=
uICzyTA6CkHU6oxShL7JHiGMYcbuM2aFkJw13G5WUo9FcfmNoTHZah0VTGCWTQnKwn4B5I/i3ZS6Qh34bnhvRirpDYVJfD15dptxpz1UzOgjVL/NFFyFvEvFOZJ9brN+Ek1AN5AZyt5hmgaXBgQrhcR1B0LGXVIO0fW3kSSe7Vaf8qw+H4dIM6oIpVDZBvQ01P83YHqdCmRB780mXo/6ngOSOPizwwedI75jY3jvwzLTUyIPK836I0q0eCaCZ/sKyBLgBf1bnSetCJSyt+c0Uvfydk8//nu7fcZSg+O/U8kT+orxV2WMmIri0LAJAC7+bDmG1EaiGuWVa+WvW8KzWQ==
Fpw3w9C1jvqPGuEJCpm9fVf7Z3u8Llb0R/X8ptfy8iIi0c1cLPzDQDcpKMTxALei4zsU6hn/dXYoepp++jLGpndv5XyA0QkrtcoW6edE1ZpY4Iz9yE38R5qcVbwenfrqy1cAw6/YSiMibIWzj7s4kO2keyRkhLMZ2LHebv0a5SjUJtAJ37q2I7rG1Wm1TALBuqwnhDACXx3XX5cY++kEgaNgl2UKFSczCsGecsCMHul7eKxEqD/RRY0lWe5MeAtJlMBzhB4Vc8BLmWnAqmk/cZN7t2wCizs73Nq+xMi69e7OLKiPLk7K3GqHwS3dhUfMs6s=
uICzyTA6CkHU6oxShL7JHiGMYcbuM2aFkJw13G5WUo9FcfmNoTHZah0VTGCWTQnKwn4B5I/i3ZS6Qh34bnhvRirpDYVJfD15dptxpz1UzOgjVL/NFFyFvEvFOZJ9brN+Ek1AN5AZyt5hmgaXBgQrhcR1B0LGXVIO0fW3kSSe7Vaf8qw+H4dIM6oIpVDZBvQ01P83YHqdCmRB780mXo/6ngOSOPizwwedI75jY3jvwzLTUyIPK836I0q0eCaCZ/sKyBLgBf1bnSetCJSyt+c0Uvfydk8//nu7fcZSg+O/U8kT+orxV2WMmIri0LAJAC7+bDmG1EaiGuWVa+WvW8KzWQ==
Fpw3w9C1jvqPGuEJCpm9fVf7Z3u8Llb0R/X8ptfy8iIi0c1cLPzDQDcpKMTxALei4zsU6hn/dXYoepp++jLGpndv5XyA0QkrtcoW6edE1ZpY4Iz9yE38R5qcVbwenfrqy1cAw6/YSiMibIWzj7s4kO2keyRkhLMZ2LHebv0a5SjUJtAJ37q2I7rG1Wm1TALBuqwnhDACXx3XX5cY++kEgaNgl2UKFSczCsGecsCMHul7eKxEqD/RRY0lWe5MeAtJlMBzhB4Vc8BLmWnAqmk/cZN7t2wCizs73Nq+xMi69e7OLKiPLk7K3GqHwS3dhUfMs6s=
Fpw3w9C1jvqPGuEJCpm9fVf7Z3u8Llb0R/X8ptfy8iIi0c1cLPzDQDcpKMTxALei4zsU6hn/dXYoepp++jLGpndv5XyA0QkrtcoW6edE1ZpY4Iz9yE38R5qcVbwenfrqy1cAw6/YSiMibIWzj7s4kO2keyRkhLMZ2LHebv0a5SjUJtAJ37q2I7rG1Wm1TALBuqwnhDACXx3XX5cY++kEgaNgl2UKFSczCsGecsCMHul7eKxEqD/RRY0lWe5MeAtJlMBzhB4Vc8BLmWnAqmk/cZN7t2wCizs73Nq+xMi69e7OLKiPLk7K3GqHwS3dhUfMs6s=
jgJhr+2eWxK472mL2W1aiTT2+FW7pmre2fVRTaACL1wk9Ctky7Qv0xl7dak4uqP0TzKGC7Lx4NEHs2I=
3kUbnLrOi8/flSbEobSX1IYgOMJxdxrhIlhu8h+NTGC6inBoGUSrRp8R5kyWqlqdJYPF98sKs2E=
r8qdYh3OkCN47KqlrNwPHVFGMdc+5mDc+eRQFIbhfjcMhdtOU70ePEZFLHyijmBEMX3r+ie1VsAePvrB/ccVmyN+sx0=
/SRM1Bsx8aXM8jITrZ/hAR+uc/tIdCC7oi1e1YGxc7/9P09szyysZLHgSTydZ67bzx2KcuEwFeLc79AZkiV9sxg=
nP14+CF3j6tMMOiSUqp7rzT2+FW7pmre2fVRTaACL1wk9Ctky7Qv0xR7dak4uqP0TzKGC7Lx4NEHs2I=
BIm+DzjrZxGLaErsNkrfr4YgOMJxdxrhIlhu8h+NTGC6inBoGUmrRp8R5kyWqlqdJYPF98sKs2E=
oPu2tK9P/zXWXMOvIFVqmlqx+kifPJNZyHKlMnTwpCs591BZNwyE/dZyuDP8LnagWH4dVIoYQ0s+KgIoyvPJyQ2BL3izHw==
q7CZbRvPCES/ddLcKKZnQWRaHnWBgX/zloMSnYMzItmbQqy5kouLS+zkoNk8IeppYNOhxco+kAlo0ohkBUyRuNq7yY7brMqvjsX88+nwVd0KRKGBCwqwvfvzsPPXxpR5ovPqtdMm3uVQNKM0oxT3w0P6rblgWoukx/KOexoR2KG/s9o=
DUxcy6QZHjoSt/2/saLPC3M1mRjFp93noeDaZE02kZyGhEg/f/eJC6qevwaHPwDAybzEWmB9AfUsh/dWcHt+oPQd7CSSlgCcgepqYpdtNtguZjqZTV91QxNmswU=
mg0HW0U4LzEsPMc17EZsJANa5PIeq3ADdE8tZlrmybgZBhoS2M3LiTHhBvgfpOOR6Hq1CjQINKPZv2BBNxS0tTb6KMu8FmaoeLZtzAqAswMeIhIQCotZQW1JH2CzBw==
YeK3HJ+dF9ofQT88AkyEDCppy9cvmVEZQ08tZlrmybgZBhoS2M3LiTHhBvgfpOOR6Hq1CjQINKPZv2BBNxS0tTb6KMu8FmaoeLZtzAqAswMeIhIQCotZQW1JH2CzBw==
AnvY4fArwuNoUwzC+shadxd+YCxRRiViWuLBrAkSMvb4qeNdYbXOPF9gK8W4rh1ulOycN0kr6MW3kDwhpm6ALxxyznwo4qUISkR7V072OnQqb3FVfV0XZLMD
g9x1gpy6A6GIi2D3uG178PaEJ1eNrSoBhh6IHc/VDwesVF1eWt65kPkuSkoYFZvhkQm2gJ9cU/lIkmVSdNDki7mXkHk3LESdVtL4E/xOtkDY3t00ivgD675KQsjK0wlpjWFvWLM/
4IfxMYjVQnUVQ7jWinPO1TfV4vL36NM2V8nVOpp5U2epHx8aHX/Ntemwg0BOVRSlRuRRb28l1JRFTytcOzqu3ahyWBdPYmB6teI6BHXYVcwx70Wa6xXmwn1I0cLYN2yJfm1Zszw=
fzRgykIqzz5pXL1xE1h1U32EOdGJCi+1yK/v5Ih2gXPY4I5yqPKi5xZrKnEiNxCdWdfrZYum99lLIiDT56+XaJFdfCe/ifUBa0mD7qtHkkPDSdqfEkDoCkoD+5bwxpAJVR99W7W8xF4/w/QOD2ZGg1f624elskIvq1vT1auuen1/oexkEtYA3AGqaiIXLTaYriY6Wc2fdYOTprPF
YKmcLm+Ce1Cm/HUN8S/Uj+3Gqw31jDM+uon+BXMQWs7wtWUvJQdpky/bDlCkP+wtk6yVAxsnDAn68zVKXpu4hRL0S6RrNI+T+npVaVg6wzRvMmZLUnFAEWezAg==
g4W4f0AaSEEpsIB7I2WgOy/O4PUwNKDVFRghuAix0xWynNv7vPYmCPjWre0KoPPjnoLScAqrGaHt6d8As2c=
/3+XHCdiXl81XRHnYybueepLIDvQTl3rgCwy2AsQI2xJ9BFaeALhv0fJzSkCPSrQItKsdCPP44FcaC46WUMYEmIPLU4nVBweqATY/h8q1o1iaiAqYT4QPjTUFw4nSS3QLgHyjxWUGPNIceJABxLFty8KalogiPXnBhUL5ko=
