G2lU4RegA4ruUuovpyyKhIKi6fGGD6WJCKrIJz8aA6rSr+TfmWOcG4CFv0ptcP2lAH9xjKqjopxLfREpa2ITZ+DDA2Y7LzKrEwGa18KoyGJaC/ue4K6w4YVXPRNlVGQ2r0t0hp8O5muHspvPdVpiR7tT0927xlqVr+msLMI+oLSRLeqqjEaWdH1uehEdd1Xrg66zzQ==
J6TmtHHXXXAUKoeuFuk/m4jpKhZHqikbDjpBFRdYLg1913QcFug2IGgQtO1mgYaRn2KtOyxla2dNm+f/YxxvGfpp30/qvWYOMPDmlXsEVDhYQyk5bVmhkrwE8zVUvIv47mmLvKvlkbxaFccNEwdPEPL3w0c8pka4OMYNkwpQWPDeNjGgivs5US35v7Cz1w==
Rq3qUYARGwFCEbF7ajjX+QdlFazIK1y0+bCzinN2Wh3/aPSjjSv6wxgucUOpRby1rMTWrT0QGWy2Ahf0oQYzMsXhUsfkzxkg9lROHJgszFHjOPytb17Vh8xZE1u9J59DoyAXJQrVp/MKgR6ywEyeqXs4LISo/1EFjeXZLkw4iwmUAPNEHlXzgEtZ6YCqKb+xk7s3LALLu/vcmj6EyHp1L8psIMwuikkcasdB7d1Fx4yz6w==
/+iewaYGEPjPXTBXqw4YilYnX2YOVF4sIDrvWH9umWxnpM1CBs8sNQ4b5zOIhMSBkJFWoaQTZQ02znzRTPKsXClcjbDeu82Gx7zml6rl2CsFAKkVzoRlSbe6HOWfk9SLu1YI8SZzbj1PtjIdtNRH7A+kS4sIuun6Hyrj/+PSqkM2AcSpu7Pe
Mi1Vd+lXm6Thtws8BAjxbXM6XUzTNWGYKWy+yISZ+RATUWoIzNf/QWsO7TTbdCGqkka5XWJLW+t8ZNC5jOE6iZDTkeWafuCp2FIYhNWMoZjKu9mu62waTx5FTFOZsAX9OkRRYdvKAN2LcyBTBwZkmbLz+tWjZo5FwLRT1BNUp6M8+p2Ss5p/B3dyHhtKUeiBr7PK
oMqWhlJZOqhpWBqjdcM6r3M6XUzTNWGYKWy+yISZ+RATQGIGytj+E2sO7TTbdCGqkke5XWJLW+t8ZNC5jOE6iZDTkeWafuCp2FIYhNWMoZjKu9mu62waTx5FTFOZsAX9OkRRYdvKAN2LcyBTBwZkmbLz+tWjZo5FwLRT1BNUp6M8+p2Ss5p/B3dyHhtKUeiBr7PK
cCB8V9tyyQ1DUeB4UISX1BJoQ+bBjXPrPJNUW4JZmSbRku3EuuimGGEAjiJUzcx3MWuM9ZBiO6Odu3U01gCGWMjIZMVkrFdJPxod0+xNG1+tQ7eX4/S/QZpRL2eq1db2kKi2vXssBGD4u5lRLXFRqtxcI93U1NsgDlH7lGsNIcT6zRclEy+fyFKPc6/8jjaA2B5d+4q4iKi+DsGIypOJqY2h75iz/w==
wRhGFGWY4ztWR3NIgh88SPT2lg2l5AZa5iFQRyhteNLBndMnDd+9wPZ0jrwYjAxx5Rg/De/+FafMudM7PcdfI6PAV0WKNeeTCqFeEkDs3ol7GGwkKF8RJY2Fmc7MWMvplGAzpJ41M2BLeSkgKol/kZOb94yCa3vb3Hr+5EiatU/KjGCsrmoJfGrnAU1d5Yess8s=
DrknMNuuMeYPrUCv0+6ohJgRheAwUTdY9LKjaJja+tm0na0aPxSmwXmht6VhLhY8weihsoZv3VB25C7MWFzsQeIo392vjrU3TCmzi/0Xf1OjMHcVyoUHA4ox/uKAvL65eygMdOivsbUNFXl+jAjrGZQQE3RehVPwy+mJUGpZn6GTqxdcwhvbS1zqnlSISpU/ynxA/O7a6ezqd6G9nbXnnLP7
erSU8poP9b5iaanlql7TQCZ+bR6OK2GYIW6o2tCL+kATFCdBmJmqE2sO7TTbdCGqkkO5XWJLW+t8ZNC5jOE6iZDTkeWafuCp2FIYhNWMoZjKu9mu62waTx5FTFOZsAX9OkRRYdvKAN2LcyBTBwZkmbLz+tWjZo5FwLRT1BNUp6M8+p2Ss5p/B3dyHhtKUeiBr7PK
C3GPs2cg2FpccuAiwRtNJccOdbDGkZT19s3XmLybmxnsyR77h65BXE/EtVIOwCUl9vvPA9DEvNE4Mc5RLJPtva6uFIH0MnSswXy1oNa7xZb/nA5nciVge21gMaVGBO25Lxq0tefTjLuTtvDhLnNmLTfWGi1sFL88pwTT+4A6YUqHygsvW5LyM14h/Lmzs9Y=
mZGiVuKRoUJvv6IXX+DoVGzPkqGtQBVMSgtumuoljLi2TF5U+KQ8aeQBDyUPFsWfjMGDk50vr7sjWCctKp03a8qZDnogxO6RewBcDEg3QR1NfUlmbDC7cRT4w0w+nWMYC0H5yMqhT4mTg8ekYoOr45wCrkzockXXShQQxA7C2YSq31ElPc23tLPT
HB05ILKdzp55jjaz1mEiTlH6dl2Mt3JMLm4nGfAI6xUTLPkzJXgHIZvT/bDw+RLjs06VZAOUCbqaQrBNSisDO4SkiMk0AdI5GFMZFTLemBkAkiDUjaxJiMK70b4DTEIfJoWU4+EQrQ2yxNnRMyq4rdOz2INfZkyJuvPyxYuGVhW49IskqzTPE7R6FeIbOoe3LzImy5JxgJGns8I=
hz8nblwVyAwptvrkyEt74fTsmgCnpU8S+TYJSmQyJIDDhJInDd+9wPZ0jrwYjAxx4hk/De/+FafMudM7PcdfI6PAV0WKNeeTCqFeEkDs3ol7GGwkKF8RJY2Fmc7MWMvplGAzpJ41M2BLeSkgKol/kZOb94yCa3vb3Hr+5EiatU/KjGCsrmoJfGrnAU1d5Yess8s=
GZVDm9RRMCZE1ReMeIi+KngxZFDNd4K9ac7ZDKHVO1zPjmUVIksrFLWvfYDhk10Z/QsHLEFVP6B4nddch3sUAb3lV3Sl6FqAM1MdPhu4TawHprSAHtDEk03nitSmFVq5PGVWsxcJ3Gb2ha7i7siDlIfUbDt/4s10TAPo9Tp/j6hDEbwkl43dktZx/cPWXxHewhUUM9zZhb4YyTaEJfjFDCFP+pqbfvUC6asBQuhXHMlOzYmz7A==
6cKVT4Qq9ma02lAvhM+wyxEN6pCr+BdZlIc8VThlTU38CesFflFXBk4cn7eZ1C98+MjhdxcuMfyfBIUyHs40xMa7n6MgRCyxiPEecVyT3V1+7mQhZLLEzJG8RYDGu9W2D1xeB8Kl8NsdIOFFdgSdmf/aBNV3U3wbw/bAAT5zdk0HFsqNHJQv3BdEg9twOlEq1wr7j8sSQtOOYYyZo7PG
xYH81DdCGMIwqZeEMMYIQfT2lg2l5AZS5DdCEyVkZoDBm5pzQ4rPwPZ0jrwYjAxx7xo+De/+FafMudM7PcdfI6PAV0WKNeeTCqFeEkDs3ol7GGwkKF8RJY2Fmc7MWMvplGAzpJ41M2BLeSkgKol/kZOb94yCa3vb3Hr+5EiatU/KjGCsrmoJfGrnAU1d5Yess8s=
g7IBxdn5VTB+fBzPe8616joHmSo55pZjhs7pqeyktXERZvflBaNZXp9gEbzrbtAH/Zeog5G/DjRibWZJkO3yc3MBMNaKPWrC6hBfBCscSDtbKmHkkNvs1f7H8xivGdjkMwVxYuoJOSNSB83Orl3ws7gRaa5EEbLkYQD5fI3HXtp/dpmyFRNFYuwPQFniha2zyA==
adZe736X/aQN0rqkoIyRzxEMXzFhFNqBTN+tvktYXeyXBkSEaX9UU12HWlQWdWp5jAUGs8eprKYGpd5iPuiT1Bc0XDtPAl00XCM4dUpff2gzsWwkx+1tUuYRTUMGPwEeUrVkMyx5Ff4IKWYElRj1TJGvKprL3gVCmYvxwrh3DAnerbmz3A==
xhcnLMqQzrWvmqQ+zxvykfKosPOQVTXxaQIm0jI2kPJoIyXI3ff38CGFvP+PkZVZ29EDdhsf8lvzkRpHotiIUnob+47AnvCR5ce9g4WkpAaPW3SWvz4mm2ciG18VKiJ3m0PTzZv2GuXPeSy8Is5ghLE96rqsdlaEnf76gX0HFdujvrPd
9lFgrW9l5GlcPDk+0XOg/xMMXyBjAt6BTN+tvktYXeyXBkSCaX9UU12HWlQWdWp5jAUGs8eprKYGpd5iPuiT1Bc0XDtPAl00XCM4dUpff2gzsWwkx+1tUuYRTUMGPwEeUrVkMyx5Ff4IKWYElRj1TJGvKprL3gVCmYvxwrh3DAnerbmz3A==
9wstfMDdQF6Y/T/YAbd1V/KotuWMSDXxaQIm0jI2kPJoIyPI3ff38CGFvP+PkZVZ29EDdhsf8lvzkRpHotiIUnob+47AnvCR5ce9g4WkpAaPW3SWvz4mm2ciG18VKiJ3m0PTzZv2GuXPeSy8Is5ghLE96rqsdlaEnf76gX0HFdujvrPd
KskNthrc5V3FWvM9vL63PvKot/OeTTXxaQIm0jI2kPJoIyDI3ff38CGFvP+PkZVZ29EDdhsf8lvzkRpHotiIUnob+47AnvCR5ce9g4WkpAaPW3SWvz4mm2ciG18VKiJ3m0PTzZv2GuXPeSy8Is5ghLE96rqsdlaEnf76gX0HFdujvrPd
ws/PPBu+5WyH6NSegqoaW4mE9csTWZawOFs9ZWIPpQfqCHgLDBJsIXnc7qfMT5HuFp9FfuMo1UxP9lyFdg4M89V38hR+ZWJZdNW+M7/5lEYOtfYiVlgbNM8ERDtXMoXU1JNQNWJPd4gL4RSkfz2Vcu4BJQOuz4m+CsV8MzSJzV6AWc7EfQj9bOn/khozDj0ikZvZAlDHhGmGnaGzxA==
ucc26aJ6dwAqrdy5ipnx1nPn8AckoZi76eXIeIx4qJb2PbTw4v7PEg1HVodl111LNW7Q4AVOQyKxSmuN/Plorg91bU1df8+rI0jH/WrtV9tKaa7KYJTOgXsQfFwIh+Htzc0pFizgW2EU6KMc/m2DqIsxWXgKcW+Zk5PndKIzC5Mcsk68KCIlx0oE8BROsrk0Ki/xlX2dl6Szww==
naJSxRNQTHyJP1ZeXjS173Pn8AckoZi76eXIeIx4qJb2PbTw4v7PEg1HVodl111LNW7Q4AVOQyKxSmuN/Plorg91bU1df8+rI0jH/WrtV9tKaa7KYJTOgXsQfFwIh+Htzc0pFizgW2EU6KMc/m2DqIsxWXgKcW+Zk5PndKIzC5Mcsk68KCIlx0sE/xROsbk0Ki/xlX2dl6Szww==
/3+XHCdiXl81XRHnYybueepLIDvQTl3rgCwy2AsQI2xJ9BFaeALhv0fJzSkCPSrQItKsdCPP44FcaC46WUMYEmIPLU4nVBweqATY/h8q1o1iaiAqYT4QPjTUFw4nSS3QLgHyjxWUGPNIceJABxLFty8KalogiPXnBhUL5ko=
